;  LST file generated by mikroListExporter - v.2.0 
; Date/Time: 30/11/2019 04:00:33 PM
;----------------------------------------------

;Address Opcode 	ASM
0x0000	0xF000EF45  	GOTO        138
0x0004	0x0000      	NOP
0x0006	0x0000      	NOP
0x0008	0xF000EF29  	GOTO        82
0x000C	0x0000      	NOP
0x000E	0x0000      	NOP
0x0010	0x0000      	NOP
0x0012	0x0000      	NOP
0x0014	0x0000      	NOP
0x0016	0x0000      	NOP
0x0018	0xF000EF34  	GOTO        104
_configIndividualVctINT0:
;unit05_05_INT0_INT1_INT2.c,137 :: 		void configIndividualVctINT0()
;unit05_05_INT0_INT1_INT2.c,139 :: 		INTCON.INT0IF = 0;                   // Overflow's Flag; this sets on/off interruptions;
0x001C	0x92F2      	BCF         INTCON, 1 
;unit05_05_INT0_INT1_INT2.c,142 :: 		INTCON.INT0IE = 1;                   // Besides IF, IP & IF, there is EDGE Configuration, too!
0x001E	0x88F2      	BSF         INTCON, 4 
;unit05_05_INT0_INT1_INT2.c,145 :: 		INTCON.INTEDG0 = 1;                 // 1 - > rising edge
0x0020	0x8CF2      	BSF         INTCON, 6 
;unit05_05_INT0_INT1_INT2.c,147 :: 		}
L_end_configIndividualVctINT0:
0x0022	0x0012      	RETURN      0
; end of _configIndividualVctINT0
_configIndividualVctINT1:
;unit05_05_INT0_INT1_INT2.c,149 :: 		void configIndividualVctINT1()
;unit05_05_INT0_INT1_INT2.c,151 :: 		INTCON3.INT1IF = 0;                  // Clear overflow Flag
0x0024	0x90F0      	BCF         INTCON3, 0 
;unit05_05_INT0_INT1_INT2.c,152 :: 		INTCON3.INT1IP = 0;                  // Priority on INT1 LOW
0x0026	0x9CF0      	BCF         INTCON3, 6 
;unit05_05_INT0_INT1_INT2.c,153 :: 		INTCON3.INT1IE = 1;                  // Interruption on INT1 enable
0x0028	0x86F0      	BSF         INTCON3, 3 
;unit05_05_INT0_INT1_INT2.c,154 :: 		INTCON3.INTEDG1 = 0;                 // 0 - > falling edge
0x002A	0x9AF0      	BCF         INTCON3, 5 
;unit05_05_INT0_INT1_INT2.c,156 :: 		}
L_end_configIndividualVctINT1:
0x002C	0x0012      	RETURN      0
; end of _configIndividualVctINT1
_configIndividualVctINT2:
;unit05_05_INT0_INT1_INT2.c,158 :: 		void configIndividualVctINT2()
;unit05_05_INT0_INT1_INT2.c,160 :: 		INTCON3.INT2IF = 0;                  // Clear overflow Flag
0x002E	0x92F0      	BCF         INTCON3, 1 
;unit05_05_INT0_INT1_INT2.c,161 :: 		INTCON3.INT2IP = 1;                  // Priority on INT2 HIGH
0x0030	0x8EF0      	BSF         INTCON3, 7 
;unit05_05_INT0_INT1_INT2.c,162 :: 		INTCON3.INT2IE = 1;                  // Interruption on INT2 enable
0x0032	0x88F0      	BSF         INTCON3, 4 
;unit05_05_INT0_INT1_INT2.c,163 :: 		INTCON2.INTEDG1 = 1;                 // 1 - > rising edge
0x0034	0x8AF1      	BSF         INTCON2, 5 
;unit05_05_INT0_INT1_INT2.c,164 :: 		}
L_end_configIndividualVctINT2:
0x0036	0x0012      	RETURN      0
; end of _configIndividualVctINT2
_ConfigMCU:
;unit05_05_INT0_INT1_INT2.c,104 :: 		void ConfigMCU()
;unit05_05_INT0_INT1_INT2.c,117 :: 		ADCON1 |= 0X0F;
0x0038	0x0E0F      	MOVLW       15
0x003A	0x12C1      	IORWF       ADCON1, 1 
;unit05_05_INT0_INT1_INT2.c,118 :: 		INTCON2.RBPU = 0;
0x003C	0x9EF1      	BCF         INTCON2, 7 
;unit05_05_INT0_INT1_INT2.c,121 :: 		TRISD = 0;
0x003E	0x6A95      	CLRF        TRISD 
;unit05_05_INT0_INT1_INT2.c,122 :: 		PORTD = 0;
0x0040	0x6A83      	CLRF        PORTD 
;unit05_05_INT0_INT1_INT2.c,124 :: 		TRISB.RB0 = 1;                        // RB0/INT0 pin as input
0x0042	0x8093      	BSF         TRISB, 0 
;unit05_05_INT0_INT1_INT2.c,125 :: 		TRISB.RB1 = 1;                        // RB1/INT0 pin as input
0x0044	0x8293      	BSF         TRISB, 1 
;unit05_05_INT0_INT1_INT2.c,126 :: 		TRISB.RB2 = 1;                        // RB2/INT0 pin as input
0x0046	0x8493      	BSF         TRISB, 2 
;unit05_05_INT0_INT1_INT2.c,128 :: 		}
L_end_ConfigMCU:
0x0048	0x0012      	RETURN      0
; end of _ConfigMCU
_configGlobalInterruption:
;unit05_05_INT0_INT1_INT2.c,130 :: 		void configGlobalInterruption()
;unit05_05_INT0_INT1_INT2.c,132 :: 		INTCON.GIEH = 1;
0x004A	0x8EF2      	BSF         INTCON, 7 
;unit05_05_INT0_INT1_INT2.c,133 :: 		INTCON.GIEL = 1;
0x004C	0x8CF2      	BSF         INTCON, 6 
;unit05_05_INT0_INT1_INT2.c,134 :: 		RCON.IPEN = 1;
0x004E	0x8ED0      	BSF         RCON, 7 
;unit05_05_INT0_INT1_INT2.c,135 :: 		}
L_end_configGlobalInterruption:
0x0050	0x0012      	RETURN      0
; end of _configGlobalInterruption
_INTERRUPTION_HIGH:
;unit05_05_INT0_INT1_INT2.c,83 :: 		void INTERRUPTION_HIGH() iv 0x0008 ics ICS_AUTO {
;unit05_05_INT0_INT1_INT2.c,84 :: 		if(INTCON.INT0IF == 1)
0x0052	0xA2F2      	BTFSS       INTCON, 1 
0x0054	0xD003      	BRA         L_INTERRUPTION_HIGH0
;unit05_05_INT0_INT1_INT2.c,86 :: 		PORTD.RD4 ^= 1;                   // toggle pin RBO
0x0056	0x7883      	BTG         PORTD, 4 
;unit05_05_INT0_INT1_INT2.c,87 :: 		INTCON.INT0IF = 0;
0x0058	0x92F2      	BCF         INTCON, 1 
;unit05_05_INT0_INT1_INT2.c,88 :: 		} else
0x005A	0xD005      	BRA         L_INTERRUPTION_HIGH1
L_INTERRUPTION_HIGH0:
;unit05_05_INT0_INT1_INT2.c,89 :: 		if(INTCON3.INT1IF = 1)
0x005C	0x80F0      	BSF         INTCON3, 0 
0x005E	0xA0F0      	BTFSS       INTCON3, 0 
0x0060	0xD002      	BRA         L_INTERRUPTION_HIGH2
;unit05_05_INT0_INT1_INT2.c,91 :: 		PORTD.RD5 ^= 1;                 // toggle pin RB2
0x0062	0x7A83      	BTG         PORTD, 5 
;unit05_05_INT0_INT1_INT2.c,92 :: 		INTCON3.INT1IF = 0;
0x0064	0x90F0      	BCF         INTCON3, 0 
;unit05_05_INT0_INT1_INT2.c,93 :: 		}
L_INTERRUPTION_HIGH2:
L_INTERRUPTION_HIGH1:
;unit05_05_INT0_INT1_INT2.c,95 :: 		}
L_end_INTERRUPTION_HIGH:
L__INTERRUPTION_HIGH7:
0x0066	0x0011      	RETFIE      1
; end of _INTERRUPTION_HIGH
_INTERRUPTION_LOW:
0x0068	0x6E15      	MOVWF       ___Low_saveWREG 
0x006A	0xF016CFD8  	MOVFF       STATUS, ___Low_saveSTATUS
0x006E	0xF017CFE0  	MOVFF       BSR, ___Low_saveBSR
;unit05_05_INT0_INT1_INT2.c,96 :: 		void INTERRUPTION_LOW() iv 0x0018 ics ICS_AUTO {
;unit05_05_INT0_INT1_INT2.c,97 :: 		if(INTCON3.INT2IF = 1)
0x0072	0x82F0      	BSF         INTCON3, 1 
0x0074	0xA2F0      	BTFSS       INTCON3, 1 
0x0076	0xD002      	BRA         L_INTERRUPTION_LOW3
;unit05_05_INT0_INT1_INT2.c,99 :: 		PORTD.RD6 ^= 1;                  // toggle pin RB1
0x0078	0x7C83      	BTG         PORTD, 6 
;unit05_05_INT0_INT1_INT2.c,100 :: 		INTCON3.INT2IF = 0;
0x007A	0x92F0      	BCF         INTCON3, 1 
;unit05_05_INT0_INT1_INT2.c,101 :: 		}
L_INTERRUPTION_LOW3:
;unit05_05_INT0_INT1_INT2.c,102 :: 		}
L_end_INTERRUPTION_LOW:
L__INTERRUPTION_LOW9:
0x007C	0x5017      	MOVF        ___Low_saveBSR, 0 
0x007E	0x6EE0      	MOVWF       BSR 
0x0080	0x5016      	MOVF        ___Low_saveSTATUS, 0 
0x0082	0x6ED8      	MOVWF       STATUS 
0x0084	0x3A15      	SWAPF       ___Low_saveWREG, 1 
0x0086	0x3815      	SWAPF       ___Low_saveWREG, 0 
0x0088	0x0010      	RETFIE      0
; end of _INTERRUPTION_LOW
_main:
;unit05_05_INT0_INT1_INT2.c,166 :: 		void main() {
;unit05_05_INT0_INT1_INT2.c,167 :: 		configMCU();
0x008A	0xDFD6      	RCALL       _ConfigMCU
;unit05_05_INT0_INT1_INT2.c,168 :: 		configGlobalInterruption();
0x008C	0xDFDE      	RCALL       _configGlobalInterruption
;unit05_05_INT0_INT1_INT2.c,169 :: 		configIndividualVctINT0();           // Individual peripheral configs (INT0)
0x008E	0xDFC6      	RCALL       _configIndividualVctINT0
;unit05_05_INT0_INT1_INT2.c,170 :: 		configIndividualVctINT1();           // Individual peripheral configs (INT1)
0x0090	0xDFC9      	RCALL       _configIndividualVctINT1
;unit05_05_INT0_INT1_INT2.c,171 :: 		configIndividualVctINT2();           // Individual peripheral configs (INT2)
0x0092	0xDFCD      	RCALL       _configIndividualVctINT2
;unit05_05_INT0_INT1_INT2.c,173 :: 		while(1);                              // I stopped processing!
L_main4:
0x0094	0xD7FF      	BRA         L_main4
;unit05_05_INT0_INT1_INT2.c,175 :: 		}
L_end_main:
0x0096	0xD7FF      	BRA         $+0
; end of _main
Symbol List:
//** Routines locations **
//ADDRESS    SIZE    PROCEDURE
//----------------------------------------------
0x001C       [8]    _configIndividualVctINT0
0x0024      [10]    _configIndividualVctINT1
0x002E      [10]    _configIndividualVctINT2
0x0038      [18]    _ConfigMCU
0x004A       [8]    _configGlobalInterruption
0x0052      [22]    _INTERRUPTION_HIGH
0x0068      [34]    _INTERRUPTION_LOW
0x008A      [14]    _main
//** Variables locations ** 
//ADDRESS    SIZE    VARIABLE
//----------------------------------------------
0x0000       [1]    R0
0x0001       [1]    R1
0x0002       [1]    R2
0x0003       [1]    R3
0x0004       [1]    R4
0x0005       [1]    R5
0x0006       [1]    R6
0x0007       [1]    R7
0x0008       [1]    R8
0x0009       [1]    R9
0x000A       [1]    R10
0x000B       [1]    R11
0x000C       [1]    R12
0x000D       [1]    R13
0x000E       [1]    R14
0x000F       [1]    R15
0x0010       [1]    R16
0x0011       [1]    R17
0x0012       [1]    R18
0x0013       [1]    R19
0x0014       [1]    R20
0x0015       [1]    ___Low_saveWREG
0x0016       [1]    ___Low_saveSTATUS
0x0017       [1]    ___Low_saveBSR
0x0F83       [1]    PORTD
0x0F93       [1]    TRISB
0x0F95       [1]    TRISD
0x0FC1       [1]    ADCON1
0x0FD0       [1]    RCON
0x0FD8       [1]    STATUS
0x0FD9       [1]    FSR2L
0x0FDA       [1]    FSR2H
0x0FDE       [1]    POSTINC2
0x0FE0       [1]    BSR
0x0FE1       [1]    FSR1L
0x0FE2       [1]    FSR1H
0x0FE4       [1]    PREINC1
0x0FE6       [1]    POSTINC1
0x0FE7       [1]    INDF1
0x0FE8       [1]    WREG
0x0FE9       [1]    FSR0L
0x0FEA       [1]    FSR0H
0x0FEE       [1]    POSTINC0
0x0FF0       [1]    INTCON3
0x0FF1       [1]    INTCON2
0x0FF2       [1]    INTCON
0x0FF3       [1]    PRODL
0x0FF4       [1]    PRODH
0x0FF5       [1]    TABLAT
0x0FF6       [1]    TBLPTRL
0x0FF7       [1]    TBLPTRH
0x0FF8       [1]    TBLPTRU
