;  LST file generated by mikroListExporter - v.2.0 
; Date/Time: 22/11/2019 04:53:21 PM
;----------------------------------------------

;Address Opcode 	ASM
0x0000	0xF000EF7E  	GOTO        252
0x0004	0x0000      	NOP
0x0006	0x0000      	NOP
0x0008	0xF000EF00  	GOTO        0
0x000C	0x0000      	NOP
0x000E	0x0000      	NOP
0x0010	0x0000      	NOP
0x0012	0x0000      	NOP
0x0014	0x0000      	NOP
0x0016	0x0000      	NOP
0x0018	0xD7F3      	BRA         0
_srand:
;__Lib_CStdlib.c,301 :: 		
;__Lib_CStdlib.c,302 :: 		
0x001C	0xF016C01A  	MOVFF       FARG_srand_x, __Lib_CStdlib_randx
0x0020	0xF017C01B  	MOVFF       FARG_srand_x+1, __Lib_CStdlib_randx+1
0x0024	0x0E00      	MOVLW       0
0x0026	0x6E18      	MOVWF       __Lib_CStdlib_randx+2 
0x0028	0x6E19      	MOVWF       __Lib_CStdlib_randx+3 
;__Lib_CStdlib.c,303 :: 		
0x002A	0x0E01      	MOVLW       1
0x002C	0x6E15      	MOVWF       __Lib_CStdlib_randf 
;__Lib_CStdlib.c,304 :: 		
L_end_srand:
0x002E	0x0012      	RETURN      0
; end of _srand
_Mul_32x32_U:
;__Lib_Math.c,1616 :: 		
;__Lib_Math.c,1631 :: 		
0x0030	0x0E22      	MOVLW       34
;__Lib_Math.c,1632 :: 		
0x0032	0x6E0C      	MOVWF       R12, 0
;__Lib_Math.c,1633 :: 		
0x0034	0x6A08      	CLRF        R8, 0
;__Lib_Math.c,1634 :: 		
0x0036	0x6A09      	CLRF        R9, 0
;__Lib_Math.c,1635 :: 		
0x0038	0x6A0A      	CLRF        R10, 0
;__Lib_Math.c,1636 :: 		
0x003A	0x6A0B      	CLRF        R11, 0
;__Lib_Math.c,1638 :: 		
_NEXT:
;__Lib_Math.c,1642 :: 		
0x003C	0x060C      	DECF        R12, 1, 0
;__Lib_Math.c,1643 :: 		
0x003E	0xB4D8      	BTFSC       STATUS, 2, 0
;__Lib_Math.c,1644 :: 		
0x0040	0xD01F      	BRA         _EXIT2
;__Lib_Math.c,1645 :: 		
0x0042	0x90D8      	BCF         STATUS, 0, 0
;__Lib_Math.c,1647 :: 		
_LOOP:
;__Lib_Math.c,1656 :: 		
0x0044	0x320B      	RRCF        R11, 1, 0
;__Lib_Math.c,1657 :: 		
0x0046	0x320A      	RRCF        R10, 1, 0
;__Lib_Math.c,1658 :: 		
0x0048	0x3209      	RRCF        R9, 1, 0
;__Lib_Math.c,1659 :: 		
0x004A	0x3208      	RRCF        R8, 1, 0
;__Lib_Math.c,1660 :: 		
0x004C	0x3203      	RRCF        R3, 1, 0
;__Lib_Math.c,1661 :: 		
0x004E	0x3202      	RRCF        R2, 1, 0
;__Lib_Math.c,1662 :: 		
0x0050	0x3201      	RRCF        R1, 1, 0
;__Lib_Math.c,1663 :: 		
0x0052	0x3200      	RRCF        R0, 1, 0
;__Lib_Math.c,1668 :: 		
0x0054	0xA0D8      	BTFSS       STATUS, 0, 0
;__Lib_Math.c,1669 :: 		
0x0056	0xD7F2      	BRA         _NEXT
;__Lib_Math.c,1670 :: 		
0x0058	0x060C      	DECF        R12, 1, 0
;__Lib_Math.c,1671 :: 		
0x005A	0xB4D8      	BTFSC       STATUS, 2, 0
;__Lib_Math.c,1672 :: 		
0x005C	0xD009      	BRA         _EXIT1
;__Lib_Math.c,1679 :: 		
0x005E	0x5004      	MOVF        R4, 0, 0
;__Lib_Math.c,1680 :: 		
0x0060	0x2608      	ADDWF       R8, 1, 0
;__Lib_Math.c,1681 :: 		
0x0062	0x5005      	MOVF        R5, 0, 0
;__Lib_Math.c,1684 :: 		
0x0064	0x2209      	ADDWFC      R9, 1, 0
;__Lib_Math.c,1685 :: 		
0x0066	0x5006      	MOVF        R6, 0, 0
;__Lib_Math.c,1688 :: 		
0x0068	0x220A      	ADDWFC      R10, 1, 0
;__Lib_Math.c,1689 :: 		
0x006A	0x5007      	MOVF        R7, 0, 0
;__Lib_Math.c,1692 :: 		
0x006C	0x220B      	ADDWFC      R11, 1, 0
;__Lib_Math.c,1694 :: 		
0x006E	0xD7EA      	BRA         _LOOP
;__Lib_Math.c,1696 :: 		
_EXIT1:
;__Lib_Math.c,1701 :: 		
0x0070	0x5004      	MOVF        R4, 0, 0
;__Lib_Math.c,1702 :: 		
0x0072	0x2608      	ADDWF       R8, 1, 0
;__Lib_Math.c,1703 :: 		
0x0074	0x5005      	MOVF        R5, 0, 0
;__Lib_Math.c,1706 :: 		
0x0076	0x2209      	ADDWFC      R9, 1, 0
;__Lib_Math.c,1707 :: 		
0x0078	0x5006      	MOVF        R6, 0, 0
;__Lib_Math.c,1710 :: 		
0x007A	0x220A      	ADDWFC      R10, 1, 0
;__Lib_Math.c,1711 :: 		
0x007C	0x5007      	MOVF        R7, 0, 0
;__Lib_Math.c,1714 :: 		
0x007E	0x220B      	ADDWFC      R11, 1, 0
;__Lib_Math.c,1717 :: 		
_EXIT2:
;__Lib_Math.c,1719 :: 		
L_end_Mul_32x32_U:
0x0080	0x0012      	RETURN      0
; end of _Mul_32x32_U
_rand:
;__Lib_CStdlib.c,307 :: 		
;__Lib_CStdlib.c,308 :: 		
0x0082	0x5215      	MOVF        __Lib_CStdlib_randf, 1 
0x0084	0xE105      	BNZ         L_rand75
;__Lib_CStdlib.c,309 :: 		
0x0086	0x0E01      	MOVLW       1
0x0088	0x6E1A      	MOVWF       FARG_srand_x 
0x008A	0x0E00      	MOVLW       0
0x008C	0x6E1B      	MOVWF       FARG_srand_x+1 
0x008E	0xDFC6      	RCALL       _srand
L_rand75:
;__Lib_CStdlib.c,310 :: 		
0x0090	0xF000C016  	MOVFF       __Lib_CStdlib_randx, R0
0x0094	0xF001C017  	MOVFF       __Lib_CStdlib_randx+1, R1
0x0098	0xF002C018  	MOVFF       __Lib_CStdlib_randx+2, R2
0x009C	0xF003C019  	MOVFF       __Lib_CStdlib_randx+3, R3
0x00A0	0x0E6D      	MOVLW       109
0x00A2	0x6E04      	MOVWF       R4 
0x00A4	0x0E4E      	MOVLW       78
0x00A6	0x6E05      	MOVWF       R5 
0x00A8	0x0EC6      	MOVLW       198
0x00AA	0x6E06      	MOVWF       R6 
0x00AC	0x0E41      	MOVLW       65
0x00AE	0x6E07      	MOVWF       R7 
0x00B0	0xDFBF      	RCALL       _Mul_32x32_U
0x00B2	0x0E39      	MOVLW       57
0x00B4	0x2400      	ADDWF       R0, 0 
0x00B6	0x6E05      	MOVWF       R5 
0x00B8	0x0E30      	MOVLW       48
0x00BA	0x2001      	ADDWFC      R1, 0 
0x00BC	0x6E06      	MOVWF       R6 
0x00BE	0x0E00      	MOVLW       0
0x00C0	0x2002      	ADDWFC      R2, 0 
0x00C2	0x6E07      	MOVWF       R7 
0x00C4	0x0E00      	MOVLW       0
0x00C6	0x2003      	ADDWFC      R3, 0 
0x00C8	0x6E08      	MOVWF       R8 
0x00CA	0xF000C007  	MOVFF       R7, R0
0x00CE	0xF001C008  	MOVFF       R8, R1
0x00D2	0x0E00      	MOVLW       0
0x00D4	0xBE08      	BTFSC       R8, 7 
0x00D6	0x0EFF      	MOVLW       255
0x00D8	0x6E02      	MOVWF       R2 
0x00DA	0x6E03      	MOVWF       R3 
0x00DC	0x0EFF      	MOVLW       255
0x00DE	0x1600      	ANDWF       R0, 1 
0x00E0	0x0E7F      	MOVLW       127
0x00E2	0x1601      	ANDWF       R1, 1 
0x00E4	0x0E00      	MOVLW       0
0x00E6	0x1602      	ANDWF       R2, 1 
0x00E8	0x1603      	ANDWF       R3, 1 
0x00EA	0xF016C000  	MOVFF       R0, __Lib_CStdlib_randx
0x00EE	0xF017C001  	MOVFF       R1, __Lib_CStdlib_randx+1
0x00F2	0xF018C002  	MOVFF       R2, __Lib_CStdlib_randx+2
0x00F6	0xF019C003  	MOVFF       R3, __Lib_CStdlib_randx+3
;__Lib_CStdlib.c,311 :: 		
;__Lib_CStdlib.c,312 :: 		
L_end_rand:
0x00FA	0x0012      	RETURN      0
; end of _rand
_main:
;unit_01_08_RandomFlashing_LED.c,35 :: 		void main()
;unit_01_08_RandomFlashing_LED.c,42 :: 		ADCON1 |= 0X0F;               // Config all ADC's pins as digital on PIC18F4520
0x00FC	0x0E0F      	MOVLW       15
0x00FE	0x12C1      	IORWF       ADCON1, 1 
;unit_01_08_RandomFlashing_LED.c,45 :: 		TRISB = 0;                        // Config PORTB as output
0x0100	0x6A93      	CLRF        TRISB 
;unit_01_08_RandomFlashing_LED.c,46 :: 		PORTB = 0;                        // Optional, the MCU do it automatically ;)
0x0102	0x6A81      	CLRF        PORTB 
;unit_01_08_RandomFlashing_LED.c,48 :: 		srand(10);                       // Inialize random number seed
0x0104	0x0E0A      	MOVLW       10
0x0106	0x6E1A      	MOVWF       FARG_srand_x 
0x0108	0x0E00      	MOVLW       0
0x010A	0x6E1B      	MOVWF       FARG_srand_x+1 
0x010C	0xDF87      	RCALL       _srand
;unit_01_08_RandomFlashing_LED.c,50 :: 		for(;;)                          // Endless loop
L_main0:
;unit_01_08_RandomFlashing_LED.c,52 :: 		p = rand();                // Generate a random number
0x010E	0xDFB9      	RCALL       _rand
;unit_01_08_RandomFlashing_LED.c,53 :: 		p = p / 128;               // Number between 1 and 255
0x0110	0x0E07      	MOVLW       7
0x0112	0x6E04      	MOVWF       R4 
0x0114	0xF002C000  	MOVFF       R0, R2
0x0118	0xF003C001  	MOVFF       R1, R3
0x011C	0x5004      	MOVF        R4, 0 
L__main5:
0x011E	0xE005      	BZ          L__main6
0x0120	0x3203      	RRCF        R3, 1 
0x0122	0x3202      	RRCF        R2, 1 
0x0124	0x9E03      	BCF         R3, 7 
0x0126	0x0FFF      	ADDLW       255
0x0128	0xD7FA      	BRA         L__main5
L__main6:
;unit_01_08_RandomFlashing_LED.c,54 :: 		PORTB = p;                 // Send to PORTC
0x012A	0xFF81C002  	MOVFF       R2, PORTB
;unit_01_08_RandomFlashing_LED.c,55 :: 		Delay_ms(1000);            // 1 s delay
0x012E	0x0E0B      	MOVLW       11
0x0130	0x6E0B      	MOVWF       R11, 0
0x0132	0x0E26      	MOVLW       38
0x0134	0x6E0C      	MOVWF       R12, 0
0x0136	0x0E5D      	MOVLW       93
0x0138	0x6E0D      	MOVWF       R13, 0
L_main3:
0x013A	0x2E0D      	DECFSZ      R13, 1, 0
0x013C	0xD7FE      	BRA         L_main3
0x013E	0x2E0C      	DECFSZ      R12, 1, 0
0x0140	0xD7FC      	BRA         L_main3
0x0142	0x2E0B      	DECFSZ      R11, 1, 0
0x0144	0xD7FA      	BRA         L_main3
0x0146	0x0000      	NOP
0x0148	0x0000      	NOP
;unit_01_08_RandomFlashing_LED.c,56 :: 		}
0x014A	0xD7E1      	BRA         L_main0
;unit_01_08_RandomFlashing_LED.c,57 :: 		}
L_end_main:
0x014C	0xD7FF      	BRA         $+0
; end of _main
Symbol List:
//** Routines locations **
//ADDRESS    SIZE    PROCEDURE
//----------------------------------------------
0x001C      [20]    _srand
0x0030      [82]    _Mul_32x32_U
0x0082     [122]    _rand
0x00FC      [82]    _main
//** Variables locations ** 
//ADDRESS    SIZE    VARIABLE
//----------------------------------------------
0x0000       [1]    R0
0x0001       [1]    R1
0x0001       [1]    ispunct_rslt_L0
0x0002       [1]    R2
0x0003       [1]    R3
0x0004       [1]    R4
0x0005       [1]    R5
0x0006       [1]    R6
0x0007       [1]    R7
0x0008       [1]    R8
0x0009       [1]    R9
0x000A       [1]    R10
0x000B       [1]    R11
0x000C       [1]    R12
0x000D       [1]    R13
0x000E       [1]    R14
0x000F       [1]    R15
0x0010       [1]    R16
0x0011       [1]    R17
0x0012       [1]    R18
0x0013       [1]    R19
0x0014       [1]    R20
0x0015       [1]    __Lib_CStdlib_randf
0x0016       [4]    __Lib_CStdlib_randx
0x001A       [2]    FARG_srand_x
0x0F81       [1]    PORTB
0x0F93       [1]    TRISB
0x0FC1       [1]    ADCON1
0x0FD8       [1]    STATUS
0x0FD9       [1]    FSR2L
0x0FDA       [1]    FSR2H
0x0FDE       [1]    POSTINC2
0x0FE0       [1]    BSR
0x0FE1       [1]    FSR1L
0x0FE2       [1]    FSR1H
0x0FE4       [1]    PREINC1
0x0FE6       [1]    POSTINC1
0x0FE7       [1]    INDF1
0x0FE8       [1]    WREG
0x0FE9       [1]    FSR0L
0x0FEA       [1]    FSR0H
0x0FEE       [1]    POSTINC0
0x0FF3       [1]    PRODL
0x0FF4       [1]    PRODH
0x0FF5       [1]    TABLAT
0x0FF6       [1]    TBLPTRL
0x0FF7       [1]    TBLPTRH
0x0FF8       [1]    TBLPTRU
