;  LST file generated by mikroListExporter - v.2.0 
; Date/Time: 30/11/2019 09:59:10 AM
;----------------------------------------------

;Address Opcode 	ASM
0x0000	0xF000EF26  	GOTO        76
0x0004	0x0000      	NOP
0x0006	0x0000      	NOP
0x0008	0xF000EF00  	GOTO        0
0x000C	0x0000      	NOP
0x000E	0x0000      	NOP
0x0010	0x0000      	NOP
0x0012	0x0000      	NOP
0x0014	0x0000      	NOP
0x0016	0x0000      	NOP
0x0018	0xD7F3      	BRA         0
_ConfigTimer:
;unit04_03_countTillTen.c,85 :: 		void ConfigTimer()
;unit04_03_countTillTen.c,87 :: 		T0CON = 0B00111000;               // mode counter, mode16-bits, timer off, edge high-low
0x001C	0x0E38      	MOVLW       56
0x001E	0x6ED5      	MOVWF       T0CON 
;unit04_03_countTillTen.c,88 :: 		TMR0H = 0XFF;                     // valor de carga inicial
0x0020	0x0EFF      	MOVLW       255
0x0022	0x6ED7      	MOVWF       TMR0H 
;unit04_03_countTillTen.c,89 :: 		TMR0L = 0XF6;
0x0024	0x0EF6      	MOVLW       246
0x0026	0x6ED6      	MOVWF       TMR0L 
;unit04_03_countTillTen.c,91 :: 		INTCON.TMR0IF = 0;                // Flag de sinalização de estouro do Timer0
0x0028	0x94F2      	BCF         INTCON, 2 
;unit04_03_countTillTen.c,92 :: 		T0CON.TMR0ON = 1;                 // liga o Timer0 depois de configurarmos tudo.
0x002A	0x8ED5      	BSF         T0CON, 7 
;unit04_03_countTillTen.c,93 :: 		}
L_end_ConfigTimer:
0x002C	0x0012      	RETURN      0
; end of _ConfigTimer
___CC2DW:
;__Lib_System.c,21 :: 		
;__Lib_System.c,23 :: 		
_CC2DL_Loop1:
;__Lib_System.c,24 :: 		
0x002E	0x0009      	TBLRD*+
;__Lib_System.c,25 :: 		
0x0030	0xFFE6CFF5  	MOVFF       TABLAT, POSTINC1
;__Lib_System.c,26 :: 		
0x0034	0x0600      	DECF        R0, 1, 0
;__Lib_System.c,27 :: 		
0x0036	0xE1FB      	BNZ         _CC2DL_Loop1
;__Lib_System.c,28 :: 		
0x0038	0x0601      	DECF        R1, 1, 0
;__Lib_System.c,29 :: 		
0x003A	0xE1F9      	BNZ         _CC2DL_Loop1
;__Lib_System.c,31 :: 		
L_end___CC2DW:
0x003C	0x0012      	RETURN      0
; end of ___CC2DW
_ConfigMCU:
;unit04_03_countTillTen.c,66 :: 		void ConfigMCU()
;unit04_03_countTillTen.c,73 :: 		ADCON1 |= 0X0F;                    // Determine if anal/digital pins
0x003E	0x0E0F      	MOVLW       15
0x0040	0x12C1      	IORWF       ADCON1, 1 
;unit04_03_countTillTen.c,77 :: 		TRISA.RA4 = 1;                   // Input pin for simulate external pulses
0x0042	0x8892      	BSF         TRISA, 4 
;unit04_03_countTillTen.c,79 :: 		PORTA.RA4 = 1;                   // Opcional
0x0044	0x8880      	BSF         PORTA, 4 
;unit04_03_countTillTen.c,81 :: 		TRISB = 0;
0x0046	0x6A93      	CLRF        TRISB 
;unit04_03_countTillTen.c,82 :: 		PORTB = 0;
0x0048	0x6A81      	CLRF        PORTB 
;unit04_03_countTillTen.c,83 :: 		}
L_end_ConfigMCU:
0x004A	0x0012      	RETURN      0
; end of _ConfigMCU
_main:
;unit04_03_countTillTen.c,96 :: 		void main() {
;unit04_03_countTillTen.c,97 :: 		ConfigMCU();
0x004C	0xDFF8      	RCALL       _ConfigMCU
;unit04_03_countTillTen.c,98 :: 		ConfigTimer();
0x004E	0xDFE6      	RCALL       _ConfigTimer
;unit04_03_countTillTen.c,100 :: 		while (TRUE)
L_main0:
;unit04_03_countTillTen.c,102 :: 		if(INTCON.TMR0IF == 1)
0x0050	0xA4F2      	BTFSS       INTCON, 2 
0x0052	0xD00A      	BRA         L_main2
;unit04_03_countTillTen.c,104 :: 		PORTB.RB0 = ~LATB.RB0;        // toggle LED
0x0054	0xB08A      	BTFSC       LATB, 0 
0x0056	0xD002      	BRA         L__main6
0x0058	0x8081      	BSF         PORTB, 0 
0x005A	0xD001      	BRA         L__main7
L__main6:
0x005C	0x9081      	BCF         PORTB, 0 
L__main7:
;unit04_03_countTillTen.c,106 :: 		TMR0H = 0XFF;
0x005E	0x0EFF      	MOVLW       255
0x0060	0x6ED7      	MOVWF       TMR0H 
;unit04_03_countTillTen.c,107 :: 		TMR0L = 0XF6;
0x0062	0x0EF6      	MOVLW       246
0x0064	0x6ED6      	MOVWF       TMR0L 
;unit04_03_countTillTen.c,108 :: 		INTCON.TMR0IF = 0;            // Timer0's overflow Flag
0x0066	0x94F2      	BCF         INTCON, 2 
;unit04_03_countTillTen.c,109 :: 		}
L_main2:
;unit04_03_countTillTen.c,110 :: 		}
0x0068	0xD7F3      	BRA         L_main0
;unit04_03_countTillTen.c,111 :: 		}
L_end_main:
0x006A	0xD7FF      	BRA         $+0
; end of _main
Symbol List:
//** Routines locations **
//ADDRESS    SIZE    PROCEDURE
//----------------------------------------------
0x001C      [18]    _ConfigTimer
0x002E      [16]    ___CC2DW
0x003E      [14]    _ConfigMCU
0x004C      [32]    _main
//** Variables locations ** 
//ADDRESS    SIZE    VARIABLE
//----------------------------------------------
0x0000       [1]    R0
0x0001       [1]    __Lib_Conversions_Adjust_Hex_tmp_L0
0x0001       [1]    R1
0x0002       [1]    R2
0x0002       [2]    memcpy_dd_L0
0x0002       [2]    memchr_s_L0
0x0002       [2]    strlen_cp_L0
0x0002       [2]    memset_pp_L0
0x0003       [1]    R3
0x0003       [2]    Ltrim_original_L0
0x0003       [2]    memmove_tt_L0
0x0004       [2]    strncat_cp_L0
0x0004       [2]    strncpy_cp_L0
0x0004       [1]    R4
0x0004       [2]    memcpy_ss_L0
0x0004       [2]    strcat_cp_L0
0x0004       [2]    strcpy_cp_L0
0x0005       [2]    memmove_ff_L0
0x0005       [1]    R5
0x0005       [2]    Ltrim_p_L0
0x0005       [2]    LongIntToHex_input_half_L0
0x0005       [2]    LongWordToHex_input_half_L0
0x0006       [1]    R6
0x0007       [1]    R7
0x0008       [1]    R8
0x0009       [1]    R9
0x000A       [1]    R10
0x000B       [1]    R11
0x000C       [1]    R12
0x000D       [1]    R13
0x000E       [1]    R14
0x000F       [1]    R15
0x0010       [1]    R16
0x0011       [1]    R17
0x0012       [1]    R18
0x0013       [1]    R19
0x0014       [1]    R20
0x0F80       [1]    PORTA
0x0F81       [1]    PORTB
0x0F8A       [1]    LATB
0x0F92       [1]    TRISA
0x0F93       [1]    TRISB
0x0FC1       [1]    ADCON1
0x0FD5       [1]    T0CON
0x0FD6       [1]    TMR0L
0x0FD7       [1]    TMR0H
0x0FD8       [1]    STATUS
0x0FD9       [1]    FSR2L
0x0FDA       [1]    FSR2H
0x0FDE       [1]    POSTINC2
0x0FE0       [1]    BSR
0x0FE1       [1]    FSR1L
0x0FE2       [1]    FSR1H
0x0FE4       [1]    PREINC1
0x0FE6       [1]    POSTINC1
0x0FE7       [1]    INDF1
0x0FE8       [1]    WREG
0x0FE9       [1]    FSR0L
0x0FEA       [1]    FSR0H
0x0FEE       [1]    POSTINC0
0x0FF2       [1]    INTCON
0x0FF3       [1]    PRODL
0x0FF4       [1]    PRODH
0x0FF5       [1]    TABLAT
0x0FF6       [1]    TBLPTRL
0x0FF7       [1]    TBLPTRH
0x0FF8       [1]    TBLPTRU
