;  LST file generated by mikroListExporter - v.2.0 
; Date/Time: 30/11/2019 02:09:16 PM
;----------------------------------------------

;Address Opcode 	ASM
0x0000	0xF000EF27  	GOTO        78
_INTERRUPTION_HIGH:
;unit05_01_blinkInterruption.c,92 :: 		void INTERRUPTION_HIGH() iv 0x0008 ics ICS_AUTO
;unit05_01_blinkInterruption.c,95 :: 		if(INTCON.TMR0IF == 1)
0x0008	0xA4F2      	BTFSS       INTCON, 2 
0x000A	0xD00A      	BRA         L_INTERRUPTION_HIGH0
;unit05_01_blinkInterruption.c,97 :: 		PORTD.RD0 = ~LATD.RD0;
0x000C	0xB08C      	BTFSC       LATD, 0 
0x000E	0xD002      	BRA         L__INTERRUPTION_HIGH6
0x0010	0x8083      	BSF         PORTD, 0 
0x0012	0xD001      	BRA         L__INTERRUPTION_HIGH7
L__INTERRUPTION_HIGH6:
0x0014	0x9083      	BCF         PORTD, 0 
L__INTERRUPTION_HIGH7:
;unit05_01_blinkInterruption.c,100 :: 		TMR0H = 0XCF;
0x0016	0x0ECF      	MOVLW       207
0x0018	0x6ED7      	MOVWF       TMR0H 
;unit05_01_blinkInterruption.c,101 :: 		TMR0L = 0X2C;
0x001A	0x0E2C      	MOVLW       44
0x001C	0x6ED6      	MOVWF       TMR0L 
;unit05_01_blinkInterruption.c,103 :: 		INTCON.TMR0IF = 0;              // Clear flag & reset interruption cycle
0x001E	0x94F2      	BCF         INTCON, 2 
;unit05_01_blinkInterruption.c,105 :: 		}
L_INTERRUPTION_HIGH0:
;unit05_01_blinkInterruption.c,110 :: 		}
L_end_INTERRUPTION_HIGH:
L__INTERRUPTION_HIGH5:
0x0020	0x0011      	RETFIE      1
; end of _INTERRUPTION_HIGH
_configGlobalInterruption:
;unit05_01_blinkInterruption.c,131 :: 		void configGlobalInterruption()     // Interruptions's master keys
;unit05_01_blinkInterruption.c,133 :: 		INTCON.GIEH = 1;                  // High priority enabled
0x0022	0x8EF2      	BSF         INTCON, 7 
;unit05_01_blinkInterruption.c,134 :: 		INTCON.GIEL = 1;                  // Low prioritY enabled
0x0024	0x8CF2      	BSF         INTCON, 6 
;unit05_01_blinkInterruption.c,135 :: 		RCON.IPEN =   1;                  // Compatibility family 16F (just one level)
0x0026	0x8ED0      	BSF         RCON, 7 
;unit05_01_blinkInterruption.c,138 :: 		}
L_end_configGlobalInterruption:
0x0028	0x0012      	RETURN      0
; end of _configGlobalInterruption
_configIndividualVctTMR0:
;unit05_01_blinkInterruption.c,139 :: 		void configIndividualVctTMR0()
;unit05_01_blinkInterruption.c,142 :: 		INTCON.TMR0IF  = 0;               // Overflow flag; please init zero
0x002A	0x94F2      	BCF         INTCON, 2 
;unit05_01_blinkInterruption.c,143 :: 		INTCON2.TMR0IP = 1;               // Interruption priority vector: HIGH
0x002C	0x84F1      	BSF         INTCON2, 2 
;unit05_01_blinkInterruption.c,144 :: 		INTCON.TMR0IE  = 1;               // TIMER0's interruption enabled
0x002E	0x8AF2      	BSF         INTCON, 5 
;unit05_01_blinkInterruption.c,145 :: 		}
L_end_configIndividualVctTMR0:
0x0030	0x0012      	RETURN      0
; end of _configIndividualVctTMR0
_configTMR0:
;unit05_01_blinkInterruption.c,122 :: 		void configTMR0()                    // TIMER0 em 200us
;unit05_01_blinkInterruption.c,124 :: 		T0CON = 0B00000100;               // Timer OFF, Mod 16-bits, Mode Timer, Prescale 1:32
0x0032	0x0E04      	MOVLW       4
0x0034	0x6ED5      	MOVWF       T0CON 
;unit05_01_blinkInterruption.c,125 :: 		TMR0H = 0XCF;
0x0036	0x0ECF      	MOVLW       207
0x0038	0x6ED7      	MOVWF       TMR0H 
;unit05_01_blinkInterruption.c,126 :: 		TMR0L = 0X2C;
0x003A	0x0E2C      	MOVLW       44
0x003C	0x6ED6      	MOVWF       TMR0L 
;unit05_01_blinkInterruption.c,128 :: 		INTCON.TMR0IF = 0;                // Clear Flag
0x003E	0x94F2      	BCF         INTCON, 2 
;unit05_01_blinkInterruption.c,129 :: 		T0CON.TMR0ON = 1;                 // Timer0 on!
0x0040	0x8ED5      	BSF         T0CON, 7 
;unit05_01_blinkInterruption.c,130 :: 		}
L_end_configTMR0:
0x0042	0x0012      	RETURN      0
; end of _configTMR0
_configMCU:
;unit05_01_blinkInterruption.c,111 :: 		void configMCU()                   // Timer0 Port & Directions
;unit05_01_blinkInterruption.c,116 :: 		ADCON1 |= 0X0F;                    // Analog pinouts
0x0044	0x0E0F      	MOVLW       15
0x0046	0x12C1      	IORWF       ADCON1, 1 
;unit05_01_blinkInterruption.c,119 :: 		TRISD = 0;
0x0048	0x6A95      	CLRF        TRISD 
;unit05_01_blinkInterruption.c,120 :: 		PORTD = 0;                         // LEDs' control pins
0x004A	0x6A83      	CLRF        PORTD 
;unit05_01_blinkInterruption.c,121 :: 		}
L_end_configMCU:
0x004C	0x0012      	RETURN      0
; end of _configMCU
_main:
;unit05_01_blinkInterruption.c,146 :: 		void main() {
;unit05_01_blinkInterruption.c,147 :: 		configMCU();                      // configure CHIP
0x004E	0xDFFA      	RCALL       _configMCU
;unit05_01_blinkInterruption.c,148 :: 		configTMR0();                     // configure TMR0 master ints keys
0x0050	0xDFF0      	RCALL       _configTMR0
;unit05_01_blinkInterruption.c,149 :: 		configGlobalInterruption();       // Configure globals ints
0x0052	0xDFE7      	RCALL       _configGlobalInterruption
;unit05_01_blinkInterruption.c,150 :: 		configIndividualVctTMR0();        // configure TMR0 individual int vcts
0x0054	0xDFEA      	RCALL       _configIndividualVctTMR0
;unit05_01_blinkInterruption.c,154 :: 		while(TRUE)
L_main1:
;unit05_01_blinkInterruption.c,156 :: 		PORTD.RD6 = ~LATD.RD6;
0x0056	0xBC8C      	BTFSC       LATD, 6 
0x0058	0xD002      	BRA         L__main13
0x005A	0x8C83      	BSF         PORTD, 6 
0x005C	0xD001      	BRA         L__main14
L__main13:
0x005E	0x9C83      	BCF         PORTD, 6 
L__main14:
;unit05_01_blinkInterruption.c,157 :: 		Delay_ms(1000);             // Killing processor here!
0x0060	0x0E0B      	MOVLW       11
0x0062	0x6E0B      	MOVWF       R11, 0
0x0064	0x0E26      	MOVLW       38
0x0066	0x6E0C      	MOVWF       R12, 0
0x0068	0x0E5D      	MOVLW       93
0x006A	0x6E0D      	MOVWF       R13, 0
L_main3:
0x006C	0x2E0D      	DECFSZ      R13, 1, 0
0x006E	0xD7FE      	BRA         L_main3
0x0070	0x2E0C      	DECFSZ      R12, 1, 0
0x0072	0xD7FC      	BRA         L_main3
0x0074	0x2E0B      	DECFSZ      R11, 1, 0
0x0076	0xD7FA      	BRA         L_main3
0x0078	0x0000      	NOP
0x007A	0x0000      	NOP
;unit05_01_blinkInterruption.c,159 :: 		}
0x007C	0xD7EC      	BRA         L_main1
;unit05_01_blinkInterruption.c,160 :: 		}
L_end_main:
0x007E	0xD7FF      	BRA         $+0
; end of _main
Symbol List:
//** Routines locations **
//ADDRESS    SIZE    PROCEDURE
//----------------------------------------------
0x0008      [26]    _INTERRUPTION_HIGH
0x0022       [8]    _configGlobalInterruption
0x002A       [8]    _configIndividualVctTMR0
0x0032      [18]    _configTMR0
0x0044      [10]    _configMCU
0x004E      [50]    _main
//** Variables locations ** 
//ADDRESS    SIZE    VARIABLE
//----------------------------------------------
0x0000       [1]    R0
0x0001       [1]    R1
0x0002       [1]    R2
0x0003       [1]    R3
0x0004       [1]    R4
0x0005       [1]    R5
0x0006       [1]    R6
0x0007       [1]    R7
0x0008       [1]    R8
0x0009       [1]    R9
0x000A       [1]    R10
0x000B       [1]    R11
0x000C       [1]    R12
0x000D       [1]    R13
0x000E       [1]    R14
0x000F       [1]    R15
0x0010       [1]    R16
0x0011       [1]    R17
0x0012       [1]    R18
0x0013       [1]    R19
0x0014       [1]    R20
0x0F83       [1]    PORTD
0x0F8C       [1]    LATD
0x0F95       [1]    TRISD
0x0FC1       [1]    ADCON1
0x0FD0       [1]    RCON
0x0FD5       [1]    T0CON
0x0FD6       [1]    TMR0L
0x0FD7       [1]    TMR0H
0x0FD8       [1]    STATUS
0x0FD9       [1]    FSR2L
0x0FDA       [1]    FSR2H
0x0FDE       [1]    POSTINC2
0x0FE0       [1]    BSR
0x0FE1       [1]    FSR1L
0x0FE2       [1]    FSR1H
0x0FE4       [1]    PREINC1
0x0FE6       [1]    POSTINC1
0x0FE7       [1]    INDF1
0x0FE8       [1]    WREG
0x0FE9       [1]    FSR0L
0x0FEA       [1]    FSR0H
0x0FEE       [1]    POSTINC0
0x0FF1       [1]    INTCON2
0x0FF2       [1]    INTCON
0x0FF3       [1]    PRODL
0x0FF4       [1]    PRODH
0x0FF5       [1]    TABLAT
0x0FF6       [1]    TBLPTRL
0x0FF7       [1]    TBLPTRH
0x0FF8       [1]    TBLPTRU
