;  LST file generated by mikroListExporter - v.2.0 
; Date/Time: 15/12/2019 05:39:00 PM
;----------------------------------------------

;Address Opcode 	ASM
0x0000	0xF001EFBB  	GOTO        886
0x0004	0x0000      	NOP
0x0006	0x0000      	NOP
0x0008	0xF000EF00  	GOTO        0
0x000C	0x0000      	NOP
0x000E	0x0000      	NOP
0x0010	0x0000      	NOP
0x0012	0x0000      	NOP
0x0014	0x0000      	NOP
0x0016	0x0000      	NOP
0x0018	0xD7F3      	BRA         0
_test:
;unit_14_i2c_simple_eco.c,34 :: 		void test(char err){
;unit_14_i2c_simple_eco.c,35 :: 		if(err == _I2C_TIMEOUT_RD)
0x001C	0x503D      	MOVF        FARG_test_err, 0 
0x001E	0x0A03      	XORLW       3
0x0020	0xB4D8      	BTFSC       STATUS, 2 
;unit_14_i2c_simple_eco.c,36 :: 		RD5_bit = 1;
0x0022	0x8A83      	BSF         RD5_bit, BitPos(RD5_bit+0) 
L_test0:
;unit_14_i2c_simple_eco.c,37 :: 		if(err == _I2C_TIMEOUT_WR)
0x0024	0x503D      	MOVF        FARG_test_err, 0 
0x0026	0x0A04      	XORLW       4
0x0028	0xB4D8      	BTFSC       STATUS, 2 
;unit_14_i2c_simple_eco.c,38 :: 		RD6_bit = 1;
0x002A	0x8C83      	BSF         RD6_bit, BitPos(RD6_bit+0) 
L_test1:
;unit_14_i2c_simple_eco.c,39 :: 		}
L_end_test:
0x002C	0x0012      	RETURN      0
; end of _test
_____DoIFC:
;__Lib_System.c,93 :: 		
;__Lib_System.c,94 :: 		
0x002E	0x50F2      	MOVF        INTCON, 0, 0
;__Lib_System.c,95 :: 		
0x0030	0x6E02      	MOVWF       R2, 0
;__Lib_System.c,96 :: 		
0x0032	0x9EF2      	BCF         INTCON, 7 
;__Lib_System.c,97 :: 		
0x0034	0x0005      	PUSH
;__Lib_System.c,98 :: 		
0x0036	0x6AFF      	CLRF        TOSU, 0
;__Lib_System.c,99 :: 		
0x0038	0x5001      	MOVF        R1, 0, 0
;__Lib_System.c,100 :: 		
0x003A	0x6EFE      	MOVWF       TOSH, 0
;__Lib_System.c,101 :: 		
0x003C	0x5000      	MOVF        R0, 0, 0
;__Lib_System.c,102 :: 		
0x003E	0x6EFD      	MOVWF       TOSL, 0
;__Lib_System.c,103 :: 		
0x0040	0xBE02      	BTFSC       R2, 7, 0
;__Lib_System.c,104 :: 		
0x0042	0x8EF2      	BSF         INTCON, 7, 0
;__Lib_System.c,105 :: 		
;__Lib_System.c,107 :: 		
L_end_____DoIFC:
0x0044	0x0012      	RETURN      0
; end of _____DoIFC
_I2C1_Is_Idle:
;__Lib_I2C_c34.c,31 :: 		
;__Lib_I2C_c34.c,32 :: 		
0x0046	0xB4C7      	BTFSC       SSPSTAT, 2 
0x0048	0xD009      	BRA         L_I2C1_Is_Idle0
;__Lib_I2C_c34.c,33 :: 		
0x004A	0x0E1F      	MOVLW       31
0x004C	0x14C5      	ANDWF       SSPCON2, 0 
0x004E	0x6E01      	MOVWF       R1 
0x0050	0x5001      	MOVF        R1, 0 
0x0052	0x0A00      	XORLW       0
0x0054	0xE103      	BNZ         L_I2C1_Is_Idle1
;__Lib_I2C_c34.c,34 :: 		
0x0056	0x0E01      	MOVLW       1
0x0058	0x6E00      	MOVWF       R0 
0x005A	0xD001      	BRA         L_end_I2C1_Is_Idle
L_I2C1_Is_Idle1:
L_I2C1_Is_Idle0:
;__Lib_I2C_c34.c,35 :: 		
0x005C	0x6A00      	CLRF        R0 
;__Lib_I2C_c34.c,36 :: 		
L_end_I2C1_Is_Idle:
0x005E	0x0012      	RETURN      0
; end of _I2C1_Is_Idle
_I2C1_Wr:
;__Lib_I2C_c34.c,139 :: 		
;__Lib_I2C_c34.c,142 :: 		
0x0060	0x969E      	BCF         PIR1, 3 
;__Lib_I2C_c34.c,143 :: 		
0x0062	0xFFC9C035  	MOVFF       FARG_I2C1_Wr_data_, SSPBUF
;__Lib_I2C_c34.c,145 :: 		
0x0066	0xF036C015  	MOVFF       __Lib_I2C_c34__I2C1_TIMEOUT, I2C1_Wr_timeout_L0
0x006A	0xF037C016  	MOVFF       __Lib_I2C_c34__I2C1_TIMEOUT+1, I2C1_Wr_timeout_L0+1
0x006E	0xF038C017  	MOVFF       __Lib_I2C_c34__I2C1_TIMEOUT+2, I2C1_Wr_timeout_L0+2
0x0072	0xF039C018  	MOVFF       __Lib_I2C_c34__I2C1_TIMEOUT+3, I2C1_Wr_timeout_L0+3
;__Lib_I2C_c34.c,147 :: 		
L_I2C1_Wr26:
0x0076	0xA4C7      	BTFSS       SSPSTAT, 2 
0x0078	0xD01F      	BRA         L_I2C1_Wr27
;__Lib_I2C_c34.c,149 :: 		
0x007A	0x5015      	MOVF        __Lib_I2C_c34__I2C1_TIMEOUT, 0 
0x007C	0x1016      	IORWF       __Lib_I2C_c34__I2C1_TIMEOUT+1, 0 
0x007E	0x1017      	IORWF       __Lib_I2C_c34__I2C1_TIMEOUT+2, 0 
0x0080	0x1018      	IORWF       __Lib_I2C_c34__I2C1_TIMEOUT+3, 0 
0x0082	0xE019      	BZ          L_I2C1_Wr28
;__Lib_I2C_c34.c,151 :: 		
0x0084	0x5036      	MOVF        I2C1_Wr_timeout_L0, 0 
0x0086	0x1037      	IORWF       I2C1_Wr_timeout_L0+1, 0 
0x0088	0x1038      	IORWF       I2C1_Wr_timeout_L0+2, 0 
0x008A	0x1039      	IORWF       I2C1_Wr_timeout_L0+3, 0 
0x008C	0xE10E      	BNZ         L_I2C1_Wr29
;__Lib_I2C_c34.c,153 :: 		
0x008E	0xFFE1C02F  	MOVFF       _I2C1_Timeout_Ptr+2, FSR1
0x0092	0xFFE2C030  	MOVFF       _I2C1_Timeout_Ptr+3, FSR1+1
0x0096	0x0E04      	MOVLW       4
0x0098	0x6EE6      	MOVWF       POSTINC1 
0x009A	0xF000C02D  	MOVFF       _I2C1_Timeout_Ptr, R0
0x009E	0xF001C02E  	MOVFF       _I2C1_Timeout_Ptr+1, R1
0x00A2	0xDFC5      	RCALL       _____DoIFC
;__Lib_I2C_c34.c,154 :: 		
0x00A4	0x0E01      	MOVLW       1
0x00A6	0x6E00      	MOVWF       R0 
0x00A8	0xD037      	BRA         L_end_I2C1_Wr
;__Lib_I2C_c34.c,155 :: 		
L_I2C1_Wr29:
;__Lib_I2C_c34.c,156 :: 		
0x00AA	0x0E01      	MOVLW       1
0x00AC	0x5E36      	SUBWF       I2C1_Wr_timeout_L0, 1 
0x00AE	0x0E00      	MOVLW       0
0x00B0	0x5A37      	SUBWFB      I2C1_Wr_timeout_L0+1, 1 
0x00B2	0x5A38      	SUBWFB      I2C1_Wr_timeout_L0+2, 1 
0x00B4	0x5A39      	SUBWFB      I2C1_Wr_timeout_L0+3, 1 
;__Lib_I2C_c34.c,157 :: 		
L_I2C1_Wr28:
;__Lib_I2C_c34.c,158 :: 		
0x00B6	0xD7DF      	BRA         L_I2C1_Wr26
L_I2C1_Wr27:
;__Lib_I2C_c34.c,160 :: 		
0x00B8	0xF036C015  	MOVFF       __Lib_I2C_c34__I2C1_TIMEOUT, I2C1_Wr_timeout_L0
0x00BC	0xF037C016  	MOVFF       __Lib_I2C_c34__I2C1_TIMEOUT+1, I2C1_Wr_timeout_L0+1
0x00C0	0xF038C017  	MOVFF       __Lib_I2C_c34__I2C1_TIMEOUT+2, I2C1_Wr_timeout_L0+2
0x00C4	0xF039C018  	MOVFF       __Lib_I2C_c34__I2C1_TIMEOUT+3, I2C1_Wr_timeout_L0+3
;__Lib_I2C_c34.c,162 :: 		
L_I2C1_Wr30:
0x00C8	0xB69E      	BTFSC       PIR1, 3 
0x00CA	0xD01F      	BRA         L_I2C1_Wr31
;__Lib_I2C_c34.c,164 :: 		
0x00CC	0x5015      	MOVF        __Lib_I2C_c34__I2C1_TIMEOUT, 0 
0x00CE	0x1016      	IORWF       __Lib_I2C_c34__I2C1_TIMEOUT+1, 0 
0x00D0	0x1017      	IORWF       __Lib_I2C_c34__I2C1_TIMEOUT+2, 0 
0x00D2	0x1018      	IORWF       __Lib_I2C_c34__I2C1_TIMEOUT+3, 0 
0x00D4	0xE019      	BZ          L_I2C1_Wr32
;__Lib_I2C_c34.c,166 :: 		
0x00D6	0x5036      	MOVF        I2C1_Wr_timeout_L0, 0 
0x00D8	0x1037      	IORWF       I2C1_Wr_timeout_L0+1, 0 
0x00DA	0x1038      	IORWF       I2C1_Wr_timeout_L0+2, 0 
0x00DC	0x1039      	IORWF       I2C1_Wr_timeout_L0+3, 0 
0x00DE	0xE10E      	BNZ         L_I2C1_Wr33
;__Lib_I2C_c34.c,168 :: 		
0x00E0	0xFFE1C02F  	MOVFF       _I2C1_Timeout_Ptr+2, FSR1
0x00E4	0xFFE2C030  	MOVFF       _I2C1_Timeout_Ptr+3, FSR1+1
0x00E8	0x0E04      	MOVLW       4
0x00EA	0x6EE6      	MOVWF       POSTINC1 
0x00EC	0xF000C02D  	MOVFF       _I2C1_Timeout_Ptr, R0
0x00F0	0xF001C02E  	MOVFF       _I2C1_Timeout_Ptr+1, R1
0x00F4	0xDF9C      	RCALL       _____DoIFC
;__Lib_I2C_c34.c,169 :: 		
0x00F6	0x0E01      	MOVLW       1
0x00F8	0x6E00      	MOVWF       R0 
0x00FA	0xD00E      	BRA         L_end_I2C1_Wr
;__Lib_I2C_c34.c,170 :: 		
L_I2C1_Wr33:
;__Lib_I2C_c34.c,171 :: 		
0x00FC	0x0E01      	MOVLW       1
0x00FE	0x5E36      	SUBWF       I2C1_Wr_timeout_L0, 1 
0x0100	0x0E00      	MOVLW       0
0x0102	0x5A37      	SUBWFB      I2C1_Wr_timeout_L0+1, 1 
0x0104	0x5A38      	SUBWFB      I2C1_Wr_timeout_L0+2, 1 
0x0106	0x5A39      	SUBWFB      I2C1_Wr_timeout_L0+3, 1 
;__Lib_I2C_c34.c,172 :: 		
L_I2C1_Wr32:
;__Lib_I2C_c34.c,173 :: 		
0x0108	0xD7DF      	BRA         L_I2C1_Wr30
L_I2C1_Wr31:
;__Lib_I2C_c34.c,175 :: 		
0x010A	0xBCC5      	BTFSC       SSPCON2, 6 
0x010C	0xD002      	BRA         L_I2C1_Wr34
;__Lib_I2C_c34.c,176 :: 		
0x010E	0x6A00      	CLRF        R0 
0x0110	0xD003      	BRA         L_end_I2C1_Wr
;__Lib_I2C_c34.c,177 :: 		
L_I2C1_Wr34:
;__Lib_I2C_c34.c,179 :: 		
0x0112	0x84C5      	BSF         SSPCON2, 2 
;__Lib_I2C_c34.c,180 :: 		
0x0114	0x0E02      	MOVLW       2
0x0116	0x6E00      	MOVWF       R0 
;__Lib_I2C_c34.c,182 :: 		
L_end_I2C1_Wr:
0x0118	0x0012      	RETURN      0
; end of _I2C1_Wr
_I2C1_Stop:
;__Lib_I2C_c34.c,184 :: 		
;__Lib_I2C_c34.c,185 :: 		
0x011A	0x84C5      	BSF         SSPCON2, 2 
;__Lib_I2C_c34.c,186 :: 		
L_end_I2C1_Stop:
0x011C	0x0012      	RETURN      0
; end of _I2C1_Stop
_Delay_100ms:
;__Lib_Delays.c,47 :: 		void Delay_100ms() {
;__Lib_Delays.c,48 :: 		Delay_ms(100);
0x011E	0x0E02      	MOVLW       2
0x0120	0x6E0B      	MOVWF       R11, 0
0x0122	0x0E04      	MOVLW       4
0x0124	0x6E0C      	MOVWF       R12, 0
0x0126	0x0EBA      	MOVLW       186
0x0128	0x6E0D      	MOVWF       R13, 0
L_Delay_100ms9:
0x012A	0x2E0D      	DECFSZ      R13, 1, 0
0x012C	0xD7FE      	BRA         L_Delay_100ms9
0x012E	0x2E0C      	DECFSZ      R12, 1, 0
0x0130	0xD7FC      	BRA         L_Delay_100ms9
0x0132	0x2E0B      	DECFSZ      R11, 1, 0
0x0134	0xD7FA      	BRA         L_Delay_100ms9
0x0136	0x0000      	NOP
;__Lib_Delays.c,49 :: 		}
L_end_Delay_100ms:
0x0138	0x0012      	RETURN      0
; end of _Delay_100ms
_I2C1_Repeated_Start:
;__Lib_I2C_c34.c,69 :: 		
;__Lib_I2C_c34.c,72 :: 		
0x013A	0xF035C015  	MOVFF       __Lib_I2C_c34__I2C1_TIMEOUT, I2C1_Repeated_Start_timeout_L0
0x013E	0xF036C016  	MOVFF       __Lib_I2C_c34__I2C1_TIMEOUT+1, I2C1_Repeated_Start_timeout_L0+1
0x0142	0xF037C017  	MOVFF       __Lib_I2C_c34__I2C1_TIMEOUT+2, I2C1_Repeated_Start_timeout_L0+2
0x0146	0xF038C018  	MOVFF       __Lib_I2C_c34__I2C1_TIMEOUT+3, I2C1_Repeated_Start_timeout_L0+3
;__Lib_I2C_c34.c,74 :: 		
0x014A	0x82C5      	BSF         SSPCON2, 1 
;__Lib_I2C_c34.c,75 :: 		
L_I2C1_Repeated_Start12:
0x014C	0xA2C5      	BTFSS       SSPCON2, 1 
0x014E	0xD01D      	BRA         L_I2C1_Repeated_Start13
;__Lib_I2C_c34.c,77 :: 		
0x0150	0x5015      	MOVF        __Lib_I2C_c34__I2C1_TIMEOUT, 0 
0x0152	0x1016      	IORWF       __Lib_I2C_c34__I2C1_TIMEOUT+1, 0 
0x0154	0x1017      	IORWF       __Lib_I2C_c34__I2C1_TIMEOUT+2, 0 
0x0156	0x1018      	IORWF       __Lib_I2C_c34__I2C1_TIMEOUT+3, 0 
0x0158	0xE017      	BZ          L_I2C1_Repeated_Start14
;__Lib_I2C_c34.c,79 :: 		
0x015A	0x5035      	MOVF        I2C1_Repeated_Start_timeout_L0, 0 
0x015C	0x1036      	IORWF       I2C1_Repeated_Start_timeout_L0+1, 0 
0x015E	0x1037      	IORWF       I2C1_Repeated_Start_timeout_L0+2, 0 
0x0160	0x1038      	IORWF       I2C1_Repeated_Start_timeout_L0+3, 0 
0x0162	0xE10C      	BNZ         L_I2C1_Repeated_Start15
;__Lib_I2C_c34.c,81 :: 		
0x0164	0xFFE1C02F  	MOVFF       _I2C1_Timeout_Ptr+2, FSR1
0x0168	0xFFE2C030  	MOVFF       _I2C1_Timeout_Ptr+3, FSR1+1
0x016C	0x0E06      	MOVLW       6
0x016E	0x6EE6      	MOVWF       POSTINC1 
0x0170	0xF000C02D  	MOVFF       _I2C1_Timeout_Ptr, R0
0x0174	0xF001C02E  	MOVFF       _I2C1_Timeout_Ptr+1, R1
0x0178	0xDF5A      	RCALL       _____DoIFC
;__Lib_I2C_c34.c,82 :: 		
0x017A	0xD007      	BRA         L_I2C1_Repeated_Start13
;__Lib_I2C_c34.c,83 :: 		
L_I2C1_Repeated_Start15:
;__Lib_I2C_c34.c,84 :: 		
0x017C	0x0E01      	MOVLW       1
0x017E	0x5E35      	SUBWF       I2C1_Repeated_Start_timeout_L0, 1 
0x0180	0x0E00      	MOVLW       0
0x0182	0x5A36      	SUBWFB      I2C1_Repeated_Start_timeout_L0+1, 1 
0x0184	0x5A37      	SUBWFB      I2C1_Repeated_Start_timeout_L0+2, 1 
0x0186	0x5A38      	SUBWFB      I2C1_Repeated_Start_timeout_L0+3, 1 
;__Lib_I2C_c34.c,85 :: 		
L_I2C1_Repeated_Start14:
;__Lib_I2C_c34.c,86 :: 		
0x0188	0xD7E1      	BRA         L_I2C1_Repeated_Start12
L_I2C1_Repeated_Start13:
;__Lib_I2C_c34.c,87 :: 		
L_end_I2C1_Repeated_Start:
0x018A	0x0012      	RETURN      0
; end of _I2C1_Repeated_Start
_I2C1_SetTimeoutCallback:
;__Lib_I2C_c34.c,25 :: 		
;__Lib_I2C_c34.c,26 :: 		
0x018C	0xF015C035  	MOVFF       FARG_I2C1_SetTimeoutCallback_timeout, __Lib_I2C_c34__I2C1_TIMEOUT
0x0190	0xF016C036  	MOVFF       FARG_I2C1_SetTimeoutCallback_timeout+1, __Lib_I2C_c34__I2C1_TIMEOUT+1
0x0194	0xF017C037  	MOVFF       FARG_I2C1_SetTimeoutCallback_timeout+2, __Lib_I2C_c34__I2C1_TIMEOUT+2
0x0198	0xF018C038  	MOVFF       FARG_I2C1_SetTimeoutCallback_timeout+3, __Lib_I2C_c34__I2C1_TIMEOUT+3
;__Lib_I2C_c34.c,27 :: 		
0x019C	0xF02DC039  	MOVFF       FARG_I2C1_SetTimeoutCallback_i2c1_timeout, _I2C1_Timeout_Ptr
0x01A0	0xF02EC03A  	MOVFF       FARG_I2C1_SetTimeoutCallback_i2c1_timeout+1, _I2C1_Timeout_Ptr+1
0x01A4	0xF02FC03B  	MOVFF       FARG_I2C1_SetTimeoutCallback_i2c1_timeout+2, _I2C1_Timeout_Ptr+2
0x01A8	0xF030C03C  	MOVFF       FARG_I2C1_SetTimeoutCallback_i2c1_timeout+3, _I2C1_Timeout_Ptr+3
;__Lib_I2C_c34.c,28 :: 		
L_end_I2C1_SetTimeoutCallback:
0x01AC	0x0012      	RETURN      0
; end of _I2C1_SetTimeoutCallback
_I2C1_Init:
;__Lib_I2C_c34.c,188 :: 		
;__Lib_I2C_c34.c,190 :: 		
0x01AE	0x0E46      	MOVLW       _I2C1_Is_Idle
0x01B0	0x6E25      	MOVWF       _I2C_Is_Idle_Ptr 
0x01B2	0x0E00      	MOVLW       hi_addr(_I2C1_Is_Idle)
0x01B4	0x6E26      	MOVWF       _I2C_Is_Idle_Ptr+1 
0x01B6	0x0E00      	MOVLW       0
0x01B8	0x6E27      	MOVWF       _I2C_Is_Idle_Ptr+2 
0x01BA	0x0E00      	MOVLW       0
0x01BC	0x6E28      	MOVWF       _I2C_Is_Idle_Ptr+3 
;__Lib_I2C_c34.c,191 :: 		
0x01BE	0x0E24      	MOVLW       _I2C1_Start
0x01C0	0x6E29      	MOVWF       _I2C_Start_Ptr 
0x01C2	0x0E02      	MOVLW       hi_addr(_I2C1_Start)
0x01C4	0x6E2A      	MOVWF       _I2C_Start_Ptr+1 
0x01C6	0x0E00      	MOVLW       0
0x01C8	0x6E2B      	MOVWF       _I2C_Start_Ptr+2 
0x01CA	0x0E00      	MOVLW       0
0x01CC	0x6E2C      	MOVWF       _I2C_Start_Ptr+3 
;__Lib_I2C_c34.c,192 :: 		
0x01CE	0x0E3A      	MOVLW       _I2C1_Repeated_Start
0x01D0	0x6E21      	MOVWF       _I2C_Restart_Ptr 
0x01D2	0x0E01      	MOVLW       hi_addr(_I2C1_Repeated_Start)
0x01D4	0x6E22      	MOVWF       _I2C_Restart_Ptr+1 
0x01D6	0x0E00      	MOVLW       0
0x01D8	0x6E23      	MOVWF       _I2C_Restart_Ptr+2 
0x01DA	0x0E00      	MOVLW       0
0x01DC	0x6E24      	MOVWF       _I2C_Restart_Ptr+3 
;__Lib_I2C_c34.c,193 :: 		
0x01DE	0x0EAC      	MOVLW       _I2C1_Rd
0x01E0	0x6E19      	MOVWF       _I2C_Read_Ptr 
0x01E2	0x0E02      	MOVLW       hi_addr(_I2C1_Rd)
0x01E4	0x6E1A      	MOVWF       _I2C_Read_Ptr+1 
0x01E6	0x0E35      	MOVLW       FARG_I2C1_Rd_ack
0x01E8	0x6E1B      	MOVWF       _I2C_Read_Ptr+2 
0x01EA	0x0E00      	MOVLW       hi_addr(FARG_I2C1_Rd_ack)
0x01EC	0x6E1C      	MOVWF       _I2C_Read_Ptr+3 
;__Lib_I2C_c34.c,194 :: 		
0x01EE	0x0E60      	MOVLW       _I2C1_Wr
0x01F0	0x6E1D      	MOVWF       _I2C_Write_Ptr 
0x01F2	0x0E00      	MOVLW       hi_addr(_I2C1_Wr)
0x01F4	0x6E1E      	MOVWF       _I2C_Write_Ptr+1 
0x01F6	0x0E35      	MOVLW       FARG_I2C1_Wr_data_
0x01F8	0x6E1F      	MOVWF       _I2C_Write_Ptr+2 
0x01FA	0x0E00      	MOVLW       hi_addr(FARG_I2C1_Wr_data_)
0x01FC	0x6E20      	MOVWF       _I2C_Write_Ptr+3 
;__Lib_I2C_c34.c,195 :: 		
0x01FE	0x0E1A      	MOVLW       _I2C1_Stop
0x0200	0x6E31      	MOVWF       _I2C_Stop_Ptr 
0x0202	0x0E01      	MOVLW       hi_addr(_I2C1_Stop)
0x0204	0x6E32      	MOVWF       _I2C_Stop_Ptr+1 
0x0206	0x0E00      	MOVLW       0
0x0208	0x6E33      	MOVWF       _I2C_Stop_Ptr+2 
0x020A	0x0E00      	MOVLW       0
0x020C	0x6E34      	MOVWF       _I2C_Stop_Ptr+3 
;__Lib_I2C_c34.c,203 :: 		
0x020E	0x9894      	BCF         TRISC4_bit, BitPos(TRISC4_bit+0) 
;__Lib_I2C_c34.c,204 :: 		
0x0210	0x9694      	BCF         TRISC3_bit, BitPos(TRISC3_bit+0) 
;__Lib_I2C_c34.c,207 :: 		
0x0212	0x988B      	BCF         LATC4_bit, BitPos(LATC4_bit+0) 
;__Lib_I2C_c34.c,208 :: 		
0x0214	0x968B      	BCF         LATC3_bit, BitPos(LATC3_bit+0) 
;__Lib_I2C_c34.c,211 :: 		
0x0216	0x8894      	BSF         TRISC4_bit, BitPos(TRISC4_bit+0) 
;__Lib_I2C_c34.c,212 :: 		
0x0218	0x8694      	BSF         TRISC3_bit, BitPos(TRISC3_bit+0) 
;__Lib_I2C_c34.c,214 :: 		
0x021A	0x9EC7      	BCF         SSPSTAT, 7 
;__Lib_I2C_c34.c,215 :: 		
0x021C	0x9CC7      	BCF         SSPSTAT, 6 
;__Lib_I2C_c34.c,216 :: 		
0x021E	0x0E38      	MOVLW       56
0x0220	0x6EC6      	MOVWF       SSPCON1 
;__Lib_I2C_c34.c,219 :: 		
L_end_I2C1_Init:
0x0222	0x0012      	RETURN      0
; end of _I2C1_Init
_I2C1_Start:
;__Lib_I2C_c34.c,38 :: 		
;__Lib_I2C_c34.c,42 :: 		
0x0224	0xF037C015  	MOVFF       __Lib_I2C_c34__I2C1_TIMEOUT, I2C1_Start_timeout_L0
0x0228	0xF038C016  	MOVFF       __Lib_I2C_c34__I2C1_TIMEOUT+1, I2C1_Start_timeout_L0+1
0x022C	0xF039C017  	MOVFF       __Lib_I2C_c34__I2C1_TIMEOUT+2, I2C1_Start_timeout_L0+2
0x0230	0xF03AC018  	MOVFF       __Lib_I2C_c34__I2C1_TIMEOUT+3, I2C1_Start_timeout_L0+3
;__Lib_I2C_c34.c,44 :: 		
0x0234	0x6A35      	CLRF        I2C1_Start_j_L0 
0x0236	0x6A36      	CLRF        I2C1_Start_j_L0+1 
L_I2C1_Start2:
0x0238	0x5036      	MOVF        I2C1_Start_j_L0+1, 0 
0x023A	0x0812      	SUBLW       18
0x023C	0xE102      	BNZ         L__I2C1_Start39
0x023E	0x5035      	MOVF        I2C1_Start_j_L0, 0 
0x0240	0x088E      	SUBLW       142
L__I2C1_Start39:
0x0242	0xE307      	BNC         L_I2C1_Start3
;__Lib_I2C_c34.c,45 :: 		
0x0244	0xDF00      	RCALL       _I2C1_Is_Idle
0x0246	0x5200      	MOVF        R0, 1 
0x0248	0xE001      	BZ          L_I2C1_Start5
;__Lib_I2C_c34.c,46 :: 		
0x024A	0xD003      	BRA         L_I2C1_Start3
L_I2C1_Start5:
;__Lib_I2C_c34.c,44 :: 		
0x024C	0x4A35      	INFSNZ      I2C1_Start_j_L0, 1 
0x024E	0x2A36      	INCF        I2C1_Start_j_L0+1, 1 
;__Lib_I2C_c34.c,47 :: 		
0x0250	0xD7F3      	BRA         L_I2C1_Start2
L_I2C1_Start3:
;__Lib_I2C_c34.c,49 :: 		
0x0252	0x0E12      	MOVLW       18
0x0254	0x5C36      	SUBWF       I2C1_Start_j_L0+1, 0 
0x0256	0xE102      	BNZ         L__I2C1_Start40
0x0258	0x0E8F      	MOVLW       143
0x025A	0x5C35      	SUBWF       I2C1_Start_j_L0, 0 
L__I2C1_Start40:
0x025C	0xE303      	BNC         L_I2C1_Start6
;__Lib_I2C_c34.c,50 :: 		
0x025E	0x0E7B      	MOVLW       123
0x0260	0x6E00      	MOVWF       R0 
0x0262	0xD023      	BRA         L_end_I2C1_Start
L_I2C1_Start6:
;__Lib_I2C_c34.c,52 :: 		
0x0264	0x80C5      	BSF         SSPCON2, 0 
;__Lib_I2C_c34.c,53 :: 		
L_I2C1_Start8:
0x0266	0xA0C5      	BTFSS       SSPCON2, 0 
0x0268	0xD01F      	BRA         L_I2C1_Start9
;__Lib_I2C_c34.c,55 :: 		
0x026A	0x5015      	MOVF        __Lib_I2C_c34__I2C1_TIMEOUT, 0 
0x026C	0x1016      	IORWF       __Lib_I2C_c34__I2C1_TIMEOUT+1, 0 
0x026E	0x1017      	IORWF       __Lib_I2C_c34__I2C1_TIMEOUT+2, 0 
0x0270	0x1018      	IORWF       __Lib_I2C_c34__I2C1_TIMEOUT+3, 0 
0x0272	0xE019      	BZ          L_I2C1_Start10
;__Lib_I2C_c34.c,57 :: 		
0x0274	0x5037      	MOVF        I2C1_Start_timeout_L0, 0 
0x0276	0x1038      	IORWF       I2C1_Start_timeout_L0+1, 0 
0x0278	0x1039      	IORWF       I2C1_Start_timeout_L0+2, 0 
0x027A	0x103A      	IORWF       I2C1_Start_timeout_L0+3, 0 
0x027C	0xE10E      	BNZ         L_I2C1_Start11
;__Lib_I2C_c34.c,59 :: 		
0x027E	0xFFE1C02F  	MOVFF       _I2C1_Timeout_Ptr+2, FSR1
0x0282	0xFFE2C030  	MOVFF       _I2C1_Timeout_Ptr+3, FSR1+1
0x0286	0x0E05      	MOVLW       5
0x0288	0x6EE6      	MOVWF       POSTINC1 
0x028A	0xF000C02D  	MOVFF       _I2C1_Timeout_Ptr, R0
0x028E	0xF001C02E  	MOVFF       _I2C1_Timeout_Ptr+1, R1
0x0292	0xDECD      	RCALL       _____DoIFC
;__Lib_I2C_c34.c,60 :: 		
0x0294	0x0E01      	MOVLW       1
0x0296	0x6E00      	MOVWF       R0 
0x0298	0xD008      	BRA         L_end_I2C1_Start
;__Lib_I2C_c34.c,61 :: 		
L_I2C1_Start11:
;__Lib_I2C_c34.c,62 :: 		
0x029A	0x0E01      	MOVLW       1
0x029C	0x5E37      	SUBWF       I2C1_Start_timeout_L0, 1 
0x029E	0x0E00      	MOVLW       0
0x02A0	0x5A38      	SUBWFB      I2C1_Start_timeout_L0+1, 1 
0x02A2	0x5A39      	SUBWFB      I2C1_Start_timeout_L0+2, 1 
0x02A4	0x5A3A      	SUBWFB      I2C1_Start_timeout_L0+3, 1 
;__Lib_I2C_c34.c,63 :: 		
L_I2C1_Start10:
;__Lib_I2C_c34.c,64 :: 		
0x02A6	0xD7DF      	BRA         L_I2C1_Start8
L_I2C1_Start9:
;__Lib_I2C_c34.c,65 :: 		
0x02A8	0x6A00      	CLRF        R0 
;__Lib_I2C_c34.c,67 :: 		
L_end_I2C1_Start:
0x02AA	0x0012      	RETURN      0
; end of _I2C1_Start
_I2C1_Rd:
;__Lib_I2C_c34.c,89 :: 		
;__Lib_I2C_c34.c,93 :: 		
0x02AC	0xF037C015  	MOVFF       __Lib_I2C_c34__I2C1_TIMEOUT, I2C1_Rd_timeout_L0
0x02B0	0xF038C016  	MOVFF       __Lib_I2C_c34__I2C1_TIMEOUT+1, I2C1_Rd_timeout_L0+1
0x02B4	0xF039C017  	MOVFF       __Lib_I2C_c34__I2C1_TIMEOUT+2, I2C1_Rd_timeout_L0+2
0x02B8	0xF03AC018  	MOVFF       __Lib_I2C_c34__I2C1_TIMEOUT+3, I2C1_Rd_timeout_L0+3
;__Lib_I2C_c34.c,95 :: 		
0x02BC	0x969E      	BCF         PIR1, 3 
;__Lib_I2C_c34.c,96 :: 		
0x02BE	0x86C5      	BSF         SSPCON2, 3 
;__Lib_I2C_c34.c,98 :: 		
L_I2C1_Rd16:
0x02C0	0xB69E      	BTFSC       PIR1, 3 
0x02C2	0xD01D      	BRA         L_I2C1_Rd17
;__Lib_I2C_c34.c,100 :: 		
0x02C4	0x5015      	MOVF        __Lib_I2C_c34__I2C1_TIMEOUT, 0 
0x02C6	0x1016      	IORWF       __Lib_I2C_c34__I2C1_TIMEOUT+1, 0 
0x02C8	0x1017      	IORWF       __Lib_I2C_c34__I2C1_TIMEOUT+2, 0 
0x02CA	0x1018      	IORWF       __Lib_I2C_c34__I2C1_TIMEOUT+3, 0 
0x02CC	0xE017      	BZ          L_I2C1_Rd18
;__Lib_I2C_c34.c,102 :: 		
0x02CE	0x5037      	MOVF        I2C1_Rd_timeout_L0, 0 
0x02D0	0x1038      	IORWF       I2C1_Rd_timeout_L0+1, 0 
0x02D2	0x1039      	IORWF       I2C1_Rd_timeout_L0+2, 0 
0x02D4	0x103A      	IORWF       I2C1_Rd_timeout_L0+3, 0 
0x02D6	0xE10C      	BNZ         L_I2C1_Rd19
;__Lib_I2C_c34.c,104 :: 		
0x02D8	0xFFE1C02F  	MOVFF       _I2C1_Timeout_Ptr+2, FSR1
0x02DC	0xFFE2C030  	MOVFF       _I2C1_Timeout_Ptr+3, FSR1+1
0x02E0	0x0E03      	MOVLW       3
0x02E2	0x6EE6      	MOVWF       POSTINC1 
0x02E4	0xF000C02D  	MOVFF       _I2C1_Timeout_Ptr, R0
0x02E8	0xF001C02E  	MOVFF       _I2C1_Timeout_Ptr+1, R1
0x02EC	0xDEA0      	RCALL       _____DoIFC
;__Lib_I2C_c34.c,105 :: 		
0x02EE	0xD007      	BRA         L_I2C1_Rd17
;__Lib_I2C_c34.c,106 :: 		
L_I2C1_Rd19:
;__Lib_I2C_c34.c,107 :: 		
0x02F0	0x0E01      	MOVLW       1
0x02F2	0x5E37      	SUBWF       I2C1_Rd_timeout_L0, 1 
0x02F4	0x0E00      	MOVLW       0
0x02F6	0x5A38      	SUBWFB      I2C1_Rd_timeout_L0+1, 1 
0x02F8	0x5A39      	SUBWFB      I2C1_Rd_timeout_L0+2, 1 
0x02FA	0x5A3A      	SUBWFB      I2C1_Rd_timeout_L0+3, 1 
;__Lib_I2C_c34.c,108 :: 		
L_I2C1_Rd18:
;__Lib_I2C_c34.c,109 :: 		
0x02FC	0xD7E1      	BRA         L_I2C1_Rd16
L_I2C1_Rd17:
;__Lib_I2C_c34.c,111 :: 		
0x02FE	0xF036CFC9  	MOVFF       SSPBUF, I2C1_Rd_tmp_L0
;__Lib_I2C_c34.c,112 :: 		
0x0302	0x5035      	MOVF        FARG_I2C1_Rd_ack, 0 
0x0304	0x0A00      	XORLW       0
0x0306	0xE102      	BNZ         L_I2C1_Rd20
;__Lib_I2C_c34.c,113 :: 		
0x0308	0x8AC5      	BSF         SSPCON2, 5 
0x030A	0xD001      	BRA         L_I2C1_Rd21
L_I2C1_Rd20:
;__Lib_I2C_c34.c,115 :: 		
0x030C	0x9AC5      	BCF         SSPCON2, 5 
L_I2C1_Rd21:
;__Lib_I2C_c34.c,117 :: 		
0x030E	0x969E      	BCF         PIR1, 3 
;__Lib_I2C_c34.c,118 :: 		
0x0310	0x88C5      	BSF         SSPCON2, 4 
;__Lib_I2C_c34.c,121 :: 		
0x0312	0xF037C015  	MOVFF       __Lib_I2C_c34__I2C1_TIMEOUT, I2C1_Rd_timeout_L0
0x0316	0xF038C016  	MOVFF       __Lib_I2C_c34__I2C1_TIMEOUT+1, I2C1_Rd_timeout_L0+1
0x031A	0xF039C017  	MOVFF       __Lib_I2C_c34__I2C1_TIMEOUT+2, I2C1_Rd_timeout_L0+2
0x031E	0xF03AC018  	MOVFF       __Lib_I2C_c34__I2C1_TIMEOUT+3, I2C1_Rd_timeout_L0+3
;__Lib_I2C_c34.c,123 :: 		
L_I2C1_Rd22:
0x0322	0xB69E      	BTFSC       PIR1, 3 
0x0324	0xD01D      	BRA         L_I2C1_Rd23
;__Lib_I2C_c34.c,125 :: 		
0x0326	0x5015      	MOVF        __Lib_I2C_c34__I2C1_TIMEOUT, 0 
0x0328	0x1016      	IORWF       __Lib_I2C_c34__I2C1_TIMEOUT+1, 0 
0x032A	0x1017      	IORWF       __Lib_I2C_c34__I2C1_TIMEOUT+2, 0 
0x032C	0x1018      	IORWF       __Lib_I2C_c34__I2C1_TIMEOUT+3, 0 
0x032E	0xE017      	BZ          L_I2C1_Rd24
;__Lib_I2C_c34.c,127 :: 		
0x0330	0x5037      	MOVF        I2C1_Rd_timeout_L0, 0 
0x0332	0x1038      	IORWF       I2C1_Rd_timeout_L0+1, 0 
0x0334	0x1039      	IORWF       I2C1_Rd_timeout_L0+2, 0 
0x0336	0x103A      	IORWF       I2C1_Rd_timeout_L0+3, 0 
0x0338	0xE10C      	BNZ         L_I2C1_Rd25
;__Lib_I2C_c34.c,129 :: 		
0x033A	0xFFE1C02F  	MOVFF       _I2C1_Timeout_Ptr+2, FSR1
0x033E	0xFFE2C030  	MOVFF       _I2C1_Timeout_Ptr+3, FSR1+1
0x0342	0x0E03      	MOVLW       3
0x0344	0x6EE6      	MOVWF       POSTINC1 
0x0346	0xF000C02D  	MOVFF       _I2C1_Timeout_Ptr, R0
0x034A	0xF001C02E  	MOVFF       _I2C1_Timeout_Ptr+1, R1
0x034E	0xDE6F      	RCALL       _____DoIFC
;__Lib_I2C_c34.c,130 :: 		
0x0350	0xD007      	BRA         L_I2C1_Rd23
;__Lib_I2C_c34.c,131 :: 		
L_I2C1_Rd25:
;__Lib_I2C_c34.c,132 :: 		
0x0352	0x0E01      	MOVLW       1
0x0354	0x5E37      	SUBWF       I2C1_Rd_timeout_L0, 1 
0x0356	0x0E00      	MOVLW       0
0x0358	0x5A38      	SUBWFB      I2C1_Rd_timeout_L0+1, 1 
0x035A	0x5A39      	SUBWFB      I2C1_Rd_timeout_L0+2, 1 
0x035C	0x5A3A      	SUBWFB      I2C1_Rd_timeout_L0+3, 1 
;__Lib_I2C_c34.c,133 :: 		
L_I2C1_Rd24:
;__Lib_I2C_c34.c,134 :: 		
0x035E	0xD7E1      	BRA         L_I2C1_Rd22
L_I2C1_Rd23:
;__Lib_I2C_c34.c,136 :: 		
0x0360	0xF000C036  	MOVFF       I2C1_Rd_tmp_L0, R0
;__Lib_I2C_c34.c,137 :: 		
L_end_I2C1_Rd:
0x0364	0x0012      	RETURN      0
; end of _I2C1_Rd
___CC2DW:
;__Lib_System.c,21 :: 		
;__Lib_System.c,23 :: 		
_CC2DL_Loop1:
;__Lib_System.c,24 :: 		
0x0366	0x0009      	TBLRD*+
;__Lib_System.c,25 :: 		
0x0368	0xFFE6CFF5  	MOVFF       TABLAT, POSTINC1
;__Lib_System.c,26 :: 		
0x036C	0x0600      	DECF        R0, 1, 0
;__Lib_System.c,27 :: 		
0x036E	0xE1FB      	BNZ         _CC2DL_Loop1
;__Lib_System.c,28 :: 		
0x0370	0x0601      	DECF        R1, 1, 0
;__Lib_System.c,29 :: 		
0x0372	0xE1F9      	BNZ         _CC2DL_Loop1
;__Lib_System.c,31 :: 		
L_end___CC2DW:
0x0374	0x0012      	RETURN      0
; end of ___CC2DW
_main:
0x0376	0xF002EC02  	CALL        1028, 0
;unit_14_i2c_simple_eco.c,41 :: 		void main(){
;unit_14_i2c_simple_eco.c,47 :: 		ADCON1 |= 0X0F;
0x037A	0x0E0F      	MOVLW       15
0x037C	0x12C1      	IORWF       ADCON1, 1 
;unit_14_i2c_simple_eco.c,50 :: 		TRISB = 0;                              // Configure PORTB as output
0x037E	0x6A93      	CLRF        TRISB 
;unit_14_i2c_simple_eco.c,51 :: 		TRISD = 0;                              // Configure PORTB as output
0x0380	0x6A95      	CLRF        TRISD 
;unit_14_i2c_simple_eco.c,52 :: 		LATD = 0;                                // Clear PORTA
0x0382	0x6A8C      	CLRF        LATD 
;unit_14_i2c_simple_eco.c,53 :: 		LATB = 0;                                // Clear PORTB
0x0384	0x6A8A      	CLRF        LATB 
;unit_14_i2c_simple_eco.c,55 :: 		I2C1_Init(100000);                      // initialize I2C communication
0x0386	0x0E14      	MOVLW       20
0x0388	0x6EC8      	MOVWF       SSPADD 
0x038A	0xDF11      	RCALL       _I2C1_Init
;unit_14_i2c_simple_eco.c,58 :: 		while (1) {
L_main2:
;unit_14_i2c_simple_eco.c,60 :: 		I2C1_SetTimeoutCallback(1000,&test);  // enable error flag
0x038C	0x0EE8      	MOVLW       232
0x038E	0x6E35      	MOVWF       FARG_I2C1_SetTimeoutCallback_timeout 
0x0390	0x0E03      	MOVLW       3
0x0392	0x6E36      	MOVWF       FARG_I2C1_SetTimeoutCallback_timeout+1 
0x0394	0x0E00      	MOVLW       0
0x0396	0x6E37      	MOVWF       FARG_I2C1_SetTimeoutCallback_timeout+2 
0x0398	0x6E38      	MOVWF       FARG_I2C1_SetTimeoutCallback_timeout+3 
0x039A	0x0E1C      	MOVLW       _test
0x039C	0x6E39      	MOVWF       FARG_I2C1_SetTimeoutCallback_i2c1_timeout 
0x039E	0x0E00      	MOVLW       hi_addr(_test)
0x03A0	0x6E3A      	MOVWF       FARG_I2C1_SetTimeoutCallback_i2c1_timeout+1 
0x03A2	0x0E3D      	MOVLW       FARG_test_err
0x03A4	0x6E3B      	MOVWF       FARG_I2C1_SetTimeoutCallback_i2c1_timeout+2 
0x03A6	0x0E00      	MOVLW       hi_addr(FARG_test_err)
0x03A8	0x6E3C      	MOVWF       FARG_I2C1_SetTimeoutCallback_i2c1_timeout+3 
0x03AA	0xDEF0      	RCALL       _I2C1_SetTimeoutCallback
;unit_14_i2c_simple_eco.c,61 :: 		I2C1_Start();                           // issue I2C start signal
0x03AC	0xDF3B      	RCALL       _I2C1_Start
;unit_14_i2c_simple_eco.c,69 :: 		I2C1_Wr(0xA2);                          // send byte via I2C  (device address + W)
0x03AE	0x0EA2      	MOVLW       162
0x03B0	0x6E35      	MOVWF       FARG_I2C1_Wr_data_ 
0x03B2	0xDE56      	RCALL       _I2C1_Wr
;unit_14_i2c_simple_eco.c,70 :: 		I2C1_Wr(2);                             // send byte (address of EEPROM location)
0x03B4	0x0E02      	MOVLW       2
0x03B6	0x6E35      	MOVWF       FARG_I2C1_Wr_data_ 
0x03B8	0xDE53      	RCALL       _I2C1_Wr
;unit_14_i2c_simple_eco.c,73 :: 		I2C1_Wr(0x0F);                          // send data (data to be written)
0x03BA	0x0E0F      	MOVLW       15
0x03BC	0x6E35      	MOVWF       FARG_I2C1_Wr_data_ 
0x03BE	0xDE50      	RCALL       _I2C1_Wr
;unit_14_i2c_simple_eco.c,74 :: 		I2C1_Stop();                            // issue I2C stop signal
0x03C0	0xDEAC      	RCALL       _I2C1_Stop
;unit_14_i2c_simple_eco.c,79 :: 		Delay_100ms();
0x03C2	0xDEAD      	RCALL       _Delay_100ms
;unit_14_i2c_simple_eco.c,81 :: 		I2C1_Start();                           // issue I2C start signal
0x03C4	0xDF2F      	RCALL       _I2C1_Start
;unit_14_i2c_simple_eco.c,82 :: 		I2C1_Wr(0xA2);                          // send byte via I2C  (device address + W)
0x03C6	0x0EA2      	MOVLW       162
0x03C8	0x6E35      	MOVWF       FARG_I2C1_Wr_data_ 
0x03CA	0xDE4A      	RCALL       _I2C1_Wr
;unit_14_i2c_simple_eco.c,83 :: 		I2C1_Wr(2);                             // send byte (data address)
0x03CC	0x0E02      	MOVLW       2
0x03CE	0x6E35      	MOVWF       FARG_I2C1_Wr_data_ 
0x03D0	0xDE47      	RCALL       _I2C1_Wr
;unit_14_i2c_simple_eco.c,84 :: 		I2C1_Repeated_Start();                  // issue I2C signal repeated start
0x03D2	0xDEB3      	RCALL       _I2C1_Repeated_Start
;unit_14_i2c_simple_eco.c,85 :: 		I2C1_Wr(0xA3);                          // send byte (device address + R)
0x03D4	0x0EA3      	MOVLW       163
0x03D6	0x6E35      	MOVWF       FARG_I2C1_Wr_data_ 
0x03D8	0xDE43      	RCALL       _I2C1_Wr
;unit_14_i2c_simple_eco.c,86 :: 		LATB = I2C1_Rd(0);                      // Read the data (NO acknowledge)
0x03DA	0x6A35      	CLRF        FARG_I2C1_Rd_ack 
0x03DC	0xDF67      	RCALL       _I2C1_Rd
0x03DE	0xFF8AC000  	MOVFF       R0, LATB
;unit_14_i2c_simple_eco.c,87 :: 		I2C1_Stop();                            // issue I2C stop signal
0x03E2	0xDE9B      	RCALL       _I2C1_Stop
;unit_14_i2c_simple_eco.c,95 :: 		Delay_ms(4000);
0x03E4	0x0E29      	MOVLW       41
0x03E6	0x6E0B      	MOVWF       R11, 0
0x03E8	0x0E96      	MOVLW       150
0x03EA	0x6E0C      	MOVWF       R12, 0
0x03EC	0x0E7F      	MOVLW       127
0x03EE	0x6E0D      	MOVWF       R13, 0
L_main4:
0x03F0	0x2E0D      	DECFSZ      R13, 1, 0
0x03F2	0xD7FE      	BRA         L_main4
0x03F4	0x2E0C      	DECFSZ      R12, 1, 0
0x03F6	0xD7FC      	BRA         L_main4
0x03F8	0x2E0B      	DECFSZ      R11, 1, 0
0x03FA	0xD7FA      	BRA         L_main4
;unit_14_i2c_simple_eco.c,96 :: 		}
0x03FC	0xD7C7      	BRA         L_main2
;unit_14_i2c_simple_eco.c,97 :: 		}
L_end_main:
0x03FE	0xD7FF      	BRA         $+0
; end of _main
0x0404	0xF015EE10  	LFSR        1, 21
0x0408	0x0E04      	MOVLW       4
0x040A	0x6E00      	MOVWF       R0 
0x040C	0x0E01      	MOVLW       1
0x040E	0x6E01      	MOVWF       R1 
0x0410	0x0E00      	MOVLW       0
0x0412	0x6EF6      	MOVWF       4086 
0x0414	0x0E04      	MOVLW       4
0x0416	0x6EF7      	MOVWF       TBLPTRH 
0x0418	0x0E00      	MOVLW       0
0x041A	0x6EF8      	MOVWF       TBLPTRU 
0x041C	0xF001ECB3  	CALL        870, 0
0x0420	0x0012      	RETURN      0
;__Lib_I2C_c34.c,0 :: ?ICS__Lib_I2C_c34__I2C1_TIMEOUT
0x0400	0x0000 ;?ICS__Lib_I2C_c34__I2C1_TIMEOUT+0
0x0402	0x0000 ;?ICS__Lib_I2C_c34__I2C1_TIMEOUT+2
; end of ?ICS__Lib_I2C_c34__I2C1_TIMEOUT
Symbol List:
//** Routines locations **
//ADDRESS    SIZE    PROCEDURE
//----------------------------------------------
0x001C      [18]    _test
0x002E      [24]    _____DoIFC
0x0046      [26]    _I2C1_Is_Idle
0x0060     [186]    _I2C1_Wr
0x011A       [4]    _I2C1_Stop
0x011E      [28]    _Delay_100ms
0x013A      [82]    _I2C1_Repeated_Start
0x018C      [34]    _I2C1_SetTimeoutCallback
0x01AE     [118]    _I2C1_Init
0x0224     [136]    _I2C1_Start
0x02AC     [186]    _I2C1_Rd
0x0366      [16]    ___CC2DW
0x0376     [138]    _main
//** Variables locations ** 
//ADDRESS    SIZE    VARIABLE
//----------------------------------------------
0x0000       [1]    R0
0x0001       [1]    R1
0x0002       [1]    R2
0x0003       [1]    R3
0x0004       [1]    R4
0x0005       [1]    R5
0x0006       [1]    R6
0x0007       [1]    R7
0x0008       [1]    R8
0x0009       [1]    R9
0x000A       [1]    R10
0x000B       [1]    R11
0x000C       [1]    R12
0x000D       [1]    R13
0x000E       [1]    R14
0x000F       [1]    R15
0x0010       [1]    R16
0x0011       [1]    R17
0x0012       [1]    R18
0x0013       [1]    R19
0x0014       [1]    R20
0x0015       [4]    __Lib_I2C_c34__I2C1_TIMEOUT
0x0019       [4]    _I2C_Read_Ptr
0x001D       [4]    _I2C_Write_Ptr
0x0021       [4]    _I2C_Restart_Ptr
0x0025       [4]    _I2C_Is_Idle_Ptr
0x0029       [4]    _I2C_Start_Ptr
0x002D       [4]    _I2C1_Timeout_Ptr
0x0031       [4]    _I2C_Stop_Ptr
0x0035       [1]    FARG_I2C1_Wr_data_
0x0035       [4]    FARG_I2C1_Init_clock
0x0035       [2]    I2C1_Start_j_L0
0x0035       [4]    I2C1_Repeated_Start_timeout_L0
0x0035       [4]    FARG_I2C1_SetTimeoutCallback_timeout
0x0035       [1]    FARG_I2C1_Rd_ack
0x0036       [1]    I2C1_Rd_tmp_L0
0x0036       [4]    I2C1_Wr_timeout_L0
0x0037       [4]    I2C1_Rd_timeout_L0
0x0037       [4]    I2C1_Start_timeout_L0
0x0039       [4]    FARG_I2C1_SetTimeoutCallback_i2c1_timeout
0x003D       [1]    FARG_test_err
0x0F83       [0]    RD6_bit
0x0F83       [0]    RD5_bit
0x0F8A       [1]    LATB
0x0F8B       [0]    LATC3_bit
0x0F8B       [0]    LATC4_bit
0x0F8C       [1]    LATD
0x0F93       [1]    TRISB
0x0F94       [0]    TRISC4_bit
0x0F94       [0]    TRISC3_bit
0x0F95       [1]    TRISD
0x0F9E       [1]    PIR1
0x0FC1       [1]    ADCON1
0x0FC5       [1]    SSPCON2
0x0FC6       [1]    SSPCON1
0x0FC7       [1]    SSPSTAT
0x0FC8       [1]    SSPADD
0x0FC9       [1]    SSPBUF
0x0FD8       [1]    STATUS
0x0FD9       [1]    FSR2L
0x0FDA       [1]    FSR2H
0x0FDE       [1]    POSTINC2
0x0FE0       [1]    BSR
0x0FE1       [2]    FSR1
0x0FE1       [1]    FSR1L
0x0FE2       [1]    FSR1H
0x0FE4       [1]    PREINC1
0x0FE6       [1]    POSTINC1
0x0FE7       [1]    INDF1
0x0FE8       [1]    WREG
0x0FE9       [1]    FSR0L
0x0FEA       [1]    FSR0H
0x0FEE       [1]    POSTINC0
0x0FF2       [1]    INTCON
0x0FF3       [1]    PRODL
0x0FF4       [1]    PRODH
0x0FF5       [1]    TABLAT
0x0FF6       [1]    TBLPTRL
0x0FF7       [1]    TBLPTRH
0x0FF8       [1]    TBLPTRU
0x0FFD       [1]    TOSL
0x0FFE       [1]    TOSH
0x0FFF       [1]    TOSU
//** Constants locations ** 
//ADDRESS    SIZE    CONSTANT
//----------------------------------------------
0x0400       [4]    ?ICS__Lib_I2C_c34__I2C1_TIMEOUT
