;  LST file generated by mikroListExporter - v.2.0 
; Date/Time: 29/10/2019 04:00:09 PM
;----------------------------------------------

;Address Opcode 	ASM
0x0000	0xF005EFC5  	GOTO        2954
0x0004	0x0000      	NOP
0x0006	0x0000      	NOP
0x0008	0xF000EF00  	GOTO        0
0x000C	0x0000      	NOP
0x000E	0x0000      	NOP
0x0010	0x0000      	NOP
0x0012	0x0000      	NOP
0x0014	0x0000      	NOP
0x0016	0x0000      	NOP
0x0018	0xD7F3      	BRA         0
_Delay_1us:
;__Lib_Delays.c,7 :: 		void Delay_1us() {
;__Lib_Delays.c,8 :: 		Delay_us(1);
0x001C	0x0000      	NOP
0x001E	0x0000      	NOP
;__Lib_Delays.c,9 :: 		}
L_end_Delay_1us:
0x0020	0x0012      	RETURN      0
; end of _Delay_1us
_Delay_5500us:
;__Lib_Delays.c,31 :: 		void Delay_5500us() {
;__Lib_Delays.c,32 :: 		Delay_us(5500);
0x0022	0x0E0F      	MOVLW       15
0x0024	0x6E0C      	MOVWF       R12, 0
0x0026	0x0E47      	MOVLW       71
0x0028	0x6E0D      	MOVWF       R13, 0
L_Delay_5500us5:
0x002A	0x2E0D      	DECFSZ      R13, 1, 0
0x002C	0xD7FE      	BRA         L_Delay_5500us5
0x002E	0x2E0C      	DECFSZ      R12, 1, 0
0x0030	0xD7FC      	BRA         L_Delay_5500us5
0x0032	0x0000      	NOP
0x0034	0x0000      	NOP
;__Lib_Delays.c,33 :: 		}
L_end_Delay_5500us:
0x0036	0x0012      	RETURN      0
; end of _Delay_5500us
_Delay_50us:
;__Lib_Delays.c,19 :: 		void Delay_50us() {
;__Lib_Delays.c,20 :: 		Delay_us(50);
0x0038	0x0E21      	MOVLW       33
0x003A	0x6E0D      	MOVWF       R13, 0
L_Delay_50us2:
0x003C	0x2E0D      	DECFSZ      R13, 1, 0
0x003E	0xD7FE      	BRA         L_Delay_50us2
;__Lib_Delays.c,21 :: 		}
L_end_Delay_50us:
0x0040	0x0012      	RETURN      0
; end of _Delay_50us
_RES032:
;__Lib_MathDouble.c,128 :: 		
;__Lib_MathDouble.c,134 :: 		
0x0042	0x6A02      	CLRF        R2, 0
;__Lib_MathDouble.c,135 :: 		
0x0044	0x6A01      	CLRF        R1, 0
;__Lib_MathDouble.c,136 :: 		
0x0046	0x6A00      	CLRF        R0, 0
;__Lib_MathDouble.c,137 :: 		
0x0048	0x6A08      	CLRF        R8, 0
;__Lib_MathDouble.c,138 :: 		
0x004A	0x6A03      	CLRF        R3, 0
;__Lib_MathDouble.c,139 :: 		
0x004C	0x0E00      	MOVLW       0
;__Lib_MathDouble.c,141 :: 		
L_end_RES032:
0x004E	0x0012      	RETURN      0
; end of _RES032
_SETFOV32:
;__Lib_MathDouble.c,82 :: 		
;__Lib_MathDouble.c,90 :: 		
0x0050	0x820B      	BSF         R11, 1, 0
;__Lib_MathDouble.c,91 :: 		
0x0052	0xAE0B      	BTFSS       R11, 7, 0
;__Lib_MathDouble.c,92 :: 		
0x0054	0xF000EF32  	GOTO        SETFOV32EEE
;__Lib_MathDouble.c,94 :: 		
0x0058	0x6803      	SETF        R3, 0
;__Lib_MathDouble.c,95 :: 		
0x005A	0x6802      	SETF        R2, 0
;__Lib_MathDouble.c,96 :: 		
0x005C	0x6801      	SETF        R1, 0
;__Lib_MathDouble.c,97 :: 		
0x005E	0x6800      	SETF        R0, 0
;__Lib_MathDouble.c,98 :: 		
0x0060	0x360A      	RLCF        R10, 1, 0
;__Lib_MathDouble.c,99 :: 		
0x0062	0x3202      	RRCF        R2, 1, 0
;__Lib_MathDouble.c,100 :: 		
SETFOV32EEE:
;__Lib_MathDouble.c,101 :: 		
0x0064	0x0EFF      	MOVLW       255
;__Lib_MathDouble.c,103 :: 		
L_end_SETFOV32:
0x0066	0x0012      	RETURN      0
; end of _SETFOV32
_FIXSIGN32:
;__Lib_MathDouble.c,117 :: 		
;__Lib_MathDouble.c,121 :: 		
0x0068	0xAE0A      	BTFSS       R10, 7, 0
;__Lib_MathDouble.c,122 :: 		
0x006A	0x9E02      	BCF         R2, 7, 0
;__Lib_MathDouble.c,123 :: 		
0x006C	0x0E00      	MOVLW       0
;__Lib_MathDouble.c,125 :: 		
L_end_FIXSIGN32:
0x006E	0x0012      	RETURN      0
; end of _FIXSIGN32
_Lcd_Cmd:
;__Lib_Lcd.c,18 :: 		
;__Lib_Lcd.c,20 :: 		
0x0070	0xBE4D      	BTFSC       FARG_Lcd_Cmd_out_char, 7 
0x0072	0xD002      	BRA         L__Lcd_Cmd21
0x0074	0x9E8C      	BCF         LCD_D7, BitPos(LCD_D7+0) 
0x0076	0xD001      	BRA         L__Lcd_Cmd22
L__Lcd_Cmd21:
0x0078	0x8E8C      	BSF         LCD_D7, BitPos(LCD_D7+0) 
L__Lcd_Cmd22:
;__Lib_Lcd.c,21 :: 		
0x007A	0xBC4D      	BTFSC       FARG_Lcd_Cmd_out_char, 6 
0x007C	0xD002      	BRA         L__Lcd_Cmd23
0x007E	0x9C8C      	BCF         LCD_D6, BitPos(LCD_D6+0) 
0x0080	0xD001      	BRA         L__Lcd_Cmd24
L__Lcd_Cmd23:
0x0082	0x8C8C      	BSF         LCD_D6, BitPos(LCD_D6+0) 
L__Lcd_Cmd24:
;__Lib_Lcd.c,22 :: 		
0x0084	0xBA4D      	BTFSC       FARG_Lcd_Cmd_out_char, 5 
0x0086	0xD002      	BRA         L__Lcd_Cmd25
0x0088	0x9A8C      	BCF         LCD_D5, BitPos(LCD_D5+0) 
0x008A	0xD001      	BRA         L__Lcd_Cmd26
L__Lcd_Cmd25:
0x008C	0x8A8C      	BSF         LCD_D5, BitPos(LCD_D5+0) 
L__Lcd_Cmd26:
;__Lib_Lcd.c,23 :: 		
0x008E	0xB84D      	BTFSC       FARG_Lcd_Cmd_out_char, 4 
0x0090	0xD002      	BRA         L__Lcd_Cmd27
0x0092	0x988C      	BCF         LCD_D4, BitPos(LCD_D4+0) 
0x0094	0xD001      	BRA         L__Lcd_Cmd28
L__Lcd_Cmd27:
0x0096	0x888C      	BSF         LCD_D4, BitPos(LCD_D4+0) 
L__Lcd_Cmd28:
;__Lib_Lcd.c,25 :: 		
0x0098	0xB02C      	BTFSC       __Lib_Lcd_cmd_status, BitPos(__Lib_Lcd_cmd_status+0) 
0x009A	0xD002      	BRA         L__Lcd_Cmd29
0x009C	0x848D      	BSF         LCD_RS, BitPos(LCD_RS+0) 
0x009E	0xD001      	BRA         L__Lcd_Cmd30
L__Lcd_Cmd29:
0x00A0	0x948D      	BCF         LCD_RS, BitPos(LCD_RS+0) 
L__Lcd_Cmd30:
;__Lib_Lcd.c,28 :: 		
0x00A2	0x828D      	BSF         LCD_EN, BitPos(LCD_EN+0) 
;__Lib_Lcd.c,29 :: 		
0x00A4	0xDFBB      	RCALL       _Delay_1us
;__Lib_Lcd.c,30 :: 		
0x00A6	0x928D      	BCF         LCD_EN, BitPos(LCD_EN+0) 
;__Lib_Lcd.c,33 :: 		
0x00A8	0xB64D      	BTFSC       FARG_Lcd_Cmd_out_char, 3 
0x00AA	0xD002      	BRA         L__Lcd_Cmd31
0x00AC	0x9E8C      	BCF         LCD_D7, BitPos(LCD_D7+0) 
0x00AE	0xD001      	BRA         L__Lcd_Cmd32
L__Lcd_Cmd31:
0x00B0	0x8E8C      	BSF         LCD_D7, BitPos(LCD_D7+0) 
L__Lcd_Cmd32:
;__Lib_Lcd.c,34 :: 		
0x00B2	0xB44D      	BTFSC       FARG_Lcd_Cmd_out_char, 2 
0x00B4	0xD002      	BRA         L__Lcd_Cmd33
0x00B6	0x9C8C      	BCF         LCD_D6, BitPos(LCD_D6+0) 
0x00B8	0xD001      	BRA         L__Lcd_Cmd34
L__Lcd_Cmd33:
0x00BA	0x8C8C      	BSF         LCD_D6, BitPos(LCD_D6+0) 
L__Lcd_Cmd34:
;__Lib_Lcd.c,35 :: 		
0x00BC	0xB24D      	BTFSC       FARG_Lcd_Cmd_out_char, 1 
0x00BE	0xD002      	BRA         L__Lcd_Cmd35
0x00C0	0x9A8C      	BCF         LCD_D5, BitPos(LCD_D5+0) 
0x00C2	0xD001      	BRA         L__Lcd_Cmd36
L__Lcd_Cmd35:
0x00C4	0x8A8C      	BSF         LCD_D5, BitPos(LCD_D5+0) 
L__Lcd_Cmd36:
;__Lib_Lcd.c,36 :: 		
0x00C6	0xB04D      	BTFSC       FARG_Lcd_Cmd_out_char, 0 
0x00C8	0xD002      	BRA         L__Lcd_Cmd37
0x00CA	0x988C      	BCF         LCD_D4, BitPos(LCD_D4+0) 
0x00CC	0xD001      	BRA         L__Lcd_Cmd38
L__Lcd_Cmd37:
0x00CE	0x888C      	BSF         LCD_D4, BitPos(LCD_D4+0) 
L__Lcd_Cmd38:
;__Lib_Lcd.c,38 :: 		
0x00D0	0xB02C      	BTFSC       __Lib_Lcd_cmd_status, BitPos(__Lib_Lcd_cmd_status+0) 
0x00D2	0xD002      	BRA         L__Lcd_Cmd39
0x00D4	0x848D      	BSF         LCD_RS, BitPos(LCD_RS+0) 
0x00D6	0xD001      	BRA         L__Lcd_Cmd40
L__Lcd_Cmd39:
0x00D8	0x948D      	BCF         LCD_RS, BitPos(LCD_RS+0) 
L__Lcd_Cmd40:
;__Lib_Lcd.c,40 :: 		
0x00DA	0x828D      	BSF         LCD_EN, BitPos(LCD_EN+0) 
;__Lib_Lcd.c,41 :: 		
0x00DC	0xDF9F      	RCALL       _Delay_1us
;__Lib_Lcd.c,42 :: 		
0x00DE	0x928D      	BCF         LCD_EN, BitPos(LCD_EN+0) 
;__Lib_Lcd.c,44 :: 		
0x00E0	0xA02C      	BTFSS       __Lib_Lcd_cmd_status, BitPos(__Lib_Lcd_cmd_status+0) 
0x00E2	0xD002      	BRA         L_Lcd_Cmd0
;__Lib_Lcd.c,45 :: 		
0x00E4	0xDF9E      	RCALL       _Delay_5500us
0x00E6	0xD001      	BRA         L_Lcd_Cmd1
L_Lcd_Cmd0:
;__Lib_Lcd.c,47 :: 		
0x00E8	0xDFA7      	RCALL       _Delay_50us
L_Lcd_Cmd1:
;__Lib_Lcd.c,48 :: 		
L_end_Lcd_Cmd:
0x00EA	0x0012      	RETURN      0
; end of _Lcd_Cmd
_SETFUN32:
;__Lib_MathDouble.c,144 :: 		
;__Lib_MathDouble.c,152 :: 		
0x00EC	0x840B      	BSF         R11, 2, 0
;__Lib_MathDouble.c,153 :: 		
0x00EE	0xAE0B      	BTFSS       R11, 7, 0
;__Lib_MathDouble.c,154 :: 		
0x00F0	0xF000EF81  	GOTO        SETFUN32EEE
;__Lib_MathDouble.c,156 :: 		
0x00F4	0x0E01      	MOVLW       1
;__Lib_MathDouble.c,157 :: 		
0x00F6	0x6E03      	MOVWF       R3, 0
;__Lib_MathDouble.c,158 :: 		
0x00F8	0x6A02      	CLRF        R2, 0
;__Lib_MathDouble.c,159 :: 		
0x00FA	0x6A01      	CLRF        R1, 0
;__Lib_MathDouble.c,160 :: 		
0x00FC	0x6A00      	CLRF        R0, 0
;__Lib_MathDouble.c,161 :: 		
0x00FE	0x360A      	RLCF        R10, 1, 0
;__Lib_MathDouble.c,162 :: 		
0x0100	0x3202      	RRCF        R2, 1, 0
;__Lib_MathDouble.c,163 :: 		
SETFUN32EEE:
;__Lib_MathDouble.c,164 :: 		
0x0102	0x0EFF      	MOVLW       255
;__Lib_MathDouble.c,166 :: 		
L_end_SETFUN32:
0x0104	0x0012      	RETURN      0
; end of _SETFUN32
_strcpy:
;__Lib_CString.c,126 :: 		
;__Lib_CString.c,129 :: 		
0x0106	0xF004C049  	MOVFF       FARG_strcpy_to, R4
0x010A	0xF005C04A  	MOVFF       FARG_strcpy_to+1, R5
;__Lib_CString.c,130 :: 		
L_strcpy34:
0x010E	0xF002C004  	MOVFF       R4, R2
0x0112	0xF003C005  	MOVFF       R5, R3
0x0116	0x4A04      	INFSNZ      R4, 1 
0x0118	0x2A05      	INCF        R5, 1 
0x011A	0xF000C04B  	MOVFF       FARG_strcpy_from, R0
0x011E	0xF001C04C  	MOVFF       FARG_strcpy_from+1, R1
0x0122	0x4A4B      	INFSNZ      FARG_strcpy_from, 1 
0x0124	0x2A4C      	INCF        FARG_strcpy_from+1, 1 
0x0126	0xFFE9C000  	MOVFF       R0, FSR0L
0x012A	0xFFEAC001  	MOVFF       R1, FSR0H
0x012E	0xFFE1C002  	MOVFF       R2, FSR1L
0x0132	0xFFE2C003  	MOVFF       R3, FSR1H
0x0136	0xFFE6CFEE  	MOVFF       POSTINC0, POSTINC1
0x013A	0xFFE9C002  	MOVFF       R2, FSR0L
0x013E	0xFFEAC003  	MOVFF       R3, FSR0H
0x0142	0x52EE      	MOVF        POSTINC0, 1 
0x0144	0xE001      	BZ          L_strcpy35
;__Lib_CString.c,131 :: 		
0x0146	0xD7E3      	BRA         L_strcpy34
L_strcpy35:
;__Lib_CString.c,132 :: 		
0x0148	0xF000C049  	MOVFF       FARG_strcpy_to, R0
0x014C	0xF001C04A  	MOVFF       FARG_strcpy_to+1, R1
;__Lib_CString.c,133 :: 		
L_end_strcpy:
0x0150	0x0012      	RETURN      0
; end of _strcpy
_Compare_Double:
;__Lib_MathDouble.c,2518 :: 		
;__Lib_MathDouble.c,2529 :: 		
0x0152	0x6A0A      	CLRF        R10, 0
;__Lib_MathDouble.c,2530 :: 		
0x0154	0x5003      	MOVF        R3, 0, 0
;__Lib_MathDouble.c,2531 :: 		
0x0156	0xA4D8      	BTFSS       STATUS, 2, 0
;__Lib_MathDouble.c,2532 :: 		
0x0158	0x800A      	BSF         R10, 0, 0
;__Lib_MathDouble.c,2533 :: 		
0x015A	0x5007      	MOVF        R7, 0, 0
;__Lib_MathDouble.c,2534 :: 		
0x015C	0xA4D8      	BTFSS       STATUS, 2, 0
;__Lib_MathDouble.c,2535 :: 		
0x015E	0x820A      	BSF         R10, 1, 0
;__Lib_MathDouble.c,2537 :: 		
0x0160	0x500A      	MOVF        R10, 0, 0
;__Lib_MathDouble.c,2538 :: 		
0x0162	0xB4D8      	BTFSC       STATUS, 2, 0
;__Lib_MathDouble.c,2539 :: 		
0x0164	0xF001EF0C  	GOTO        COMPARE_EQU
;__Lib_MathDouble.c,2540 :: 		
0x0168	0x0A03      	XORLW       3
;__Lib_MathDouble.c,2541 :: 		
0x016A	0xB4D8      	BTFSC       STATUS, 2, 0
;__Lib_MathDouble.c,2542 :: 		
0x016C	0xF000EFC5  	GOTO        COMPARE_NOTZERO
;__Lib_MathDouble.c,2544 :: 		
0x0170	0xB00A      	BTFSC       R10, 0, 0
;__Lib_MathDouble.c,2545 :: 		
0x0172	0xF000EFC0  	GOTO        COMPARE_XNOTZERO
;__Lib_MathDouble.c,2547 :: 		
0x0176	0xAE06      	BTFSS       R6, 7, 0
;__Lib_MathDouble.c,2548 :: 		
0x0178	0xF001EF0A  	GOTO        COMPARE_LT
;__Lib_MathDouble.c,2549 :: 		
0x017C	0xF001EF08  	GOTO        COMPARE_GT
;__Lib_MathDouble.c,2550 :: 		
COMPARE_XNOTZERO:
;__Lib_MathDouble.c,2551 :: 		
0x0180	0xAE02      	BTFSS       R2, 7, 0
;__Lib_MathDouble.c,2552 :: 		
0x0182	0xF001EF08  	GOTO        COMPARE_GT
;__Lib_MathDouble.c,2553 :: 		
0x0186	0xF001EF0A  	GOTO        COMPARE_LT
;__Lib_MathDouble.c,2555 :: 		
COMPARE_NOTZERO:
;__Lib_MathDouble.c,2556 :: 		
0x018A	0x5002      	MOVF        R2, 0, 0
;__Lib_MathDouble.c,2557 :: 		
0x018C	0x0B80      	ANDLW       128
;__Lib_MathDouble.c,2558 :: 		
0x018E	0x6E0A      	MOVWF       R10, 0
;__Lib_MathDouble.c,2559 :: 		
0x0190	0x9E02      	BCF         R2, 7, 0
;__Lib_MathDouble.c,2561 :: 		
0x0192	0x5006      	MOVF        R6, 0, 0
;__Lib_MathDouble.c,2562 :: 		
0x0194	0x0B80      	ANDLW       128
;__Lib_MathDouble.c,2563 :: 		
0x0196	0x9E06      	BCF         R6, 7, 0
;__Lib_MathDouble.c,2565 :: 		
0x0198	0x180A      	XORWF       R10, 0, 0
;__Lib_MathDouble.c,2566 :: 		
0x019A	0xB4D8      	BTFSC       STATUS, 2, 0
;__Lib_MathDouble.c,2567 :: 		
0x019C	0xF000EFD6  	GOTO        COMPARE_TESTALL
;__Lib_MathDouble.c,2569 :: 		
0x01A0	0x500A      	MOVF        R10, 0, 0
;__Lib_MathDouble.c,2570 :: 		
0x01A2	0xB4D8      	BTFSC       STATUS, 2, 0
;__Lib_MathDouble.c,2571 :: 		
0x01A4	0xF001EF08  	GOTO        COMPARE_GT
;__Lib_MathDouble.c,2572 :: 		
0x01A8	0xF001EF0A  	GOTO        COMPARE_LT
;__Lib_MathDouble.c,2574 :: 		
COMPARE_TESTALL:
;__Lib_MathDouble.c,2575 :: 		
0x01AC	0x5007      	MOVF        R7, 0, 0
;__Lib_MathDouble.c,2576 :: 		
0x01AE	0x5C03      	SUBWF       R3, 0, 0
;__Lib_MathDouble.c,2577 :: 		
0x01B0	0xB4D8      	BTFSC       STATUS, 2, 0
;__Lib_MathDouble.c,2578 :: 		
0x01B2	0xF000EFE0  	GOTO        COMPARE_C1
;__Lib_MathDouble.c,2579 :: 		
0x01B6	0xA0D8      	BTFSS       STATUS, 0, 0
;__Lib_MathDouble.c,2580 :: 		
0x01B8	0xF000EFFC  	GOTO        GT_FALSE
;__Lib_MathDouble.c,2581 :: 		
0x01BC	0xF001EF02  	GOTO        GT_TRUE
;__Lib_MathDouble.c,2582 :: 		
COMPARE_C1:
;__Lib_MathDouble.c,2583 :: 		
0x01C0	0x5006      	MOVF        R6, 0, 0
;__Lib_MathDouble.c,2584 :: 		
0x01C2	0x5C02      	SUBWF       R2, 0, 0
;__Lib_MathDouble.c,2585 :: 		
0x01C4	0xB4D8      	BTFSC       STATUS, 2, 0
;__Lib_MathDouble.c,2586 :: 		
0x01C6	0xF000EFEA  	GOTO        COMPARE_C2
;__Lib_MathDouble.c,2587 :: 		
0x01CA	0xA0D8      	BTFSS       STATUS, 0, 0
;__Lib_MathDouble.c,2588 :: 		
0x01CC	0xF000EFFC  	GOTO        GT_FALSE
;__Lib_MathDouble.c,2589 :: 		
0x01D0	0xF001EF02  	GOTO        GT_TRUE
;__Lib_MathDouble.c,2590 :: 		
COMPARE_C2:
;__Lib_MathDouble.c,2591 :: 		
0x01D4	0x5005      	MOVF        R5, 0, 0
;__Lib_MathDouble.c,2592 :: 		
0x01D6	0x5C01      	SUBWF       R1, 0, 0
;__Lib_MathDouble.c,2593 :: 		
0x01D8	0xB4D8      	BTFSC       STATUS, 2, 0
;__Lib_MathDouble.c,2594 :: 		
0x01DA	0xF000EFF4  	GOTO        COMPARE_C3
;__Lib_MathDouble.c,2595 :: 		
0x01DE	0xA0D8      	BTFSS       STATUS, 0, 0
;__Lib_MathDouble.c,2596 :: 		
0x01E0	0xF000EFFC  	GOTO        GT_FALSE
;__Lib_MathDouble.c,2597 :: 		
0x01E4	0xF001EF02  	GOTO        GT_TRUE
;__Lib_MathDouble.c,2598 :: 		
COMPARE_C3:
;__Lib_MathDouble.c,2599 :: 		
0x01E8	0x5004      	MOVF        R4, 0, 0
;__Lib_MathDouble.c,2600 :: 		
0x01EA	0x5C00      	SUBWF       R0, 0, 0
;__Lib_MathDouble.c,2601 :: 		
0x01EC	0xB4D8      	BTFSC       STATUS, 2, 0
;__Lib_MathDouble.c,2602 :: 		
0x01EE	0xF001EF0C  	GOTO        COMPARE_EQU
;__Lib_MathDouble.c,2603 :: 		
0x01F2	0xB0D8      	BTFSC       STATUS, 0, 0
;__Lib_MathDouble.c,2604 :: 		
0x01F4	0xF001EF02  	GOTO        GT_TRUE
;__Lib_MathDouble.c,2606 :: 		
GT_FALSE:
;__Lib_MathDouble.c,2607 :: 		
0x01F8	0x520A      	MOVF        R10, 1, 0
;__Lib_MathDouble.c,2608 :: 		
0x01FA	0xB4D8      	BTFSC       STATUS, 2, 0
;__Lib_MathDouble.c,2609 :: 		
0x01FC	0xF001EF0A  	GOTO        COMPARE_LT
;__Lib_MathDouble.c,2610 :: 		
0x0200	0xF001EF08  	GOTO        COMPARE_GT
;__Lib_MathDouble.c,2611 :: 		
GT_TRUE:
;__Lib_MathDouble.c,2612 :: 		
0x0204	0x520A      	MOVF        R10, 1, 0
;__Lib_MathDouble.c,2613 :: 		
0x0206	0xB4D8      	BTFSC       STATUS, 2, 0
;__Lib_MathDouble.c,2614 :: 		
0x0208	0xF001EF08  	GOTO        COMPARE_GT
;__Lib_MathDouble.c,2615 :: 		
0x020C	0xF001EF0A  	GOTO        COMPARE_LT
;__Lib_MathDouble.c,2617 :: 		
COMPARE_GT:
;__Lib_MathDouble.c,2620 :: 		
0x0210	0x80D8      	BSF         STATUS, 0, 0
;__Lib_MathDouble.c,2621 :: 		
0x0212	0x0012      	RETURN      0
;__Lib_MathDouble.c,2622 :: 		
COMPARE_LT:
;__Lib_MathDouble.c,2625 :: 		
0x0214	0x90D8      	BCF         STATUS, 0, 0
;__Lib_MathDouble.c,2626 :: 		
0x0216	0x0012      	RETURN      0
;__Lib_MathDouble.c,2627 :: 		
COMPARE_EQU:
;__Lib_MathDouble.c,2630 :: 		
0x0218	0x80D8      	BSF         STATUS, 0, 0
;__Lib_MathDouble.c,2631 :: 		
0x021A	0x84D8      	BSF         STATUS, 2, 0
;__Lib_MathDouble.c,2632 :: 		
0x021C	0x0012      	RETURN      0
;__Lib_MathDouble.c,2634 :: 		
L_end_Compare_Double:
0x021E	0x0012      	RETURN      0
; end of _Compare_Double
_Lcd_Chr_CP:
;__Lib_Lcd.c,50 :: 		
;__Lib_Lcd.c,52 :: 		
0x0220	0x902C      	BCF         __Lib_Lcd_cmd_status, BitPos(__Lib_Lcd_cmd_status+0) 
;__Lib_Lcd.c,53 :: 		
0x0222	0xF04DC049  	MOVFF       FARG_Lcd_Chr_CP_out_char, FARG_Lcd_Cmd_out_char
0x0226	0xDF24      	RCALL       _Lcd_Cmd
;__Lib_Lcd.c,54 :: 		
0x0228	0x802C      	BSF         __Lib_Lcd_cmd_status, BitPos(__Lib_Lcd_cmd_status+0) 
;__Lib_Lcd.c,55 :: 		
L_end_Lcd_Chr_CP:
0x022A	0x0012      	RETURN      0
; end of _Lcd_Chr_CP
_Div_8X8_S:
;__Lib_Math.c,326 :: 		
;__Lib_Math.c,335 :: 		
0x022C	0x6A0D      	CLRF        R13, 0
;__Lib_Math.c,336 :: 		
0x022E	0x6A08      	CLRF        R8, 0
;__Lib_Math.c,337 :: 		
0x0230	0x5000      	MOVF        R0, 0, 0
;__Lib_Math.c,338 :: 		
0x0232	0xB4D8      	BTFSC       STATUS, 2, 0
;__Lib_Math.c,339 :: 		
0x0234	0x0C00      	RETLW       0
;__Lib_Math.c,340 :: 		
0x0236	0x1804      	XORWF       R4, 0, 0
;__Lib_Math.c,341 :: 		
0x0238	0x6E0A      	MOVWF       R10, 0
;__Lib_Math.c,342 :: 		
0x023A	0xBE0A      	BTFSC       R10, 7, 0
;__Lib_Math.c,343 :: 		
0x023C	0x1E0D      	COMF        R13, 1, 0
;__Lib_Math.c,344 :: 		
0x023E	0x6A0B      	CLRF        R11, 0
;__Lib_Math.c,345 :: 		
0x0240	0xAE04      	BTFSS       R4, 7, 0
;__Lib_Math.c,346 :: 		
0x0242	0xD002      	BRA         $+6
;__Lib_Math.c,347 :: 		
0x0244	0x1E04      	COMF        R4, 1, 0
;__Lib_Math.c,348 :: 		
0x0246	0x2A04      	INCF        R4, 1, 0
;__Lib_Math.c,349 :: 		
0x0248	0xAE00      	BTFSS       R0, 7, 0
;__Lib_Math.c,350 :: 		
0x024A	0xD002      	BRA         $+6
;__Lib_Math.c,351 :: 		
0x024C	0x1E00      	COMF        R0, 1, 0
;__Lib_Math.c,352 :: 		
0x024E	0x2A00      	INCF        R0, 1, 0
;__Lib_Math.c,353 :: 		
0x0250	0x5000      	MOVF        R0, 0, 0
;__Lib_Math.c,354 :: 		
0x0252	0x1004      	IORWF       R4, 0, 0
;__Lib_Math.c,355 :: 		
0x0254	0x6E0A      	MOVWF       R10, 0
;__Lib_Math.c,356 :: 		
0x0256	0xBE0A      	BTFSC       R10, 7, 0
;__Lib_Math.c,357 :: 		
0x0258	0xD01F      	BRA         $+64
;__Lib_Math.c,358 :: 		
0x025A	0x5004      	MOVF        R4, 0, 0
;__Lib_Math.c,359 :: 		
0x025C	0x5E08      	SUBWF       R8, 1, 0
;__Lib_Math.c,360 :: 		
0x025E	0x3600      	RLCF        R0, 1, 0
;__Lib_Math.c,361 :: 		
0x0260	0x3400      	RLCF        R0, 0, 0
;__Lib_Math.c,362 :: 		
0x0262	0x3608      	RLCF        R8, 1, 0
;__Lib_Math.c,363 :: 		
0x0264	0x5004      	MOVF        R4, 0, 0
;__Lib_Math.c,364 :: 		
0x0266	0x2608      	ADDWF       R8, 1, 0
;__Lib_Math.c,365 :: 		
0x0268	0x3600      	RLCF        R0, 1, 0
;__Lib_Math.c,366 :: 		
0x026A	0x0E06      	MOVLW       6
;__Lib_Math.c,367 :: 		
0x026C	0x6E0C      	MOVWF       R12, 0
;__Lib_Math.c,368 :: 		
0x026E	0x3400      	RLCF        R0, 0, 0
;__Lib_Math.c,369 :: 		
0x0270	0x3608      	RLCF        R8, 1, 0
;__Lib_Math.c,370 :: 		
0x0272	0x5004      	MOVF        R4, 0, 0
;__Lib_Math.c,371 :: 		
0x0274	0xB000      	BTFSC       R0, 0, 0
;__Lib_Math.c,372 :: 		
0x0276	0x5E08      	SUBWF       R8, 1, 0
;__Lib_Math.c,373 :: 		
0x0278	0xA000      	BTFSS       R0, 0, 0
;__Lib_Math.c,374 :: 		
0x027A	0x2608      	ADDWF       R8, 1, 0
;__Lib_Math.c,375 :: 		
0x027C	0x3600      	RLCF        R0, 1, 0
;__Lib_Math.c,376 :: 		
0x027E	0x2E0C      	DECFSZ      R12, 1, 0
;__Lib_Math.c,377 :: 		
0x0280	0xD7F6      	BRA         $-18
;__Lib_Math.c,378 :: 		
0x0282	0xA000      	BTFSS       R0, 0, 0
;__Lib_Math.c,379 :: 		
0x0284	0x2608      	ADDWF       R8, 1, 0
;__Lib_Math.c,380 :: 		
0x0286	0xB00B      	BTFSC       R11, 0, 0
;__Lib_Math.c,381 :: 		
0x0288	0xD015      	BRA         $+44
;__Lib_Math.c,382 :: 		
0x028A	0xAE0D      	BTFSS       R13, 7, 0
;__Lib_Math.c,383 :: 		
0x028C	0x0C00      	RETLW       0
;__Lib_Math.c,384 :: 		
0x028E	0x1E00      	COMF        R0, 1, 0
;__Lib_Math.c,385 :: 		
0x0290	0x2A00      	INCF        R0, 1, 0
;__Lib_Math.c,386 :: 		
0x0292	0x1E08      	COMF        R8, 1, 0
;__Lib_Math.c,387 :: 		
0x0294	0x2A08      	INCF        R8, 1, 0
;__Lib_Math.c,388 :: 		
0x0296	0x0C00      	RETLW       0
;__Lib_Math.c,389 :: 		
0x0298	0xAE04      	BTFSS       R4, 7, 0
;__Lib_Math.c,390 :: 		
0x029A	0xD009      	BRA         $+20
;__Lib_Math.c,391 :: 		
0x029C	0xBE00      	BTFSC       R0, 7, 0
;__Lib_Math.c,392 :: 		
0x029E	0xD004      	BRA         $+10
;__Lib_Math.c,393 :: 		
0x02A0	0x5000      	MOVF        R0, 0, 0
;__Lib_Math.c,394 :: 		
0x02A2	0x6E08      	MOVWF       R8, 0
;__Lib_Math.c,395 :: 		
0x02A4	0x6A00      	CLRF        R0, 0
;__Lib_Math.c,396 :: 		
0x02A6	0xD7F1      	BRA         $-28
;__Lib_Math.c,397 :: 		
0x02A8	0x6A00      	CLRF        R0, 0
;__Lib_Math.c,398 :: 		
0x02AA	0x2A00      	INCF        R0, 1, 0
;__Lib_Math.c,399 :: 		
0x02AC	0x0C00      	RETLW       0
;__Lib_Math.c,400 :: 		
0x02AE	0x1E00      	COMF        R0, 1, 0
;__Lib_Math.c,401 :: 		
0x02B0	0x2A0B      	INCF        R11, 1, 0
;__Lib_Math.c,402 :: 		
0x02B2	0xD7D3      	BRA         $-88
;__Lib_Math.c,403 :: 		
0x02B4	0x2A08      	INCF        R8, 1, 0
;__Lib_Math.c,404 :: 		
0x02B6	0x5004      	MOVF        R4, 0, 0
;__Lib_Math.c,405 :: 		
0x02B8	0x5C08      	SUBWF       R8, 0, 0
;__Lib_Math.c,406 :: 		
0x02BA	0xA4D8      	BTFSS       STATUS, 2, 0
;__Lib_Math.c,407 :: 		
0x02BC	0xD7E6      	BRA         $-50
;__Lib_Math.c,408 :: 		
0x02BE	0x6A08      	CLRF        R8, 0
;__Lib_Math.c,409 :: 		
0x02C0	0x2A00      	INCF        R0, 1, 0
;__Lib_Math.c,410 :: 		
0x02C2	0xAE00      	BTFSS       R0, 7, 0
;__Lib_Math.c,411 :: 		
0x02C4	0xD7E2      	BRA         $-58
;__Lib_Math.c,412 :: 		
0x02C6	0x0CFF      	RETLW       255
;__Lib_Math.c,414 :: 		
L_end_Div_8X8_S:
0x02C8	0x0012      	RETURN      0
; end of _Div_8X8_S
_Mul_32x32_FP:
;__Lib_MathDouble.c,1130 :: 		
;__Lib_MathDouble.c,1148 :: 		
0x02CA	0x6A08      	CLRF        R8, 0
;__Lib_MathDouble.c,1149 :: 		
0x02CC	0x6A09      	CLRF        R9, 0
;__Lib_MathDouble.c,1151 :: 		
0x02CE	0x0E00      	MOVLW       0
;__Lib_MathDouble.c,1152 :: 		
0x02D0	0x6207      	CPFSEQ      R7, 0
;__Lib_MathDouble.c,1153 :: 		
0x02D2	0x6403      	CPFSGT      R3, 0
;__Lib_MathDouble.c,1154 :: 		
0x02D4	0xF001EFEA  	GOTO        MULJPRES032
;__Lib_MathDouble.c,1157 :: 		
0x02D8	0x5002      	MOVF        R2, 0, 0
;__Lib_MathDouble.c,1158 :: 		
0x02DA	0x1806      	XORWF       R6, 0, 0
;__Lib_MathDouble.c,1159 :: 		
0x02DC	0x6E0A      	MOVWF       R10, 0
;__Lib_MathDouble.c,1161 :: 		
0x02DE	0x5007      	MOVF        R7, 0, 0
;__Lib_MathDouble.c,1162 :: 		
0x02E0	0x2603      	ADDWF       R3, 1, 0
;__Lib_MathDouble.c,1163 :: 		
0x02E2	0x0E7E      	MOVLW       126
;__Lib_MathDouble.c,1164 :: 		
0x02E4	0xA0D8      	BTFSS       STATUS, 0, 0
;__Lib_MathDouble.c,1165 :: 		
0x02E6	0xF001EF7B  	GOTO        MTUN32
;__Lib_MathDouble.c,1167 :: 		
0x02EA	0x5E03      	SUBWF       R3, 1, 0
;__Lib_MathDouble.c,1168 :: 		
0x02EC	0xB0D8      	BTFSC       STATUS, 0, 0
;__Lib_MathDouble.c,1169 :: 		
0x02EE	0xF001EFEE  	GOTO        MULJPSETFOV32
;__Lib_MathDouble.c,1170 :: 		
0x02F2	0xF001EF7F  	GOTO        MOK32
;__Lib_MathDouble.c,1172 :: 		
MTUN32:
;__Lib_MathDouble.c,1173 :: 		
0x02F6	0x5E03      	SUBWF       R3, 1, 0
;__Lib_MathDouble.c,1174 :: 		
0x02F8	0xA0D8      	BTFSS       STATUS, 0, 0
;__Lib_MathDouble.c,1175 :: 		
0x02FA	0xF001EFF2  	GOTO        MULJPSETFUN32
;__Lib_MathDouble.c,1177 :: 		
MOK32:
;__Lib_MathDouble.c,1178 :: 		
0x02FE	0x8E02      	BSF         R2, 7, 0
;__Lib_MathDouble.c,1179 :: 		
0x0300	0x8E06      	BSF         R6, 7, 0
;__Lib_MathDouble.c,1181 :: 		
0x0302	0xF00EC002  	MOVFF       R2, R14
;__Lib_MathDouble.c,1182 :: 		
0x0306	0xF00BC001  	MOVFF       R1, R11
;__Lib_MathDouble.c,1183 :: 		
0x030A	0xF00DC000  	MOVFF       R0, R13
;__Lib_MathDouble.c,1185 :: 		
0x030E	0x5000      	MOVF        R0, 0, 0
;__Lib_MathDouble.c,1186 :: 		
0x0310	0x0204      	MULWF       R4, 0
;__Lib_MathDouble.c,1187 :: 		
0x0312	0xF00CCFF4  	MOVFF       PRODH, R12
;__Lib_MathDouble.c,1189 :: 		
0x0316	0x5001      	MOVF        R1, 0, 0
;__Lib_MathDouble.c,1190 :: 		
0x0318	0x0205      	MULWF       R5, 0
;__Lib_MathDouble.c,1191 :: 		
0x031A	0xF000CFF4  	MOVFF       PRODH, R0
;__Lib_MathDouble.c,1192 :: 		
0x031E	0xF008CFF3  	MOVFF       PRODL, R8
;__Lib_MathDouble.c,1194 :: 		
0x0322	0x0204      	MULWF       R4, 0
;__Lib_MathDouble.c,1195 :: 		
0x0324	0x50F3      	MOVF        PRODL, 0, 0
;__Lib_MathDouble.c,1196 :: 		
0x0326	0x260C      	ADDWF       R12, 1, 0
;__Lib_MathDouble.c,1197 :: 		
0x0328	0x50F4      	MOVF        PRODH, 0, 0
;__Lib_MathDouble.c,1198 :: 		
0x032A	0x2208      	ADDWFC      R8, 1, 0
;__Lib_MathDouble.c,1199 :: 		
0x032C	0x0E00      	MOVLW       0
;__Lib_MathDouble.c,1200 :: 		
0x032E	0x2200      	ADDWFC      R0, 1, 0
;__Lib_MathDouble.c,1202 :: 		
0x0330	0x500D      	MOVF        R13, 0, 0
;__Lib_MathDouble.c,1203 :: 		
0x0332	0x0205      	MULWF       R5, 0
;__Lib_MathDouble.c,1204 :: 		
0x0334	0x50F3      	MOVF        PRODL, 0, 0
;__Lib_MathDouble.c,1205 :: 		
0x0336	0x260C      	ADDWF       R12, 1, 0
;__Lib_MathDouble.c,1206 :: 		
0x0338	0x50F4      	MOVF        PRODH, 0, 0
;__Lib_MathDouble.c,1207 :: 		
0x033A	0x2208      	ADDWFC      R8, 1, 0
;__Lib_MathDouble.c,1208 :: 		
0x033C	0x0E00      	MOVLW       0
;__Lib_MathDouble.c,1209 :: 		
0x033E	0x2200      	ADDWFC      R0, 1, 0
;__Lib_MathDouble.c,1211 :: 		
0x0340	0x5002      	MOVF        R2, 0, 0
;__Lib_MathDouble.c,1212 :: 		
0x0342	0x0204      	MULWF       R4, 0
;__Lib_MathDouble.c,1213 :: 		
0x0344	0x50F3      	MOVF        PRODL, 0, 0
;__Lib_MathDouble.c,1214 :: 		
0x0346	0x2608      	ADDWF       R8, 1, 0
;__Lib_MathDouble.c,1215 :: 		
0x0348	0x50F4      	MOVF        PRODH, 0, 0
;__Lib_MathDouble.c,1216 :: 		
0x034A	0x2200      	ADDWFC      R0, 1, 0
;__Lib_MathDouble.c,1217 :: 		
0x034C	0x5002      	MOVF        R2, 0, 0
;__Lib_MathDouble.c,1218 :: 		
0x034E	0x0205      	MULWF       R5, 0
;__Lib_MathDouble.c,1219 :: 		
0x0350	0x6A01      	CLRF        R1, 0
;__Lib_MathDouble.c,1220 :: 		
0x0352	0x0E00      	MOVLW       0
;__Lib_MathDouble.c,1221 :: 		
0x0354	0x2201      	ADDWFC      R1, 1, 0
;__Lib_MathDouble.c,1222 :: 		
0x0356	0x50F3      	MOVF        PRODL, 0, 0
;__Lib_MathDouble.c,1223 :: 		
0x0358	0x2600      	ADDWF       R0, 1, 0
;__Lib_MathDouble.c,1224 :: 		
0x035A	0x50F4      	MOVF        PRODH, 0, 0
;__Lib_MathDouble.c,1225 :: 		
0x035C	0x2201      	ADDWFC      R1, 1, 0
;__Lib_MathDouble.c,1227 :: 		
0x035E	0x500D      	MOVF        R13, 0, 0
;__Lib_MathDouble.c,1228 :: 		
0x0360	0x0206      	MULWF       R6, 0
;__Lib_MathDouble.c,1229 :: 		
0x0362	0x50F3      	MOVF        PRODL, 0, 0
;__Lib_MathDouble.c,1230 :: 		
0x0364	0x2608      	ADDWF       R8, 1, 0
;__Lib_MathDouble.c,1231 :: 		
0x0366	0x50F4      	MOVF        PRODH, 0, 0
;__Lib_MathDouble.c,1232 :: 		
0x0368	0x2200      	ADDWFC      R0, 1, 0
;__Lib_MathDouble.c,1233 :: 		
0x036A	0x6A02      	CLRF        R2, 0
;__Lib_MathDouble.c,1234 :: 		
0x036C	0x0E00      	MOVLW       0
;__Lib_MathDouble.c,1235 :: 		
0x036E	0x2201      	ADDWFC      R1, 1, 0
;__Lib_MathDouble.c,1236 :: 		
0x0370	0x2202      	ADDWFC      R2, 1, 0
;__Lib_MathDouble.c,1238 :: 		
0x0372	0x500B      	MOVF        R11, 0, 0
;__Lib_MathDouble.c,1239 :: 		
0x0374	0x0206      	MULWF       R6, 0
;__Lib_MathDouble.c,1240 :: 		
0x0376	0x50F3      	MOVF        PRODL, 0, 0
;__Lib_MathDouble.c,1241 :: 		
0x0378	0x2600      	ADDWF       R0, 1, 0
;__Lib_MathDouble.c,1242 :: 		
0x037A	0x50F4      	MOVF        PRODH, 0, 0
;__Lib_MathDouble.c,1243 :: 		
0x037C	0x2201      	ADDWFC      R1, 1, 0
;__Lib_MathDouble.c,1244 :: 		
0x037E	0x0E00      	MOVLW       0
;__Lib_MathDouble.c,1245 :: 		
0x0380	0x2202      	ADDWFC      R2, 1, 0
;__Lib_MathDouble.c,1247 :: 		
0x0382	0x500E      	MOVF        R14, 0, 0
;__Lib_MathDouble.c,1248 :: 		
0x0384	0x0206      	MULWF       R6, 0
;__Lib_MathDouble.c,1249 :: 		
0x0386	0x50F3      	MOVF        PRODL, 0, 0
;__Lib_MathDouble.c,1250 :: 		
0x0388	0x2601      	ADDWF       R1, 1, 0
;__Lib_MathDouble.c,1251 :: 		
0x038A	0x50F4      	MOVF        PRODH, 0, 0
;__Lib_MathDouble.c,1252 :: 		
0x038C	0x2202      	ADDWFC      R2, 1, 0
;__Lib_MathDouble.c,1254 :: 		
0x038E	0xBE02      	BTFSC       R2, 7, 0
;__Lib_MathDouble.c,1255 :: 		
0x0390	0xF001EFD2  	GOTO        MROUND32
;__Lib_MathDouble.c,1256 :: 		
0x0394	0x3608      	RLCF        R8, 1, 0
;__Lib_MathDouble.c,1257 :: 		
0x0396	0x3600      	RLCF        R0, 1, 0
;__Lib_MathDouble.c,1258 :: 		
0x0398	0x3601      	RLCF        R1, 1, 0
;__Lib_MathDouble.c,1259 :: 		
0x039A	0x3602      	RLCF        R2, 1, 0
;__Lib_MathDouble.c,1260 :: 		
0x039C	0x0603      	DECF        R3, 1, 0
;__Lib_MathDouble.c,1261 :: 		
0x039E	0xB4D8      	BTFSC       STATUS, 2, 0
;__Lib_MathDouble.c,1262 :: 		
0x03A0	0xF001EFF2  	GOTO        MULJPSETFUN32
;__Lib_MathDouble.c,1264 :: 		
MROUND32:
;__Lib_MathDouble.c,1267 :: 		
0x03A4	0xF001EFE5  	GOTO        MUL32OK
;__Lib_MathDouble.c,1268 :: 		
0x03A8	0x80D8      	BSF         STATUS, 0, 0
;__Lib_MathDouble.c,1269 :: 		
0x03AA	0x0E80      	MOVLW       128
;__Lib_MathDouble.c,1270 :: 		
0x03AC	0x6408      	CPFSGT      R8, 0
;__Lib_MathDouble.c,1271 :: 		
0x03AE	0x3000      	RRCF        R0, 0, 0
;__Lib_MathDouble.c,1272 :: 		
0x03B0	0x0E00      	MOVLW       0
;__Lib_MathDouble.c,1273 :: 		
0x03B2	0x2200      	ADDWFC      R0, 1, 0
;__Lib_MathDouble.c,1274 :: 		
0x03B4	0x2201      	ADDWFC      R1, 1, 0
;__Lib_MathDouble.c,1275 :: 		
0x03B6	0x2202      	ADDWFC      R2, 1, 0
;__Lib_MathDouble.c,1277 :: 		
0x03B8	0xA0D8      	BTFSS       STATUS, 0, 0
;__Lib_MathDouble.c,1278 :: 		
0x03BA	0xF001EFE5  	GOTO        MUL32OK
;__Lib_MathDouble.c,1279 :: 		
0x03BE	0x3202      	RRCF        R2, 1, 0
;__Lib_MathDouble.c,1280 :: 		
0x03C0	0x3201      	RRCF        R1, 1, 0
;__Lib_MathDouble.c,1281 :: 		
0x03C2	0x3200      	RRCF        R0, 1, 0
;__Lib_MathDouble.c,1282 :: 		
0x03C4	0x4A03      	INFSNZ      R3, 1, 0
;__Lib_MathDouble.c,1283 :: 		
0x03C6	0xF001EFEE  	GOTO        MULJPSETFOV32
;__Lib_MathDouble.c,1285 :: 		
MUL32OK:
;__Lib_MathDouble.c,1286 :: 		
0x03CA	0xAE0A      	BTFSS       R10, 7, 0
;__Lib_MathDouble.c,1287 :: 		
0x03CC	0x9E02      	BCF         R2, 7, 0
;__Lib_MathDouble.c,1289 :: 		
0x03CE	0x0E00      	MOVLW       0
;__Lib_MathDouble.c,1290 :: 		
0x03D0	0xF001EFF4  	GOTO        MULEEE
;__Lib_MathDouble.c,1291 :: 		
MULJPRES032:
;__Lib_MathDouble.c,1292 :: 		
0x03D4	0x0E01      	MOVLW       1
;__Lib_MathDouble.c,1295 :: 		
0x03D6	0xDE35      	RCALL       _RES032
;__Lib_MathDouble.c,1297 :: 		
0x03D8	0xF001EFF4  	GOTO        MULEEE
;__Lib_MathDouble.c,1298 :: 		
MULJPSETFOV32:
;__Lib_MathDouble.c,1299 :: 		
0x03DC	0x0E02      	MOVLW       2
;__Lib_MathDouble.c,1302 :: 		
0x03DE	0xDE38      	RCALL       _SETFOV32
;__Lib_MathDouble.c,1304 :: 		
0x03E0	0xF001EFF4  	GOTO        MULEEE
;__Lib_MathDouble.c,1305 :: 		
MULJPSETFUN32:
;__Lib_MathDouble.c,1306 :: 		
0x03E4	0x0E04      	MOVLW       4
;__Lib_MathDouble.c,1309 :: 		
0x03E6	0xDE82      	RCALL       _SETFUN32
;__Lib_MathDouble.c,1311 :: 		
MULEEE:
;__Lib_MathDouble.c,1318 :: 		
L_end_Mul_32x32_FP:
0x03E8	0x0012      	RETURN      0
; end of _Mul_32x32_FP
_NRM3232:
;__Lib_MathDouble.c,455 :: 		
;__Lib_MathDouble.c,463 :: 		
0x03EA	0x6A0C      	CLRF        R12, 0
;__Lib_MathDouble.c,464 :: 		
0x03EC	0x6A0E      	CLRF        R14, 0
;__Lib_MathDouble.c,465 :: 		
0x03EE	0x5002      	MOVF        R2, 0, 0
;__Lib_MathDouble.c,466 :: 		
0x03F0	0xA4D8      	BTFSS       STATUS, 2, 0
;__Lib_MathDouble.c,467 :: 		
0x03F2	0xF002EF0E  	GOTO        NORM3232
;__Lib_MathDouble.c,468 :: 		
0x03F6	0xF002C001  	MOVFF       R1, R2
;__Lib_MathDouble.c,469 :: 		
0x03FA	0xF001C000  	MOVFF       R0, R1
;__Lib_MathDouble.c,470 :: 		
0x03FE	0x6A00      	CLRF        R0, 0
;__Lib_MathDouble.c,471 :: 		
0x0400	0x860E      	BSF         R14, 3, 0
;__Lib_MathDouble.c,473 :: 		
0x0402	0x5002      	MOVF        R2, 0, 0
;__Lib_MathDouble.c,474 :: 		
0x0404	0xA4D8      	BTFSS       STATUS, 2, 0
;__Lib_MathDouble.c,475 :: 		
0x0406	0xF002EF0E  	GOTO        NORM3232
;__Lib_MathDouble.c,476 :: 		
0x040A	0xF002C001  	MOVFF       R1, R2
;__Lib_MathDouble.c,477 :: 		
0x040E	0x6A01      	CLRF        R1, 0
;__Lib_MathDouble.c,478 :: 		
0x0410	0x960E      	BCF         R14, 3, 0
;__Lib_MathDouble.c,479 :: 		
0x0412	0x880E      	BSF         R14, 4, 0
;__Lib_MathDouble.c,481 :: 		
0x0414	0x5002      	MOVF        R2, 0, 0
;__Lib_MathDouble.c,482 :: 		
0x0416	0xB4D8      	BTFSC       STATUS, 2, 0
;__Lib_MathDouble.c,483 :: 		
0x0418	0xF002EF20  	GOTO        JPNRES032
;__Lib_MathDouble.c,484 :: 		
NORM3232:
;__Lib_MathDouble.c,485 :: 		
0x041C	0x500E      	MOVF        R14, 0, 0
;__Lib_MathDouble.c,486 :: 		
0x041E	0x5E03      	SUBWF       R3, 1, 0
;__Lib_MathDouble.c,487 :: 		
0x0420	0xA4D8      	BTFSS       STATUS, 2, 0
;__Lib_MathDouble.c,488 :: 		
0x0422	0xA0D8      	BTFSS       STATUS, 0, 0
;__Lib_MathDouble.c,489 :: 		
0x0424	0xF002EF25  	GOTO        JPNSETFUN32
;__Lib_MathDouble.c,490 :: 		
0x0428	0x90D8      	BCF         STATUS, 0, 0
;__Lib_MathDouble.c,491 :: 		
NORM3232A:
;__Lib_MathDouble.c,492 :: 		
0x042A	0xBE02      	BTFSC       R2, 7, 0
;__Lib_MathDouble.c,493 :: 		
0x042C	0xF002EF2A  	GOTO        JMPNFIXSIGN32
;__Lib_MathDouble.c,494 :: 		
0x0430	0x3600      	RLCF        R0, 1, 0
;__Lib_MathDouble.c,495 :: 		
0x0432	0x3601      	RLCF        R1, 1, 0
;__Lib_MathDouble.c,496 :: 		
0x0434	0x3602      	RLCF        R2, 1, 0
;__Lib_MathDouble.c,497 :: 		
0x0436	0x2E03      	DECFSZ      R3, 1, 0
;__Lib_MathDouble.c,498 :: 		
0x0438	0xF002EF15  	GOTO        NORM3232A
;__Lib_MathDouble.c,499 :: 		
0x043C	0xF002EF25  	GOTO        JPNSETFUN32
;__Lib_MathDouble.c,500 :: 		
JPNRES032:
;__Lib_MathDouble.c,501 :: 		
0x0440	0x0E01      	MOVLW       1
;__Lib_MathDouble.c,502 :: 		
0x0442	0x6E0C      	MOVWF       R12, 0
;__Lib_MathDouble.c,504 :: 		
0x0444	0xDDFE      	RCALL       _RES032
;__Lib_MathDouble.c,506 :: 		
0x0446	0xF002EF2D  	GOTO        NORM32EEE
;__Lib_MathDouble.c,507 :: 		
JPNSETFUN32:
;__Lib_MathDouble.c,508 :: 		
0x044A	0x0E02      	MOVLW       2
;__Lib_MathDouble.c,509 :: 		
0x044C	0x6E0C      	MOVWF       R12, 0
;__Lib_MathDouble.c,511 :: 		
0x044E	0xDE4E      	RCALL       _SETFUN32
;__Lib_MathDouble.c,513 :: 		
0x0450	0xF002EF2D  	GOTO        NORM32EEE
;__Lib_MathDouble.c,514 :: 		
JMPNFIXSIGN32:
;__Lib_MathDouble.c,515 :: 		
0x0454	0x0E04      	MOVLW       4
;__Lib_MathDouble.c,516 :: 		
0x0456	0x6E0C      	MOVWF       R12, 0
;__Lib_MathDouble.c,518 :: 		
0x0458	0xDE07      	RCALL       _FIXSIGN32
;__Lib_MathDouble.c,520 :: 		
NORM32EEE:
;__Lib_MathDouble.c,527 :: 		
L_end_NRM3232:
0x045A	0x0012      	RETURN      0
; end of _NRM3232
_Delay_22us:
;__Lib_Delays.c,15 :: 		void Delay_22us() {
;__Lib_Delays.c,16 :: 		Delay_us(22);
0x045C	0x0E0E      	MOVLW       14
0x045E	0x6E0D      	MOVWF       R13, 0
L_Delay_22us1:
0x0460	0x2E0D      	DECFSZ      R13, 1, 0
0x0462	0xD7FE      	BRA         L_Delay_22us1
0x0464	0x0000      	NOP
;__Lib_Delays.c,17 :: 		}
L_end_Delay_22us:
0x0466	0x0012      	RETURN      0
; end of _Delay_22us
_SETFDZ32:
;__Lib_MathDouble.c,106 :: 		
;__Lib_MathDouble.c,110 :: 		
0x0468	0x6A0B      	CLRF        R11, 0
;__Lib_MathDouble.c,111 :: 		
0x046A	0x860B      	BSF         R11, 3, 0
;__Lib_MathDouble.c,112 :: 		
0x046C	0x0EFF      	MOVLW       255
;__Lib_MathDouble.c,114 :: 		
L_end_SETFDZ32:
0x046E	0x0012      	RETURN      0
; end of _SETFDZ32
___CC2DW:
;__Lib_System.c,21 :: 		
;__Lib_System.c,23 :: 		
_CC2DL_Loop1:
;__Lib_System.c,24 :: 		
0x0470	0x0009      	TBLRD*+
;__Lib_System.c,25 :: 		
0x0472	0xFFE6CFF5  	MOVFF       TABLAT, POSTINC1
;__Lib_System.c,26 :: 		
0x0476	0x0600      	DECF        R0, 1, 0
;__Lib_System.c,27 :: 		
0x0478	0xE1FB      	BNZ         _CC2DL_Loop1
;__Lib_System.c,28 :: 		
0x047A	0x0601      	DECF        R1, 1, 0
;__Lib_System.c,29 :: 		
0x047C	0xE1F9      	BNZ         _CC2DL_Loop1
;__Lib_System.c,31 :: 		
L_end___CC2DW:
0x047E	0x0012      	RETURN      0
; end of ___CC2DW
_ADC_Read:
;__Lib_ADC_A_D.c,51 :: 		
;__Lib_ADC_A_D.c,54 :: 		
0x0480	0x6AC2      	CLRF        ADCON0 
;__Lib_ADC_A_D.c,55 :: 		
0x0482	0x1C15      	COMF        _vref_mask, 0 
0x0484	0x6E00      	MOVWF       R0 
0x0486	0x5000      	MOVF        R0, 0 
0x0488	0x16C1      	ANDWF       ADCON1, 1 
;__Lib_ADC_A_D.c,56 :: 		
0x048A	0x0E07      	MOVLW       7
0x048C	0x12C0      	IORWF       ADCON2, 1 
;__Lib_ADC_A_D.c,57 :: 		
0x048E	0x8EC0      	BSF         ADCON2, 7 
;__Lib_ADC_A_D.c,58 :: 		
0x0490	0xF000C03B  	MOVFF       FARG_ADC_Read_channel, R0
0x0494	0x3600      	RLCF        R0, 1 
0x0496	0x9000      	BCF         R0, 0 
0x0498	0x3600      	RLCF        R0, 1 
0x049A	0x9000      	BCF         R0, 0 
0x049C	0x5000      	MOVF        R0, 0 
0x049E	0x12C2      	IORWF       ADCON0, 1 
;__Lib_ADC_A_D.c,59 :: 		
0x04A0	0x80C2      	BSF         ADCON0, 0 
;__Lib_ADC_A_D.c,60 :: 		
0x04A2	0xDFDC      	RCALL       _Delay_22us
;__Lib_ADC_A_D.c,61 :: 		
0x04A4	0x82C2      	BSF         ADCON0, 1 
;__Lib_ADC_A_D.c,62 :: 		
L_ADC_Read2:
0x04A6	0xA2C2      	BTFSS       ADCON0, 1 
0x04A8	0xD001      	BRA         L_ADC_Read3
;__Lib_ADC_A_D.c,63 :: 		
0x04AA	0xD7FD      	BRA         L_ADC_Read2
L_ADC_Read3:
;__Lib_ADC_A_D.c,64 :: 		
0x04AC	0xF001CFC4  	MOVFF       ADRESH, R1
0x04B0	0x6A00      	CLRF        R0 
;__Lib_ADC_A_D.c,65 :: 		
0x04B2	0x50C3      	MOVF        ADRESL, 0 
0x04B4	0x1200      	IORWF       R0, 1 
0x04B6	0x0E00      	MOVLW       0
0x04B8	0x1201      	IORWF       R1, 1 
;__Lib_ADC_A_D.c,66 :: 		
0x04BA	0x90C2      	BCF         ADCON0, 0 
;__Lib_ADC_A_D.c,68 :: 		
;__Lib_ADC_A_D.c,69 :: 		
L_end_ADC_Read:
0x04BC	0x0012      	RETURN      0
; end of _ADC_Read
_Lcd_Init:
;__Lib_Lcd.c,84 :: 		
;__Lib_Lcd.c,86 :: 		
0x04BE	0x9296      	BCF         LCD_EN_Direction, BitPos(LCD_EN_Direction+0) 
;__Lib_Lcd.c,87 :: 		
0x04C0	0x9496      	BCF         LCD_RS_Direction, BitPos(LCD_RS_Direction+0) 
;__Lib_Lcd.c,88 :: 		
0x04C2	0x9895      	BCF         LCD_D4_Direction, BitPos(LCD_D4_Direction+0) 
;__Lib_Lcd.c,89 :: 		
0x04C4	0x9A95      	BCF         LCD_D5_Direction, BitPos(LCD_D5_Direction+0) 
;__Lib_Lcd.c,90 :: 		
0x04C6	0x9C95      	BCF         LCD_D6_Direction, BitPos(LCD_D6_Direction+0) 
;__Lib_Lcd.c,91 :: 		
0x04C8	0x9E95      	BCF         LCD_D7_Direction, BitPos(LCD_D7_Direction+0) 
;__Lib_Lcd.c,93 :: 		
0x04CA	0x928D      	BCF         LCD_EN, BitPos(LCD_EN+0) 
;__Lib_Lcd.c,94 :: 		
0x04CC	0x948D      	BCF         LCD_RS, BitPos(LCD_RS+0) 
;__Lib_Lcd.c,95 :: 		
0x04CE	0x9E8C      	BCF         LCD_D7, BitPos(LCD_D7+0) 
;__Lib_Lcd.c,96 :: 		
0x04D0	0x9C8C      	BCF         LCD_D6, BitPos(LCD_D6+0) 
;__Lib_Lcd.c,97 :: 		
0x04D2	0x9A8C      	BCF         LCD_D5, BitPos(LCD_D5+0) 
;__Lib_Lcd.c,98 :: 		
0x04D4	0x988C      	BCF         LCD_D4, BitPos(LCD_D4+0) 
;__Lib_Lcd.c,100 :: 		
0x04D6	0xDDA5      	RCALL       _Delay_5500us
;__Lib_Lcd.c,101 :: 		
0x04D8	0xDDA4      	RCALL       _Delay_5500us
;__Lib_Lcd.c,102 :: 		
0x04DA	0xDDA3      	RCALL       _Delay_5500us
;__Lib_Lcd.c,105 :: 		
0x04DC	0x8A8C      	BSF         LCD_D5, BitPos(LCD_D5+0) 
;__Lib_Lcd.c,106 :: 		
0x04DE	0x888C      	BSF         LCD_D4, BitPos(LCD_D4+0) 
;__Lib_Lcd.c,107 :: 		
0x04E0	0x828D      	BSF         LCD_EN, BitPos(LCD_EN+0) 
;__Lib_Lcd.c,108 :: 		
0x04E2	0xDD9C      	RCALL       _Delay_1us
;__Lib_Lcd.c,109 :: 		
0x04E4	0x928D      	BCF         LCD_EN, BitPos(LCD_EN+0) 
;__Lib_Lcd.c,110 :: 		
0x04E6	0xDD9D      	RCALL       _Delay_5500us
;__Lib_Lcd.c,112 :: 		
0x04E8	0x828D      	BSF         LCD_EN, BitPos(LCD_EN+0) 
;__Lib_Lcd.c,113 :: 		
0x04EA	0xDD98      	RCALL       _Delay_1us
;__Lib_Lcd.c,114 :: 		
0x04EC	0x928D      	BCF         LCD_EN, BitPos(LCD_EN+0) 
;__Lib_Lcd.c,115 :: 		
0x04EE	0xDD99      	RCALL       _Delay_5500us
;__Lib_Lcd.c,117 :: 		
0x04F0	0x828D      	BSF         LCD_EN, BitPos(LCD_EN+0) 
;__Lib_Lcd.c,118 :: 		
0x04F2	0xDD94      	RCALL       _Delay_1us
;__Lib_Lcd.c,119 :: 		
0x04F4	0x928D      	BCF         LCD_EN, BitPos(LCD_EN+0) 
;__Lib_Lcd.c,120 :: 		
0x04F6	0xDD95      	RCALL       _Delay_5500us
;__Lib_Lcd.c,123 :: 		
0x04F8	0x988C      	BCF         LCD_D4, BitPos(LCD_D4+0) 
;__Lib_Lcd.c,124 :: 		
0x04FA	0x828D      	BSF         LCD_EN, BitPos(LCD_EN+0) 
;__Lib_Lcd.c,125 :: 		
0x04FC	0xDD8F      	RCALL       _Delay_1us
;__Lib_Lcd.c,126 :: 		
0x04FE	0x928D      	BCF         LCD_EN, BitPos(LCD_EN+0) 
;__Lib_Lcd.c,127 :: 		
0x0500	0xDD90      	RCALL       _Delay_5500us
;__Lib_Lcd.c,130 :: 		
0x0502	0x828D      	BSF         LCD_EN, BitPos(LCD_EN+0) 
;__Lib_Lcd.c,131 :: 		
0x0504	0xDD8B      	RCALL       _Delay_1us
;__Lib_Lcd.c,132 :: 		
0x0506	0x928D      	BCF         LCD_EN, BitPos(LCD_EN+0) 
;__Lib_Lcd.c,134 :: 		
0x0508	0x9A8C      	BCF         LCD_D5, BitPos(LCD_D5+0) 
;__Lib_Lcd.c,135 :: 		
0x050A	0x8E8C      	BSF         LCD_D7, BitPos(LCD_D7+0) 
;__Lib_Lcd.c,136 :: 		
0x050C	0x828D      	BSF         LCD_EN, BitPos(LCD_EN+0) 
;__Lib_Lcd.c,137 :: 		
0x050E	0xDD86      	RCALL       _Delay_1us
;__Lib_Lcd.c,138 :: 		
0x0510	0x928D      	BCF         LCD_EN, BitPos(LCD_EN+0) 
;__Lib_Lcd.c,139 :: 		
0x0512	0xDD87      	RCALL       _Delay_5500us
;__Lib_Lcd.c,142 :: 		
0x0514	0x9E8C      	BCF         LCD_D7, BitPos(LCD_D7+0) 
;__Lib_Lcd.c,143 :: 		
0x0516	0x888C      	BSF         LCD_D4, BitPos(LCD_D4+0) 
;__Lib_Lcd.c,144 :: 		
0x0518	0x828D      	BSF         LCD_EN, BitPos(LCD_EN+0) 
;__Lib_Lcd.c,145 :: 		
0x051A	0xDD80      	RCALL       _Delay_1us
;__Lib_Lcd.c,146 :: 		
0x051C	0x928D      	BCF         LCD_EN, BitPos(LCD_EN+0) 
;__Lib_Lcd.c,148 :: 		
0x051E	0x988C      	BCF         LCD_D4, BitPos(LCD_D4+0) 
;__Lib_Lcd.c,149 :: 		
0x0520	0x828D      	BSF         LCD_EN, BitPos(LCD_EN+0) 
;__Lib_Lcd.c,150 :: 		
0x0522	0xDD7C      	RCALL       _Delay_1us
;__Lib_Lcd.c,151 :: 		
0x0524	0x928D      	BCF         LCD_EN, BitPos(LCD_EN+0) 
;__Lib_Lcd.c,152 :: 		
0x0526	0xDD7D      	RCALL       _Delay_5500us
;__Lib_Lcd.c,155 :: 		
0x0528	0x828D      	BSF         LCD_EN, BitPos(LCD_EN+0) 
;__Lib_Lcd.c,156 :: 		
0x052A	0xDD78      	RCALL       _Delay_1us
;__Lib_Lcd.c,157 :: 		
0x052C	0x928D      	BCF         LCD_EN, BitPos(LCD_EN+0) 
;__Lib_Lcd.c,159 :: 		
0x052E	0x888C      	BSF         LCD_D4, BitPos(LCD_D4+0) 
;__Lib_Lcd.c,160 :: 		
0x0530	0x828D      	BSF         LCD_EN, BitPos(LCD_EN+0) 
;__Lib_Lcd.c,161 :: 		
0x0532	0xDD74      	RCALL       _Delay_1us
;__Lib_Lcd.c,162 :: 		
0x0534	0x928D      	BCF         LCD_EN, BitPos(LCD_EN+0) 
;__Lib_Lcd.c,163 :: 		
0x0536	0xDD75      	RCALL       _Delay_5500us
;__Lib_Lcd.c,166 :: 		
0x0538	0x988C      	BCF         LCD_D4, BitPos(LCD_D4+0) 
;__Lib_Lcd.c,167 :: 		
0x053A	0x828D      	BSF         LCD_EN, BitPos(LCD_EN+0) 
;__Lib_Lcd.c,168 :: 		
0x053C	0xDD6F      	RCALL       _Delay_1us
;__Lib_Lcd.c,169 :: 		
0x053E	0x928D      	BCF         LCD_EN, BitPos(LCD_EN+0) 
;__Lib_Lcd.c,171 :: 		
0x0540	0x8E8C      	BSF         LCD_D7, BitPos(LCD_D7+0) 
;__Lib_Lcd.c,172 :: 		
0x0542	0x8C8C      	BSF         LCD_D6, BitPos(LCD_D6+0) 
;__Lib_Lcd.c,173 :: 		
0x0544	0x8A8C      	BSF         LCD_D5, BitPos(LCD_D5+0) 
;__Lib_Lcd.c,174 :: 		
0x0546	0x888C      	BSF         LCD_D4, BitPos(LCD_D4+0) 
;__Lib_Lcd.c,175 :: 		
0x0548	0x828D      	BSF         LCD_EN, BitPos(LCD_EN+0) 
;__Lib_Lcd.c,176 :: 		
0x054A	0xDD68      	RCALL       _Delay_1us
;__Lib_Lcd.c,177 :: 		
0x054C	0x928D      	BCF         LCD_EN, BitPos(LCD_EN+0) 
;__Lib_Lcd.c,179 :: 		
0x054E	0xDD69      	RCALL       _Delay_5500us
;__Lib_Lcd.c,181 :: 		
0x0550	0x802C      	BSF         __Lib_Lcd_cmd_status, BitPos(__Lib_Lcd_cmd_status+0) 
;__Lib_Lcd.c,182 :: 		
L_end_Lcd_Init:
0x0552	0x0012      	RETURN      0
; end of _Lcd_Init
_Div_32x32_FP:
;__Lib_MathDouble.c,1325 :: 		
;__Lib_MathDouble.c,1339 :: 		
0x0554	0x5004      	MOVF        R4, 0 
0x0556	0x0A00      	XORLW       0
0x0558	0xE112      	BNZ         L_Div_32x32_FP11
;__Lib_MathDouble.c,1340 :: 		
0x055A	0x5005      	MOVF        R5, 0 
0x055C	0x0A00      	XORLW       0
0x055E	0xE10F      	BNZ         L_Div_32x32_FP12
;__Lib_MathDouble.c,1341 :: 		
0x0560	0x5006      	MOVF        R6, 0 
0x0562	0x0A00      	XORLW       0
0x0564	0xE10C      	BNZ         L_Div_32x32_FP13
;__Lib_MathDouble.c,1342 :: 		
0x0566	0x5007      	MOVF        R7, 0 
0x0568	0x0A00      	XORLW       0
0x056A	0xE109      	BNZ         L_Div_32x32_FP14
;__Lib_MathDouble.c,1343 :: 		
0x056C	0x0EFF      	MOVLW       255
0x056E	0x6E00      	MOVWF       R0 
;__Lib_MathDouble.c,1344 :: 		
0x0570	0x0EFF      	MOVLW       255
0x0572	0x6E01      	MOVWF       R1 
;__Lib_MathDouble.c,1345 :: 		
0x0574	0x0E7F      	MOVLW       127
0x0576	0x6E02      	MOVWF       R2 
;__Lib_MathDouble.c,1346 :: 		
0x0578	0x0EFF      	MOVLW       255
0x057A	0x6E03      	MOVWF       R3 
;__Lib_MathDouble.c,1347 :: 		
0x057C	0xD0A4      	BRA         L_end_Div_32x32_FP
;__Lib_MathDouble.c,1348 :: 		
L_Div_32x32_FP14:
L_Div_32x32_FP13:
L_Div_32x32_FP12:
L_Div_32x32_FP11:
;__Lib_MathDouble.c,1353 :: 		
0x057E	0x6A08      	CLRF        R8, 0
;__Lib_MathDouble.c,1354 :: 		
0x0580	0x6A09      	CLRF        R9, 0
;__Lib_MathDouble.c,1356 :: 		
0x0582	0x5007      	MOVF        R7, 0, 0
;__Lib_MathDouble.c,1357 :: 		
0x0584	0xB4D8      	BTFSC       STATUS, 2, 0
;__Lib_MathDouble.c,1358 :: 		
0x0586	0xF003EF55  	GOTO        JPDSETFDZ32
;__Lib_MathDouble.c,1360 :: 		
0x058A	0x5003      	MOVF        R3, 0, 0
;__Lib_MathDouble.c,1361 :: 		
0x058C	0xB4D8      	BTFSC       STATUS, 2, 0
;__Lib_MathDouble.c,1362 :: 		
0x058E	0xF003EF59  	GOTO        JPDRES032
;__Lib_MathDouble.c,1364 :: 		
0x0592	0x5002      	MOVF        R2, 0, 0
;__Lib_MathDouble.c,1365 :: 		
0x0594	0x1806      	XORWF       R6, 0, 0
;__Lib_MathDouble.c,1366 :: 		
0x0596	0x6E0A      	MOVWF       R10, 0
;__Lib_MathDouble.c,1367 :: 		
0x0598	0x8E02      	BSF         R2, 7, 0
;__Lib_MathDouble.c,1368 :: 		
0x059A	0x8E06      	BSF         R6, 7, 0
;__Lib_MathDouble.c,1370 :: 		
0x059C	0x6A0E      	CLRF        R14, 0
;__Lib_MathDouble.c,1371 :: 		
0x059E	0xF008C002  	MOVFF       R2, R8
;__Lib_MathDouble.c,1372 :: 		
0x05A2	0xF00CC001  	MOVFF       R1, R12
;__Lib_MathDouble.c,1373 :: 		
0x05A6	0xF00DC000  	MOVFF       R0, R13
;__Lib_MathDouble.c,1375 :: 		
0x05AA	0x5004      	MOVF        R4, 0, 0
;__Lib_MathDouble.c,1376 :: 		
0x05AC	0x5E0D      	SUBWF       R13, 1, 0
;__Lib_MathDouble.c,1377 :: 		
0x05AE	0x5005      	MOVF        R5, 0, 0
;__Lib_MathDouble.c,1378 :: 		
0x05B0	0xA0D8      	BTFSS       STATUS, 0, 0
;__Lib_MathDouble.c,1379 :: 		
0x05B2	0x3C05      	INCFSZ      R5, 0, 0
;__Lib_MathDouble.c,1381 :: 		
0x05B4	0x5E0C      	SUBWF       R12, 1, 0
;__Lib_MathDouble.c,1382 :: 		
0x05B6	0x5006      	MOVF        R6, 0, 0
;__Lib_MathDouble.c,1383 :: 		
0x05B8	0xA0D8      	BTFSS       STATUS, 0, 0
;__Lib_MathDouble.c,1384 :: 		
0x05BA	0x3C06      	INCFSZ      R6, 0, 0
;__Lib_MathDouble.c,1386 :: 		
0x05BC	0x5E08      	SUBWF       R8, 1, 0
;__Lib_MathDouble.c,1387 :: 		
0x05BE	0x6A08      	CLRF        R8, 0
;__Lib_MathDouble.c,1388 :: 		
0x05C0	0x6A0C      	CLRF        R12, 0
;__Lib_MathDouble.c,1389 :: 		
0x05C2	0x6A0D      	CLRF        R13, 0
;__Lib_MathDouble.c,1390 :: 		
0x05C4	0xA0D8      	BTFSS       STATUS, 0, 0
;__Lib_MathDouble.c,1391 :: 		
0x05C6	0xF002EFEC  	GOTO        DALIGN32OK
;__Lib_MathDouble.c,1393 :: 		
0x05CA	0x90D8      	BCF         STATUS, 0, 0
;__Lib_MathDouble.c,1394 :: 		
0x05CC	0x3202      	RRCF        R2, 1, 0
;__Lib_MathDouble.c,1395 :: 		
0x05CE	0x3201      	RRCF        R1, 1, 0
;__Lib_MathDouble.c,1396 :: 		
0x05D0	0x3200      	RRCF        R0, 1, 0
;__Lib_MathDouble.c,1397 :: 		
0x05D2	0x3208      	RRCF        R8, 1, 0
;__Lib_MathDouble.c,1398 :: 		
0x05D4	0x0E01      	MOVLW       1
;__Lib_MathDouble.c,1399 :: 		
0x05D6	0x6E0E      	MOVWF       R14, 0
;__Lib_MathDouble.c,1400 :: 		
DALIGN32OK:
;__Lib_MathDouble.c,1401 :: 		
0x05D8	0x5007      	MOVF        R7, 0, 0
;__Lib_MathDouble.c,1402 :: 		
0x05DA	0x5E03      	SUBWF       R3, 1, 0
;__Lib_MathDouble.c,1403 :: 		
0x05DC	0xA0D8      	BTFSS       STATUS, 0, 0
;__Lib_MathDouble.c,1404 :: 		
0x05DE	0xF002EFF9  	GOTO        ALTB32
;__Lib_MathDouble.c,1406 :: 		
0x05E2	0x0E7E      	MOVLW       126
;__Lib_MathDouble.c,1407 :: 		
0x05E4	0x240E      	ADDWF       R14, 0, 0
;__Lib_MathDouble.c,1408 :: 		
0x05E6	0x2603      	ADDWF       R3, 1, 0
;__Lib_MathDouble.c,1409 :: 		
0x05E8	0xB0D8      	BTFSC       STATUS, 0, 0
;__Lib_MathDouble.c,1410 :: 		
0x05EA	0xF003EF5D  	GOTO        JPDSETFOV32
;__Lib_MathDouble.c,1411 :: 		
0x05EE	0xF002EFFF  	GOTO        DARGOK32
;__Lib_MathDouble.c,1412 :: 		
ALTB32:
;__Lib_MathDouble.c,1413 :: 		
0x05F2	0x0E7E      	MOVLW       126
;__Lib_MathDouble.c,1414 :: 		
0x05F4	0x240E      	ADDWF       R14, 0, 0
;__Lib_MathDouble.c,1415 :: 		
0x05F6	0x2603      	ADDWF       R3, 1, 0
;__Lib_MathDouble.c,1416 :: 		
0x05F8	0xA0D8      	BTFSS       STATUS, 0, 0
;__Lib_MathDouble.c,1417 :: 		
0x05FA	0xF003EF61  	GOTO        JPDSETFUN32
;__Lib_MathDouble.c,1418 :: 		
DARGOK32:
;__Lib_MathDouble.c,1419 :: 		
0x05FE	0x0E18      	MOVLW       24
;__Lib_MathDouble.c,1420 :: 		
0x0600	0x6E0B      	MOVWF       R11, 0
;__Lib_MathDouble.c,1421 :: 		
DLOOP32:
;__Lib_MathDouble.c,1422 :: 		
0x0602	0x360D      	RLCF        R13, 1, 0
;__Lib_MathDouble.c,1423 :: 		
0x0604	0x360C      	RLCF        R12, 1, 0
;__Lib_MathDouble.c,1424 :: 		
0x0606	0x3608      	RLCF        R8, 1, 0
;__Lib_MathDouble.c,1425 :: 		
0x0608	0x3600      	RLCF        R0, 1, 0
;__Lib_MathDouble.c,1426 :: 		
0x060A	0x3601      	RLCF        R1, 1, 0
;__Lib_MathDouble.c,1427 :: 		
0x060C	0x3602      	RLCF        R2, 1, 0
;__Lib_MathDouble.c,1428 :: 		
0x060E	0x360E      	RLCF        R14, 1, 0
;__Lib_MathDouble.c,1430 :: 		
0x0610	0x5004      	MOVF        R4, 0, 0
;__Lib_MathDouble.c,1431 :: 		
0x0612	0x5E00      	SUBWF       R0, 1, 0
;__Lib_MathDouble.c,1432 :: 		
0x0614	0x5005      	MOVF        R5, 0, 0
;__Lib_MathDouble.c,1433 :: 		
0x0616	0xA0D8      	BTFSS       STATUS, 0, 0
;__Lib_MathDouble.c,1434 :: 		
0x0618	0x3C05      	INCFSZ      R5, 0, 0
;__Lib_MathDouble.c,1436 :: 		
0x061A	0x5E01      	SUBWF       R1, 1, 0
;__Lib_MathDouble.c,1437 :: 		
0x061C	0x5006      	MOVF        R6, 0, 0
;__Lib_MathDouble.c,1438 :: 		
0x061E	0xA0D8      	BTFSS       STATUS, 0, 0
;__Lib_MathDouble.c,1439 :: 		
0x0620	0x3C06      	INCFSZ      R6, 0, 0
;__Lib_MathDouble.c,1441 :: 		
0x0622	0x5E02      	SUBWF       R2, 1, 0
;__Lib_MathDouble.c,1442 :: 		
0x0624	0x3406      	RLCF        R6, 0, 0
;__Lib_MathDouble.c,1443 :: 		
0x0626	0x120E      	IORWF       R14, 1, 0
;__Lib_MathDouble.c,1444 :: 		
0x0628	0xA00E      	BTFSS       R14, 0, 0
;__Lib_MathDouble.c,1445 :: 		
0x062A	0xF003EF1A  	GOTO        DREST32
;__Lib_MathDouble.c,1446 :: 		
0x062E	0x800D      	BSF         R13, 0, 0
;__Lib_MathDouble.c,1447 :: 		
0x0630	0xF003EF25  	GOTO        DOK32
;__Lib_MathDouble.c,1448 :: 		
DREST32:
;__Lib_MathDouble.c,1449 :: 		
0x0634	0x5004      	MOVF        R4, 0, 0
;__Lib_MathDouble.c,1450 :: 		
0x0636	0x2600      	ADDWF       R0, 1, 0
;__Lib_MathDouble.c,1451 :: 		
0x0638	0x5005      	MOVF        R5, 0, 0
;__Lib_MathDouble.c,1452 :: 		
0x063A	0xB0D8      	BTFSC       STATUS, 0, 0
;__Lib_MathDouble.c,1453 :: 		
0x063C	0x3C05      	INCFSZ      R5, 0, 0
;__Lib_MathDouble.c,1455 :: 		
0x063E	0x2601      	ADDWF       R1, 1, 0
;__Lib_MathDouble.c,1456 :: 		
0x0640	0x5006      	MOVF        R6, 0, 0
;__Lib_MathDouble.c,1457 :: 		
0x0642	0xB0D8      	BTFSC       STATUS, 0, 0
;__Lib_MathDouble.c,1458 :: 		
0x0644	0x2806      	INCF        R6, 0, 0
;__Lib_MathDouble.c,1459 :: 		
0x0646	0x2602      	ADDWF       R2, 1, 0
;__Lib_MathDouble.c,1460 :: 		
0x0648	0x900D      	BCF         R13, 0, 0
;__Lib_MathDouble.c,1461 :: 		
DOK32:
;__Lib_MathDouble.c,1462 :: 		
0x064A	0x2E0B      	DECFSZ      R11, 1, 0
;__Lib_MathDouble.c,1463 :: 		
0x064C	0xF003EF01  	GOTO        DLOOP32
;__Lib_MathDouble.c,1467 :: 		
0x0650	0xF003EF4B  	GOTO        DIV32OK
;__Lib_MathDouble.c,1468 :: 		
0x0654	0x90D8      	BCF         STATUS, 0, 0
;__Lib_MathDouble.c,1469 :: 		
0x0656	0x3600      	RLCF        R0, 1, 0
;__Lib_MathDouble.c,1470 :: 		
0x0658	0x3601      	RLCF        R1, 1, 0
;__Lib_MathDouble.c,1471 :: 		
0x065A	0x3602      	RLCF        R2, 1, 0
;__Lib_MathDouble.c,1472 :: 		
0x065C	0x360E      	RLCF        R14, 1, 0
;__Lib_MathDouble.c,1474 :: 		
0x065E	0x5004      	MOVF        R4, 0, 0
;__Lib_MathDouble.c,1475 :: 		
0x0660	0x5E00      	SUBWF       R0, 1, 0
;__Lib_MathDouble.c,1476 :: 		
0x0662	0x5005      	MOVF        R5, 0, 0
;__Lib_MathDouble.c,1477 :: 		
0x0664	0xA0D8      	BTFSS       STATUS, 0, 0
;__Lib_MathDouble.c,1478 :: 		
0x0666	0x3C05      	INCFSZ      R5, 0, 0
;__Lib_MathDouble.c,1479 :: 		
0x0668	0x5E01      	SUBWF       R1, 1, 0
;__Lib_MathDouble.c,1480 :: 		
0x066A	0x5006      	MOVF        R6, 0, 0
;__Lib_MathDouble.c,1481 :: 		
0x066C	0xA0D8      	BTFSS       STATUS, 0, 0
;__Lib_MathDouble.c,1482 :: 		
0x066E	0x3C06      	INCFSZ      R6, 0, 0
;__Lib_MathDouble.c,1483 :: 		
0x0670	0x5E02      	SUBWF       R2, 1, 0
;__Lib_MathDouble.c,1484 :: 		
0x0672	0x3406      	RLCF        R6, 0, 0
;__Lib_MathDouble.c,1485 :: 		
0x0674	0x100E      	IORWF       R14, 0, 0
;__Lib_MathDouble.c,1486 :: 		
0x0676	0x0B01      	ANDLW       1
;__Lib_MathDouble.c,1487 :: 		
0x0678	0x260D      	ADDWF       R13, 1, 0
;__Lib_MathDouble.c,1488 :: 		
0x067A	0xB0D8      	BTFSC       STATUS, 0, 0
;__Lib_MathDouble.c,1489 :: 		
0x067C	0x2A0C      	INCF        R12, 1, 0
;__Lib_MathDouble.c,1490 :: 		
0x067E	0xB4D8      	BTFSC       STATUS, 2, 0
;__Lib_MathDouble.c,1491 :: 		
0x0680	0x2A08      	INCF        R8, 1, 0
;__Lib_MathDouble.c,1492 :: 		
0x0682	0xA4D8      	BTFSS       STATUS, 2, 0
;__Lib_MathDouble.c,1493 :: 		
0x0684	0xF003EF4B  	GOTO        DIV32OK
;__Lib_MathDouble.c,1494 :: 		
0x0688	0x3208      	RRCF        R8, 1, 0
;__Lib_MathDouble.c,1495 :: 		
0x068A	0x320C      	RRCF        R12, 1, 0
;__Lib_MathDouble.c,1496 :: 		
0x068C	0x320D      	RRCF        R13, 1, 0
;__Lib_MathDouble.c,1497 :: 		
0x068E	0x2A03      	INCF        R3, 1, 0
;__Lib_MathDouble.c,1498 :: 		
0x0690	0xB4D8      	BTFSC       STATUS, 2, 0
;__Lib_MathDouble.c,1499 :: 		
0x0692	0xF003EF5D  	GOTO        JPDSETFOV32
;__Lib_MathDouble.c,1500 :: 		
DIV32OK:
;__Lib_MathDouble.c,1501 :: 		
0x0696	0xAE0A      	BTFSS       R10, 7, 0
;__Lib_MathDouble.c,1502 :: 		
0x0698	0x9E08      	BCF         R8, 7, 0
;__Lib_MathDouble.c,1503 :: 		
0x069A	0x5008      	MOVF        R8, 0, 0
;__Lib_MathDouble.c,1504 :: 		
0x069C	0x6E02      	MOVWF       R2, 0
;__Lib_MathDouble.c,1505 :: 		
0x069E	0x500C      	MOVF        R12, 0, 0
;__Lib_MathDouble.c,1506 :: 		
0x06A0	0x6E01      	MOVWF       R1, 0
;__Lib_MathDouble.c,1507 :: 		
0x06A2	0x500D      	MOVF        R13, 0, 0
;__Lib_MathDouble.c,1508 :: 		
0x06A4	0x6E00      	MOVWF       R0, 0
;__Lib_MathDouble.c,1511 :: 		
0x06A6	0xF003EF63  	GOTO        DIV32EEE
;__Lib_MathDouble.c,1512 :: 		
JPDSETFDZ32:
;__Lib_MathDouble.c,1513 :: 		
0x06AA	0x0E01      	MOVLW       1
;__Lib_MathDouble.c,1516 :: 		
0x06AC	0xDEDD      	RCALL       _SETFDZ32
;__Lib_MathDouble.c,1518 :: 		
0x06AE	0xF003EF63  	GOTO        DIV32EEE
;__Lib_MathDouble.c,1519 :: 		
JPDRES032:
;__Lib_MathDouble.c,1520 :: 		
0x06B2	0x0E02      	MOVLW       2
;__Lib_MathDouble.c,1523 :: 		
0x06B4	0xDCC6      	RCALL       _RES032
;__Lib_MathDouble.c,1525 :: 		
0x06B6	0xF003EF63  	GOTO        DIV32EEE
;__Lib_MathDouble.c,1526 :: 		
JPDSETFOV32:
;__Lib_MathDouble.c,1527 :: 		
0x06BA	0x0E04      	MOVLW       4
;__Lib_MathDouble.c,1530 :: 		
0x06BC	0xDCC9      	RCALL       _SETFOV32
;__Lib_MathDouble.c,1532 :: 		
0x06BE	0xF003EF63  	GOTO        DIV32EEE
;__Lib_MathDouble.c,1533 :: 		
JPDSETFUN32:
;__Lib_MathDouble.c,1534 :: 		
0x06C2	0x0E08      	MOVLW       8
;__Lib_MathDouble.c,1537 :: 		
0x06C4	0xDD13      	RCALL       _SETFUN32
;__Lib_MathDouble.c,1539 :: 		
DIV32EEE:
;__Lib_MathDouble.c,1547 :: 		
L_end_Div_32x32_FP:
0x06C6	0x0012      	RETURN      0
; end of _Div_32x32_FP
_FloatToStr:
;__Lib_Conversions.c,521 :: 		
;__Lib_Conversions.c,523 :: 		
0x06C8	0x6A47      	CLRF        FloatToStr_bpoint_L0 
0x06CA	0x6A48      	CLRF        FloatToStr_dexpon_L0 
;__Lib_Conversions.c,528 :: 		
0x06CC	0xF043C03B  	MOVFF       FARG_FloatToStr_fnum, FloatToStr_un_L0
0x06D0	0xF044C03C  	MOVFF       FARG_FloatToStr_fnum+1, FloatToStr_un_L0+1
0x06D4	0xF045C03D  	MOVFF       FARG_FloatToStr_fnum+2, FloatToStr_un_L0+2
0x06D8	0xF046C03E  	MOVFF       FARG_FloatToStr_fnum+3, FloatToStr_un_L0+3
;__Lib_Conversions.c,529 :: 		
0x06DC	0x5046      	MOVF        FloatToStr_un_L0+3, 0 
0x06DE	0x0AFF      	XORLW       255
0x06E0	0xE108      	BNZ         L__FloatToStr197
0x06E2	0x5045      	MOVF        FloatToStr_un_L0+2, 0 
0x06E4	0x0AFF      	XORLW       255
0x06E6	0xE105      	BNZ         L__FloatToStr197
0x06E8	0x5044      	MOVF        FloatToStr_un_L0+1, 0 
0x06EA	0x0AFF      	XORLW       255
0x06EC	0xE102      	BNZ         L__FloatToStr197
0x06EE	0x5043      	MOVF        FloatToStr_un_L0, 0 
0x06F0	0x0AFF      	XORLW       255
L__FloatToStr197:
0x06F2	0xE10C      	BNZ         L_FloatToStr90
;__Lib_Conversions.c,530 :: 		
0x06F4	0xF049C03F  	MOVFF       FARG_FloatToStr_str, FARG_strcpy_to
0x06F8	0xF04AC040  	MOVFF       FARG_FloatToStr_str+1, FARG_strcpy_to+1
0x06FC	0x0E22      	MOVLW       ?lstr1___Lib_Conversions
0x06FE	0x6E4B      	MOVWF       FARG_strcpy_from 
0x0700	0x0E00      	MOVLW       hi_addr(?lstr1___Lib_Conversions)
0x0702	0x6E4C      	MOVWF       FARG_strcpy_from+1 
0x0704	0xDD00      	RCALL       _strcpy
;__Lib_Conversions.c,531 :: 		
0x0706	0x0E03      	MOVLW       3
0x0708	0x6E00      	MOVWF       R0 
0x070A	0xD1EB      	BRA         L_end_FloatToStr
;__Lib_Conversions.c,532 :: 		
L_FloatToStr90:
;__Lib_Conversions.c,533 :: 		
0x070C	0x0E01      	MOVLW       1
0x070E	0x6E41      	MOVWF       FloatToStr_i_L0 
;__Lib_Conversions.c,534 :: 		
0x0710	0xAE45      	BTFSS       FloatToStr_un_L0+2, 7 
0x0712	0xD00E      	BRA         L_FloatToStr91
;__Lib_Conversions.c,535 :: 		
0x0714	0x0E80      	MOVLW       128
0x0716	0x1845      	XORWF       FloatToStr_un_L0+2, 0 
0x0718	0x6E00      	MOVWF       R0 
0x071A	0xF045C000  	MOVFF       R0, FloatToStr_un_L0+2
;__Lib_Conversions.c,536 :: 		
0x071E	0x2A41      	INCF        FloatToStr_i_L0, 1 
;__Lib_Conversions.c,537 :: 		
0x0720	0xFFE1C03F  	MOVFF       FARG_FloatToStr_str, FSR1L
0x0724	0xFFE2C040  	MOVFF       FARG_FloatToStr_str+1, FSR1H
0x0728	0x0E2D      	MOVLW       45
0x072A	0x6EE6      	MOVWF       POSTINC1 
0x072C	0x4A3F      	INFSNZ      FARG_FloatToStr_str, 1 
0x072E	0x2A40      	INCF        FARG_FloatToStr_str+1, 1 
;__Lib_Conversions.c,538 :: 		
L_FloatToStr91:
;__Lib_Conversions.c,539 :: 		
0x0730	0x0E00      	MOVLW       0
0x0732	0x6E00      	MOVWF       R0 
0x0734	0x1846      	XORWF       FloatToStr_un_L0+3, 0 
0x0736	0xE108      	BNZ         L__FloatToStr198
0x0738	0x5000      	MOVF        R0, 0 
0x073A	0x1845      	XORWF       FloatToStr_un_L0+2, 0 
0x073C	0xE105      	BNZ         L__FloatToStr198
0x073E	0x5000      	MOVF        R0, 0 
0x0740	0x1844      	XORWF       FloatToStr_un_L0+1, 0 
0x0742	0xE102      	BNZ         L__FloatToStr198
0x0744	0x5043      	MOVF        FloatToStr_un_L0, 0 
0x0746	0x0A00      	XORLW       0
L__FloatToStr198:
0x0748	0xE10B      	BNZ         L_FloatToStr92
;__Lib_Conversions.c,540 :: 		
0x074A	0xF049C03F  	MOVFF       FARG_FloatToStr_str, FARG_strcpy_to
0x074E	0xF04AC040  	MOVFF       FARG_FloatToStr_str+1, FARG_strcpy_to+1
0x0752	0x0E26      	MOVLW       ?lstr2___Lib_Conversions
0x0754	0x6E4B      	MOVWF       FARG_strcpy_from 
0x0756	0x0E00      	MOVLW       hi_addr(?lstr2___Lib_Conversions)
0x0758	0x6E4C      	MOVWF       FARG_strcpy_from+1 
0x075A	0xDCD5      	RCALL       _strcpy
;__Lib_Conversions.c,541 :: 		
0x075C	0x6A00      	CLRF        R0 
0x075E	0xD1C1      	BRA         L_end_FloatToStr
;__Lib_Conversions.c,542 :: 		
L_FloatToStr92:
;__Lib_Conversions.c,543 :: 		
0x0760	0x5046      	MOVF        FloatToStr_un_L0+3, 0 
0x0762	0x0AFF      	XORLW       255
0x0764	0xE108      	BNZ         L__FloatToStr199
0x0766	0x5045      	MOVF        FloatToStr_un_L0+2, 0 
0x0768	0x0A00      	XORLW       0
0x076A	0xE105      	BNZ         L__FloatToStr199
0x076C	0x5044      	MOVF        FloatToStr_un_L0+1, 0 
0x076E	0x0A00      	XORLW       0
0x0770	0xE102      	BNZ         L__FloatToStr199
0x0772	0x5043      	MOVF        FloatToStr_un_L0, 0 
0x0774	0x0A00      	XORLW       0
L__FloatToStr199:
0x0776	0xE10C      	BNZ         L_FloatToStr93
;__Lib_Conversions.c,544 :: 		
0x0778	0xF049C03F  	MOVFF       FARG_FloatToStr_str, FARG_strcpy_to
0x077C	0xF04AC040  	MOVFF       FARG_FloatToStr_str+1, FARG_strcpy_to+1
0x0780	0x0E28      	MOVLW       ?lstr3___Lib_Conversions
0x0782	0x6E4B      	MOVWF       FARG_strcpy_from 
0x0784	0x0E00      	MOVLW       hi_addr(?lstr3___Lib_Conversions)
0x0786	0x6E4C      	MOVWF       FARG_strcpy_from+1 
0x0788	0xDCBE      	RCALL       _strcpy
;__Lib_Conversions.c,545 :: 		
0x078A	0xF000C041  	MOVFF       FloatToStr_i_L0, R0
0x078E	0xD1A9      	BRA         L_end_FloatToStr
;__Lib_Conversions.c,546 :: 		
L_FloatToStr93:
;__Lib_Conversions.c,554 :: 		
L_FloatToStr94:
0x0790	0x0E00      	MOVLW       0
0x0792	0x6E04      	MOVWF       R4 
0x0794	0x0E00      	MOVLW       0
0x0796	0x6E05      	MOVWF       R5 
0x0798	0x0E00      	MOVLW       0
0x079A	0x6E06      	MOVWF       R6 
0x079C	0x0E7F      	MOVLW       127
0x079E	0x6E07      	MOVWF       R7 
0x07A0	0xF000C043  	MOVFF       FloatToStr_un_L0, R0
0x07A4	0xF001C044  	MOVFF       FloatToStr_un_L0+1, R1
0x07A8	0xF002C045  	MOVFF       FloatToStr_un_L0+2, R2
0x07AC	0xF003C046  	MOVFF       FloatToStr_un_L0+3, R3
0x07B0	0xDCD0      	RCALL       _Compare_Double
0x07B2	0x0E01      	MOVLW       1
0x07B4	0xB0D8      	BTFSC       STATUS, 0 
0x07B6	0x0E00      	MOVLW       0
0x07B8	0x6E00      	MOVWF       R0 
0x07BA	0x5200      	MOVF        R0, 1 
0x07BC	0xE01B      	BZ          L_FloatToStr95
;__Lib_Conversions.c,555 :: 		
0x07BE	0xF000C043  	MOVFF       FloatToStr_un_L0, R0
0x07C2	0xF001C044  	MOVFF       FloatToStr_un_L0+1, R1
0x07C6	0xF002C045  	MOVFF       FloatToStr_un_L0+2, R2
0x07CA	0xF003C046  	MOVFF       FloatToStr_un_L0+3, R3
0x07CE	0x0E00      	MOVLW       0
0x07D0	0x6E04      	MOVWF       R4 
0x07D2	0x0E00      	MOVLW       0
0x07D4	0x6E05      	MOVWF       R5 
0x07D6	0x0E20      	MOVLW       32
0x07D8	0x6E06      	MOVWF       R6 
0x07DA	0x0E82      	MOVLW       130
0x07DC	0x6E07      	MOVWF       R7 
0x07DE	0xDD75      	RCALL       _Mul_32x32_FP
0x07E0	0xF043C000  	MOVFF       R0, FloatToStr_un_L0
0x07E4	0xF044C001  	MOVFF       R1, FloatToStr_un_L0+1
0x07E8	0xF045C002  	MOVFF       R2, FloatToStr_un_L0+2
0x07EC	0xF046C003  	MOVFF       R3, FloatToStr_un_L0+3
;__Lib_Conversions.c,556 :: 		
0x07F0	0x0648      	DECF        FloatToStr_dexpon_L0, 1 
;__Lib_Conversions.c,557 :: 		
0x07F2	0xD7CE      	BRA         L_FloatToStr94
L_FloatToStr95:
;__Lib_Conversions.c,562 :: 		
L_FloatToStr96:
0x07F4	0x0E00      	MOVLW       0
0x07F6	0x6E04      	MOVWF       R4 
0x07F8	0x0E00      	MOVLW       0
0x07FA	0x6E05      	MOVWF       R5 
0x07FC	0x0E20      	MOVLW       32
0x07FE	0x6E06      	MOVWF       R6 
0x0800	0x0E82      	MOVLW       130
0x0802	0x6E07      	MOVWF       R7 
0x0804	0xF000C043  	MOVFF       FloatToStr_un_L0, R0
0x0808	0xF001C044  	MOVFF       FloatToStr_un_L0+1, R1
0x080C	0xF002C045  	MOVFF       FloatToStr_un_L0+2, R2
0x0810	0xF003C046  	MOVFF       FloatToStr_un_L0+3, R3
0x0814	0xDC9E      	RCALL       _Compare_Double
0x0816	0x0E00      	MOVLW       0
0x0818	0xB0D8      	BTFSC       STATUS, 0 
0x081A	0x0E01      	MOVLW       1
0x081C	0x6E00      	MOVWF       R0 
0x081E	0x5200      	MOVF        R0, 1 
0x0820	0xE01B      	BZ          L_FloatToStr97
;__Lib_Conversions.c,563 :: 		
0x0822	0xF000C043  	MOVFF       FloatToStr_un_L0, R0
0x0826	0xF001C044  	MOVFF       FloatToStr_un_L0+1, R1
0x082A	0xF002C045  	MOVFF       FloatToStr_un_L0+2, R2
0x082E	0xF003C046  	MOVFF       FloatToStr_un_L0+3, R3
0x0832	0x0ECD      	MOVLW       205
0x0834	0x6E04      	MOVWF       R4 
0x0836	0x0ECC      	MOVLW       204
0x0838	0x6E05      	MOVWF       R5 
0x083A	0x0E4C      	MOVLW       76
0x083C	0x6E06      	MOVWF       R6 
0x083E	0x0E7B      	MOVLW       123
0x0840	0x6E07      	MOVWF       R7 
0x0842	0xDD43      	RCALL       _Mul_32x32_FP
0x0844	0xF043C000  	MOVFF       R0, FloatToStr_un_L0
0x0848	0xF044C001  	MOVFF       R1, FloatToStr_un_L0+1
0x084C	0xF045C002  	MOVFF       R2, FloatToStr_un_L0+2
0x0850	0xF046C003  	MOVFF       R3, FloatToStr_un_L0+3
;__Lib_Conversions.c,564 :: 		
0x0854	0x2A48      	INCF        FloatToStr_dexpon_L0, 1 
;__Lib_Conversions.c,565 :: 		
0x0856	0xD7CE      	BRA         L_FloatToStr96
L_FloatToStr97:
;__Lib_Conversions.c,574 :: 		
0x0858	0x0EFF      	MOVLW       255
0x085A	0x1443      	ANDWF       FloatToStr_un_L0, 0 
0x085C	0x6E08      	MOVWF       R8 
0x085E	0x0EFF      	MOVLW       255
0x0860	0x1444      	ANDWF       FloatToStr_un_L0+1, 0 
0x0862	0x6E09      	MOVWF       R9 
0x0864	0x0E7F      	MOVLW       127
0x0866	0x1445      	ANDWF       FloatToStr_un_L0+2, 0 
0x0868	0x6E0A      	MOVWF       R10 
0x086A	0x0E00      	MOVLW       0
0x086C	0x1446      	ANDWF       FloatToStr_un_L0+3, 0 
0x086E	0x6E0B      	MOVWF       R11 
;__Lib_Conversions.c,575 :: 		
0x0870	0xF004C008  	MOVFF       R8, R4
0x0874	0xF005C009  	MOVFF       R9, R5
0x0878	0xF006C00A  	MOVFF       R10, R6
0x087C	0xF007C00B  	MOVFF       R11, R7
0x0880	0x3604      	RLCF        R4, 1 
0x0882	0x9004      	BCF         R4, 0 
0x0884	0x3605      	RLCF        R5, 1 
0x0886	0x3606      	RLCF        R6, 1 
0x0888	0x3607      	RLCF        R7, 1 
;__Lib_Conversions.c,576 :: 		
0x088A	0x0E00      	MOVLW       0
0x088C	0x1443      	ANDWF       FloatToStr_un_L0, 0 
0x088E	0x6E00      	MOVWF       R0 
0x0890	0x0E00      	MOVLW       0
0x0892	0x1444      	ANDWF       FloatToStr_un_L0+1, 0 
0x0894	0x6E01      	MOVWF       R1 
0x0896	0x0E00      	MOVLW       0
0x0898	0x1445      	ANDWF       FloatToStr_un_L0+2, 0 
0x089A	0x6E02      	MOVWF       R2 
0x089C	0x0EFF      	MOVLW       255
0x089E	0x1446      	ANDWF       FloatToStr_un_L0+3, 0 
0x08A0	0x6E03      	MOVWF       R3 
0x08A2	0xF043C000  	MOVFF       R0, FloatToStr_un_L0
0x08A6	0xF044C001  	MOVFF       R1, FloatToStr_un_L0+1
0x08AA	0xF045C002  	MOVFF       R2, FloatToStr_un_L0+2
0x08AE	0xF046C003  	MOVFF       R3, FloatToStr_un_L0+3
;__Lib_Conversions.c,577 :: 		
0x08B2	0x5004      	MOVF        R4, 0 
0x08B4	0x1043      	IORWF       FloatToStr_un_L0, 0 
0x08B6	0x6E00      	MOVWF       R0 
0x08B8	0x5005      	MOVF        R5, 0 
0x08BA	0x1044      	IORWF       FloatToStr_un_L0+1, 0 
0x08BC	0x6E01      	MOVWF       R1 
0x08BE	0x5006      	MOVF        R6, 0 
0x08C0	0x1045      	IORWF       FloatToStr_un_L0+2, 0 
0x08C2	0x6E02      	MOVWF       R2 
0x08C4	0x5007      	MOVF        R7, 0 
0x08C6	0x1046      	IORWF       FloatToStr_un_L0+3, 0 
0x08C8	0x6E03      	MOVWF       R3 
0x08CA	0xF043C000  	MOVFF       R0, FloatToStr_un_L0
0x08CE	0xF044C001  	MOVFF       R1, FloatToStr_un_L0+1
0x08D2	0xF045C002  	MOVFF       R2, FloatToStr_un_L0+2
0x08D6	0xF046C003  	MOVFF       R3, FloatToStr_un_L0+3
;__Lib_Conversions.c,579 :: 		
0x08DA	0x0E7F      	MOVLW       127
0x08DC	0x5C46      	SUBWF       FloatToStr_un_L0+3, 0 
0x08DE	0x6E00      	MOVWF       R0 
0x08E0	0xF042C000  	MOVFF       R0, FloatToStr_d_L0
;__Lib_Conversions.c,582 :: 		
0x08E4	0x0E01      	MOVLW       1
0x08E6	0x6E46      	MOVWF       FloatToStr_un_L0+3 
;__Lib_Conversions.c,583 :: 		
0x08E8	0xF004C000  	MOVFF       R0, R4
0x08EC	0xF000C043  	MOVFF       FloatToStr_un_L0, R0
0x08F0	0xF001C044  	MOVFF       FloatToStr_un_L0+1, R1
0x08F4	0xF002C045  	MOVFF       FloatToStr_un_L0+2, R2
0x08F8	0xF003C046  	MOVFF       FloatToStr_un_L0+3, R3
0x08FC	0x5004      	MOVF        R4, 0 
L__FloatToStr200:
0x08FE	0xE007      	BZ          L__FloatToStr201
0x0900	0x3600      	RLCF        R0, 1 
0x0902	0x9000      	BCF         R0, 0 
0x0904	0x3601      	RLCF        R1, 1 
0x0906	0x3602      	RLCF        R2, 1 
0x0908	0x3603      	RLCF        R3, 1 
0x090A	0x0FFF      	ADDLW       255
0x090C	0xD7F8      	BRA         L__FloatToStr200
L__FloatToStr201:
0x090E	0xF043C000  	MOVFF       R0, FloatToStr_un_L0
0x0912	0xF044C001  	MOVFF       R1, FloatToStr_un_L0+1
0x0916	0xF045C002  	MOVFF       R2, FloatToStr_un_L0+2
0x091A	0xF046C003  	MOVFF       R3, FloatToStr_un_L0+3
;__Lib_Conversions.c,584 :: 		
0x091E	0xFFE1C03F  	MOVFF       FARG_FloatToStr_str, FSR1L
0x0922	0xFFE2C040  	MOVFF       FARG_FloatToStr_str+1, FSR1H
0x0926	0x5046      	MOVF        FloatToStr_un_L0+3, 0 
0x0928	0x0F30      	ADDLW       48
0x092A	0x6EE6      	MOVWF       POSTINC1 
0x092C	0x4A3F      	INFSNZ      FARG_FloatToStr_str, 1 
0x092E	0x2A40      	INCF        FARG_FloatToStr_str+1, 1 
;__Lib_Conversions.c,585 :: 		
0x0930	0x0E80      	MOVLW       128
0x0932	0x1848      	XORWF       FloatToStr_dexpon_L0, 0 
0x0934	0x6E00      	MOVWF       R0 
0x0936	0x0E80      	MOVLW       128
0x0938	0x0A01      	XORLW       1
0x093A	0x5C00      	SUBWF       R0, 0 
0x093C	0xE308      	BNC         L__FloatToStr148
0x093E	0x0E80      	MOVLW       128
0x0940	0x0A06      	XORLW       6
0x0942	0x6E00      	MOVWF       R0 
0x0944	0x0E80      	MOVLW       128
0x0946	0x1848      	XORWF       FloatToStr_dexpon_L0, 0 
0x0948	0x5C00      	SUBWF       R0, 0 
0x094A	0xE301      	BNC         L__FloatToStr148
0x094C	0xD00A      	BRA         L_FloatToStr100
L__FloatToStr148:
;__Lib_Conversions.c,586 :: 		
0x094E	0xFFE1C03F  	MOVFF       FARG_FloatToStr_str, FSR1L
0x0952	0xFFE2C040  	MOVFF       FARG_FloatToStr_str+1, FSR1H
0x0956	0x0E2E      	MOVLW       46
0x0958	0x6EE6      	MOVWF       POSTINC1 
0x095A	0x4A3F      	INFSNZ      FARG_FloatToStr_str, 1 
0x095C	0x2A40      	INCF        FARG_FloatToStr_str+1, 1 
;__Lib_Conversions.c,587 :: 		
0x095E	0x0E01      	MOVLW       1
0x0960	0x6E47      	MOVWF       FloatToStr_bpoint_L0 
;__Lib_Conversions.c,588 :: 		
L_FloatToStr100:
;__Lib_Conversions.c,589 :: 		
0x0962	0x0E06      	MOVLW       6
0x0964	0x6E42      	MOVWF       FloatToStr_d_L0 
L_FloatToStr101:
0x0966	0x5042      	MOVF        FloatToStr_d_L0, 0 
0x0968	0x0A00      	XORLW       0
0x096A	0xE054      	BZ          L_FloatToStr102
;__Lib_Conversions.c,590 :: 		
0x096C	0x6A46      	CLRF        FloatToStr_un_L0+3 
;__Lib_Conversions.c,591 :: 		
0x096E	0xF000C043  	MOVFF       FloatToStr_un_L0, R0
0x0972	0xF001C044  	MOVFF       FloatToStr_un_L0+1, R1
0x0976	0xF002C045  	MOVFF       FloatToStr_un_L0+2, R2
0x097A	0xF003C046  	MOVFF       FloatToStr_un_L0+3, R3
0x097E	0x3600      	RLCF        R0, 1 
0x0980	0x9000      	BCF         R0, 0 
0x0982	0x3601      	RLCF        R1, 1 
0x0984	0x3602      	RLCF        R2, 1 
0x0986	0x3603      	RLCF        R3, 1 
0x0988	0x3600      	RLCF        R0, 1 
0x098A	0x9000      	BCF         R0, 0 
0x098C	0x3601      	RLCF        R1, 1 
0x098E	0x3602      	RLCF        R2, 1 
0x0990	0x3603      	RLCF        R3, 1 
0x0992	0x5043      	MOVF        FloatToStr_un_L0, 0 
0x0994	0x2600      	ADDWF       R0, 1 
0x0996	0x5044      	MOVF        FloatToStr_un_L0+1, 0 
0x0998	0x2201      	ADDWFC      R1, 1 
0x099A	0x5045      	MOVF        FloatToStr_un_L0+2, 0 
0x099C	0x2202      	ADDWFC      R2, 1 
0x099E	0x5046      	MOVF        FloatToStr_un_L0+3, 0 
0x09A0	0x2203      	ADDWFC      R3, 1 
0x09A2	0xF043C000  	MOVFF       R0, FloatToStr_un_L0
0x09A6	0xF044C001  	MOVFF       R1, FloatToStr_un_L0+1
0x09AA	0xF045C002  	MOVFF       R2, FloatToStr_un_L0+2
0x09AE	0xF046C003  	MOVFF       R3, FloatToStr_un_L0+3
;__Lib_Conversions.c,592 :: 		
0x09B2	0xF000C043  	MOVFF       FloatToStr_un_L0, R0
0x09B6	0xF001C044  	MOVFF       FloatToStr_un_L0+1, R1
0x09BA	0xF002C045  	MOVFF       FloatToStr_un_L0+2, R2
0x09BE	0xF003C046  	MOVFF       FloatToStr_un_L0+3, R3
0x09C2	0x3600      	RLCF        R0, 1 
0x09C4	0x9000      	BCF         R0, 0 
0x09C6	0x3601      	RLCF        R1, 1 
0x09C8	0x3602      	RLCF        R2, 1 
0x09CA	0x3603      	RLCF        R3, 1 
0x09CC	0xF043C000  	MOVFF       R0, FloatToStr_un_L0
0x09D0	0xF044C001  	MOVFF       R1, FloatToStr_un_L0+1
0x09D4	0xF045C002  	MOVFF       R2, FloatToStr_un_L0+2
0x09D8	0xF046C003  	MOVFF       R3, FloatToStr_un_L0+3
;__Lib_Conversions.c,593 :: 		
0x09DC	0xFFE1C03F  	MOVFF       FARG_FloatToStr_str, FSR1L
0x09E0	0xFFE2C040  	MOVFF       FARG_FloatToStr_str+1, FSR1H
0x09E4	0x5046      	MOVF        FloatToStr_un_L0+3, 0 
0x09E6	0x0F30      	ADDLW       48
0x09E8	0x6EE6      	MOVWF       POSTINC1 
0x09EA	0x4A3F      	INFSNZ      FARG_FloatToStr_str, 1 
0x09EC	0x2A40      	INCF        FARG_FloatToStr_str+1, 1 
;__Lib_Conversions.c,594 :: 		
0x09EE	0x5047      	MOVF        FloatToStr_bpoint_L0, 0 
0x09F0	0x0A00      	XORLW       0
0x09F2	0xE10E      	BNZ         L_FloatToStr104
;__Lib_Conversions.c,595 :: 		
0x09F4	0x0648      	DECF        FloatToStr_dexpon_L0, 1 
0x09F6	0x5048      	MOVF        FloatToStr_dexpon_L0, 0 
0x09F8	0x0A00      	XORLW       0
0x09FA	0xE10A      	BNZ         L_FloatToStr105
;__Lib_Conversions.c,596 :: 		
0x09FC	0xFFE1C03F  	MOVFF       FARG_FloatToStr_str, FSR1L
0x0A00	0xFFE2C040  	MOVFF       FARG_FloatToStr_str+1, FSR1H
0x0A04	0x0E2E      	MOVLW       46
0x0A06	0x6EE6      	MOVWF       POSTINC1 
0x0A08	0x4A3F      	INFSNZ      FARG_FloatToStr_str, 1 
0x0A0A	0x2A40      	INCF        FARG_FloatToStr_str+1, 1 
;__Lib_Conversions.c,597 :: 		
0x0A0C	0x0E01      	MOVLW       1
0x0A0E	0x6E47      	MOVWF       FloatToStr_bpoint_L0 
;__Lib_Conversions.c,598 :: 		
L_FloatToStr105:
L_FloatToStr104:
;__Lib_Conversions.c,589 :: 		
0x0A10	0x0642      	DECF        FloatToStr_d_L0, 1 
;__Lib_Conversions.c,599 :: 		
0x0A12	0xD7A9      	BRA         L_FloatToStr101
L_FloatToStr102:
;__Lib_Conversions.c,600 :: 		
L_FloatToStr106:
0x0A14	0x0EFF      	MOVLW       255
0x0A16	0x243F      	ADDWF       FARG_FloatToStr_str, 0 
0x0A18	0x6EE9      	MOVWF       FSR0L 
0x0A1A	0x0EFF      	MOVLW       255
0x0A1C	0x2040      	ADDWFC      FARG_FloatToStr_str+1, 0 
0x0A1E	0x6EEA      	MOVWF       FSR0L+1 
0x0A20	0x50EE      	MOVF        POSTINC0, 0 
0x0A22	0x0A30      	XORLW       48
0x0A24	0xE105      	BNZ         L_FloatToStr107
;__Lib_Conversions.c,601 :: 		
0x0A26	0x0E01      	MOVLW       1
0x0A28	0x5E3F      	SUBWF       FARG_FloatToStr_str, 1 
0x0A2A	0x0E00      	MOVLW       0
0x0A2C	0x5A40      	SUBWFB      FARG_FloatToStr_str+1, 1 
0x0A2E	0xD7F2      	BRA         L_FloatToStr106
L_FloatToStr107:
;__Lib_Conversions.c,602 :: 		
0x0A30	0x0EFF      	MOVLW       255
0x0A32	0x243F      	ADDWF       FARG_FloatToStr_str, 0 
0x0A34	0x6EE9      	MOVWF       FSR0L 
0x0A36	0x0EFF      	MOVLW       255
0x0A38	0x2040      	ADDWFC      FARG_FloatToStr_str+1, 0 
0x0A3A	0x6EEA      	MOVWF       FSR0L+1 
0x0A3C	0x50EE      	MOVF        POSTINC0, 0 
0x0A3E	0x0A2E      	XORLW       46
0x0A40	0xE104      	BNZ         L_FloatToStr108
;__Lib_Conversions.c,603 :: 		
0x0A42	0x0E01      	MOVLW       1
0x0A44	0x5E3F      	SUBWF       FARG_FloatToStr_str, 1 
0x0A46	0x0E00      	MOVLW       0
0x0A48	0x5A40      	SUBWFB      FARG_FloatToStr_str+1, 1 
L_FloatToStr108:
;__Lib_Conversions.c,604 :: 		
0x0A4A	0x5048      	MOVF        FloatToStr_dexpon_L0, 0 
0x0A4C	0x0A00      	XORLW       0
0x0A4E	0xE043      	BZ          L_FloatToStr109
;__Lib_Conversions.c,605 :: 		
0x0A50	0xFFE1C03F  	MOVFF       FARG_FloatToStr_str, FSR1L
0x0A54	0xFFE2C040  	MOVFF       FARG_FloatToStr_str+1, FSR1H
0x0A58	0x0E65      	MOVLW       101
0x0A5A	0x6EE6      	MOVWF       POSTINC1 
0x0A5C	0x4A3F      	INFSNZ      FARG_FloatToStr_str, 1 
0x0A5E	0x2A40      	INCF        FARG_FloatToStr_str+1, 1 
;__Lib_Conversions.c,606 :: 		
0x0A60	0x0E80      	MOVLW       128
0x0A62	0x1848      	XORWF       FloatToStr_dexpon_L0, 0 
0x0A64	0x6E00      	MOVWF       R0 
0x0A66	0x0E80      	MOVLW       128
0x0A68	0x0A00      	XORLW       0
0x0A6A	0x5C00      	SUBWF       R0, 0 
0x0A6C	0xE20B      	BC          L_FloatToStr110
;__Lib_Conversions.c,607 :: 		
0x0A6E	0xFFE1C03F  	MOVFF       FARG_FloatToStr_str, FSR1L
0x0A72	0xFFE2C040  	MOVFF       FARG_FloatToStr_str+1, FSR1H
0x0A76	0x0E2D      	MOVLW       45
0x0A78	0x6EE6      	MOVWF       POSTINC1 
0x0A7A	0x4A3F      	INFSNZ      FARG_FloatToStr_str, 1 
0x0A7C	0x2A40      	INCF        FARG_FloatToStr_str+1, 1 
;__Lib_Conversions.c,608 :: 		
0x0A7E	0x5048      	MOVF        FloatToStr_dexpon_L0, 0 
0x0A80	0x0800      	SUBLW       0
0x0A82	0x6E48      	MOVWF       FloatToStr_dexpon_L0 
;__Lib_Conversions.c,609 :: 		
L_FloatToStr110:
;__Lib_Conversions.c,610 :: 		
0x0A84	0xF042C048  	MOVFF       FloatToStr_dexpon_L0, FloatToStr_d_L0
;__Lib_Conversions.c,611 :: 		
0x0A88	0x0E80      	MOVLW       128
0x0A8A	0x0A09      	XORLW       9
0x0A8C	0x6E00      	MOVWF       R0 
0x0A8E	0x0E80      	MOVLW       128
0x0A90	0x1848      	XORWF       FloatToStr_dexpon_L0, 0 
0x0A92	0x5C00      	SUBWF       R0, 0 
0x0A94	0xE20F      	BC          L_FloatToStr111
;__Lib_Conversions.c,612 :: 		
0x0A96	0x0E0A      	MOVLW       10
0x0A98	0x6E04      	MOVWF       R4 
0x0A9A	0xF000C042  	MOVFF       FloatToStr_d_L0, R0
0x0A9E	0xF001EC16  	CALL        _Div_8X8_S, 0
0x0AA2	0xFFE1C03F  	MOVFF       FARG_FloatToStr_str, FSR1L
0x0AA6	0xFFE2C040  	MOVFF       FARG_FloatToStr_str+1, FSR1H
0x0AAA	0x5000      	MOVF        R0, 0 
0x0AAC	0x0F30      	ADDLW       48
0x0AAE	0x6EE6      	MOVWF       POSTINC1 
0x0AB0	0x4A3F      	INFSNZ      FARG_FloatToStr_str, 1 
0x0AB2	0x2A40      	INCF        FARG_FloatToStr_str+1, 1 
L_FloatToStr111:
;__Lib_Conversions.c,613 :: 		
0x0AB4	0x0E0A      	MOVLW       10
0x0AB6	0x6E04      	MOVWF       R4 
0x0AB8	0xF000C042  	MOVFF       FloatToStr_d_L0, R0
0x0ABC	0xF001EC16  	CALL        _Div_8X8_S, 0
0x0AC0	0xF000C008  	MOVFF       R8, R0
0x0AC4	0xFFE1C03F  	MOVFF       FARG_FloatToStr_str, FSR1L
0x0AC8	0xFFE2C040  	MOVFF       FARG_FloatToStr_str+1, FSR1H
0x0ACC	0x5000      	MOVF        R0, 0 
0x0ACE	0x0F30      	ADDLW       48
0x0AD0	0x6EE6      	MOVWF       POSTINC1 
0x0AD2	0x4A3F      	INFSNZ      FARG_FloatToStr_str, 1 
0x0AD4	0x2A40      	INCF        FARG_FloatToStr_str+1, 1 
;__Lib_Conversions.c,614 :: 		
L_FloatToStr109:
;__Lib_Conversions.c,615 :: 		
0x0AD6	0xFFE1C03F  	MOVFF       FARG_FloatToStr_str, FSR1L
0x0ADA	0xFFE2C040  	MOVFF       FARG_FloatToStr_str+1, FSR1H
0x0ADE	0x6AE6      	CLRF        POSTINC1 
;__Lib_Conversions.c,616 :: 		
0x0AE0	0x6A00      	CLRF        R0 
;__Lib_Conversions.c,617 :: 		
L_end_FloatToStr:
0x0AE2	0x0012      	RETURN      0
; end of _FloatToStr
_word2double:
;__Lib_MathDouble.c,2335 :: 		
;__Lib_MathDouble.c,2344 :: 		
0x0AE4	0x5000      	MOVF        R0, 0, 0
;__Lib_MathDouble.c,2345 :: 		
0x0AE6	0x6E08      	MOVWF       R8, 0
;__Lib_MathDouble.c,2346 :: 		
0x0AE8	0x5001      	MOVF        R1, 0, 0
;__Lib_MathDouble.c,2347 :: 		
0x0AEA	0x6E00      	MOVWF       R0, 0
;__Lib_MathDouble.c,2348 :: 		
0x0AEC	0x6A01      	CLRF        R1, 0
;__Lib_MathDouble.c,2349 :: 		
0x0AEE	0x6A02      	CLRF        R2, 0
;__Lib_MathDouble.c,2350 :: 		
0x0AF0	0x6A03      	CLRF        R3, 0
;__Lib_MathDouble.c,2353 :: 		
0x0AF2	0x6A0B      	CLRF        R11, 0
;__Lib_MathDouble.c,2354 :: 		
0x0AF4	0x6A0C      	CLRF        R12, 0
;__Lib_MathDouble.c,2356 :: 		
0x0AF6	0x0E96      	MOVLW       150
;__Lib_MathDouble.c,2357 :: 		
0x0AF8	0x6E03      	MOVWF       R3, 0
;__Lib_MathDouble.c,2358 :: 		
0x0AFA	0x6A0A      	CLRF        R10, 0
;__Lib_MathDouble.c,2360 :: 		
0x0AFC	0xF001C000  	MOVFF       R0, R1
;__Lib_MathDouble.c,2361 :: 		
0x0B00	0xF000C008  	MOVFF       R8, R0
;__Lib_MathDouble.c,2362 :: 		
0x0B04	0x6A08      	CLRF        R8, 0
;__Lib_MathDouble.c,2363 :: 		
0x0B06	0x6A02      	CLRF        R2, 0
;__Lib_MathDouble.c,2365 :: 		
0x0B08	0xDC70      	RCALL       _NRM3232
;__Lib_MathDouble.c,2366 :: 		
L_end_word2double:
0x0B0A	0x0012      	RETURN      0
; end of _word2double
_Lcd_Out:
;__Lib_Lcd.c,184 :: 		
;__Lib_Lcd.c,187 :: 		
0x0B0C	0xD00F      	BRA         L_Lcd_Out11
;__Lib_Lcd.c,188 :: 		
L_Lcd_Out13:
0x0B0E	0x0E80      	MOVLW       128
0x0B10	0x6E3B      	MOVWF       FARG_Lcd_Out_row 
0x0B12	0xD019      	BRA         L_Lcd_Out12
;__Lib_Lcd.c,189 :: 		
L_Lcd_Out14:
0x0B14	0x0EC0      	MOVLW       192
0x0B16	0x6E3B      	MOVWF       FARG_Lcd_Out_row 
0x0B18	0xD016      	BRA         L_Lcd_Out12
;__Lib_Lcd.c,190 :: 		
L_Lcd_Out15:
0x0B1A	0x0E94      	MOVLW       148
0x0B1C	0x6E3B      	MOVWF       FARG_Lcd_Out_row 
0x0B1E	0xD013      	BRA         L_Lcd_Out12
;__Lib_Lcd.c,191 :: 		
L_Lcd_Out16:
0x0B20	0x0ED4      	MOVLW       212
0x0B22	0x6E3B      	MOVWF       FARG_Lcd_Out_row 
0x0B24	0xD010      	BRA         L_Lcd_Out12
;__Lib_Lcd.c,192 :: 		
L_Lcd_Out17:
0x0B26	0x0E80      	MOVLW       128
0x0B28	0x6E3B      	MOVWF       FARG_Lcd_Out_row 
;__Lib_Lcd.c,193 :: 		
0x0B2A	0xD00D      	BRA         L_Lcd_Out12
L_Lcd_Out11:
0x0B2C	0x503B      	MOVF        FARG_Lcd_Out_row, 0 
0x0B2E	0x0A01      	XORLW       1
0x0B30	0xE0EE      	BZ          L_Lcd_Out13
0x0B32	0x503B      	MOVF        FARG_Lcd_Out_row, 0 
0x0B34	0x0A02      	XORLW       2
0x0B36	0xE0EE      	BZ          L_Lcd_Out14
0x0B38	0x503B      	MOVF        FARG_Lcd_Out_row, 0 
0x0B3A	0x0A03      	XORLW       3
0x0B3C	0xE0EE      	BZ          L_Lcd_Out15
0x0B3E	0x503B      	MOVF        FARG_Lcd_Out_row, 0 
0x0B40	0x0A04      	XORLW       4
0x0B42	0xE0EE      	BZ          L_Lcd_Out16
0x0B44	0xD7F0      	BRA         L_Lcd_Out17
L_Lcd_Out12:
;__Lib_Lcd.c,194 :: 		
0x0B46	0x043C      	DECF        FARG_Lcd_Out_column, 0 
0x0B48	0x6E00      	MOVWF       R0 
0x0B4A	0x503B      	MOVF        FARG_Lcd_Out_row, 0 
0x0B4C	0x2600      	ADDWF       R0, 1 
0x0B4E	0xF03BC000  	MOVFF       R0, FARG_Lcd_Out_row
;__Lib_Lcd.c,196 :: 		
0x0B52	0xF04DC000  	MOVFF       R0, FARG_Lcd_Cmd_out_char
0x0B56	0xF000EC38  	CALL        _Lcd_Cmd, 0
;__Lib_Lcd.c,197 :: 		
0x0B5A	0x902C      	BCF         __Lib_Lcd_cmd_status, BitPos(__Lib_Lcd_cmd_status+0) 
;__Lib_Lcd.c,198 :: 		
0x0B5C	0x6A3F      	CLRF        Lcd_Out_i_L0 
;__Lib_Lcd.c,199 :: 		
L_Lcd_Out18:
0x0B5E	0x503F      	MOVF        Lcd_Out_i_L0, 0 
0x0B60	0x243D      	ADDWF       FARG_Lcd_Out_text, 0 
0x0B62	0x6EE9      	MOVWF       FSR0L 
0x0B64	0x0E00      	MOVLW       0
0x0B66	0x203E      	ADDWFC      FARG_Lcd_Out_text+1, 0 
0x0B68	0x6EEA      	MOVWF       FSR0L+1 
0x0B6A	0x52EE      	MOVF        POSTINC0, 1 
0x0B6C	0xE00C      	BZ          L_Lcd_Out19
;__Lib_Lcd.c,200 :: 		
0x0B6E	0x503F      	MOVF        Lcd_Out_i_L0, 0 
0x0B70	0x243D      	ADDWF       FARG_Lcd_Out_text, 0 
0x0B72	0x6EE9      	MOVWF       FSR0L 
0x0B74	0x0E00      	MOVLW       0
0x0B76	0x203E      	ADDWFC      FARG_Lcd_Out_text+1, 0 
0x0B78	0x6EEA      	MOVWF       FSR0L+1 
0x0B7A	0xF049CFEE  	MOVFF       POSTINC0, FARG_Lcd_Chr_CP_out_char
0x0B7E	0xF001EC10  	CALL        _Lcd_Chr_CP, 0
0x0B82	0x2A3F      	INCF        Lcd_Out_i_L0, 1 
0x0B84	0xD7EC      	BRA         L_Lcd_Out18
L_Lcd_Out19:
;__Lib_Lcd.c,201 :: 		
0x0B86	0x802C      	BSF         __Lib_Lcd_cmd_status, BitPos(__Lib_Lcd_cmd_status+0) 
;__Lib_Lcd.c,202 :: 		
L_end_Lcd_Out:
0x0B88	0x0012      	RETURN      0
; end of _Lcd_Out
_main:
0x0B8A	0xF006EC31  	CALL        3170, 0
;unit02_05_temp_LM35.c,103 :: 		void main(){
;unit02_05_temp_LM35.c,111 :: 		ADCON1 |= 0X0F;                     // Config all ADC's pins as digital
0x0B8E	0x0E0F      	MOVLW       15
0x0B90	0x12C1      	IORWF       ADCON1, 1 
;unit02_05_temp_LM35.c,114 :: 		Lcd_Init();                              // Initialize LCD
0x0B92	0xDC95      	RCALL       _Lcd_Init
;unit02_05_temp_LM35.c,116 :: 		Lcd_Cmd(_LCD_CLEAR);                     // Clear display
0x0B94	0x0E01      	MOVLW       1
0x0B96	0x6E4D      	MOVWF       FARG_Lcd_Cmd_out_char 
0x0B98	0xF000EC38  	CALL        _Lcd_Cmd, 0
;unit02_05_temp_LM35.c,117 :: 		Lcd_Cmd(_LCD_CURSOR_OFF);                // Cursor off
0x0B9C	0x0E0C      	MOVLW       12
0x0B9E	0x6E4D      	MOVWF       FARG_Lcd_Cmd_out_char 
0x0BA0	0xF000EC38  	CALL        _Lcd_Cmd, 0
;unit02_05_temp_LM35.c,120 :: 		for(;;)
L_main0:
;unit02_05_temp_LM35.c,122 :: 		temp = ADc_Read(2);                 // Read from channel 2
0x0BA4	0x0E02      	MOVLW       2
0x0BA6	0x6E3B      	MOVWF       FARG_ADC_Read_channel 
0x0BA8	0xDC6B      	RCALL       _ADC_Read
;unit02_05_temp_LM35.c,123 :: 		mV = temp * 5000.0/1024.0;          // Convert to mV
0x0BAA	0xDF9C      	RCALL       _word2double
0x0BAC	0x0E00      	MOVLW       0
0x0BAE	0x6E04      	MOVWF       R4 
0x0BB0	0x0E40      	MOVLW       64
0x0BB2	0x6E05      	MOVWF       R5 
0x0BB4	0x0E1C      	MOVLW       28
0x0BB6	0x6E06      	MOVWF       R6 
0x0BB8	0x0E8B      	MOVLW       139
0x0BBA	0x6E07      	MOVWF       R7 
0x0BBC	0xF001EC65  	CALL        _Mul_32x32_FP, 0
0x0BC0	0x0E00      	MOVLW       0
0x0BC2	0x6E04      	MOVWF       R4 
0x0BC4	0x0E00      	MOVLW       0
0x0BC6	0x6E05      	MOVWF       R5 
0x0BC8	0x0E00      	MOVLW       0
0x0BCA	0x6E06      	MOVWF       R6 
0x0BCC	0x0E89      	MOVLW       137
0x0BCE	0x6E07      	MOVWF       R7 
0x0BD0	0xDCC1      	RCALL       _Div_32x32_FP
;unit02_05_temp_LM35.c,124 :: 		mV = mV/10.0;                       // mV is now the Degrees C
0x0BD2	0x0E00      	MOVLW       0
0x0BD4	0x6E04      	MOVWF       R4 
0x0BD6	0x0E00      	MOVLW       0
0x0BD8	0x6E05      	MOVWF       R5 
0x0BDA	0x0E20      	MOVLW       32
0x0BDC	0x6E06      	MOVWF       R6 
0x0BDE	0x0E82      	MOVLW       130
0x0BE0	0x6E07      	MOVWF       R7 
0x0BE2	0xDCB8      	RCALL       _Div_32x32_FP
;unit02_05_temp_LM35.c,125 :: 		floatToStr(mV, txt);                // Convert to string
0x0BE4	0xF03BC000  	MOVFF       R0, FARG_FloatToStr_fnum
0x0BE8	0xF03CC001  	MOVFF       R1, FARG_FloatToStr_fnum+1
0x0BEC	0xF03DC002  	MOVFF       R2, FARG_FloatToStr_fnum+2
0x0BF0	0xF03EC003  	MOVFF       R3, FARG_FloatToStr_fnum+3
0x0BF4	0x0E2D      	MOVLW       main_txt_L0
0x0BF6	0x6E3F      	MOVWF       FARG_FloatToStr_str 
0x0BF8	0x0E00      	MOVLW       hi_addr(main_txt_L0)
0x0BFA	0x6E40      	MOVWF       FARG_FloatToStr_str+1 
0x0BFC	0xDD65      	RCALL       _FloatToStr
;unit02_05_temp_LM35.c,126 :: 		Lcd_cmd(_LCD_CLEAR);                // Clear LCD
0x0BFE	0x0E01      	MOVLW       1
0x0C00	0x6E4D      	MOVWF       FARG_Lcd_Cmd_out_char 
0x0C02	0xF000EC38  	CALL        _Lcd_Cmd, 0
;unit02_05_temp_LM35.c,127 :: 		Lcd_out(1,1,"Temperature");         // Display heading
0x0C06	0x0E01      	MOVLW       1
0x0C08	0x6E3B      	MOVWF       FARG_Lcd_Out_row 
0x0C0A	0x0E01      	MOVLW       1
0x0C0C	0x6E3C      	MOVWF       FARG_Lcd_Out_column 
0x0C0E	0x0E16      	MOVLW       ?lstr1_unit02_05_temp_LM35
0x0C10	0x6E3D      	MOVWF       FARG_Lcd_Out_text 
0x0C12	0x0E00      	MOVLW       hi_addr(?lstr1_unit02_05_temp_LM35)
0x0C14	0x6E3E      	MOVWF       FARG_Lcd_Out_text+1 
0x0C16	0xDF7A      	RCALL       _Lcd_Out
;unit02_05_temp_LM35.c,128 :: 		Lcd_Out(2,1,Txt);                   // Display temperature
0x0C18	0x0E02      	MOVLW       2
0x0C1A	0x6E3B      	MOVWF       FARG_Lcd_Out_row 
0x0C1C	0x0E01      	MOVLW       1
0x0C1E	0x6E3C      	MOVWF       FARG_Lcd_Out_column 
0x0C20	0x0E2D      	MOVLW       main_txt_L0
0x0C22	0x6E3D      	MOVWF       FARG_Lcd_Out_text 
0x0C24	0x0E00      	MOVLW       hi_addr(main_txt_L0)
0x0C26	0x6E3E      	MOVWF       FARG_Lcd_Out_text+1 
0x0C28	0xDF71      	RCALL       _Lcd_Out
;unit02_05_temp_LM35.c,129 :: 		Delay_ms(1000);                     // Wait 1 s and repeat}
0x0C2A	0x0E0B      	MOVLW       11
0x0C2C	0x6E0B      	MOVWF       R11, 0
0x0C2E	0x0E26      	MOVLW       38
0x0C30	0x6E0C      	MOVWF       R12, 0
0x0C32	0x0E5D      	MOVLW       93
0x0C34	0x6E0D      	MOVWF       R13, 0
L_main3:
0x0C36	0x2E0D      	DECFSZ      R13, 1, 0
0x0C38	0xD7FE      	BRA         L_main3
0x0C3A	0x2E0C      	DECFSZ      R12, 1, 0
0x0C3C	0xD7FC      	BRA         L_main3
0x0C3E	0x2E0B      	DECFSZ      R11, 1, 0
0x0C40	0xD7FA      	BRA         L_main3
0x0C42	0x0000      	NOP
0x0C44	0x0000      	NOP
;unit02_05_temp_LM35.c,130 :: 		}
0x0C46	0xD7AE      	BRA         L_main0
;unit02_05_temp_LM35.c,131 :: 		}
L_end_main:
0x0C48	0xD7FF      	BRA         $+0
; end of _main
0x0C62	0xF015EE10  	LFSR        1, 21
0x0C66	0x0E17      	MOVLW       23
0x0C68	0x6E00      	MOVWF       R0 
0x0C6A	0x0E01      	MOVLW       1
0x0C6C	0x6E01      	MOVWF       R1 
0x0C6E	0x0E4A      	MOVLW       74
0x0C70	0x6EF6      	MOVWF       TBLPTR 
0x0C72	0x0E0C      	MOVLW       12
0x0C74	0x6EF7      	MOVWF       TBLPTRH 
0x0C76	0x0E00      	MOVLW       0
0x0C78	0x6EF8      	MOVWF       TBLPTRU 
0x0C7A	0xF002EC38  	CALL        1136, 0
0x0C7E	0x0012      	RETURN      0
;__Lib_ADC_A_D.c,0 :: ?ICS_vref_mask
0x0C4A	0x30 ;?ICS_vref_mask+0
; end of ?ICS_vref_mask
;unit02_05_temp_LM35.c,0 :: ?ICS?lstr1_unit02_05_temp_LM35
0x0C4B	0x6554 ;?ICS?lstr1_unit02_05_temp_LM35+0
0x0C4D	0x706D ;?ICS?lstr1_unit02_05_temp_LM35+2
0x0C4F	0x7265 ;?ICS?lstr1_unit02_05_temp_LM35+4
0x0C51	0x7461 ;?ICS?lstr1_unit02_05_temp_LM35+6
0x0C53	0x7275 ;?ICS?lstr1_unit02_05_temp_LM35+8
0x0C55	0x0065 ;?ICS?lstr1_unit02_05_temp_LM35+10
; end of ?ICS?lstr1_unit02_05_temp_LM35
;__Lib_Conversions.c,0 :: ?ICS?lstr1___Lib_Conversions
0x0C57	0x614E ;?ICS?lstr1___Lib_Conversions+0
0x0C59	0x004E ;?ICS?lstr1___Lib_Conversions+2
; end of ?ICS?lstr1___Lib_Conversions
;__Lib_Conversions.c,0 :: ?ICS?lstr2___Lib_Conversions
0x0C5B	0x0030 ;?ICS?lstr2___Lib_Conversions+0
; end of ?ICS?lstr2___Lib_Conversions
;__Lib_Conversions.c,0 :: ?ICS?lstr3___Lib_Conversions
0x0C5D	0x4E49 ;?ICS?lstr3___Lib_Conversions+0
0x0C5F	0x0046 ;?ICS?lstr3___Lib_Conversions+2
; end of ?ICS?lstr3___Lib_Conversions
Symbol List:
//** Routines locations **
//ADDRESS    SIZE    PROCEDURE
//----------------------------------------------
0x001C       [6]    _Delay_1us
0x0022      [22]    _Delay_5500us
0x0038      [10]    _Delay_50us
0x0042      [14]    _RES032
0x0050      [24]    _SETFOV32
0x0068       [8]    _FIXSIGN32
0x0070     [124]    _Lcd_Cmd
0x00EC      [26]    _SETFUN32
0x0106      [76]    _strcpy
0x0152     [206]    _Compare_Double
0x0220      [12]    _Lcd_Chr_CP
0x022C     [158]    _Div_8X8_S
0x02CA     [288]    _Mul_32x32_FP
0x03EA     [114]    _NRM3232
0x045C      [12]    _Delay_22us
0x0468       [8]    _SETFDZ32
0x0470      [16]    ___CC2DW
0x0480      [62]    _ADC_Read
0x04BE     [150]    _Lcd_Init
0x0554     [372]    _Div_32x32_FP
0x06C8    [1052]    _FloatToStr
0x0AE4      [40]    _word2double
0x0B0C     [126]    _Lcd_Out
0x0B8A     [192]    _main
//** Variables locations ** 
//ADDRESS    SIZE    VARIABLE
//----------------------------------------------
0x0000       [1]    R0
0x0001       [1]    R1
0x0002       [2]    strlen_cp_L0
0x0002       [1]    R2
0x0002       [2]    memchr_s_L0
0x0002       [2]    memset_pp_L0
0x0002       [2]    memcpy_dd_L0
0x0003       [2]    Ltrim_original_L0
0x0003       [2]    memmove_tt_L0
0x0003       [1]    R3
0x0004       [1]    R4
0x0004       [2]    strncpy_cp_L0
0x0004       [2]    strcpy_cp_L0
0x0004       [2]    strncat_cp_L0
0x0004       [2]    memcpy_ss_L0
0x0004       [2]    strcat_cp_L0
0x0005       [2]    memmove_ff_L0
0x0005       [2]    Ltrim_p_L0
0x0005       [1]    R5
0x0005       [2]    LongIntToHex_input_half_L0
0x0005       [2]    LongWordToHex_input_half_L0
0x0006       [1]    R6
0x0007       [1]    R7
0x0008       [1]    R8
0x0009       [1]    R9
0x000A       [1]    R10
0x000B       [1]    R11
0x000C       [1]    R12
0x000D       [1]    R13
0x000E       [1]    R14
0x000F       [1]    R15
0x0010       [1]    R16
0x0011       [1]    R17
0x0012       [1]    R18
0x0013       [1]    R19
0x0014       [1]    R20
0x0015       [1]    _vref_mask
0x0016      [12]    ?lstr1_unit02_05_temp_LM35
0x0022       [4]    ?lstr1___Lib_Conversions
0x0026       [2]    ?lstr2___Lib_Conversions
0x0028       [4]    ?lstr3___Lib_Conversions
0x002C       [0]    __Lib_Lcd_cmd_status
0x002D      [14]    main_txt_L0
0x003B       [1]    FARG_ADC_Read_channel
0x003B       [1]    FARG_Lcd_Out_row
0x003B       [4]    FARG_FloatToStr_fnum
0x003C       [1]    FARG_Lcd_Out_column
0x003D       [2]    FARG_Lcd_Out_text
0x003F       [1]    Lcd_Out_i_L0
0x003F       [2]    FARG_FloatToStr_str
0x0041       [1]    FloatToStr_i_L0
0x0042       [1]    FloatToStr_d_L0
0x0043       [4]    FloatToStr_un_L0
0x0047       [1]    FloatToStr_bpoint_L0
0x0048       [1]    FloatToStr_dexpon_L0
0x0049       [2]    FARG_strcpy_to
0x0049       [1]    FARG_Lcd_Chr_CP_out_char
0x004B       [2]    FARG_strcpy_from
0x004D       [1]    FARG_Lcd_Cmd_out_char
0x0F8C       [0]    LCD_D6
0x0F8C       [0]    LCD_D7
0x0F8C       [0]    LCD_D4
0x0F8C       [0]    LCD_D5
0x0F8C       [0]    LATD5_bit
0x0F8C       [0]    LATD4_bit
0x0F8C       [0]    LATD6_bit
0x0F8C       [0]    LATD7_bit
0x0F8D       [0]    LCD_RS
0x0F8D       [0]    LCD_EN
0x0F8D       [0]    LATE2_bit
0x0F8D       [0]    LATE1_bit
0x0F95       [0]    TRISD6_bit
0x0F95       [0]    TRISD5_bit
0x0F95       [0]    TRISD4_bit
0x0F95       [0]    TRISD7_bit
0x0F95       [0]    LCD_D6_Direction
0x0F95       [0]    LCD_D4_Direction
0x0F95       [0]    LCD_D7_Direction
0x0F95       [0]    LCD_D5_Direction
0x0F96       [0]    LCD_EN_Direction
0x0F96       [0]    LCD_RS_Direction
0x0F96       [0]    TRISE1_bit
0x0F96       [0]    TRISE2_bit
0x0FC0       [1]    ADCON2
0x0FC1       [1]    ADCON1
0x0FC2       [1]    ADCON0
0x0FC3       [1]    ADRESL
0x0FC4       [1]    ADRESH
0x0FD8       [1]    STATUS
0x0FD9       [1]    FSR2L
0x0FDA       [1]    FSR2H
0x0FDE       [1]    POSTINC2
0x0FE0       [1]    BSR
0x0FE1       [1]    FSR1L
0x0FE2       [1]    FSR1H
0x0FE4       [1]    PREINC1
0x0FE6       [1]    POSTINC1
0x0FE7       [1]    INDF1
0x0FE8       [1]    WREG
0x0FE9       [1]    FSR0L
0x0FEA       [1]    FSR0H
0x0FEE       [1]    POSTINC0
0x0FF3       [1]    PRODL
0x0FF4       [1]    PRODH
0x0FF5       [1]    TABLAT
0x0FF6       [1]    TBLPTRL
0x0FF6       [3]    TBLPTR
0x0FF7       [1]    TBLPTRH
0x0FF8       [1]    TBLPTRU
//** Constants locations ** 
//ADDRESS    SIZE    CONSTANT
//----------------------------------------------
0x0C4A       [1]    ?ICS_vref_mask
0x0C4B      [12]    ?ICS?lstr1_unit02_05_temp_LM35
0x0C57       [4]    ?ICS?lstr1___Lib_Conversions
0x0C5B       [2]    ?ICS?lstr2___Lib_Conversions
0x0C5D       [4]    ?ICS?lstr3___Lib_Conversions
