;  LST file generated by mikroListExporter - v.2.0 
; Date/Time: 31/12/2019 09:25:06
;----------------------------------------------

;Address Opcode 	ASM
0x0000	0xF001EFB0  	GOTO        864
_INTERRUPTION_HIGH:
;unit06_02_capture16th.c,110 :: 		void INTERRUPTION_HIGH() iv 0x0008 ics ICS_AUTO {
0x0008	0xF017C000  	MOVFF       R0, 23
0x000C	0xF016C001  	MOVFF       R1, 22
0x0010	0xF015C002  	MOVFF       R2, 21
;unit06_02_capture16th.c,111 :: 		if(PIR1.CCP1IF == 1)
0x0014	0xA49E      	BTFSS       PIR1, 2 
0x0016	0xD03C      	BRA         L_INTERRUPTION_HIGH0
;unit06_02_capture16th.c,113 :: 		if(_state == T1)
0x0018	0x5018      	MOVF        __state, 0 
0x001A	0x0A00      	XORLW       0
0x001C	0xE11B      	BNZ         L_INTERRUPTION_HIGH1
;unit06_02_capture16th.c,117 :: 		ONE.BYTE[0] = CCPR1L;        // using union struct
0x001E	0xF023CFBE  	MOVFF       CCPR1L, _ONE
;unit06_02_capture16th.c,118 :: 		ONE.BYTE[1]= CCPR1H;         // easy, right?
0x0022	0xF024CFBF  	MOVFF       CCPR1H, _ONE+1
;unit06_02_capture16th.c,119 :: 		t1 = ONE.INTEGER/16;         // t1: first sampling
0x0026	0xF000C023  	MOVFF       _ONE, R0
0x002A	0xF001C024  	MOVFF       _ONE+1, R1
0x002E	0x3201      	RRCF        R1, 1 
0x0030	0x3200      	RRCF        R0, 1 
0x0032	0x9E01      	BCF         R1, 7 
0x0034	0x3201      	RRCF        R1, 1 
0x0036	0x3200      	RRCF        R0, 1 
0x0038	0x9E01      	BCF         R1, 7 
0x003A	0x3201      	RRCF        R1, 1 
0x003C	0x3200      	RRCF        R0, 1 
0x003E	0x9E01      	BCF         R1, 7 
0x0040	0x3201      	RRCF        R1, 1 
0x0042	0x3200      	RRCF        R0, 1 
0x0044	0x9E01      	BCF         R1, 7 
0x0046	0xF027C000  	MOVFF       R0, _t1
0x004A	0xF028C001  	MOVFF       R1, _t1+1
;unit06_02_capture16th.c,120 :: 		_state = T2;                 // jump to the next state T2
0x004E	0x0E01      	MOVLW       1
0x0050	0x6E18      	MOVWF       __state 
;unit06_02_capture16th.c,121 :: 		}
0x0052	0xD01D      	BRA         L_INTERRUPTION_HIGH2
L_INTERRUPTION_HIGH1:
;unit06_02_capture16th.c,122 :: 		else if(_state == T2)
0x0054	0x5018      	MOVF        __state, 0 
0x0056	0x0A01      	XORLW       1
0x0058	0xE11A      	BNZ         L_INTERRUPTION_HIGH3
;unit06_02_capture16th.c,125 :: 		ONE.BYTE[0] = CCPR1L;
0x005A	0xF023CFBE  	MOVFF       CCPR1L, _ONE
;unit06_02_capture16th.c,126 :: 		ONE.BYTE[1]= CCPR1H;
0x005E	0xF024CFBF  	MOVFF       CCPR1H, _ONE+1
;unit06_02_capture16th.c,127 :: 		t2 = ONE.INTEGER/16;         // T2: second sampling
0x0062	0xF000C023  	MOVFF       _ONE, R0
0x0066	0xF001C024  	MOVFF       _ONE+1, R1
0x006A	0x3201      	RRCF        R1, 1 
0x006C	0x3200      	RRCF        R0, 1 
0x006E	0x9E01      	BCF         R1, 7 
0x0070	0x3201      	RRCF        R1, 1 
0x0072	0x3200      	RRCF        R0, 1 
0x0074	0x9E01      	BCF         R1, 7 
0x0076	0x3201      	RRCF        R1, 1 
0x0078	0x3200      	RRCF        R0, 1 
0x007A	0x9E01      	BCF         R1, 7 
0x007C	0x3201      	RRCF        R1, 1 
0x007E	0x3200      	RRCF        R0, 1 
0x0080	0x9E01      	BCF         R1, 7 
0x0082	0xF025C000  	MOVFF       R0, _t2
0x0086	0xF026C001  	MOVFF       R1, _t2+1
;unit06_02_capture16th.c,128 :: 		_state = T1;                 // jump to the previews state T1
0x008A	0x6A18      	CLRF        __state 
;unit06_02_capture16th.c,130 :: 		PIE1.CCP1IE = 0;
0x008C	0x949D      	BCF         PIE1, 2 
;unit06_02_capture16th.c,131 :: 		}
L_INTERRUPTION_HIGH3:
L_INTERRUPTION_HIGH2:
;unit06_02_capture16th.c,133 :: 		PIR1.CCP1IF = 0;                  // Flag is cleared
0x008E	0x949E      	BCF         PIR1, 2 
;unit06_02_capture16th.c,134 :: 		}
L_INTERRUPTION_HIGH0:
;unit06_02_capture16th.c,135 :: 		}
L_end_INTERRUPTION_HIGH:
L__INTERRUPTION_HIGH9:
0x0090	0xF000C017  	MOVFF       23, R0
0x0094	0xF001C016  	MOVFF       22, R1
0x0098	0xF002C015  	MOVFF       21, R2
0x009C	0x0011      	RETFIE      1
; end of _INTERRUPTION_HIGH
_Delay_5500us:
;__Lib_Delays.c,31 :: 		void Delay_5500us() {
;__Lib_Delays.c,32 :: 		Delay_us(5500);
0x009E	0x0E0F      	MOVLW       15
0x00A0	0x6E0C      	MOVWF       R12, 0
0x00A2	0x0E47      	MOVLW       71
0x00A4	0x6E0D      	MOVWF       R13, 0
L_Delay_5500us5:
0x00A6	0x2E0D      	DECFSZ      R13, 1, 0
0x00A8	0xD7FE      	BRA         L_Delay_5500us5
0x00AA	0x2E0C      	DECFSZ      R12, 1, 0
0x00AC	0xD7FC      	BRA         L_Delay_5500us5
0x00AE	0x0000      	NOP
0x00B0	0x0000      	NOP
;__Lib_Delays.c,33 :: 		}
L_end_Delay_5500us:
0x00B2	0x0012      	RETURN      0
; end of _Delay_5500us
_Delay_1us:
;__Lib_Delays.c,7 :: 		void Delay_1us() {
;__Lib_Delays.c,8 :: 		Delay_us(1);
0x00B4	0x0000      	NOP
0x00B6	0x0000      	NOP
;__Lib_Delays.c,9 :: 		}
L_end_Delay_1us:
0x00B8	0x0012      	RETURN      0
; end of _Delay_1us
_Delay_50us:
;__Lib_Delays.c,19 :: 		void Delay_50us() {
;__Lib_Delays.c,20 :: 		Delay_us(50);
0x00BA	0x0E21      	MOVLW       33
0x00BC	0x6E0D      	MOVWF       R13, 0
L_Delay_50us2:
0x00BE	0x2E0D      	DECFSZ      R13, 1, 0
0x00C0	0xD7FE      	BRA         L_Delay_50us2
;__Lib_Delays.c,21 :: 		}
L_end_Delay_50us:
0x00C2	0x0012      	RETURN      0
; end of _Delay_50us
_Lcd_Cmd:
;__Lib_Lcd.c,18 :: 		
;__Lib_Lcd.c,20 :: 		
0x00C4	0xBE3B      	BTFSC       FARG_Lcd_Cmd_out_char, 7 
0x00C6	0xD002      	BRA         L__Lcd_Cmd21
0x00C8	0x9E8C      	BCF         LCD_D7, BitPos(LCD_D7+0) 
0x00CA	0xD001      	BRA         L__Lcd_Cmd22
L__Lcd_Cmd21:
0x00CC	0x8E8C      	BSF         LCD_D7, BitPos(LCD_D7+0) 
L__Lcd_Cmd22:
;__Lib_Lcd.c,21 :: 		
0x00CE	0xBC3B      	BTFSC       FARG_Lcd_Cmd_out_char, 6 
0x00D0	0xD002      	BRA         L__Lcd_Cmd23
0x00D2	0x9C8C      	BCF         LCD_D6, BitPos(LCD_D6+0) 
0x00D4	0xD001      	BRA         L__Lcd_Cmd24
L__Lcd_Cmd23:
0x00D6	0x8C8C      	BSF         LCD_D6, BitPos(LCD_D6+0) 
L__Lcd_Cmd24:
;__Lib_Lcd.c,22 :: 		
0x00D8	0xBA3B      	BTFSC       FARG_Lcd_Cmd_out_char, 5 
0x00DA	0xD002      	BRA         L__Lcd_Cmd25
0x00DC	0x9A8C      	BCF         LCD_D5, BitPos(LCD_D5+0) 
0x00DE	0xD001      	BRA         L__Lcd_Cmd26
L__Lcd_Cmd25:
0x00E0	0x8A8C      	BSF         LCD_D5, BitPos(LCD_D5+0) 
L__Lcd_Cmd26:
;__Lib_Lcd.c,23 :: 		
0x00E2	0xB83B      	BTFSC       FARG_Lcd_Cmd_out_char, 4 
0x00E4	0xD002      	BRA         L__Lcd_Cmd27
0x00E6	0x988C      	BCF         LCD_D4, BitPos(LCD_D4+0) 
0x00E8	0xD001      	BRA         L__Lcd_Cmd28
L__Lcd_Cmd27:
0x00EA	0x888C      	BSF         LCD_D4, BitPos(LCD_D4+0) 
L__Lcd_Cmd28:
;__Lib_Lcd.c,25 :: 		
0x00EC	0xB022      	BTFSC       __Lib_Lcd_cmd_status, BitPos(__Lib_Lcd_cmd_status+0) 
0x00EE	0xD002      	BRA         L__Lcd_Cmd29
0x00F0	0x848D      	BSF         LCD_RS, BitPos(LCD_RS+0) 
0x00F2	0xD001      	BRA         L__Lcd_Cmd30
L__Lcd_Cmd29:
0x00F4	0x948D      	BCF         LCD_RS, BitPos(LCD_RS+0) 
L__Lcd_Cmd30:
;__Lib_Lcd.c,28 :: 		
0x00F6	0x828D      	BSF         LCD_EN, BitPos(LCD_EN+0) 
;__Lib_Lcd.c,29 :: 		
0x00F8	0xDFDD      	RCALL       _Delay_1us
;__Lib_Lcd.c,30 :: 		
0x00FA	0x928D      	BCF         LCD_EN, BitPos(LCD_EN+0) 
;__Lib_Lcd.c,33 :: 		
0x00FC	0xB63B      	BTFSC       FARG_Lcd_Cmd_out_char, 3 
0x00FE	0xD002      	BRA         L__Lcd_Cmd31
0x0100	0x9E8C      	BCF         LCD_D7, BitPos(LCD_D7+0) 
0x0102	0xD001      	BRA         L__Lcd_Cmd32
L__Lcd_Cmd31:
0x0104	0x8E8C      	BSF         LCD_D7, BitPos(LCD_D7+0) 
L__Lcd_Cmd32:
;__Lib_Lcd.c,34 :: 		
0x0106	0xB43B      	BTFSC       FARG_Lcd_Cmd_out_char, 2 
0x0108	0xD002      	BRA         L__Lcd_Cmd33
0x010A	0x9C8C      	BCF         LCD_D6, BitPos(LCD_D6+0) 
0x010C	0xD001      	BRA         L__Lcd_Cmd34
L__Lcd_Cmd33:
0x010E	0x8C8C      	BSF         LCD_D6, BitPos(LCD_D6+0) 
L__Lcd_Cmd34:
;__Lib_Lcd.c,35 :: 		
0x0110	0xB23B      	BTFSC       FARG_Lcd_Cmd_out_char, 1 
0x0112	0xD002      	BRA         L__Lcd_Cmd35
0x0114	0x9A8C      	BCF         LCD_D5, BitPos(LCD_D5+0) 
0x0116	0xD001      	BRA         L__Lcd_Cmd36
L__Lcd_Cmd35:
0x0118	0x8A8C      	BSF         LCD_D5, BitPos(LCD_D5+0) 
L__Lcd_Cmd36:
;__Lib_Lcd.c,36 :: 		
0x011A	0xB03B      	BTFSC       FARG_Lcd_Cmd_out_char, 0 
0x011C	0xD002      	BRA         L__Lcd_Cmd37
0x011E	0x988C      	BCF         LCD_D4, BitPos(LCD_D4+0) 
0x0120	0xD001      	BRA         L__Lcd_Cmd38
L__Lcd_Cmd37:
0x0122	0x888C      	BSF         LCD_D4, BitPos(LCD_D4+0) 
L__Lcd_Cmd38:
;__Lib_Lcd.c,38 :: 		
0x0124	0xB022      	BTFSC       __Lib_Lcd_cmd_status, BitPos(__Lib_Lcd_cmd_status+0) 
0x0126	0xD002      	BRA         L__Lcd_Cmd39
0x0128	0x848D      	BSF         LCD_RS, BitPos(LCD_RS+0) 
0x012A	0xD001      	BRA         L__Lcd_Cmd40
L__Lcd_Cmd39:
0x012C	0x948D      	BCF         LCD_RS, BitPos(LCD_RS+0) 
L__Lcd_Cmd40:
;__Lib_Lcd.c,40 :: 		
0x012E	0x828D      	BSF         LCD_EN, BitPos(LCD_EN+0) 
;__Lib_Lcd.c,41 :: 		
0x0130	0xDFC1      	RCALL       _Delay_1us
;__Lib_Lcd.c,42 :: 		
0x0132	0x928D      	BCF         LCD_EN, BitPos(LCD_EN+0) 
;__Lib_Lcd.c,44 :: 		
0x0134	0xA022      	BTFSS       __Lib_Lcd_cmd_status, BitPos(__Lib_Lcd_cmd_status+0) 
0x0136	0xD002      	BRA         L_Lcd_Cmd0
;__Lib_Lcd.c,45 :: 		
0x0138	0xDFB2      	RCALL       _Delay_5500us
0x013A	0xD001      	BRA         L_Lcd_Cmd1
L_Lcd_Cmd0:
;__Lib_Lcd.c,47 :: 		
0x013C	0xDFBE      	RCALL       _Delay_50us
L_Lcd_Cmd1:
;__Lib_Lcd.c,48 :: 		
L_end_Lcd_Cmd:
0x013E	0x0012      	RETURN      0
; end of _Lcd_Cmd
_Lcd_Chr_CP:
;__Lib_Lcd.c,50 :: 		
;__Lib_Lcd.c,52 :: 		
0x0140	0x9022      	BCF         __Lib_Lcd_cmd_status, BitPos(__Lib_Lcd_cmd_status+0) 
;__Lib_Lcd.c,53 :: 		
0x0142	0xF03BC03A  	MOVFF       FARG_Lcd_Chr_CP_out_char, FARG_Lcd_Cmd_out_char
0x0146	0xDFBE      	RCALL       _Lcd_Cmd
;__Lib_Lcd.c,54 :: 		
0x0148	0x8022      	BSF         __Lib_Lcd_cmd_status, BitPos(__Lib_Lcd_cmd_status+0) 
;__Lib_Lcd.c,55 :: 		
L_end_Lcd_Chr_CP:
0x014A	0x0012      	RETURN      0
; end of _Lcd_Chr_CP
_Div_16X16_U:
;__Lib_Math.c,102 :: 		
;__Lib_Math.c,109 :: 		
0x014C	0x6A08      	CLRF        R8, 0
;__Lib_Math.c,110 :: 		
0x014E	0x6A09      	CLRF        R9, 0
;__Lib_Math.c,111 :: 		
0x0150	0x0E10      	MOVLW       16
;__Lib_Math.c,112 :: 		
0x0152	0x6E0C      	MOVWF       R12, 0
;__Lib_Math.c,113 :: 		
0x0154	0x3401      	RLCF        R1, 0, 0
;__Lib_Math.c,114 :: 		
0x0156	0x3608      	RLCF        R8, 1, 0
;__Lib_Math.c,115 :: 		
0x0158	0x3609      	RLCF        R9, 1, 0
;__Lib_Math.c,116 :: 		
0x015A	0x5004      	MOVF        R4, 0, 0
;__Lib_Math.c,117 :: 		
0x015C	0x5E08      	SUBWF       R8, 1, 0
;__Lib_Math.c,118 :: 		
0x015E	0x5005      	MOVF        R5, 0, 0
;__Lib_Math.c,119 :: 		
0x0160	0xA0D8      	BTFSS       STATUS, 0, 0
;__Lib_Math.c,120 :: 		
0x0162	0x3C05      	INCFSZ      R5, 0, 0
;__Lib_Math.c,121 :: 		
0x0164	0x5E09      	SUBWF       R9, 1, 0
;__Lib_Math.c,122 :: 		
0x0166	0xB0D8      	BTFSC       STATUS, 0, 0
;__Lib_Math.c,123 :: 		
0x0168	0xD007      	BRA         $+16
;__Lib_Math.c,124 :: 		
0x016A	0x5004      	MOVF        R4, 0, 0
;__Lib_Math.c,125 :: 		
0x016C	0x2608      	ADDWF       R8, 1, 0
;__Lib_Math.c,126 :: 		
0x016E	0x5005      	MOVF        R5, 0, 0
;__Lib_Math.c,127 :: 		
0x0170	0xB0D8      	BTFSC       STATUS, 0, 0
;__Lib_Math.c,128 :: 		
0x0172	0x3C05      	INCFSZ      R5, 0, 0
;__Lib_Math.c,129 :: 		
0x0174	0x2609      	ADDWF       R9, 1, 0
;__Lib_Math.c,130 :: 		
0x0176	0x90D8      	BCF         STATUS, 0, 0
;__Lib_Math.c,131 :: 		
0x0178	0x3600      	RLCF        R0, 1, 0
;__Lib_Math.c,132 :: 		
0x017A	0x3601      	RLCF        R1, 1, 0
;__Lib_Math.c,133 :: 		
0x017C	0x2E0C      	DECFSZ      R12, 1, 0
;__Lib_Math.c,134 :: 		
0x017E	0xD7EA      	BRA         $-42
;__Lib_Math.c,136 :: 		
L_end_Div_16X16_U:
0x0180	0x0012      	RETURN      0
; end of _Div_16X16_U
_WordToStr:
;__Lib_Conversions.c,98 :: 		
;__Lib_Conversions.c,103 :: 		
0x0182	0x6A37      	CLRF        WordToStr_len_L0 
L_WordToStr11:
0x0184	0x0E05      	MOVLW       5
0x0186	0x5C37      	SUBWF       WordToStr_len_L0, 0 
0x0188	0xE20A      	BC          L_WordToStr12
;__Lib_Conversions.c,104 :: 		
0x018A	0x5037      	MOVF        WordToStr_len_L0, 0 
0x018C	0x2435      	ADDWF       FARG_WordToStr_output, 0 
0x018E	0x6EE1      	MOVWF       FSR1L 
0x0190	0x0E00      	MOVLW       0
0x0192	0x2036      	ADDWFC      FARG_WordToStr_output+1, 0 
0x0194	0x6EE2      	MOVWF       FSR1L+1 
0x0196	0x0E20      	MOVLW       32
0x0198	0x6EE6      	MOVWF       POSTINC1 
;__Lib_Conversions.c,103 :: 		
0x019A	0x2A37      	INCF        WordToStr_len_L0, 1 
;__Lib_Conversions.c,104 :: 		
0x019C	0xD7F3      	BRA         L_WordToStr11
L_WordToStr12:
;__Lib_Conversions.c,105 :: 		
0x019E	0x5037      	MOVF        WordToStr_len_L0, 0 
0x01A0	0x2435      	ADDWF       FARG_WordToStr_output, 0 
0x01A2	0x6EE1      	MOVWF       FSR1L 
0x01A4	0x0E00      	MOVLW       0
0x01A6	0x2036      	ADDWFC      FARG_WordToStr_output+1, 0 
0x01A8	0x6EE2      	MOVWF       FSR1L+1 
0x01AA	0x6AE6      	CLRF        POSTINC1 
0x01AC	0x0637      	DECF        WordToStr_len_L0, 1 
;__Lib_Conversions.c,107 :: 		
L_WordToStr14:
;__Lib_Conversions.c,108 :: 		
0x01AE	0x5037      	MOVF        WordToStr_len_L0, 0 
0x01B0	0x2435      	ADDWF       FARG_WordToStr_output, 0 
0x01B2	0x6E38      	MOVWF       FLOC__WordToStr 
0x01B4	0x0E00      	MOVLW       0
0x01B6	0x2036      	ADDWFC      FARG_WordToStr_output+1, 0 
0x01B8	0x6E39      	MOVWF       FLOC__WordToStr+1 
0x01BA	0x0E0A      	MOVLW       10
0x01BC	0x6E04      	MOVWF       R4 
0x01BE	0x0E00      	MOVLW       0
0x01C0	0x6E05      	MOVWF       R5 
0x01C2	0xF000C033  	MOVFF       FARG_WordToStr_input, R0
0x01C6	0xF001C034  	MOVFF       FARG_WordToStr_input+1, R1
0x01CA	0xDFC0      	RCALL       _Div_16X16_U
0x01CC	0xF000C008  	MOVFF       R8, R0
0x01D0	0xF001C009  	MOVFF       R9, R1
0x01D4	0x0E30      	MOVLW       48
0x01D6	0x2600      	ADDWF       R0, 1 
0x01D8	0xFFE1C038  	MOVFF       FLOC__WordToStr, FSR1L
0x01DC	0xFFE2C039  	MOVFF       FLOC__WordToStr+1, FSR1H
0x01E0	0xFFE6C000  	MOVFF       R0, POSTINC1
;__Lib_Conversions.c,109 :: 		
0x01E4	0x0E0A      	MOVLW       10
0x01E6	0x6E04      	MOVWF       R4 
0x01E8	0x0E00      	MOVLW       0
0x01EA	0x6E05      	MOVWF       R5 
0x01EC	0xF000C033  	MOVFF       FARG_WordToStr_input, R0
0x01F0	0xF001C034  	MOVFF       FARG_WordToStr_input+1, R1
0x01F4	0xDFAB      	RCALL       _Div_16X16_U
0x01F6	0xF033C000  	MOVFF       R0, FARG_WordToStr_input
0x01FA	0xF034C001  	MOVFF       R1, FARG_WordToStr_input+1
;__Lib_Conversions.c,110 :: 		
0x01FE	0x0E00      	MOVLW       0
0x0200	0x1801      	XORWF       R1, 0 
0x0202	0xE102      	BNZ         L__WordToStr379
0x0204	0x0E00      	MOVLW       0
0x0206	0x1800      	XORWF       R0, 0 
L__WordToStr379:
0x0208	0xE101      	BNZ         L_WordToStr16
;__Lib_Conversions.c,111 :: 		
0x020A	0xD002      	BRA         L_WordToStr15
L_WordToStr16:
;__Lib_Conversions.c,112 :: 		
0x020C	0x0637      	DECF        WordToStr_len_L0, 1 
;__Lib_Conversions.c,113 :: 		
0x020E	0xD7CF      	BRA         L_WordToStr14
L_WordToStr15:
;__Lib_Conversions.c,114 :: 		
L_end_WordToStr:
0x0210	0x0012      	RETURN      0
; end of _WordToStr
_configGlobalInterruption:
;unit06_02_capture16th.c,150 :: 		void configGlobalInterruption()        // General glebal interruptions set up
;unit06_02_capture16th.c,152 :: 		INTCON.GIEH = 1;                     // Enable Interruptions High Priority
0x0212	0x8EF2      	BSF         INTCON, 7 
;unit06_02_capture16th.c,153 :: 		INTCON.GIEL = 1;                     // Enable Interruptions Low Priority
0x0214	0x8CF2      	BSF         INTCON, 6 
;unit06_02_capture16th.c,154 :: 		RCON.IPEN = 1;                       // Enable Priority
0x0216	0x8ED0      	BSF         RCON, 7 
;unit06_02_capture16th.c,155 :: 		}
L_end_configGlobalInterruption:
0x0218	0x0012      	RETURN      0
; end of _configGlobalInterruption
_ConfigMCU:
;unit06_02_capture16th.c,137 :: 		void ConfigMCU()
;unit06_02_capture16th.c,143 :: 		ADCON1 |= 0X0F;
0x021A	0x0E0F      	MOVLW       15
0x021C	0x12C1      	IORWF       ADCON1, 1 
;unit06_02_capture16th.c,145 :: 		TRISB =0;
0x021E	0x6A93      	CLRF        TRISB 
;unit06_02_capture16th.c,146 :: 		TRISC.RC2 = 1;                        // Input sygnal goes here!
0x0220	0x8494      	BSF         TRISC, 2 
;unit06_02_capture16th.c,147 :: 		PORTC.RC2 = 1;
0x0222	0x8482      	BSF         PORTC, 2 
;unit06_02_capture16th.c,148 :: 		}
L_end_ConfigMCU:
0x0224	0x0012      	RETURN      0
; end of _ConfigMCU
___CC2DW:
;__Lib_System.c,21 :: 		
;__Lib_System.c,23 :: 		
_CC2DL_Loop1:
;__Lib_System.c,24 :: 		
0x0226	0x0009      	TBLRD*+
;__Lib_System.c,25 :: 		
0x0228	0xFFE6CFF5  	MOVFF       TABLAT, POSTINC1
;__Lib_System.c,26 :: 		
0x022C	0x0600      	DECF        R0, 1, 0
;__Lib_System.c,27 :: 		
0x022E	0xE1FB      	BNZ         _CC2DL_Loop1
;__Lib_System.c,28 :: 		
0x0230	0x0601      	DECF        R1, 1, 0
;__Lib_System.c,29 :: 		
0x0232	0xE1F9      	BNZ         _CC2DL_Loop1
;__Lib_System.c,31 :: 		
L_end___CC2DW:
0x0234	0x0012      	RETURN      0
; end of ___CC2DW
_Lcd_Out:
;__Lib_Lcd.c,184 :: 		
;__Lib_Lcd.c,187 :: 		
0x0236	0xD00F      	BRA         L_Lcd_Out11
;__Lib_Lcd.c,188 :: 		
L_Lcd_Out13:
0x0238	0x0E80      	MOVLW       128
0x023A	0x6E33      	MOVWF       FARG_Lcd_Out_row 
0x023C	0xD019      	BRA         L_Lcd_Out12
;__Lib_Lcd.c,189 :: 		
L_Lcd_Out14:
0x023E	0x0EC0      	MOVLW       192
0x0240	0x6E33      	MOVWF       FARG_Lcd_Out_row 
0x0242	0xD016      	BRA         L_Lcd_Out12
;__Lib_Lcd.c,190 :: 		
L_Lcd_Out15:
0x0244	0x0E94      	MOVLW       148
0x0246	0x6E33      	MOVWF       FARG_Lcd_Out_row 
0x0248	0xD013      	BRA         L_Lcd_Out12
;__Lib_Lcd.c,191 :: 		
L_Lcd_Out16:
0x024A	0x0ED4      	MOVLW       212
0x024C	0x6E33      	MOVWF       FARG_Lcd_Out_row 
0x024E	0xD010      	BRA         L_Lcd_Out12
;__Lib_Lcd.c,192 :: 		
L_Lcd_Out17:
0x0250	0x0E80      	MOVLW       128
0x0252	0x6E33      	MOVWF       FARG_Lcd_Out_row 
;__Lib_Lcd.c,193 :: 		
0x0254	0xD00D      	BRA         L_Lcd_Out12
L_Lcd_Out11:
0x0256	0x5033      	MOVF        FARG_Lcd_Out_row, 0 
0x0258	0x0A01      	XORLW       1
0x025A	0xE0EE      	BZ          L_Lcd_Out13
0x025C	0x5033      	MOVF        FARG_Lcd_Out_row, 0 
0x025E	0x0A02      	XORLW       2
0x0260	0xE0EE      	BZ          L_Lcd_Out14
0x0262	0x5033      	MOVF        FARG_Lcd_Out_row, 0 
0x0264	0x0A03      	XORLW       3
0x0266	0xE0EE      	BZ          L_Lcd_Out15
0x0268	0x5033      	MOVF        FARG_Lcd_Out_row, 0 
0x026A	0x0A04      	XORLW       4
0x026C	0xE0EE      	BZ          L_Lcd_Out16
0x026E	0xD7F0      	BRA         L_Lcd_Out17
L_Lcd_Out12:
;__Lib_Lcd.c,194 :: 		
0x0270	0x0434      	DECF        FARG_Lcd_Out_column, 0 
0x0272	0x6E00      	MOVWF       R0 
0x0274	0x5033      	MOVF        FARG_Lcd_Out_row, 0 
0x0276	0x2600      	ADDWF       R0, 1 
0x0278	0xF033C000  	MOVFF       R0, FARG_Lcd_Out_row
;__Lib_Lcd.c,196 :: 		
0x027C	0xF03BC000  	MOVFF       R0, FARG_Lcd_Cmd_out_char
0x0280	0xDF21      	RCALL       _Lcd_Cmd
;__Lib_Lcd.c,197 :: 		
0x0282	0x9022      	BCF         __Lib_Lcd_cmd_status, BitPos(__Lib_Lcd_cmd_status+0) 
;__Lib_Lcd.c,198 :: 		
0x0284	0x6A37      	CLRF        Lcd_Out_i_L0 
;__Lib_Lcd.c,199 :: 		
L_Lcd_Out18:
0x0286	0x5037      	MOVF        Lcd_Out_i_L0, 0 
0x0288	0x2435      	ADDWF       FARG_Lcd_Out_text, 0 
0x028A	0x6EE9      	MOVWF       FSR0L 
0x028C	0x0E00      	MOVLW       0
0x028E	0x2036      	ADDWFC      FARG_Lcd_Out_text+1, 0 
0x0290	0x6EEA      	MOVWF       FSR0L+1 
0x0292	0x52EE      	MOVF        POSTINC0, 1 
0x0294	0xE00B      	BZ          L_Lcd_Out19
;__Lib_Lcd.c,200 :: 		
0x0296	0x5037      	MOVF        Lcd_Out_i_L0, 0 
0x0298	0x2435      	ADDWF       FARG_Lcd_Out_text, 0 
0x029A	0x6EE9      	MOVWF       FSR0L 
0x029C	0x0E00      	MOVLW       0
0x029E	0x2036      	ADDWFC      FARG_Lcd_Out_text+1, 0 
0x02A0	0x6EEA      	MOVWF       FSR0L+1 
0x02A2	0xF03ACFEE  	MOVFF       POSTINC0, FARG_Lcd_Chr_CP_out_char
0x02A6	0xDF4C      	RCALL       _Lcd_Chr_CP
0x02A8	0x2A37      	INCF        Lcd_Out_i_L0, 1 
0x02AA	0xD7ED      	BRA         L_Lcd_Out18
L_Lcd_Out19:
;__Lib_Lcd.c,201 :: 		
0x02AC	0x8022      	BSF         __Lib_Lcd_cmd_status, BitPos(__Lib_Lcd_cmd_status+0) 
;__Lib_Lcd.c,202 :: 		
L_end_Lcd_Out:
0x02AE	0x0012      	RETURN      0
; end of _Lcd_Out
_Lcd_Init:
;__Lib_Lcd.c,84 :: 		
;__Lib_Lcd.c,86 :: 		
0x02B0	0x9296      	BCF         LCD_EN_Direction, BitPos(LCD_EN_Direction+0) 
;__Lib_Lcd.c,87 :: 		
0x02B2	0x9496      	BCF         LCD_RS_Direction, BitPos(LCD_RS_Direction+0) 
;__Lib_Lcd.c,88 :: 		
0x02B4	0x9895      	BCF         LCD_D4_Direction, BitPos(LCD_D4_Direction+0) 
;__Lib_Lcd.c,89 :: 		
0x02B6	0x9A95      	BCF         LCD_D5_Direction, BitPos(LCD_D5_Direction+0) 
;__Lib_Lcd.c,90 :: 		
0x02B8	0x9C95      	BCF         LCD_D6_Direction, BitPos(LCD_D6_Direction+0) 
;__Lib_Lcd.c,91 :: 		
0x02BA	0x9E95      	BCF         LCD_D7_Direction, BitPos(LCD_D7_Direction+0) 
;__Lib_Lcd.c,93 :: 		
0x02BC	0x928D      	BCF         LCD_EN, BitPos(LCD_EN+0) 
;__Lib_Lcd.c,94 :: 		
0x02BE	0x948D      	BCF         LCD_RS, BitPos(LCD_RS+0) 
;__Lib_Lcd.c,95 :: 		
0x02C0	0x9E8C      	BCF         LCD_D7, BitPos(LCD_D7+0) 
;__Lib_Lcd.c,96 :: 		
0x02C2	0x9C8C      	BCF         LCD_D6, BitPos(LCD_D6+0) 
;__Lib_Lcd.c,97 :: 		
0x02C4	0x9A8C      	BCF         LCD_D5, BitPos(LCD_D5+0) 
;__Lib_Lcd.c,98 :: 		
0x02C6	0x988C      	BCF         LCD_D4, BitPos(LCD_D4+0) 
;__Lib_Lcd.c,100 :: 		
0x02C8	0xDEEA      	RCALL       _Delay_5500us
;__Lib_Lcd.c,101 :: 		
0x02CA	0xDEE9      	RCALL       _Delay_5500us
;__Lib_Lcd.c,102 :: 		
0x02CC	0xDEE8      	RCALL       _Delay_5500us
;__Lib_Lcd.c,105 :: 		
0x02CE	0x8A8C      	BSF         LCD_D5, BitPos(LCD_D5+0) 
;__Lib_Lcd.c,106 :: 		
0x02D0	0x888C      	BSF         LCD_D4, BitPos(LCD_D4+0) 
;__Lib_Lcd.c,107 :: 		
0x02D2	0x828D      	BSF         LCD_EN, BitPos(LCD_EN+0) 
;__Lib_Lcd.c,108 :: 		
0x02D4	0xDEEF      	RCALL       _Delay_1us
;__Lib_Lcd.c,109 :: 		
0x02D6	0x928D      	BCF         LCD_EN, BitPos(LCD_EN+0) 
;__Lib_Lcd.c,110 :: 		
0x02D8	0xDEE2      	RCALL       _Delay_5500us
;__Lib_Lcd.c,112 :: 		
0x02DA	0x828D      	BSF         LCD_EN, BitPos(LCD_EN+0) 
;__Lib_Lcd.c,113 :: 		
0x02DC	0xDEEB      	RCALL       _Delay_1us
;__Lib_Lcd.c,114 :: 		
0x02DE	0x928D      	BCF         LCD_EN, BitPos(LCD_EN+0) 
;__Lib_Lcd.c,115 :: 		
0x02E0	0xDEDE      	RCALL       _Delay_5500us
;__Lib_Lcd.c,117 :: 		
0x02E2	0x828D      	BSF         LCD_EN, BitPos(LCD_EN+0) 
;__Lib_Lcd.c,118 :: 		
0x02E4	0xDEE7      	RCALL       _Delay_1us
;__Lib_Lcd.c,119 :: 		
0x02E6	0x928D      	BCF         LCD_EN, BitPos(LCD_EN+0) 
;__Lib_Lcd.c,120 :: 		
0x02E8	0xDEDA      	RCALL       _Delay_5500us
;__Lib_Lcd.c,123 :: 		
0x02EA	0x988C      	BCF         LCD_D4, BitPos(LCD_D4+0) 
;__Lib_Lcd.c,124 :: 		
0x02EC	0x828D      	BSF         LCD_EN, BitPos(LCD_EN+0) 
;__Lib_Lcd.c,125 :: 		
0x02EE	0xDEE2      	RCALL       _Delay_1us
;__Lib_Lcd.c,126 :: 		
0x02F0	0x928D      	BCF         LCD_EN, BitPos(LCD_EN+0) 
;__Lib_Lcd.c,127 :: 		
0x02F2	0xDED5      	RCALL       _Delay_5500us
;__Lib_Lcd.c,130 :: 		
0x02F4	0x828D      	BSF         LCD_EN, BitPos(LCD_EN+0) 
;__Lib_Lcd.c,131 :: 		
0x02F6	0xDEDE      	RCALL       _Delay_1us
;__Lib_Lcd.c,132 :: 		
0x02F8	0x928D      	BCF         LCD_EN, BitPos(LCD_EN+0) 
;__Lib_Lcd.c,134 :: 		
0x02FA	0x9A8C      	BCF         LCD_D5, BitPos(LCD_D5+0) 
;__Lib_Lcd.c,135 :: 		
0x02FC	0x8E8C      	BSF         LCD_D7, BitPos(LCD_D7+0) 
;__Lib_Lcd.c,136 :: 		
0x02FE	0x828D      	BSF         LCD_EN, BitPos(LCD_EN+0) 
;__Lib_Lcd.c,137 :: 		
0x0300	0xDED9      	RCALL       _Delay_1us
;__Lib_Lcd.c,138 :: 		
0x0302	0x928D      	BCF         LCD_EN, BitPos(LCD_EN+0) 
;__Lib_Lcd.c,139 :: 		
0x0304	0xDECC      	RCALL       _Delay_5500us
;__Lib_Lcd.c,142 :: 		
0x0306	0x9E8C      	BCF         LCD_D7, BitPos(LCD_D7+0) 
;__Lib_Lcd.c,143 :: 		
0x0308	0x888C      	BSF         LCD_D4, BitPos(LCD_D4+0) 
;__Lib_Lcd.c,144 :: 		
0x030A	0x828D      	BSF         LCD_EN, BitPos(LCD_EN+0) 
;__Lib_Lcd.c,145 :: 		
0x030C	0xDED3      	RCALL       _Delay_1us
;__Lib_Lcd.c,146 :: 		
0x030E	0x928D      	BCF         LCD_EN, BitPos(LCD_EN+0) 
;__Lib_Lcd.c,148 :: 		
0x0310	0x988C      	BCF         LCD_D4, BitPos(LCD_D4+0) 
;__Lib_Lcd.c,149 :: 		
0x0312	0x828D      	BSF         LCD_EN, BitPos(LCD_EN+0) 
;__Lib_Lcd.c,150 :: 		
0x0314	0xDECF      	RCALL       _Delay_1us
;__Lib_Lcd.c,151 :: 		
0x0316	0x928D      	BCF         LCD_EN, BitPos(LCD_EN+0) 
;__Lib_Lcd.c,152 :: 		
0x0318	0xDEC2      	RCALL       _Delay_5500us
;__Lib_Lcd.c,155 :: 		
0x031A	0x828D      	BSF         LCD_EN, BitPos(LCD_EN+0) 
;__Lib_Lcd.c,156 :: 		
0x031C	0xDECB      	RCALL       _Delay_1us
;__Lib_Lcd.c,157 :: 		
0x031E	0x928D      	BCF         LCD_EN, BitPos(LCD_EN+0) 
;__Lib_Lcd.c,159 :: 		
0x0320	0x888C      	BSF         LCD_D4, BitPos(LCD_D4+0) 
;__Lib_Lcd.c,160 :: 		
0x0322	0x828D      	BSF         LCD_EN, BitPos(LCD_EN+0) 
;__Lib_Lcd.c,161 :: 		
0x0324	0xDEC7      	RCALL       _Delay_1us
;__Lib_Lcd.c,162 :: 		
0x0326	0x928D      	BCF         LCD_EN, BitPos(LCD_EN+0) 
;__Lib_Lcd.c,163 :: 		
0x0328	0xDEBA      	RCALL       _Delay_5500us
;__Lib_Lcd.c,166 :: 		
0x032A	0x988C      	BCF         LCD_D4, BitPos(LCD_D4+0) 
;__Lib_Lcd.c,167 :: 		
0x032C	0x828D      	BSF         LCD_EN, BitPos(LCD_EN+0) 
;__Lib_Lcd.c,168 :: 		
0x032E	0xDEC2      	RCALL       _Delay_1us
;__Lib_Lcd.c,169 :: 		
0x0330	0x928D      	BCF         LCD_EN, BitPos(LCD_EN+0) 
;__Lib_Lcd.c,171 :: 		
0x0332	0x8E8C      	BSF         LCD_D7, BitPos(LCD_D7+0) 
;__Lib_Lcd.c,172 :: 		
0x0334	0x8C8C      	BSF         LCD_D6, BitPos(LCD_D6+0) 
;__Lib_Lcd.c,173 :: 		
0x0336	0x8A8C      	BSF         LCD_D5, BitPos(LCD_D5+0) 
;__Lib_Lcd.c,174 :: 		
0x0338	0x888C      	BSF         LCD_D4, BitPos(LCD_D4+0) 
;__Lib_Lcd.c,175 :: 		
0x033A	0x828D      	BSF         LCD_EN, BitPos(LCD_EN+0) 
;__Lib_Lcd.c,176 :: 		
0x033C	0xDEBB      	RCALL       _Delay_1us
;__Lib_Lcd.c,177 :: 		
0x033E	0x928D      	BCF         LCD_EN, BitPos(LCD_EN+0) 
;__Lib_Lcd.c,179 :: 		
0x0340	0xDEAE      	RCALL       _Delay_5500us
;__Lib_Lcd.c,181 :: 		
0x0342	0x8022      	BSF         __Lib_Lcd_cmd_status, BitPos(__Lib_Lcd_cmd_status+0) 
;__Lib_Lcd.c,182 :: 		
L_end_Lcd_Init:
0x0344	0x0012      	RETURN      0
; end of _Lcd_Init
_configIndividualVctCAPT:
;unit06_02_capture16th.c,157 :: 		void configIndividualVctCAPT()         // Capture peripheral setup
;unit06_02_capture16th.c,159 :: 		CCP1CON = 0;                         // Resetting the Module: Microchip recommendation
0x0346	0x6ABD      	CLRF        CCP1CON 
;unit06_02_capture16th.c,161 :: 		CCP1CON = 0B00000111;                // Capture 16 th mode: every rising edge
0x0348	0x0E07      	MOVLW       7
0x034A	0x6EBD      	MOVWF       CCP1CON 
;unit06_02_capture16th.c,163 :: 		PIR1.CCP1IF = 0;                     // F for Flag's clear
0x034C	0x949E      	BCF         PIR1, 2 
;unit06_02_capture16th.c,164 :: 		IPR1.CCP1IP = 1;                     // P for Priority
0x034E	0x849F      	BSF         IPR1, 2 
;unit06_02_capture16th.c,165 :: 		PIE1.CCP1IE = 1;                     // E CCP enable
0x0350	0x849D      	BSF         PIE1, 2 
;unit06_02_capture16th.c,167 :: 		TRISC.RC2 = 1;                       // CCP as input
0x0352	0x8494      	BSF         TRISC, 2 
;unit06_02_capture16th.c,170 :: 		T1CON = 0B11010000;                  //16-bit mode, TMR1 osc, PS 1:2, clock source Fosc/4, stop TMR1
0x0354	0x0ED0      	MOVLW       208
0x0356	0x6ECD      	MOVWF       T1CON 
;unit06_02_capture16th.c,171 :: 		TMR1H = 0;
0x0358	0x6ACF      	CLRF        TMR1H 
;unit06_02_capture16th.c,172 :: 		TMR1L = 0;
0x035A	0x6ACE      	CLRF        TMR1L 
;unit06_02_capture16th.c,173 :: 		T1CON.TMR1ON = 1;                    // TMR1 on!
0x035C	0x80CD      	BSF         T1CON, 0 
;unit06_02_capture16th.c,175 :: 		}
L_end_configIndividualVctCAPT:
0x035E	0x0012      	RETURN      0
; end of _configIndividualVctCAPT
_main:
0x0360	0x6A18      	CLRF        __state 
0x0362	0x0E50      	MOVLW       80
0x0364	0x6E19      	MOVWF       ?lstr1_unit06_02_capture16th 
0x0366	0x0E65      	MOVLW       101
0x0368	0x6E1A      	MOVWF       26 
0x036A	0x0E72      	MOVLW       114
0x036C	0x6E1B      	MOVWF       27 
0x036E	0x0E69      	MOVLW       105
0x0370	0x6E1C      	MOVWF       28 
0x0372	0x0E6F      	MOVLW       111
0x0374	0x6E1D      	MOVWF       29 
0x0376	0x0E64      	MOVLW       100
0x0378	0x6E1E      	MOVWF       30 
0x037A	0x0E3A      	MOVLW       58
0x037C	0x6E1F      	MOVWF       31 
0x037E	0x0E20      	MOVLW       32
0x0380	0x6E20      	MOVWF       32 
0x0382	0x6A21      	CLRF        33 
;unit06_02_capture16th.c,177 :: 		void main() {
;unit06_02_capture16th.c,178 :: 		unsigned int p = 0;                  // p = t2 - t1 (period time)
;unit06_02_capture16th.c,181 :: 		configMcu();                         // call all subroutine above
0x0384	0xDF4A      	RCALL       _ConfigMCU
;unit06_02_capture16th.c,182 :: 		configGlobalInterruption();
0x0386	0xDF45      	RCALL       _configGlobalInterruption
;unit06_02_capture16th.c,183 :: 		configIndividualVctCAPT();
0x0388	0xDFDE      	RCALL       _configIndividualVctCAPT
;unit06_02_capture16th.c,185 :: 		Lcd_Init();                          // Init LCD, 4-bit Mode
0x038A	0xDF92      	RCALL       _Lcd_Init
;unit06_02_capture16th.c,186 :: 		Lcd_Cmd(_LCD_CLEAR);                 // Screen clear
0x038C	0x0E01      	MOVLW       1
0x038E	0x6E3B      	MOVWF       FARG_Lcd_Cmd_out_char 
0x0390	0xDE99      	RCALL       _Lcd_Cmd
;unit06_02_capture16th.c,187 :: 		Lcd_Cmd(_LCD_CURSOR_OFF);            // Cursor off
0x0392	0x0E0C      	MOVLW       12
0x0394	0x6E3B      	MOVWF       FARG_Lcd_Cmd_out_char 
0x0396	0xDE96      	RCALL       _Lcd_Cmd
;unit06_02_capture16th.c,188 :: 		Lcd_Out(1, 1, "Period: ");           // Line x Colunm
0x0398	0x0E01      	MOVLW       1
0x039A	0x6E33      	MOVWF       FARG_Lcd_Out_row 
0x039C	0x0E01      	MOVLW       1
0x039E	0x6E34      	MOVWF       FARG_Lcd_Out_column 
0x03A0	0x0E19      	MOVLW       ?lstr1_unit06_02_capture16th
0x03A2	0x6E35      	MOVWF       FARG_Lcd_Out_text 
0x03A4	0x0E00      	MOVLW       hi_addr(?lstr1_unit06_02_capture16th)
0x03A6	0x6E36      	MOVWF       FARG_Lcd_Out_text+1 
0x03A8	0xDF46      	RCALL       _Lcd_Out
;unit06_02_capture16th.c,190 :: 		while (TRUE)
L_main4:
;unit06_02_capture16th.c,192 :: 		if(PIE1.CCP1IE == 0)             // Turn off interruptions to write to LCD (ISR force stop)
0x03AA	0xB49D      	BTFSC       PIE1, 2 
0x03AC	0xD01F      	BRA         L_main6
;unit06_02_capture16th.c,194 :: 		p = t2 - t1;                 // p: period; t2: second time sampling; t1: first time sampling
0x03AE	0x5027      	MOVF        _t1, 0 
0x03B0	0x5C25      	SUBWF       _t2, 0 
0x03B2	0x6E33      	MOVWF       FARG_WordToStr_input 
0x03B4	0x5028      	MOVF        _t1+1, 0 
0x03B6	0x5826      	SUBWFB      _t2+1, 0 
0x03B8	0x6E34      	MOVWF       FARG_WordToStr_input+1 
;unit06_02_capture16th.c,195 :: 		WordToStr (p, txt);
0x03BA	0x0E29      	MOVLW       main_txt_L0
0x03BC	0x6E35      	MOVWF       FARG_WordToStr_output 
0x03BE	0x0E00      	MOVLW       hi_addr(main_txt_L0)
0x03C0	0x6E36      	MOVWF       FARG_WordToStr_output+1 
0x03C2	0xDEDF      	RCALL       _WordToStr
;unit06_02_capture16th.c,196 :: 		Lcd_Out (1,10, txt);
0x03C4	0x0E01      	MOVLW       1
0x03C6	0x6E33      	MOVWF       FARG_Lcd_Out_row 
0x03C8	0x0E0A      	MOVLW       10
0x03CA	0x6E34      	MOVWF       FARG_Lcd_Out_column 
0x03CC	0x0E29      	MOVLW       main_txt_L0
0x03CE	0x6E35      	MOVWF       FARG_Lcd_Out_text 
0x03D0	0x0E00      	MOVLW       hi_addr(main_txt_L0)
0x03D2	0x6E36      	MOVWF       FARG_Lcd_Out_text+1 
0x03D4	0xDF30      	RCALL       _Lcd_Out
;unit06_02_capture16th.c,198 :: 		Delay_ms(20);
0x03D6	0x0E34      	MOVLW       52
0x03D8	0x6E0C      	MOVWF       R12, 0
0x03DA	0x0EF1      	MOVLW       241
0x03DC	0x6E0D      	MOVWF       R13, 0
L_main7:
0x03DE	0x2E0D      	DECFSZ      R13, 1, 0
0x03E0	0xD7FE      	BRA         L_main7
0x03E2	0x2E0C      	DECFSZ      R12, 1, 0
0x03E4	0xD7FC      	BRA         L_main7
0x03E6	0x0000      	NOP
0x03E8	0x0000      	NOP
;unit06_02_capture16th.c,199 :: 		PIE1.CCP1IE = 1;             // Again, turn interruption on! (see ISR)
0x03EA	0x849D      	BSF         PIE1, 2 
;unit06_02_capture16th.c,200 :: 		}
L_main6:
;unit06_02_capture16th.c,201 :: 		}
0x03EC	0xD7DE      	BRA         L_main4
;unit06_02_capture16th.c,202 :: 		}
L_end_main:
0x03EE	0xD7FF      	BRA         $+0
; end of _main
Symbol List:
//** Routines locations **
//ADDRESS    SIZE    PROCEDURE
//----------------------------------------------
0x0008     [150]    _INTERRUPTION_HIGH
0x009E      [22]    _Delay_5500us
0x00B4       [6]    _Delay_1us
0x00BA      [10]    _Delay_50us
0x00C4     [124]    _Lcd_Cmd
0x0140      [12]    _Lcd_Chr_CP
0x014C      [54]    _Div_16X16_U
0x0182     [144]    _WordToStr
0x0212       [8]    _configGlobalInterruption
0x021A      [12]    _ConfigMCU
0x0226      [16]    ___CC2DW
0x0236     [122]    _Lcd_Out
0x02B0     [150]    _Lcd_Init
0x0346      [26]    _configIndividualVctCAPT
0x0360     [144]    _main
//** Variables locations ** 
//ADDRESS    SIZE    VARIABLE
//----------------------------------------------
0x0000       [1]    R0
0x0001       [1]    R1
0x0001       [1]    __Lib_Conversions_Adjust_Hex_tmp_L0
0x0002       [1]    R2
0x0002       [2]    strlen_cp_L0
0x0002       [2]    memcpy_dd_L0
0x0002       [2]    memset_pp_L0
0x0002       [2]    memchr_s_L0
0x0003       [2]    Ltrim_original_L0
0x0003       [2]    memmove_tt_L0
0x0003       [1]    R3
0x0004       [1]    R4
0x0004       [2]    strcat_cp_L0
0x0004       [2]    strncpy_cp_L0
0x0004       [2]    strcpy_cp_L0
0x0004       [2]    memcpy_ss_L0
0x0004       [2]    strncat_cp_L0
0x0005       [2]    Ltrim_p_L0
0x0005       [2]    memmove_ff_L0
0x0005       [1]    R5
0x0005       [2]    LongWordToHex_input_half_L0
0x0005       [2]    LongIntToHex_input_half_L0
0x0006       [1]    R6
0x0007       [1]    R7
0x0008       [1]    R8
0x0009       [1]    R9
0x000A       [1]    R10
0x000B       [1]    R11
0x000C       [1]    R12
0x000D       [1]    R13
0x000E       [1]    R14
0x000F       [1]    R15
0x0010       [1]    R16
0x0011       [1]    R17
0x0012       [1]    R18
0x0013       [1]    R19
0x0014       [1]    R20
0x0018       [1]    __state
0x0019       [9]    ?lstr1_unit06_02_capture16th
0x0022       [0]    __Lib_Lcd_cmd_status
0x0023       [2]    _ONE
0x0025       [2]    _t2
0x0027       [2]    _t1
0x0029      [10]    main_txt_L0
0x0033       [2]    FARG_WordToStr_input
0x0033       [1]    FARG_Lcd_Out_row
0x0034       [1]    FARG_Lcd_Out_column
0x0035       [2]    FARG_WordToStr_output
0x0035       [2]    FARG_Lcd_Out_text
0x0037       [1]    WordToStr_len_L0
0x0037       [1]    Lcd_Out_i_L0
0x0038       [2]    FLOC__WordToStr
0x003A       [1]    FARG_Lcd_Chr_CP_out_char
0x003B       [1]    FARG_Lcd_Cmd_out_char
0x0F82       [1]    PORTC
0x0F8C       [0]    LCD_D4
0x0F8C       [0]    LCD_D5
0x0F8C       [0]    LATD5_bit
0x0F8C       [0]    LATD6_bit
0x0F8C       [0]    LATD7_bit
0x0F8C       [0]    LCD_D6
0x0F8C       [0]    LCD_D7
0x0F8C       [0]    LATD4_bit
0x0F8D       [0]    LATE1_bit
0x0F8D       [0]    LCD_RS
0x0F8D       [0]    LCD_EN
0x0F8D       [0]    LATE2_bit
0x0F93       [1]    TRISB
0x0F94       [1]    TRISC
0x0F95       [0]    LCD_D6_Direction
0x0F95       [0]    LCD_D4_Direction
0x0F95       [0]    LCD_D5_Direction
0x0F95       [0]    TRISD5_bit
0x0F95       [0]    TRISD6_bit
0x0F95       [0]    TRISD7_bit
0x0F95       [0]    LCD_D7_Direction
0x0F95       [0]    TRISD4_bit
0x0F96       [0]    LCD_EN_Direction
0x0F96       [0]    LCD_RS_Direction
0x0F96       [0]    TRISE2_bit
0x0F96       [0]    TRISE1_bit
0x0F9D       [1]    PIE1
0x0F9E       [1]    PIR1
0x0F9F       [1]    IPR1
0x0FBD       [1]    CCP1CON
0x0FBE       [1]    CCPR1L
0x0FBF       [1]    CCPR1H
0x0FC1       [1]    ADCON1
0x0FCD       [1]    T1CON
0x0FCE       [1]    TMR1L
0x0FCF       [1]    TMR1H
0x0FD0       [1]    RCON
0x0FD8       [1]    STATUS
0x0FD9       [1]    FSR2L
0x0FDA       [1]    FSR2H
0x0FDE       [1]    POSTINC2
0x0FE0       [1]    BSR
0x0FE1       [1]    FSR1L
0x0FE2       [1]    FSR1H
0x0FE4       [1]    PREINC1
0x0FE6       [1]    POSTINC1
0x0FE7       [1]    INDF1
0x0FE8       [1]    WREG
0x0FE9       [1]    FSR0L
0x0FEA       [1]    FSR0H
0x0FEE       [1]    POSTINC0
0x0FF2       [1]    INTCON
0x0FF3       [1]    PRODL
0x0FF4       [1]    PRODH
0x0FF5       [1]    TABLAT
0x0FF6       [1]    TBLPTRL
0x0FF6       [3]    TBLPTR
0x0FF7       [1]    TBLPTRH
0x0FF8       [1]    TBLPTRU
