;  LST file generated by mikroListExporter - v.2.0 
; Date/Time: 31/12/2019 10:15:41
;----------------------------------------------

;Address Opcode 	ASM
0x0000	0xF000EF25  	GOTO        74
_INTERRUPCAO_COMPARE_HIGH:
;unid_07_02_pulse_1khz.c,29 :: 		void INTERRUPCAO_COMPARE_HIGH() iv 0x0008 ics ICS_AUTO {
;unid_07_02_pulse_1khz.c,31 :: 		if(CCP1IF_bit == 1 && CCP1IE_bit == 1)
0x0008	0xA49E      	BTFSS       CCP1IF_bit, BitPos(CCP1IF_bit+0) 
0x000A	0xD005      	BRA         L_INTERRUPCAO_COMPARE_HIGH2
0x000C	0xA49D      	BTFSS       CCP1IE_bit, BitPos(CCP1IE_bit+0) 
0x000E	0xD003      	BRA         L_INTERRUPCAO_COMPARE_HIGH2
L__INTERRUPCAO_COMPARE_HIGH5:
;unid_07_02_pulse_1khz.c,33 :: 		TMR1H = 0;
0x0010	0x6ACF      	CLRF        TMR1H 
;unid_07_02_pulse_1khz.c,34 :: 		TMR1L = 0;
0x0012	0x6ACE      	CLRF        TMR1L 
;unid_07_02_pulse_1khz.c,35 :: 		CCP1IF_bit = 0;                // Clean flag for comparator
0x0014	0x949E      	BCF         CCP1IF_bit, BitPos(CCP1IF_bit+0) 
;unid_07_02_pulse_1khz.c,39 :: 		}
L_INTERRUPCAO_COMPARE_HIGH2:
;unid_07_02_pulse_1khz.c,40 :: 		}
L_end_INTERRUPCAO_COMPARE_HIGH:
L__INTERRUPCAO_COMPARE_HIGH7:
0x0016	0x0011      	RETFIE      1
; end of _INTERRUPCAO_COMPARE_HIGH
_Configuracao_Timer1:
;unid_07_02_pulse_1khz.c,66 :: 		void  Configuracao_Timer1()
;unid_07_02_pulse_1khz.c,76 :: 		T1CON= 0B10010001;               // 16 bits,ext osc, PS 1:2, Fosc/4, Mod on
0x0018	0x0E91      	MOVLW       145
0x001A	0x6ECD      	MOVWF       T1CON 
;unid_07_02_pulse_1khz.c,79 :: 		TMR1H = 0;
0x001C	0x6ACF      	CLRF        TMR1H 
;unid_07_02_pulse_1khz.c,80 :: 		TMR1L = 0;
0x001E	0x6ACE      	CLRF        TMR1L 
;unid_07_02_pulse_1khz.c,82 :: 		T1CON.TMR1ON = 1;
0x0020	0x80CD      	BSF         T1CON, 0 
;unid_07_02_pulse_1khz.c,85 :: 		}
L_end_Configuracao_Timer1:
0x0022	0x0012      	RETURN      0
; end of _Configuracao_Timer1
_ConfigInterrucao_Compare:
;unid_07_02_pulse_1khz.c,88 :: 		void ConfigInterrucao_Compare()
;unid_07_02_pulse_1khz.c,93 :: 		PIR1.CCP1IF = 0;
0x0024	0x949E      	BCF         PIR1, 2 
;unid_07_02_pulse_1khz.c,94 :: 		IPR1.CCP1IP = 1;
0x0026	0x849F      	BSF         IPR1, 2 
;unid_07_02_pulse_1khz.c,95 :: 		PIE1.CCP1IE = 1;
0x0028	0x849D      	BSF         PIE1, 2 
;unid_07_02_pulse_1khz.c,97 :: 		CCP1CON = 0;                     // Microchip recommendations - avoid unwanted interruptions:)
0x002A	0x6ABD      	CLRF        CCP1CON 
;unid_07_02_pulse_1khz.c,102 :: 		CCP1CON = 0B0000010;             // Compare mode, toggle output on match pg 141
0x002C	0x0E02      	MOVLW       2
0x002E	0x6EBD      	MOVWF       CCP1CON 
;unid_07_02_pulse_1khz.c,105 :: 		CCPR1H = 0X01;
0x0030	0x0E01      	MOVLW       1
0x0032	0x6EBF      	MOVWF       CCPR1H 
;unid_07_02_pulse_1khz.c,106 :: 		CCPR1L = 0XF4;
0x0034	0x0EF4      	MOVLW       244
0x0036	0x6EBE      	MOVWF       CCPR1L 
;unid_07_02_pulse_1khz.c,108 :: 		TRISC.RC2 = 0;                   // pin CCP as output
0x0038	0x9494      	BCF         TRISC, 2 
;unid_07_02_pulse_1khz.c,109 :: 		}
L_end_ConfigInterrucao_Compare:
0x003A	0x0012      	RETURN      0
; end of _ConfigInterrucao_Compare
_ConfigInterrupcao_Global:
;unid_07_02_pulse_1khz.c,55 :: 		void ConfigInterrupcao_Global()
;unid_07_02_pulse_1khz.c,58 :: 		INTCON.GIEH = 1;               // Enable high priority
0x003C	0x8EF2      	BSF         INTCON, 7 
;unid_07_02_pulse_1khz.c,59 :: 		INTCON.GIEL = 1;               // Enable low priority
0x003E	0x8CF2      	BSF         INTCON, 6 
;unid_07_02_pulse_1khz.c,60 :: 		RCON.IPEN =  1;                // default heratage 16F, there one level
0x0040	0x8ED0      	BSF         RCON, 7 
;unid_07_02_pulse_1khz.c,63 :: 		}
L_end_ConfigInterrupcao_Global:
0x0042	0x0012      	RETURN      0
; end of _ConfigInterrupcao_Global
_ConfigMCU:
;unid_07_02_pulse_1khz.c,43 :: 		void ConfigMCU ()
;unid_07_02_pulse_1khz.c,49 :: 		ADCON1 |= 0X0F;                 // Others uC
0x0044	0x0E0F      	MOVLW       15
0x0046	0x12C1      	IORWF       ADCON1, 1 
;unid_07_02_pulse_1khz.c,52 :: 		}
L_end_ConfigMCU:
0x0048	0x0012      	RETURN      0
; end of _ConfigMCU
_main:
;unid_07_02_pulse_1khz.c,112 :: 		void main() {
;unid_07_02_pulse_1khz.c,114 :: 		ConfigMcu();
0x004A	0xDFFC      	RCALL       _ConfigMCU
;unid_07_02_pulse_1khz.c,115 :: 		ConfigInterrupcao_Global();
0x004C	0xDFF7      	RCALL       _ConfigInterrupcao_Global
;unid_07_02_pulse_1khz.c,116 :: 		Configuracao_Timer1();
0x004E	0xDFE4      	RCALL       _Configuracao_Timer1
;unid_07_02_pulse_1khz.c,117 :: 		ConfigInterrucao_Compare();
0x0050	0xDFE9      	RCALL       _ConfigInterrucao_Compare
;unid_07_02_pulse_1khz.c,120 :: 		while (TRUE);                    // loop no outuput
L_main3:
0x0052	0xD7FF      	BRA         L_main3
;unid_07_02_pulse_1khz.c,131 :: 		}
L_end_main:
0x0054	0xD7FF      	BRA         $+0
; end of _main
Symbol List:
//** Routines locations **
//ADDRESS    SIZE    PROCEDURE
//----------------------------------------------
0x0008      [16]    _INTERRUPCAO_COMPARE_HIGH
0x0018      [12]    _Configuracao_Timer1
0x0024      [24]    _ConfigInterrucao_Compare
0x003C       [8]    _ConfigInterrupcao_Global
0x0044       [6]    _ConfigMCU
0x004A      [12]    _main
//** Variables locations ** 
//ADDRESS    SIZE    VARIABLE
//----------------------------------------------
0x0000       [1]    R0
0x0001       [1]    R1
0x0002       [1]    R2
0x0003       [1]    R3
0x0004       [1]    R4
0x0005       [1]    R5
0x0006       [1]    R6
0x0007       [1]    R7
0x0008       [1]    R8
0x0009       [1]    R9
0x000A       [1]    R10
0x000B       [1]    R11
0x000C       [1]    R12
0x000D       [1]    R13
0x000E       [1]    R14
0x000F       [1]    R15
0x0010       [1]    R16
0x0011       [1]    R17
0x0012       [1]    R18
0x0013       [1]    R19
0x0014       [1]    R20
0x0F94       [1]    TRISC
0x0F9D       [1]    PIE1
0x0F9D       [0]    CCP1IE_bit
0x0F9E       [1]    PIR1
0x0F9E       [0]    CCP1IF_bit
0x0F9F       [1]    IPR1
0x0FBD       [1]    CCP1CON
0x0FBE       [1]    CCPR1L
0x0FBF       [1]    CCPR1H
0x0FC1       [1]    ADCON1
0x0FCD       [1]    T1CON
0x0FCE       [1]    TMR1L
0x0FCF       [1]    TMR1H
0x0FD0       [1]    RCON
0x0FD8       [1]    STATUS
0x0FD9       [1]    FSR2L
0x0FDA       [1]    FSR2H
0x0FDE       [1]    POSTINC2
0x0FE0       [1]    BSR
0x0FE1       [1]    FSR1L
0x0FE2       [1]    FSR1H
0x0FE4       [1]    PREINC1
0x0FE6       [1]    POSTINC1
0x0FE7       [1]    INDF1
0x0FE8       [1]    WREG
0x0FE9       [1]    FSR0L
0x0FEA       [1]    FSR0H
0x0FEE       [1]    POSTINC0
0x0FF2       [1]    INTCON
0x0FF3       [1]    PRODL
0x0FF4       [1]    PRODH
0x0FF5       [1]    TABLAT
0x0FF6       [1]    TBLPTRL
0x0FF7       [1]    TBLPTRH
0x0FF8       [1]    TBLPTRU
