;  LST file generated by mikroListExporter - v.2.0 
; Date/Time: 31/10/2019 02:13:18 PM
;----------------------------------------------

;Address Opcode 	ASM
0x0000	0xF001EF64  	GOTO        712
0x0004	0x0000      	NOP
0x0006	0x0000      	NOP
0x0008	0xF000EF00  	GOTO        0
0x000C	0x0000      	NOP
0x000E	0x0000      	NOP
0x0010	0x0000      	NOP
0x0012	0x0000      	NOP
0x0014	0x0000      	NOP
0x0016	0x0000      	NOP
0x0018	0xD7F3      	BRA         0
_Delay_5500us:
;__Lib_Delays.c,31 :: 		void Delay_5500us() {
;__Lib_Delays.c,32 :: 		Delay_us(5500);
0x001C	0x0E0F      	MOVLW       15
0x001E	0x6E0C      	MOVWF       R12, 0
0x0020	0x0E47      	MOVLW       71
0x0022	0x6E0D      	MOVWF       R13, 0
L_Delay_5500us5:
0x0024	0x2E0D      	DECFSZ      R13, 1, 0
0x0026	0xD7FE      	BRA         L_Delay_5500us5
0x0028	0x2E0C      	DECFSZ      R12, 1, 0
0x002A	0xD7FC      	BRA         L_Delay_5500us5
0x002C	0x0000      	NOP
0x002E	0x0000      	NOP
;__Lib_Delays.c,33 :: 		}
L_end_Delay_5500us:
0x0030	0x0012      	RETURN      0
; end of _Delay_5500us
_Delay_1us:
;__Lib_Delays.c,7 :: 		void Delay_1us() {
;__Lib_Delays.c,8 :: 		Delay_us(1);
0x0032	0x0000      	NOP
0x0034	0x0000      	NOP
;__Lib_Delays.c,9 :: 		}
L_end_Delay_1us:
0x0036	0x0012      	RETURN      0
; end of _Delay_1us
_Delay_50us:
;__Lib_Delays.c,19 :: 		void Delay_50us() {
;__Lib_Delays.c,20 :: 		Delay_us(50);
0x0038	0x0E21      	MOVLW       33
0x003A	0x6E0D      	MOVWF       R13, 0
L_Delay_50us2:
0x003C	0x2E0D      	DECFSZ      R13, 1, 0
0x003E	0xD7FE      	BRA         L_Delay_50us2
;__Lib_Delays.c,21 :: 		}
L_end_Delay_50us:
0x0040	0x0012      	RETURN      0
; end of _Delay_50us
_Lcd_Cmd:
;__Lib_Lcd.c,18 :: 		
;__Lib_Lcd.c,20 :: 		
0x0042	0xBE31      	BTFSC       FARG_Lcd_Cmd_out_char, 7 
0x0044	0xD002      	BRA         L__Lcd_Cmd21
0x0046	0x9E8C      	BCF         LCD_D7, BitPos(LCD_D7+0) 
0x0048	0xD001      	BRA         L__Lcd_Cmd22
L__Lcd_Cmd21:
0x004A	0x8E8C      	BSF         LCD_D7, BitPos(LCD_D7+0) 
L__Lcd_Cmd22:
;__Lib_Lcd.c,21 :: 		
0x004C	0xBC31      	BTFSC       FARG_Lcd_Cmd_out_char, 6 
0x004E	0xD002      	BRA         L__Lcd_Cmd23
0x0050	0x9C8C      	BCF         LCD_D6, BitPos(LCD_D6+0) 
0x0052	0xD001      	BRA         L__Lcd_Cmd24
L__Lcd_Cmd23:
0x0054	0x8C8C      	BSF         LCD_D6, BitPos(LCD_D6+0) 
L__Lcd_Cmd24:
;__Lib_Lcd.c,22 :: 		
0x0056	0xBA31      	BTFSC       FARG_Lcd_Cmd_out_char, 5 
0x0058	0xD002      	BRA         L__Lcd_Cmd25
0x005A	0x9A8C      	BCF         LCD_D5, BitPos(LCD_D5+0) 
0x005C	0xD001      	BRA         L__Lcd_Cmd26
L__Lcd_Cmd25:
0x005E	0x8A8C      	BSF         LCD_D5, BitPos(LCD_D5+0) 
L__Lcd_Cmd26:
;__Lib_Lcd.c,23 :: 		
0x0060	0xB831      	BTFSC       FARG_Lcd_Cmd_out_char, 4 
0x0062	0xD002      	BRA         L__Lcd_Cmd27
0x0064	0x988C      	BCF         LCD_D4, BitPos(LCD_D4+0) 
0x0066	0xD001      	BRA         L__Lcd_Cmd28
L__Lcd_Cmd27:
0x0068	0x888C      	BSF         LCD_D4, BitPos(LCD_D4+0) 
L__Lcd_Cmd28:
;__Lib_Lcd.c,25 :: 		
0x006A	0xB028      	BTFSC       __Lib_Lcd_cmd_status, BitPos(__Lib_Lcd_cmd_status+0) 
0x006C	0xD002      	BRA         L__Lcd_Cmd29
0x006E	0x848D      	BSF         LCD_RS, BitPos(LCD_RS+0) 
0x0070	0xD001      	BRA         L__Lcd_Cmd30
L__Lcd_Cmd29:
0x0072	0x948D      	BCF         LCD_RS, BitPos(LCD_RS+0) 
L__Lcd_Cmd30:
;__Lib_Lcd.c,28 :: 		
0x0074	0x828D      	BSF         LCD_EN, BitPos(LCD_EN+0) 
;__Lib_Lcd.c,29 :: 		
0x0076	0xDFDD      	RCALL       _Delay_1us
;__Lib_Lcd.c,30 :: 		
0x0078	0x928D      	BCF         LCD_EN, BitPos(LCD_EN+0) 
;__Lib_Lcd.c,33 :: 		
0x007A	0xB631      	BTFSC       FARG_Lcd_Cmd_out_char, 3 
0x007C	0xD002      	BRA         L__Lcd_Cmd31
0x007E	0x9E8C      	BCF         LCD_D7, BitPos(LCD_D7+0) 
0x0080	0xD001      	BRA         L__Lcd_Cmd32
L__Lcd_Cmd31:
0x0082	0x8E8C      	BSF         LCD_D7, BitPos(LCD_D7+0) 
L__Lcd_Cmd32:
;__Lib_Lcd.c,34 :: 		
0x0084	0xB431      	BTFSC       FARG_Lcd_Cmd_out_char, 2 
0x0086	0xD002      	BRA         L__Lcd_Cmd33
0x0088	0x9C8C      	BCF         LCD_D6, BitPos(LCD_D6+0) 
0x008A	0xD001      	BRA         L__Lcd_Cmd34
L__Lcd_Cmd33:
0x008C	0x8C8C      	BSF         LCD_D6, BitPos(LCD_D6+0) 
L__Lcd_Cmd34:
;__Lib_Lcd.c,35 :: 		
0x008E	0xB231      	BTFSC       FARG_Lcd_Cmd_out_char, 1 
0x0090	0xD002      	BRA         L__Lcd_Cmd35
0x0092	0x9A8C      	BCF         LCD_D5, BitPos(LCD_D5+0) 
0x0094	0xD001      	BRA         L__Lcd_Cmd36
L__Lcd_Cmd35:
0x0096	0x8A8C      	BSF         LCD_D5, BitPos(LCD_D5+0) 
L__Lcd_Cmd36:
;__Lib_Lcd.c,36 :: 		
0x0098	0xB031      	BTFSC       FARG_Lcd_Cmd_out_char, 0 
0x009A	0xD002      	BRA         L__Lcd_Cmd37
0x009C	0x988C      	BCF         LCD_D4, BitPos(LCD_D4+0) 
0x009E	0xD001      	BRA         L__Lcd_Cmd38
L__Lcd_Cmd37:
0x00A0	0x888C      	BSF         LCD_D4, BitPos(LCD_D4+0) 
L__Lcd_Cmd38:
;__Lib_Lcd.c,38 :: 		
0x00A2	0xB028      	BTFSC       __Lib_Lcd_cmd_status, BitPos(__Lib_Lcd_cmd_status+0) 
0x00A4	0xD002      	BRA         L__Lcd_Cmd39
0x00A6	0x848D      	BSF         LCD_RS, BitPos(LCD_RS+0) 
0x00A8	0xD001      	BRA         L__Lcd_Cmd40
L__Lcd_Cmd39:
0x00AA	0x948D      	BCF         LCD_RS, BitPos(LCD_RS+0) 
L__Lcd_Cmd40:
;__Lib_Lcd.c,40 :: 		
0x00AC	0x828D      	BSF         LCD_EN, BitPos(LCD_EN+0) 
;__Lib_Lcd.c,41 :: 		
0x00AE	0xDFC1      	RCALL       _Delay_1us
;__Lib_Lcd.c,42 :: 		
0x00B0	0x928D      	BCF         LCD_EN, BitPos(LCD_EN+0) 
;__Lib_Lcd.c,44 :: 		
0x00B2	0xA028      	BTFSS       __Lib_Lcd_cmd_status, BitPos(__Lib_Lcd_cmd_status+0) 
0x00B4	0xD002      	BRA         L_Lcd_Cmd0
;__Lib_Lcd.c,45 :: 		
0x00B6	0xDFB2      	RCALL       _Delay_5500us
0x00B8	0xD001      	BRA         L_Lcd_Cmd1
L_Lcd_Cmd0:
;__Lib_Lcd.c,47 :: 		
0x00BA	0xDFBE      	RCALL       _Delay_50us
L_Lcd_Cmd1:
;__Lib_Lcd.c,48 :: 		
L_end_Lcd_Cmd:
0x00BC	0x0012      	RETURN      0
; end of _Lcd_Cmd
_Lcd_Chr_CP:
;__Lib_Lcd.c,50 :: 		
;__Lib_Lcd.c,52 :: 		
0x00BE	0x9028      	BCF         __Lib_Lcd_cmd_status, BitPos(__Lib_Lcd_cmd_status+0) 
;__Lib_Lcd.c,53 :: 		
0x00C0	0xF031C030  	MOVFF       FARG_Lcd_Chr_CP_out_char, FARG_Lcd_Cmd_out_char
0x00C4	0xDFBE      	RCALL       _Lcd_Cmd
;__Lib_Lcd.c,54 :: 		
0x00C6	0x8028      	BSF         __Lib_Lcd_cmd_status, BitPos(__Lib_Lcd_cmd_status+0) 
;__Lib_Lcd.c,55 :: 		
L_end_Lcd_Chr_CP:
0x00C8	0x0012      	RETURN      0
; end of _Lcd_Chr_CP
_Div_16X16_U:
;__Lib_Math.c,102 :: 		
;__Lib_Math.c,109 :: 		
0x00CA	0x6A08      	CLRF        R8, 0
;__Lib_Math.c,110 :: 		
0x00CC	0x6A09      	CLRF        R9, 0
;__Lib_Math.c,111 :: 		
0x00CE	0x0E10      	MOVLW       16
;__Lib_Math.c,112 :: 		
0x00D0	0x6E0C      	MOVWF       R12, 0
;__Lib_Math.c,113 :: 		
0x00D2	0x3401      	RLCF        R1, 0, 0
;__Lib_Math.c,114 :: 		
0x00D4	0x3608      	RLCF        R8, 1, 0
;__Lib_Math.c,115 :: 		
0x00D6	0x3609      	RLCF        R9, 1, 0
;__Lib_Math.c,116 :: 		
0x00D8	0x5004      	MOVF        R4, 0, 0
;__Lib_Math.c,117 :: 		
0x00DA	0x5E08      	SUBWF       R8, 1, 0
;__Lib_Math.c,118 :: 		
0x00DC	0x5005      	MOVF        R5, 0, 0
;__Lib_Math.c,119 :: 		
0x00DE	0xA0D8      	BTFSS       STATUS, 0, 0
;__Lib_Math.c,120 :: 		
0x00E0	0x3C05      	INCFSZ      R5, 0, 0
;__Lib_Math.c,121 :: 		
0x00E2	0x5E09      	SUBWF       R9, 1, 0
;__Lib_Math.c,122 :: 		
0x00E4	0xB0D8      	BTFSC       STATUS, 0, 0
;__Lib_Math.c,123 :: 		
0x00E6	0xD007      	BRA         $+16
;__Lib_Math.c,124 :: 		
0x00E8	0x5004      	MOVF        R4, 0, 0
;__Lib_Math.c,125 :: 		
0x00EA	0x2608      	ADDWF       R8, 1, 0
;__Lib_Math.c,126 :: 		
0x00EC	0x5005      	MOVF        R5, 0, 0
;__Lib_Math.c,127 :: 		
0x00EE	0xB0D8      	BTFSC       STATUS, 0, 0
;__Lib_Math.c,128 :: 		
0x00F0	0x3C05      	INCFSZ      R5, 0, 0
;__Lib_Math.c,129 :: 		
0x00F2	0x2609      	ADDWF       R9, 1, 0
;__Lib_Math.c,130 :: 		
0x00F4	0x90D8      	BCF         STATUS, 0, 0
;__Lib_Math.c,131 :: 		
0x00F6	0x3600      	RLCF        R0, 1, 0
;__Lib_Math.c,132 :: 		
0x00F8	0x3601      	RLCF        R1, 1, 0
;__Lib_Math.c,133 :: 		
0x00FA	0x2E0C      	DECFSZ      R12, 1, 0
;__Lib_Math.c,134 :: 		
0x00FC	0xD7EA      	BRA         $-42
;__Lib_Math.c,136 :: 		
L_end_Div_16X16_U:
0x00FE	0x0012      	RETURN      0
; end of _Div_16X16_U
_WordToStr:
;__Lib_Conversions.c,98 :: 		
;__Lib_Conversions.c,103 :: 		
0x0100	0x6A2D      	CLRF        WordToStr_len_L0 
L_WordToStr11:
0x0102	0x0E05      	MOVLW       5
0x0104	0x5C2D      	SUBWF       WordToStr_len_L0, 0 
0x0106	0xE20A      	BC          L_WordToStr12
;__Lib_Conversions.c,104 :: 		
0x0108	0x502D      	MOVF        WordToStr_len_L0, 0 
0x010A	0x242B      	ADDWF       FARG_WordToStr_output, 0 
0x010C	0x6EE1      	MOVWF       FSR1L 
0x010E	0x0E00      	MOVLW       0
0x0110	0x202C      	ADDWFC      FARG_WordToStr_output+1, 0 
0x0112	0x6EE2      	MOVWF       FSR1L+1 
0x0114	0x0E20      	MOVLW       32
0x0116	0x6EE6      	MOVWF       POSTINC1 
;__Lib_Conversions.c,103 :: 		
0x0118	0x2A2D      	INCF        WordToStr_len_L0, 1 
;__Lib_Conversions.c,104 :: 		
0x011A	0xD7F3      	BRA         L_WordToStr11
L_WordToStr12:
;__Lib_Conversions.c,105 :: 		
0x011C	0x502D      	MOVF        WordToStr_len_L0, 0 
0x011E	0x242B      	ADDWF       FARG_WordToStr_output, 0 
0x0120	0x6EE1      	MOVWF       FSR1L 
0x0122	0x0E00      	MOVLW       0
0x0124	0x202C      	ADDWFC      FARG_WordToStr_output+1, 0 
0x0126	0x6EE2      	MOVWF       FSR1L+1 
0x0128	0x6AE6      	CLRF        POSTINC1 
0x012A	0x062D      	DECF        WordToStr_len_L0, 1 
;__Lib_Conversions.c,107 :: 		
L_WordToStr14:
;__Lib_Conversions.c,108 :: 		
0x012C	0x502D      	MOVF        WordToStr_len_L0, 0 
0x012E	0x242B      	ADDWF       FARG_WordToStr_output, 0 
0x0130	0x6E2E      	MOVWF       FLOC__WordToStr 
0x0132	0x0E00      	MOVLW       0
0x0134	0x202C      	ADDWFC      FARG_WordToStr_output+1, 0 
0x0136	0x6E2F      	MOVWF       FLOC__WordToStr+1 
0x0138	0x0E0A      	MOVLW       10
0x013A	0x6E04      	MOVWF       R4 
0x013C	0x0E00      	MOVLW       0
0x013E	0x6E05      	MOVWF       R5 
0x0140	0xF000C029  	MOVFF       FARG_WordToStr_input, R0
0x0144	0xF001C02A  	MOVFF       FARG_WordToStr_input+1, R1
0x0148	0xDFC0      	RCALL       _Div_16X16_U
0x014A	0xF000C008  	MOVFF       R8, R0
0x014E	0xF001C009  	MOVFF       R9, R1
0x0152	0x0E30      	MOVLW       48
0x0154	0x2600      	ADDWF       R0, 1 
0x0156	0xFFE1C02E  	MOVFF       FLOC__WordToStr, FSR1L
0x015A	0xFFE2C02F  	MOVFF       FLOC__WordToStr+1, FSR1H
0x015E	0xFFE6C000  	MOVFF       R0, POSTINC1
;__Lib_Conversions.c,109 :: 		
0x0162	0x0E0A      	MOVLW       10
0x0164	0x6E04      	MOVWF       R4 
0x0166	0x0E00      	MOVLW       0
0x0168	0x6E05      	MOVWF       R5 
0x016A	0xF000C029  	MOVFF       FARG_WordToStr_input, R0
0x016E	0xF001C02A  	MOVFF       FARG_WordToStr_input+1, R1
0x0172	0xDFAB      	RCALL       _Div_16X16_U
0x0174	0xF029C000  	MOVFF       R0, FARG_WordToStr_input
0x0178	0xF02AC001  	MOVFF       R1, FARG_WordToStr_input+1
;__Lib_Conversions.c,110 :: 		
0x017C	0x0E00      	MOVLW       0
0x017E	0x1801      	XORWF       R1, 0 
0x0180	0xE102      	BNZ         L__WordToStr159
0x0182	0x0E00      	MOVLW       0
0x0184	0x1800      	XORWF       R0, 0 
L__WordToStr159:
0x0186	0xE101      	BNZ         L_WordToStr16
;__Lib_Conversions.c,111 :: 		
0x0188	0xD002      	BRA         L_WordToStr15
L_WordToStr16:
;__Lib_Conversions.c,112 :: 		
0x018A	0x062D      	DECF        WordToStr_len_L0, 1 
;__Lib_Conversions.c,113 :: 		
0x018C	0xD7CF      	BRA         L_WordToStr14
L_WordToStr15:
;__Lib_Conversions.c,114 :: 		
L_end_WordToStr:
0x018E	0x0012      	RETURN      0
; end of _WordToStr
_ConfigMCU:
;unit_04_06_timer1asCounterLCD.c,112 :: 		void ConfigMCU()
;unit_04_06_timer1asCounterLCD.c,118 :: 		ADCON1 |= 0X0F;                    // (PIC18F45220) Determine if anal/digital pins
0x0190	0x0E0F      	MOVLW       15
0x0192	0x12C1      	IORWF       ADCON1, 1 
;unit_04_06_timer1asCounterLCD.c,120 :: 		TRISC.RC0 = 1;                     // Simulate pulses PORTC.RC0 (T13CKI pin)
0x0194	0x8094      	BSF         TRISC, 0 
;unit_04_06_timer1asCounterLCD.c,121 :: 		PORTC.RC0 = 1;
0x0196	0x8082      	BSF         PORTC, 0 
;unit_04_06_timer1asCounterLCD.c,122 :: 		}
L_end_ConfigMCU:
0x0198	0x0012      	RETURN      0
; end of _ConfigMCU
___CC2DW:
;__Lib_System.c,21 :: 		
;__Lib_System.c,23 :: 		
_CC2DL_Loop1:
;__Lib_System.c,24 :: 		
0x019A	0x0009      	TBLRD*+
;__Lib_System.c,25 :: 		
0x019C	0xFFE6CFF5  	MOVFF       TABLAT, POSTINC1
;__Lib_System.c,26 :: 		
0x01A0	0x0600      	DECF        R0, 1, 0
;__Lib_System.c,27 :: 		
0x01A2	0xE1FB      	BNZ         _CC2DL_Loop1
;__Lib_System.c,28 :: 		
0x01A4	0x0601      	DECF        R1, 1, 0
;__Lib_System.c,29 :: 		
0x01A6	0xE1F9      	BNZ         _CC2DL_Loop1
;__Lib_System.c,31 :: 		
L_end___CC2DW:
0x01A8	0x0012      	RETURN      0
; end of ___CC2DW
_ConfigTimer:
;unit_04_06_timer1asCounterLCD.c,124 :: 		void ConfigTimer()
;unit_04_06_timer1asCounterLCD.c,129 :: 		T1CON = 0B10000010;                // Timer1 off, Prescale 1:1 , Mode 16-BITS, edge low/high
0x01AA	0x0E82      	MOVLW       130
0x01AC	0x6ECD      	MOVWF       T1CON 
;unit_04_06_timer1asCounterLCD.c,131 :: 		TMR1H = 0;                          // Initial values for accumulator registers
0x01AE	0x6ACF      	CLRF        TMR1H 
;unit_04_06_timer1asCounterLCD.c,132 :: 		TMR1L = 0;                          // One more pulse, Timer1 overflow!
0x01B0	0x6ACE      	CLRF        TMR1L 
;unit_04_06_timer1asCounterLCD.c,134 :: 		PIR1.TMR1IF = 0;                    // Flag clearhigh/low
0x01B2	0x909E      	BCF         PIR1, 0 
;unit_04_06_timer1asCounterLCD.c,135 :: 		T1CON.TMR1ON = 1;                   // Timer1 on, everything is configure, right:D
0x01B4	0x80CD      	BSF         T1CON, 0 
;unit_04_06_timer1asCounterLCD.c,136 :: 		}
L_end_ConfigTimer:
0x01B6	0x0012      	RETURN      0
; end of _ConfigTimer
_Lcd_Out:
;__Lib_Lcd.c,184 :: 		
;__Lib_Lcd.c,187 :: 		
0x01B8	0xD00F      	BRA         L_Lcd_Out11
;__Lib_Lcd.c,188 :: 		
L_Lcd_Out13:
0x01BA	0x0E80      	MOVLW       128
0x01BC	0x6E29      	MOVWF       FARG_Lcd_Out_row 
0x01BE	0xD019      	BRA         L_Lcd_Out12
;__Lib_Lcd.c,189 :: 		
L_Lcd_Out14:
0x01C0	0x0EC0      	MOVLW       192
0x01C2	0x6E29      	MOVWF       FARG_Lcd_Out_row 
0x01C4	0xD016      	BRA         L_Lcd_Out12
;__Lib_Lcd.c,190 :: 		
L_Lcd_Out15:
0x01C6	0x0E94      	MOVLW       148
0x01C8	0x6E29      	MOVWF       FARG_Lcd_Out_row 
0x01CA	0xD013      	BRA         L_Lcd_Out12
;__Lib_Lcd.c,191 :: 		
L_Lcd_Out16:
0x01CC	0x0ED4      	MOVLW       212
0x01CE	0x6E29      	MOVWF       FARG_Lcd_Out_row 
0x01D0	0xD010      	BRA         L_Lcd_Out12
;__Lib_Lcd.c,192 :: 		
L_Lcd_Out17:
0x01D2	0x0E80      	MOVLW       128
0x01D4	0x6E29      	MOVWF       FARG_Lcd_Out_row 
;__Lib_Lcd.c,193 :: 		
0x01D6	0xD00D      	BRA         L_Lcd_Out12
L_Lcd_Out11:
0x01D8	0x5029      	MOVF        FARG_Lcd_Out_row, 0 
0x01DA	0x0A01      	XORLW       1
0x01DC	0xE0EE      	BZ          L_Lcd_Out13
0x01DE	0x5029      	MOVF        FARG_Lcd_Out_row, 0 
0x01E0	0x0A02      	XORLW       2
0x01E2	0xE0EE      	BZ          L_Lcd_Out14
0x01E4	0x5029      	MOVF        FARG_Lcd_Out_row, 0 
0x01E6	0x0A03      	XORLW       3
0x01E8	0xE0EE      	BZ          L_Lcd_Out15
0x01EA	0x5029      	MOVF        FARG_Lcd_Out_row, 0 
0x01EC	0x0A04      	XORLW       4
0x01EE	0xE0EE      	BZ          L_Lcd_Out16
0x01F0	0xD7F0      	BRA         L_Lcd_Out17
L_Lcd_Out12:
;__Lib_Lcd.c,194 :: 		
0x01F2	0x042A      	DECF        FARG_Lcd_Out_column, 0 
0x01F4	0x6E00      	MOVWF       R0 
0x01F6	0x5029      	MOVF        FARG_Lcd_Out_row, 0 
0x01F8	0x2600      	ADDWF       R0, 1 
0x01FA	0xF029C000  	MOVFF       R0, FARG_Lcd_Out_row
;__Lib_Lcd.c,196 :: 		
0x01FE	0xF031C000  	MOVFF       R0, FARG_Lcd_Cmd_out_char
0x0202	0xDF1F      	RCALL       _Lcd_Cmd
;__Lib_Lcd.c,197 :: 		
0x0204	0x9028      	BCF         __Lib_Lcd_cmd_status, BitPos(__Lib_Lcd_cmd_status+0) 
;__Lib_Lcd.c,198 :: 		
0x0206	0x6A2D      	CLRF        Lcd_Out_i_L0 
;__Lib_Lcd.c,199 :: 		
L_Lcd_Out18:
0x0208	0x502D      	MOVF        Lcd_Out_i_L0, 0 
0x020A	0x242B      	ADDWF       FARG_Lcd_Out_text, 0 
0x020C	0x6EE9      	MOVWF       FSR0L 
0x020E	0x0E00      	MOVLW       0
0x0210	0x202C      	ADDWFC      FARG_Lcd_Out_text+1, 0 
0x0212	0x6EEA      	MOVWF       FSR0L+1 
0x0214	0x52EE      	MOVF        POSTINC0, 1 
0x0216	0xE00B      	BZ          L_Lcd_Out19
;__Lib_Lcd.c,200 :: 		
0x0218	0x502D      	MOVF        Lcd_Out_i_L0, 0 
0x021A	0x242B      	ADDWF       FARG_Lcd_Out_text, 0 
0x021C	0x6EE9      	MOVWF       FSR0L 
0x021E	0x0E00      	MOVLW       0
0x0220	0x202C      	ADDWFC      FARG_Lcd_Out_text+1, 0 
0x0222	0x6EEA      	MOVWF       FSR0L+1 
0x0224	0xF030CFEE  	MOVFF       POSTINC0, FARG_Lcd_Chr_CP_out_char
0x0228	0xDF4A      	RCALL       _Lcd_Chr_CP
0x022A	0x2A2D      	INCF        Lcd_Out_i_L0, 1 
0x022C	0xD7ED      	BRA         L_Lcd_Out18
L_Lcd_Out19:
;__Lib_Lcd.c,201 :: 		
0x022E	0x8028      	BSF         __Lib_Lcd_cmd_status, BitPos(__Lib_Lcd_cmd_status+0) 
;__Lib_Lcd.c,202 :: 		
L_end_Lcd_Out:
0x0230	0x0012      	RETURN      0
; end of _Lcd_Out
_Lcd_Init:
;__Lib_Lcd.c,84 :: 		
;__Lib_Lcd.c,86 :: 		
0x0232	0x9296      	BCF         LCD_EN_Direction, BitPos(LCD_EN_Direction+0) 
;__Lib_Lcd.c,87 :: 		
0x0234	0x9496      	BCF         LCD_RS_Direction, BitPos(LCD_RS_Direction+0) 
;__Lib_Lcd.c,88 :: 		
0x0236	0x9895      	BCF         LCD_D4_Direction, BitPos(LCD_D4_Direction+0) 
;__Lib_Lcd.c,89 :: 		
0x0238	0x9A95      	BCF         LCD_D5_Direction, BitPos(LCD_D5_Direction+0) 
;__Lib_Lcd.c,90 :: 		
0x023A	0x9C95      	BCF         LCD_D6_Direction, BitPos(LCD_D6_Direction+0) 
;__Lib_Lcd.c,91 :: 		
0x023C	0x9E95      	BCF         LCD_D7_Direction, BitPos(LCD_D7_Direction+0) 
;__Lib_Lcd.c,93 :: 		
0x023E	0x928D      	BCF         LCD_EN, BitPos(LCD_EN+0) 
;__Lib_Lcd.c,94 :: 		
0x0240	0x948D      	BCF         LCD_RS, BitPos(LCD_RS+0) 
;__Lib_Lcd.c,95 :: 		
0x0242	0x9E8C      	BCF         LCD_D7, BitPos(LCD_D7+0) 
;__Lib_Lcd.c,96 :: 		
0x0244	0x9C8C      	BCF         LCD_D6, BitPos(LCD_D6+0) 
;__Lib_Lcd.c,97 :: 		
0x0246	0x9A8C      	BCF         LCD_D5, BitPos(LCD_D5+0) 
;__Lib_Lcd.c,98 :: 		
0x0248	0x988C      	BCF         LCD_D4, BitPos(LCD_D4+0) 
;__Lib_Lcd.c,100 :: 		
0x024A	0xDEE8      	RCALL       _Delay_5500us
;__Lib_Lcd.c,101 :: 		
0x024C	0xDEE7      	RCALL       _Delay_5500us
;__Lib_Lcd.c,102 :: 		
0x024E	0xDEE6      	RCALL       _Delay_5500us
;__Lib_Lcd.c,105 :: 		
0x0250	0x8A8C      	BSF         LCD_D5, BitPos(LCD_D5+0) 
;__Lib_Lcd.c,106 :: 		
0x0252	0x888C      	BSF         LCD_D4, BitPos(LCD_D4+0) 
;__Lib_Lcd.c,107 :: 		
0x0254	0x828D      	BSF         LCD_EN, BitPos(LCD_EN+0) 
;__Lib_Lcd.c,108 :: 		
0x0256	0xDEED      	RCALL       _Delay_1us
;__Lib_Lcd.c,109 :: 		
0x0258	0x928D      	BCF         LCD_EN, BitPos(LCD_EN+0) 
;__Lib_Lcd.c,110 :: 		
0x025A	0xDEE0      	RCALL       _Delay_5500us
;__Lib_Lcd.c,112 :: 		
0x025C	0x828D      	BSF         LCD_EN, BitPos(LCD_EN+0) 
;__Lib_Lcd.c,113 :: 		
0x025E	0xDEE9      	RCALL       _Delay_1us
;__Lib_Lcd.c,114 :: 		
0x0260	0x928D      	BCF         LCD_EN, BitPos(LCD_EN+0) 
;__Lib_Lcd.c,115 :: 		
0x0262	0xDEDC      	RCALL       _Delay_5500us
;__Lib_Lcd.c,117 :: 		
0x0264	0x828D      	BSF         LCD_EN, BitPos(LCD_EN+0) 
;__Lib_Lcd.c,118 :: 		
0x0266	0xDEE5      	RCALL       _Delay_1us
;__Lib_Lcd.c,119 :: 		
0x0268	0x928D      	BCF         LCD_EN, BitPos(LCD_EN+0) 
;__Lib_Lcd.c,120 :: 		
0x026A	0xDED8      	RCALL       _Delay_5500us
;__Lib_Lcd.c,123 :: 		
0x026C	0x988C      	BCF         LCD_D4, BitPos(LCD_D4+0) 
;__Lib_Lcd.c,124 :: 		
0x026E	0x828D      	BSF         LCD_EN, BitPos(LCD_EN+0) 
;__Lib_Lcd.c,125 :: 		
0x0270	0xDEE0      	RCALL       _Delay_1us
;__Lib_Lcd.c,126 :: 		
0x0272	0x928D      	BCF         LCD_EN, BitPos(LCD_EN+0) 
;__Lib_Lcd.c,127 :: 		
0x0274	0xDED3      	RCALL       _Delay_5500us
;__Lib_Lcd.c,130 :: 		
0x0276	0x828D      	BSF         LCD_EN, BitPos(LCD_EN+0) 
;__Lib_Lcd.c,131 :: 		
0x0278	0xDEDC      	RCALL       _Delay_1us
;__Lib_Lcd.c,132 :: 		
0x027A	0x928D      	BCF         LCD_EN, BitPos(LCD_EN+0) 
;__Lib_Lcd.c,134 :: 		
0x027C	0x9A8C      	BCF         LCD_D5, BitPos(LCD_D5+0) 
;__Lib_Lcd.c,135 :: 		
0x027E	0x8E8C      	BSF         LCD_D7, BitPos(LCD_D7+0) 
;__Lib_Lcd.c,136 :: 		
0x0280	0x828D      	BSF         LCD_EN, BitPos(LCD_EN+0) 
;__Lib_Lcd.c,137 :: 		
0x0282	0xDED7      	RCALL       _Delay_1us
;__Lib_Lcd.c,138 :: 		
0x0284	0x928D      	BCF         LCD_EN, BitPos(LCD_EN+0) 
;__Lib_Lcd.c,139 :: 		
0x0286	0xDECA      	RCALL       _Delay_5500us
;__Lib_Lcd.c,142 :: 		
0x0288	0x9E8C      	BCF         LCD_D7, BitPos(LCD_D7+0) 
;__Lib_Lcd.c,143 :: 		
0x028A	0x888C      	BSF         LCD_D4, BitPos(LCD_D4+0) 
;__Lib_Lcd.c,144 :: 		
0x028C	0x828D      	BSF         LCD_EN, BitPos(LCD_EN+0) 
;__Lib_Lcd.c,145 :: 		
0x028E	0xDED1      	RCALL       _Delay_1us
;__Lib_Lcd.c,146 :: 		
0x0290	0x928D      	BCF         LCD_EN, BitPos(LCD_EN+0) 
;__Lib_Lcd.c,148 :: 		
0x0292	0x988C      	BCF         LCD_D4, BitPos(LCD_D4+0) 
;__Lib_Lcd.c,149 :: 		
0x0294	0x828D      	BSF         LCD_EN, BitPos(LCD_EN+0) 
;__Lib_Lcd.c,150 :: 		
0x0296	0xDECD      	RCALL       _Delay_1us
;__Lib_Lcd.c,151 :: 		
0x0298	0x928D      	BCF         LCD_EN, BitPos(LCD_EN+0) 
;__Lib_Lcd.c,152 :: 		
0x029A	0xDEC0      	RCALL       _Delay_5500us
;__Lib_Lcd.c,155 :: 		
0x029C	0x828D      	BSF         LCD_EN, BitPos(LCD_EN+0) 
;__Lib_Lcd.c,156 :: 		
0x029E	0xDEC9      	RCALL       _Delay_1us
;__Lib_Lcd.c,157 :: 		
0x02A0	0x928D      	BCF         LCD_EN, BitPos(LCD_EN+0) 
;__Lib_Lcd.c,159 :: 		
0x02A2	0x888C      	BSF         LCD_D4, BitPos(LCD_D4+0) 
;__Lib_Lcd.c,160 :: 		
0x02A4	0x828D      	BSF         LCD_EN, BitPos(LCD_EN+0) 
;__Lib_Lcd.c,161 :: 		
0x02A6	0xDEC5      	RCALL       _Delay_1us
;__Lib_Lcd.c,162 :: 		
0x02A8	0x928D      	BCF         LCD_EN, BitPos(LCD_EN+0) 
;__Lib_Lcd.c,163 :: 		
0x02AA	0xDEB8      	RCALL       _Delay_5500us
;__Lib_Lcd.c,166 :: 		
0x02AC	0x988C      	BCF         LCD_D4, BitPos(LCD_D4+0) 
;__Lib_Lcd.c,167 :: 		
0x02AE	0x828D      	BSF         LCD_EN, BitPos(LCD_EN+0) 
;__Lib_Lcd.c,168 :: 		
0x02B0	0xDEC0      	RCALL       _Delay_1us
;__Lib_Lcd.c,169 :: 		
0x02B2	0x928D      	BCF         LCD_EN, BitPos(LCD_EN+0) 
;__Lib_Lcd.c,171 :: 		
0x02B4	0x8E8C      	BSF         LCD_D7, BitPos(LCD_D7+0) 
;__Lib_Lcd.c,172 :: 		
0x02B6	0x8C8C      	BSF         LCD_D6, BitPos(LCD_D6+0) 
;__Lib_Lcd.c,173 :: 		
0x02B8	0x8A8C      	BSF         LCD_D5, BitPos(LCD_D5+0) 
;__Lib_Lcd.c,174 :: 		
0x02BA	0x888C      	BSF         LCD_D4, BitPos(LCD_D4+0) 
;__Lib_Lcd.c,175 :: 		
0x02BC	0x828D      	BSF         LCD_EN, BitPos(LCD_EN+0) 
;__Lib_Lcd.c,176 :: 		
0x02BE	0xDEB9      	RCALL       _Delay_1us
;__Lib_Lcd.c,177 :: 		
0x02C0	0x928D      	BCF         LCD_EN, BitPos(LCD_EN+0) 
;__Lib_Lcd.c,179 :: 		
0x02C2	0xDEAC      	RCALL       _Delay_5500us
;__Lib_Lcd.c,181 :: 		
0x02C4	0x8028      	BSF         __Lib_Lcd_cmd_status, BitPos(__Lib_Lcd_cmd_status+0) 
;__Lib_Lcd.c,182 :: 		
L_end_Lcd_Init:
0x02C6	0x0012      	RETURN      0
; end of _Lcd_Init
_main:
0x02C8	0x0E56      	MOVLW       86
0x02CA	0x6E15      	MOVWF       ?lstr1_unit_04_06_timer1asCounterLCD 
0x02CC	0x0E61      	MOVLW       97
0x02CE	0x6E16      	MOVWF       22 
0x02D0	0x0E6C      	MOVLW       108
0x02D2	0x6E17      	MOVWF       23 
0x02D4	0x0E75      	MOVLW       117
0x02D6	0x6E18      	MOVWF       24 
0x02D8	0x0E65      	MOVLW       101
0x02DA	0x6E19      	MOVWF       25 
0x02DC	0x0E3A      	MOVLW       58
0x02DE	0x6E1A      	MOVWF       26 
0x02E0	0x6A1B      	CLRF        27 
;unit_04_06_timer1asCounterLCD.c,138 :: 		void main() {
;unit_04_06_timer1asCounterLCD.c,139 :: 		ConfigMCU();
0x02E2	0xDF56      	RCALL       _ConfigMCU
;unit_04_06_timer1asCounterLCD.c,140 :: 		ConfigTimer();
0x02E4	0xDF62      	RCALL       _ConfigTimer
;unit_04_06_timer1asCounterLCD.c,142 :: 		Lcd_Init();                         // Initialize LCD
0x02E6	0xDFA5      	RCALL       _Lcd_Init
;unit_04_06_timer1asCounterLCD.c,144 :: 		Lcd_Cmd(_LCD_CLEAR);                // Clear display
0x02E8	0x0E01      	MOVLW       1
0x02EA	0x6E31      	MOVWF       FARG_Lcd_Cmd_out_char 
0x02EC	0xDEAA      	RCALL       _Lcd_Cmd
;unit_04_06_timer1asCounterLCD.c,145 :: 		Lcd_Cmd(_LCD_CURSOR_OFF);           // Cursor off
0x02EE	0x0E0C      	MOVLW       12
0x02F0	0x6E31      	MOVWF       FARG_Lcd_Cmd_out_char 
0x02F2	0xDEA7      	RCALL       _Lcd_Cmd
;unit_04_06_timer1asCounterLCD.c,147 :: 		Lcd_Out(1,1,"Value:");              // Write text in first row
0x02F4	0x0E01      	MOVLW       1
0x02F6	0x6E29      	MOVWF       FARG_Lcd_Out_row 
0x02F8	0x0E01      	MOVLW       1
0x02FA	0x6E2A      	MOVWF       FARG_Lcd_Out_column 
0x02FC	0x0E15      	MOVLW       ?lstr1_unit_04_06_timer1asCounterLCD
0x02FE	0x6E2B      	MOVWF       FARG_Lcd_Out_text 
0x0300	0x0E00      	MOVLW       hi_addr(?lstr1_unit_04_06_timer1asCounterLCD)
0x0302	0x6E2C      	MOVWF       FARG_Lcd_Out_text+1 
0x0304	0xDF59      	RCALL       _Lcd_Out
;unit_04_06_timer1asCounterLCD.c,149 :: 		while (TRUE)                         // Do forever
L_main0:
;unit_04_06_timer1asCounterLCD.c,151 :: 		TWO.BYTE[1] = TMR1H;              // Please, in this order!
0x0306	0xF01DCFCF  	MOVFF       TMR1H, _TWO+1
;unit_04_06_timer1asCounterLCD.c,152 :: 		TWO.BYTE[0] = TMR1L;              // Read PIC18(L)F2X/4XK22 datasheet @ 12.7 Timer1/3/5 Gate
0x030A	0xF01CCFCE  	MOVFF       TMR1L, _TWO
;unit_04_06_timer1asCounterLCD.c,154 :: 		WordToStr(TWO.INTEGER, txt);      // Convert number to txt[10]
0x030E	0xF029C01C  	MOVFF       _TWO, FARG_WordToStr_input
0x0312	0xF02AC01D  	MOVFF       _TWO+1, FARG_WordToStr_input+1
0x0316	0x0E1E      	MOVLW       _txt
0x0318	0x6E2B      	MOVWF       FARG_WordToStr_output 
0x031A	0x0E00      	MOVLW       hi_addr(_txt)
0x031C	0x6E2C      	MOVWF       FARG_WordToStr_output+1 
0x031E	0xDEF0      	RCALL       _WordToStr
;unit_04_06_timer1asCounterLCD.c,155 :: 		LCD_Out(1, 7, txt);               // Show at LCD's first line
0x0320	0x0E01      	MOVLW       1
0x0322	0x6E29      	MOVWF       FARG_Lcd_Out_row 
0x0324	0x0E07      	MOVLW       7
0x0326	0x6E2A      	MOVWF       FARG_Lcd_Out_column 
0x0328	0x0E1E      	MOVLW       _txt
0x032A	0x6E2B      	MOVWF       FARG_Lcd_Out_text 
0x032C	0x0E00      	MOVLW       hi_addr(_txt)
0x032E	0x6E2C      	MOVWF       FARG_Lcd_Out_text+1 
0x0330	0xDF43      	RCALL       _Lcd_Out
;unit_04_06_timer1asCounterLCD.c,156 :: 		Delay_ms(20);
0x0332	0x0E34      	MOVLW       52
0x0334	0x6E0C      	MOVWF       R12, 0
0x0336	0x0EF1      	MOVLW       241
0x0338	0x6E0D      	MOVWF       R13, 0
L_main2:
0x033A	0x2E0D      	DECFSZ      R13, 1, 0
0x033C	0xD7FE      	BRA         L_main2
0x033E	0x2E0C      	DECFSZ      R12, 1, 0
0x0340	0xD7FC      	BRA         L_main2
0x0342	0x0000      	NOP
0x0344	0x0000      	NOP
;unit_04_06_timer1asCounterLCD.c,158 :: 		if(PIR1.TMR1IF == 1)              // Timer1 will overflow at 65536 pulses:/
0x0346	0xA09E      	BTFSS       PIR1, 0 
0x0348	0xD003      	BRA         L_main3
;unit_04_06_timer1asCounterLCD.c,160 :: 		TMR1H = 0;                   // Recharge default values
0x034A	0x6ACF      	CLRF        TMR1H 
;unit_04_06_timer1asCounterLCD.c,161 :: 		TMR1L = 0;
0x034C	0x6ACE      	CLRF        TMR1L 
;unit_04_06_timer1asCounterLCD.c,162 :: 		PIR1.TMR1IF = 0;             // Clear Timer1's overflow Flag
0x034E	0x909E      	BCF         PIR1, 0 
;unit_04_06_timer1asCounterLCD.c,163 :: 		}
L_main3:
;unit_04_06_timer1asCounterLCD.c,165 :: 		}
0x0350	0xD7DA      	BRA         L_main0
;unit_04_06_timer1asCounterLCD.c,166 :: 		}
L_end_main:
0x0352	0xD7FF      	BRA         $+0
; end of _main
Symbol List:
//** Routines locations **
//ADDRESS    SIZE    PROCEDURE
//----------------------------------------------
0x001C      [22]    _Delay_5500us
0x0032       [6]    _Delay_1us
0x0038      [10]    _Delay_50us
0x0042     [124]    _Lcd_Cmd
0x00BE      [12]    _Lcd_Chr_CP
0x00CA      [54]    _Div_16X16_U
0x0100     [144]    _WordToStr
0x0190      [10]    _ConfigMCU
0x019A      [16]    ___CC2DW
0x01AA      [14]    _ConfigTimer
0x01B8     [122]    _Lcd_Out
0x0232     [150]    _Lcd_Init
0x02C8     [140]    _main
//** Variables locations ** 
//ADDRESS    SIZE    VARIABLE
//----------------------------------------------
0x0000       [1]    R0
0x0001       [1]    R1
0x0002       [2]    strlen_cp_L0
0x0002       [2]    memset_pp_L0
0x0002       [2]    memcpy_dd_L0
0x0002       [1]    R2
0x0002       [2]    memchr_s_L0
0x0003       [1]    R3
0x0003       [2]    memmove_tt_L0
0x0003       [2]    Ltrim_original_L0
0x0004       [2]    memcpy_ss_L0
0x0004       [1]    R4
0x0004       [2]    strcat_cp_L0
0x0004       [2]    strncat_cp_L0
0x0004       [2]    strcpy_cp_L0
0x0004       [2]    strncpy_cp_L0
0x0005       [2]    LongIntToHex_input_half_L0
0x0005       [2]    Ltrim_p_L0
0x0005       [2]    LongWordToHex_input_half_L0
0x0005       [1]    R5
0x0005       [2]    memmove_ff_L0
0x0006       [1]    R6
0x0007       [1]    R7
0x0008       [1]    R8
0x0009       [1]    R9
0x000A       [1]    R10
0x000B       [1]    R11
0x000C       [1]    R12
0x000D       [1]    R13
0x000E       [1]    R14
0x000F       [1]    R15
0x0010       [1]    R16
0x0011       [1]    R17
0x0012       [1]    R18
0x0013       [1]    R19
0x0014       [1]    R20
0x0015       [7]    ?lstr1_unit_04_06_timer1asCounterLCD
0x001C       [2]    _TWO
0x001E      [10]    _txt
0x0028       [0]    __Lib_Lcd_cmd_status
0x0029       [1]    FARG_Lcd_Out_row
0x0029       [2]    FARG_WordToStr_input
0x002A       [1]    FARG_Lcd_Out_column
0x002B       [2]    FARG_WordToStr_output
0x002B       [2]    FARG_Lcd_Out_text
0x002D       [1]    WordToStr_len_L0
0x002D       [1]    Lcd_Out_i_L0
0x002E       [2]    FLOC__WordToStr
0x0030       [1]    FARG_Lcd_Chr_CP_out_char
0x0031       [1]    FARG_Lcd_Cmd_out_char
0x0F82       [1]    PORTC
0x0F8C       [0]    LATD6_bit
0x0F8C       [0]    LCD_D5
0x0F8C       [0]    LCD_D6
0x0F8C       [0]    LATD7_bit
0x0F8C       [0]    LCD_D7
0x0F8C       [0]    LCD_D4
0x0F8C       [0]    LATD5_bit
0x0F8C       [0]    LATD4_bit
0x0F8D       [0]    LCD_RS
0x0F8D       [0]    LATE2_bit
0x0F8D       [0]    LCD_EN
0x0F8D       [0]    LATE1_bit
0x0F94       [1]    TRISC
0x0F95       [0]    TRISD6_bit
0x0F95       [0]    TRISD7_bit
0x0F95       [0]    LCD_D5_Direction
0x0F95       [0]    LCD_D7_Direction
0x0F95       [0]    TRISD5_bit
0x0F95       [0]    LCD_D6_Direction
0x0F95       [0]    LCD_D4_Direction
0x0F95       [0]    TRISD4_bit
0x0F96       [0]    TRISE2_bit
0x0F96       [0]    LCD_EN_Direction
0x0F96       [0]    TRISE1_bit
0x0F96       [0]    LCD_RS_Direction
0x0F9E       [1]    PIR1
0x0FC1       [1]    ADCON1
0x0FCD       [1]    T1CON
0x0FCE       [1]    TMR1L
0x0FCF       [1]    TMR1H
0x0FD8       [1]    STATUS
0x0FD9       [1]    FSR2L
0x0FDA       [1]    FSR2H
0x0FDE       [1]    POSTINC2
0x0FE0       [1]    BSR
0x0FE1       [1]    FSR1L
0x0FE2       [1]    FSR1H
0x0FE4       [1]    PREINC1
0x0FE6       [1]    POSTINC1
0x0FE7       [1]    INDF1
0x0FE8       [1]    WREG
0x0FE9       [1]    FSR0L
0x0FEA       [1]    FSR0H
0x0FEE       [1]    POSTINC0
0x0FF3       [1]    PRODL
0x0FF4       [1]    PRODH
0x0FF5       [1]    TABLAT
0x0FF6       [3]    TBLPTR
0x0FF6       [1]    TBLPTRL
0x0FF7       [1]    TBLPTRH
0x0FF8       [1]    TBLPTRU
