;  LST file generated by mikroListExporter - v.2.0 
; Date/Time: 08/11/2019 11:27:09 AM
;----------------------------------------------

;Address Opcode 	ASM
0x0000	0xF003EF71  	GOTO        1762
0x0004	0x0000      	NOP
0x0006	0x0000      	NOP
0x0008	0xF000EF00  	GOTO        0
0x000C	0x0000      	NOP
0x000E	0x0000      	NOP
0x0010	0x0000      	NOP
0x0012	0x0000      	NOP
0x0014	0x0000      	NOP
0x0016	0x0000      	NOP
0x0018	0xD7F3      	BRA         0
_Delay_1us:
;__Lib_Delays.c,7 :: 		void Delay_1us() {
;__Lib_Delays.c,8 :: 		Delay_us(1);
0x001C	0x0000      	NOP
0x001E	0x0000      	NOP
;__Lib_Delays.c,9 :: 		}
L_end_Delay_1us:
0x0020	0x0012      	RETURN      0
; end of _Delay_1us
_Delay_5500us:
;__Lib_Delays.c,31 :: 		void Delay_5500us() {
;__Lib_Delays.c,32 :: 		Delay_us(5500);
0x0022	0x0E0F      	MOVLW       15
0x0024	0x6E0C      	MOVWF       R12, 0
0x0026	0x0E47      	MOVLW       71
0x0028	0x6E0D      	MOVWF       R13, 0
L_Delay_5500us5:
0x002A	0x2E0D      	DECFSZ      R13, 1, 0
0x002C	0xD7FE      	BRA         L_Delay_5500us5
0x002E	0x2E0C      	DECFSZ      R12, 1, 0
0x0030	0xD7FC      	BRA         L_Delay_5500us5
0x0032	0x0000      	NOP
0x0034	0x0000      	NOP
;__Lib_Delays.c,33 :: 		}
L_end_Delay_5500us:
0x0036	0x0012      	RETURN      0
; end of _Delay_5500us
_Delay_50us:
;__Lib_Delays.c,19 :: 		void Delay_50us() {
;__Lib_Delays.c,20 :: 		Delay_us(50);
0x0038	0x0E21      	MOVLW       33
0x003A	0x6E0D      	MOVWF       R13, 0
L_Delay_50us2:
0x003C	0x2E0D      	DECFSZ      R13, 1, 0
0x003E	0xD7FE      	BRA         L_Delay_50us2
;__Lib_Delays.c,21 :: 		}
L_end_Delay_50us:
0x0040	0x0012      	RETURN      0
; end of _Delay_50us
_FIXSIGN32:
;__Lib_MathDouble.c,117 :: 		
;__Lib_MathDouble.c,121 :: 		
0x0042	0xAE0A      	BTFSS       R10, 7, 0
;__Lib_MathDouble.c,122 :: 		
0x0044	0x9E02      	BCF         R2, 7, 0
;__Lib_MathDouble.c,123 :: 		
0x0046	0x0E00      	MOVLW       0
;__Lib_MathDouble.c,125 :: 		
L_end_FIXSIGN32:
0x0048	0x0012      	RETURN      0
; end of _FIXSIGN32
_SETFUN32:
;__Lib_MathDouble.c,144 :: 		
;__Lib_MathDouble.c,152 :: 		
0x004A	0x840B      	BSF         R11, 2, 0
;__Lib_MathDouble.c,153 :: 		
0x004C	0xAE0B      	BTFSS       R11, 7, 0
;__Lib_MathDouble.c,154 :: 		
0x004E	0xF000EF30  	GOTO        SETFUN32EEE
;__Lib_MathDouble.c,156 :: 		
0x0052	0x0E01      	MOVLW       1
;__Lib_MathDouble.c,157 :: 		
0x0054	0x6E03      	MOVWF       R3, 0
;__Lib_MathDouble.c,158 :: 		
0x0056	0x6A02      	CLRF        R2, 0
;__Lib_MathDouble.c,159 :: 		
0x0058	0x6A01      	CLRF        R1, 0
;__Lib_MathDouble.c,160 :: 		
0x005A	0x6A00      	CLRF        R0, 0
;__Lib_MathDouble.c,161 :: 		
0x005C	0x360A      	RLCF        R10, 1, 0
;__Lib_MathDouble.c,162 :: 		
0x005E	0x3202      	RRCF        R2, 1, 0
;__Lib_MathDouble.c,163 :: 		
SETFUN32EEE:
;__Lib_MathDouble.c,164 :: 		
0x0060	0x0EFF      	MOVLW       255
;__Lib_MathDouble.c,166 :: 		
L_end_SETFUN32:
0x0062	0x0012      	RETURN      0
; end of _SETFUN32
_RES032:
;__Lib_MathDouble.c,128 :: 		
;__Lib_MathDouble.c,134 :: 		
0x0064	0x6A02      	CLRF        R2, 0
;__Lib_MathDouble.c,135 :: 		
0x0066	0x6A01      	CLRF        R1, 0
;__Lib_MathDouble.c,136 :: 		
0x0068	0x6A00      	CLRF        R0, 0
;__Lib_MathDouble.c,137 :: 		
0x006A	0x6A08      	CLRF        R8, 0
;__Lib_MathDouble.c,138 :: 		
0x006C	0x6A03      	CLRF        R3, 0
;__Lib_MathDouble.c,139 :: 		
0x006E	0x0E00      	MOVLW       0
;__Lib_MathDouble.c,141 :: 		
L_end_RES032:
0x0070	0x0012      	RETURN      0
; end of _RES032
_Lcd_Cmd:
;__Lib_Lcd.c,18 :: 		
;__Lib_Lcd.c,20 :: 		
0x0072	0xBE30      	BTFSC       FARG_Lcd_Cmd_out_char, 7 
0x0074	0xD002      	BRA         L__Lcd_Cmd21
0x0076	0x9E8C      	BCF         LCD_D7, BitPos(LCD_D7+0) 
0x0078	0xD001      	BRA         L__Lcd_Cmd22
L__Lcd_Cmd21:
0x007A	0x8E8C      	BSF         LCD_D7, BitPos(LCD_D7+0) 
L__Lcd_Cmd22:
;__Lib_Lcd.c,21 :: 		
0x007C	0xBC30      	BTFSC       FARG_Lcd_Cmd_out_char, 6 
0x007E	0xD002      	BRA         L__Lcd_Cmd23
0x0080	0x9C8C      	BCF         LCD_D6, BitPos(LCD_D6+0) 
0x0082	0xD001      	BRA         L__Lcd_Cmd24
L__Lcd_Cmd23:
0x0084	0x8C8C      	BSF         LCD_D6, BitPos(LCD_D6+0) 
L__Lcd_Cmd24:
;__Lib_Lcd.c,22 :: 		
0x0086	0xBA30      	BTFSC       FARG_Lcd_Cmd_out_char, 5 
0x0088	0xD002      	BRA         L__Lcd_Cmd25
0x008A	0x9A8C      	BCF         LCD_D5, BitPos(LCD_D5+0) 
0x008C	0xD001      	BRA         L__Lcd_Cmd26
L__Lcd_Cmd25:
0x008E	0x8A8C      	BSF         LCD_D5, BitPos(LCD_D5+0) 
L__Lcd_Cmd26:
;__Lib_Lcd.c,23 :: 		
0x0090	0xB830      	BTFSC       FARG_Lcd_Cmd_out_char, 4 
0x0092	0xD002      	BRA         L__Lcd_Cmd27
0x0094	0x988C      	BCF         LCD_D4, BitPos(LCD_D4+0) 
0x0096	0xD001      	BRA         L__Lcd_Cmd28
L__Lcd_Cmd27:
0x0098	0x888C      	BSF         LCD_D4, BitPos(LCD_D4+0) 
L__Lcd_Cmd28:
;__Lib_Lcd.c,25 :: 		
0x009A	0xB01B      	BTFSC       __Lib_Lcd_cmd_status, BitPos(__Lib_Lcd_cmd_status+0) 
0x009C	0xD002      	BRA         L__Lcd_Cmd29
0x009E	0x848D      	BSF         LCD_RS, BitPos(LCD_RS+0) 
0x00A0	0xD001      	BRA         L__Lcd_Cmd30
L__Lcd_Cmd29:
0x00A2	0x948D      	BCF         LCD_RS, BitPos(LCD_RS+0) 
L__Lcd_Cmd30:
;__Lib_Lcd.c,28 :: 		
0x00A4	0x828D      	BSF         LCD_EN, BitPos(LCD_EN+0) 
;__Lib_Lcd.c,29 :: 		
0x00A6	0xDFBA      	RCALL       _Delay_1us
;__Lib_Lcd.c,30 :: 		
0x00A8	0x928D      	BCF         LCD_EN, BitPos(LCD_EN+0) 
;__Lib_Lcd.c,33 :: 		
0x00AA	0xB630      	BTFSC       FARG_Lcd_Cmd_out_char, 3 
0x00AC	0xD002      	BRA         L__Lcd_Cmd31
0x00AE	0x9E8C      	BCF         LCD_D7, BitPos(LCD_D7+0) 
0x00B0	0xD001      	BRA         L__Lcd_Cmd32
L__Lcd_Cmd31:
0x00B2	0x8E8C      	BSF         LCD_D7, BitPos(LCD_D7+0) 
L__Lcd_Cmd32:
;__Lib_Lcd.c,34 :: 		
0x00B4	0xB430      	BTFSC       FARG_Lcd_Cmd_out_char, 2 
0x00B6	0xD002      	BRA         L__Lcd_Cmd33
0x00B8	0x9C8C      	BCF         LCD_D6, BitPos(LCD_D6+0) 
0x00BA	0xD001      	BRA         L__Lcd_Cmd34
L__Lcd_Cmd33:
0x00BC	0x8C8C      	BSF         LCD_D6, BitPos(LCD_D6+0) 
L__Lcd_Cmd34:
;__Lib_Lcd.c,35 :: 		
0x00BE	0xB230      	BTFSC       FARG_Lcd_Cmd_out_char, 1 
0x00C0	0xD002      	BRA         L__Lcd_Cmd35
0x00C2	0x9A8C      	BCF         LCD_D5, BitPos(LCD_D5+0) 
0x00C4	0xD001      	BRA         L__Lcd_Cmd36
L__Lcd_Cmd35:
0x00C6	0x8A8C      	BSF         LCD_D5, BitPos(LCD_D5+0) 
L__Lcd_Cmd36:
;__Lib_Lcd.c,36 :: 		
0x00C8	0xB030      	BTFSC       FARG_Lcd_Cmd_out_char, 0 
0x00CA	0xD002      	BRA         L__Lcd_Cmd37
0x00CC	0x988C      	BCF         LCD_D4, BitPos(LCD_D4+0) 
0x00CE	0xD001      	BRA         L__Lcd_Cmd38
L__Lcd_Cmd37:
0x00D0	0x888C      	BSF         LCD_D4, BitPos(LCD_D4+0) 
L__Lcd_Cmd38:
;__Lib_Lcd.c,38 :: 		
0x00D2	0xB01B      	BTFSC       __Lib_Lcd_cmd_status, BitPos(__Lib_Lcd_cmd_status+0) 
0x00D4	0xD002      	BRA         L__Lcd_Cmd39
0x00D6	0x848D      	BSF         LCD_RS, BitPos(LCD_RS+0) 
0x00D8	0xD001      	BRA         L__Lcd_Cmd40
L__Lcd_Cmd39:
0x00DA	0x948D      	BCF         LCD_RS, BitPos(LCD_RS+0) 
L__Lcd_Cmd40:
;__Lib_Lcd.c,40 :: 		
0x00DC	0x828D      	BSF         LCD_EN, BitPos(LCD_EN+0) 
;__Lib_Lcd.c,41 :: 		
0x00DE	0xDF9E      	RCALL       _Delay_1us
;__Lib_Lcd.c,42 :: 		
0x00E0	0x928D      	BCF         LCD_EN, BitPos(LCD_EN+0) 
;__Lib_Lcd.c,44 :: 		
0x00E2	0xA01B      	BTFSS       __Lib_Lcd_cmd_status, BitPos(__Lib_Lcd_cmd_status+0) 
0x00E4	0xD002      	BRA         L_Lcd_Cmd0
;__Lib_Lcd.c,45 :: 		
0x00E6	0xDF9D      	RCALL       _Delay_5500us
0x00E8	0xD001      	BRA         L_Lcd_Cmd1
L_Lcd_Cmd0:
;__Lib_Lcd.c,47 :: 		
0x00EA	0xDFA6      	RCALL       _Delay_50us
L_Lcd_Cmd1:
;__Lib_Lcd.c,48 :: 		
L_end_Lcd_Cmd:
0x00EC	0x0012      	RETURN      0
; end of _Lcd_Cmd
_SETIOV3224:
;__Lib_MathDouble.c,530 :: 		
;__Lib_MathDouble.c,537 :: 		
0x00EE	0x800B      	BSF         R11, 0, 0
;__Lib_MathDouble.c,538 :: 		
0x00F0	0xAE0B      	BTFSS       R11, 7, 0
;__Lib_MathDouble.c,539 :: 		
0x00F2	0xF000EF83  	GOTO        SETIOV3224EEE
;__Lib_MathDouble.c,541 :: 		
0x00F6	0x6A02      	CLRF        R2, 0
;__Lib_MathDouble.c,542 :: 		
0x00F8	0xAE0A      	BTFSS       R10, 7, 0
;__Lib_MathDouble.c,543 :: 		
0x00FA	0x0EFF      	MOVLW       255
;__Lib_MathDouble.c,544 :: 		
0x00FC	0x6E02      	MOVWF       R2, 0
;__Lib_MathDouble.c,545 :: 		
0x00FE	0x6E01      	MOVWF       R1, 0
;__Lib_MathDouble.c,546 :: 		
0x0100	0x6E00      	MOVWF       R0, 0
;__Lib_MathDouble.c,547 :: 		
0x0102	0x360A      	RLCF        R10, 1, 0
;__Lib_MathDouble.c,548 :: 		
0x0104	0x3202      	RRCF        R2, 1, 0
;__Lib_MathDouble.c,549 :: 		
SETIOV3224EEE:
;__Lib_MathDouble.c,550 :: 		
0x0106	0x0EFF      	MOVLW       255
;__Lib_MathDouble.c,552 :: 		
L_end_SETIOV3224:
0x0108	0x0012      	RETURN      0
; end of _SETIOV3224
_Delay_22us:
;__Lib_Delays.c,15 :: 		void Delay_22us() {
;__Lib_Delays.c,16 :: 		Delay_us(22);
0x010A	0x0E0E      	MOVLW       14
0x010C	0x6E0D      	MOVWF       R13, 0
L_Delay_22us1:
0x010E	0x2E0D      	DECFSZ      R13, 1, 0
0x0110	0xD7FE      	BRA         L_Delay_22us1
0x0112	0x0000      	NOP
;__Lib_Delays.c,17 :: 		}
L_end_Delay_22us:
0x0114	0x0012      	RETURN      0
; end of _Delay_22us
_Mul_16X16_U:
;__Lib_Math.c,440 :: 		
;__Lib_Math.c,447 :: 		
0x0116	0x6A0B      	CLRF        R11, 0
;__Lib_Math.c,448 :: 		
0x0118	0x6A0A      	CLRF        R10, 0
;__Lib_Math.c,449 :: 		
0x011A	0x6A09      	CLRF        R9, 0
;__Lib_Math.c,450 :: 		
0x011C	0x5000      	MOVF        R0, 0, 0
;__Lib_Math.c,451 :: 		
0x011E	0x0204      	MULWF       R4, 0
;__Lib_Math.c,453 :: 		
0x0120	0xF009CFF4  	MOVFF       PRODH, R9
;__Lib_Math.c,454 :: 		
0x0124	0xF008CFF3  	MOVFF       PRODL, R8
;__Lib_Math.c,455 :: 		
0x0128	0x5001      	MOVF        R1, 0, 0
;__Lib_Math.c,456 :: 		
0x012A	0x0205      	MULWF       R5, 0
;__Lib_Math.c,458 :: 		
0x012C	0xF00BCFF4  	MOVFF       PRODH, R11
;__Lib_Math.c,459 :: 		
0x0130	0xF00ACFF3  	MOVFF       PRODL, R10
;__Lib_Math.c,460 :: 		
0x0134	0x5000      	MOVF        R0, 0, 0
;__Lib_Math.c,461 :: 		
0x0136	0x0205      	MULWF       R5, 0
;__Lib_Math.c,463 :: 		
0x0138	0x50F3      	MOVF        PRODL, 0, 0
;__Lib_Math.c,464 :: 		
0x013A	0x2609      	ADDWF       R9, 1, 0
;__Lib_Math.c,465 :: 		
0x013C	0x50F4      	MOVF        PRODH, 0, 0
;__Lib_Math.c,466 :: 		
0x013E	0x220A      	ADDWFC      R10, 1, 0
;__Lib_Math.c,467 :: 		
0x0140	0x6AE8      	CLRF        WREG, 0
;__Lib_Math.c,468 :: 		
0x0142	0x220B      	ADDWFC      R11, 1, 0
;__Lib_Math.c,469 :: 		
0x0144	0x5001      	MOVF        R1, 0, 0
;__Lib_Math.c,470 :: 		
0x0146	0x0204      	MULWF       R4, 0
;__Lib_Math.c,472 :: 		
0x0148	0x50F3      	MOVF        PRODL, 0, 0
;__Lib_Math.c,473 :: 		
0x014A	0x2609      	ADDWF       R9, 1, 0
;__Lib_Math.c,474 :: 		
0x014C	0x50F4      	MOVF        PRODH, 0, 0
;__Lib_Math.c,475 :: 		
0x014E	0x220A      	ADDWFC      R10, 1, 0
;__Lib_Math.c,476 :: 		
0x0150	0x6AE8      	CLRF        WREG, 0
;__Lib_Math.c,477 :: 		
0x0152	0x220B      	ADDWFC      R11, 1, 0
;__Lib_Math.c,479 :: 		
0x0154	0xF000C008  	MOVFF       R8, R0
;__Lib_Math.c,480 :: 		
0x0158	0xF001C009  	MOVFF       R9, R1
;__Lib_Math.c,481 :: 		
0x015C	0xF002C00A  	MOVFF       R10, R2
;__Lib_Math.c,482 :: 		
0x0160	0xF003C00B  	MOVFF       R11, R3
;__Lib_Math.c,485 :: 		
L_end_Mul_16X16_U:
0x0164	0x0012      	RETURN      0
; end of _Mul_16X16_U
_SETFOV32:
;__Lib_MathDouble.c,82 :: 		
;__Lib_MathDouble.c,90 :: 		
0x0166	0x820B      	BSF         R11, 1, 0
;__Lib_MathDouble.c,91 :: 		
0x0168	0xAE0B      	BTFSS       R11, 7, 0
;__Lib_MathDouble.c,92 :: 		
0x016A	0xF000EFBD  	GOTO        SETFOV32EEE
;__Lib_MathDouble.c,94 :: 		
0x016E	0x6803      	SETF        R3, 0
;__Lib_MathDouble.c,95 :: 		
0x0170	0x6802      	SETF        R2, 0
;__Lib_MathDouble.c,96 :: 		
0x0172	0x6801      	SETF        R1, 0
;__Lib_MathDouble.c,97 :: 		
0x0174	0x6800      	SETF        R0, 0
;__Lib_MathDouble.c,98 :: 		
0x0176	0x360A      	RLCF        R10, 1, 0
;__Lib_MathDouble.c,99 :: 		
0x0178	0x3202      	RRCF        R2, 1, 0
;__Lib_MathDouble.c,100 :: 		
SETFOV32EEE:
;__Lib_MathDouble.c,101 :: 		
0x017A	0x0EFF      	MOVLW       255
;__Lib_MathDouble.c,103 :: 		
L_end_SETFOV32:
0x017C	0x0012      	RETURN      0
; end of _SETFOV32
_Div_16X16_U:
;__Lib_Math.c,102 :: 		
;__Lib_Math.c,109 :: 		
0x017E	0x6A08      	CLRF        R8, 0
;__Lib_Math.c,110 :: 		
0x0180	0x6A09      	CLRF        R9, 0
;__Lib_Math.c,111 :: 		
0x0182	0x0E10      	MOVLW       16
;__Lib_Math.c,112 :: 		
0x0184	0x6E0C      	MOVWF       R12, 0
;__Lib_Math.c,113 :: 		
0x0186	0x3401      	RLCF        R1, 0, 0
;__Lib_Math.c,114 :: 		
0x0188	0x3608      	RLCF        R8, 1, 0
;__Lib_Math.c,115 :: 		
0x018A	0x3609      	RLCF        R9, 1, 0
;__Lib_Math.c,116 :: 		
0x018C	0x5004      	MOVF        R4, 0, 0
;__Lib_Math.c,117 :: 		
0x018E	0x5E08      	SUBWF       R8, 1, 0
;__Lib_Math.c,118 :: 		
0x0190	0x5005      	MOVF        R5, 0, 0
;__Lib_Math.c,119 :: 		
0x0192	0xA0D8      	BTFSS       STATUS, 0, 0
;__Lib_Math.c,120 :: 		
0x0194	0x3C05      	INCFSZ      R5, 0, 0
;__Lib_Math.c,121 :: 		
0x0196	0x5E09      	SUBWF       R9, 1, 0
;__Lib_Math.c,122 :: 		
0x0198	0xB0D8      	BTFSC       STATUS, 0, 0
;__Lib_Math.c,123 :: 		
0x019A	0xD007      	BRA         $+16
;__Lib_Math.c,124 :: 		
0x019C	0x5004      	MOVF        R4, 0, 0
;__Lib_Math.c,125 :: 		
0x019E	0x2608      	ADDWF       R8, 1, 0
;__Lib_Math.c,126 :: 		
0x01A0	0x5005      	MOVF        R5, 0, 0
;__Lib_Math.c,127 :: 		
0x01A2	0xB0D8      	BTFSC       STATUS, 0, 0
;__Lib_Math.c,128 :: 		
0x01A4	0x3C05      	INCFSZ      R5, 0, 0
;__Lib_Math.c,129 :: 		
0x01A6	0x2609      	ADDWF       R9, 1, 0
;__Lib_Math.c,130 :: 		
0x01A8	0x90D8      	BCF         STATUS, 0, 0
;__Lib_Math.c,131 :: 		
0x01AA	0x3600      	RLCF        R0, 1, 0
;__Lib_Math.c,132 :: 		
0x01AC	0x3601      	RLCF        R1, 1, 0
;__Lib_Math.c,133 :: 		
0x01AE	0x2E0C      	DECFSZ      R12, 1, 0
;__Lib_Math.c,134 :: 		
0x01B0	0xD7EA      	BRA         $-42
;__Lib_Math.c,136 :: 		
L_end_Div_16X16_U:
0x01B2	0x0012      	RETURN      0
; end of _Div_16X16_U
_NRM3232:
;__Lib_MathDouble.c,455 :: 		
;__Lib_MathDouble.c,463 :: 		
0x01B4	0x6A0C      	CLRF        R12, 0
;__Lib_MathDouble.c,464 :: 		
0x01B6	0x6A0E      	CLRF        R14, 0
;__Lib_MathDouble.c,465 :: 		
0x01B8	0x5002      	MOVF        R2, 0, 0
;__Lib_MathDouble.c,466 :: 		
0x01BA	0xA4D8      	BTFSS       STATUS, 2, 0
;__Lib_MathDouble.c,467 :: 		
0x01BC	0xF000EFF3  	GOTO        NORM3232
;__Lib_MathDouble.c,468 :: 		
0x01C0	0xF002C001  	MOVFF       R1, R2
;__Lib_MathDouble.c,469 :: 		
0x01C4	0xF001C000  	MOVFF       R0, R1
;__Lib_MathDouble.c,470 :: 		
0x01C8	0x6A00      	CLRF        R0, 0
;__Lib_MathDouble.c,471 :: 		
0x01CA	0x860E      	BSF         R14, 3, 0
;__Lib_MathDouble.c,473 :: 		
0x01CC	0x5002      	MOVF        R2, 0, 0
;__Lib_MathDouble.c,474 :: 		
0x01CE	0xA4D8      	BTFSS       STATUS, 2, 0
;__Lib_MathDouble.c,475 :: 		
0x01D0	0xF000EFF3  	GOTO        NORM3232
;__Lib_MathDouble.c,476 :: 		
0x01D4	0xF002C001  	MOVFF       R1, R2
;__Lib_MathDouble.c,477 :: 		
0x01D8	0x6A01      	CLRF        R1, 0
;__Lib_MathDouble.c,478 :: 		
0x01DA	0x960E      	BCF         R14, 3, 0
;__Lib_MathDouble.c,479 :: 		
0x01DC	0x880E      	BSF         R14, 4, 0
;__Lib_MathDouble.c,481 :: 		
0x01DE	0x5002      	MOVF        R2, 0, 0
;__Lib_MathDouble.c,482 :: 		
0x01E0	0xB4D8      	BTFSC       STATUS, 2, 0
;__Lib_MathDouble.c,483 :: 		
0x01E2	0xF001EF05  	GOTO        JPNRES032
;__Lib_MathDouble.c,484 :: 		
NORM3232:
;__Lib_MathDouble.c,485 :: 		
0x01E6	0x500E      	MOVF        R14, 0, 0
;__Lib_MathDouble.c,486 :: 		
0x01E8	0x5E03      	SUBWF       R3, 1, 0
;__Lib_MathDouble.c,487 :: 		
0x01EA	0xA4D8      	BTFSS       STATUS, 2, 0
;__Lib_MathDouble.c,488 :: 		
0x01EC	0xA0D8      	BTFSS       STATUS, 0, 0
;__Lib_MathDouble.c,489 :: 		
0x01EE	0xF001EF0A  	GOTO        JPNSETFUN32
;__Lib_MathDouble.c,490 :: 		
0x01F2	0x90D8      	BCF         STATUS, 0, 0
;__Lib_MathDouble.c,491 :: 		
NORM3232A:
;__Lib_MathDouble.c,492 :: 		
0x01F4	0xBE02      	BTFSC       R2, 7, 0
;__Lib_MathDouble.c,493 :: 		
0x01F6	0xF001EF0F  	GOTO        JMPNFIXSIGN32
;__Lib_MathDouble.c,494 :: 		
0x01FA	0x3600      	RLCF        R0, 1, 0
;__Lib_MathDouble.c,495 :: 		
0x01FC	0x3601      	RLCF        R1, 1, 0
;__Lib_MathDouble.c,496 :: 		
0x01FE	0x3602      	RLCF        R2, 1, 0
;__Lib_MathDouble.c,497 :: 		
0x0200	0x2E03      	DECFSZ      R3, 1, 0
;__Lib_MathDouble.c,498 :: 		
0x0202	0xF000EFFA  	GOTO        NORM3232A
;__Lib_MathDouble.c,499 :: 		
0x0206	0xF001EF0A  	GOTO        JPNSETFUN32
;__Lib_MathDouble.c,500 :: 		
JPNRES032:
;__Lib_MathDouble.c,501 :: 		
0x020A	0x0E01      	MOVLW       1
;__Lib_MathDouble.c,502 :: 		
0x020C	0x6E0C      	MOVWF       R12, 0
;__Lib_MathDouble.c,504 :: 		
0x020E	0xDF2A      	RCALL       _RES032
;__Lib_MathDouble.c,506 :: 		
0x0210	0xF001EF12  	GOTO        NORM32EEE
;__Lib_MathDouble.c,507 :: 		
JPNSETFUN32:
;__Lib_MathDouble.c,508 :: 		
0x0214	0x0E02      	MOVLW       2
;__Lib_MathDouble.c,509 :: 		
0x0216	0x6E0C      	MOVWF       R12, 0
;__Lib_MathDouble.c,511 :: 		
0x0218	0xDF18      	RCALL       _SETFUN32
;__Lib_MathDouble.c,513 :: 		
0x021A	0xF001EF12  	GOTO        NORM32EEE
;__Lib_MathDouble.c,514 :: 		
JMPNFIXSIGN32:
;__Lib_MathDouble.c,515 :: 		
0x021E	0x0E04      	MOVLW       4
;__Lib_MathDouble.c,516 :: 		
0x0220	0x6E0C      	MOVWF       R12, 0
;__Lib_MathDouble.c,518 :: 		
0x0222	0xDF0F      	RCALL       _FIXSIGN32
;__Lib_MathDouble.c,520 :: 		
NORM32EEE:
;__Lib_MathDouble.c,527 :: 		
L_end_NRM3232:
0x0224	0x0012      	RETURN      0
; end of _NRM3232
_Lcd_Chr_CP:
;__Lib_Lcd.c,50 :: 		
;__Lib_Lcd.c,52 :: 		
0x0226	0x901B      	BCF         __Lib_Lcd_cmd_status, BitPos(__Lib_Lcd_cmd_status+0) 
;__Lib_Lcd.c,53 :: 		
0x0228	0xF030C02F  	MOVFF       FARG_Lcd_Chr_CP_out_char, FARG_Lcd_Cmd_out_char
0x022C	0xDF22      	RCALL       _Lcd_Cmd
;__Lib_Lcd.c,54 :: 		
0x022E	0x801B      	BSF         __Lib_Lcd_cmd_status, BitPos(__Lib_Lcd_cmd_status+0) 
;__Lib_Lcd.c,55 :: 		
L_end_Lcd_Chr_CP:
0x0230	0x0012      	RETURN      0
; end of _Lcd_Chr_CP
___CC2DW:
;__Lib_System.c,21 :: 		
;__Lib_System.c,23 :: 		
_CC2DL_Loop1:
;__Lib_System.c,24 :: 		
0x0232	0x0009      	TBLRD*+
;__Lib_System.c,25 :: 		
0x0234	0xFFE6CFF5  	MOVFF       TABLAT, POSTINC1
;__Lib_System.c,26 :: 		
0x0238	0x0600      	DECF        R0, 1, 0
;__Lib_System.c,27 :: 		
0x023A	0xE1FB      	BNZ         _CC2DL_Loop1
;__Lib_System.c,28 :: 		
0x023C	0x0601      	DECF        R1, 1, 0
;__Lib_System.c,29 :: 		
0x023E	0xE1F9      	BNZ         _CC2DL_Loop1
;__Lib_System.c,31 :: 		
L_end___CC2DW:
0x0240	0x0012      	RETURN      0
; end of ___CC2DW
_Lcd_Out:
;__Lib_Lcd.c,184 :: 		
;__Lib_Lcd.c,187 :: 		
0x0242	0xD00F      	BRA         L_Lcd_Out11
;__Lib_Lcd.c,188 :: 		
L_Lcd_Out13:
0x0244	0x0E80      	MOVLW       128
0x0246	0x6E28      	MOVWF       FARG_Lcd_Out_row 
0x0248	0xD019      	BRA         L_Lcd_Out12
;__Lib_Lcd.c,189 :: 		
L_Lcd_Out14:
0x024A	0x0EC0      	MOVLW       192
0x024C	0x6E28      	MOVWF       FARG_Lcd_Out_row 
0x024E	0xD016      	BRA         L_Lcd_Out12
;__Lib_Lcd.c,190 :: 		
L_Lcd_Out15:
0x0250	0x0E94      	MOVLW       148
0x0252	0x6E28      	MOVWF       FARG_Lcd_Out_row 
0x0254	0xD013      	BRA         L_Lcd_Out12
;__Lib_Lcd.c,191 :: 		
L_Lcd_Out16:
0x0256	0x0ED4      	MOVLW       212
0x0258	0x6E28      	MOVWF       FARG_Lcd_Out_row 
0x025A	0xD010      	BRA         L_Lcd_Out12
;__Lib_Lcd.c,192 :: 		
L_Lcd_Out17:
0x025C	0x0E80      	MOVLW       128
0x025E	0x6E28      	MOVWF       FARG_Lcd_Out_row 
;__Lib_Lcd.c,193 :: 		
0x0260	0xD00D      	BRA         L_Lcd_Out12
L_Lcd_Out11:
0x0262	0x5028      	MOVF        FARG_Lcd_Out_row, 0 
0x0264	0x0A01      	XORLW       1
0x0266	0xE0EE      	BZ          L_Lcd_Out13
0x0268	0x5028      	MOVF        FARG_Lcd_Out_row, 0 
0x026A	0x0A02      	XORLW       2
0x026C	0xE0EE      	BZ          L_Lcd_Out14
0x026E	0x5028      	MOVF        FARG_Lcd_Out_row, 0 
0x0270	0x0A03      	XORLW       3
0x0272	0xE0EE      	BZ          L_Lcd_Out15
0x0274	0x5028      	MOVF        FARG_Lcd_Out_row, 0 
0x0276	0x0A04      	XORLW       4
0x0278	0xE0EE      	BZ          L_Lcd_Out16
0x027A	0xD7F0      	BRA         L_Lcd_Out17
L_Lcd_Out12:
;__Lib_Lcd.c,194 :: 		
0x027C	0x0429      	DECF        FARG_Lcd_Out_column, 0 
0x027E	0x6E00      	MOVWF       R0 
0x0280	0x5028      	MOVF        FARG_Lcd_Out_row, 0 
0x0282	0x2600      	ADDWF       R0, 1 
0x0284	0xF028C000  	MOVFF       R0, FARG_Lcd_Out_row
;__Lib_Lcd.c,196 :: 		
0x0288	0xF030C000  	MOVFF       R0, FARG_Lcd_Cmd_out_char
0x028C	0xDEF2      	RCALL       _Lcd_Cmd
;__Lib_Lcd.c,197 :: 		
0x028E	0x901B      	BCF         __Lib_Lcd_cmd_status, BitPos(__Lib_Lcd_cmd_status+0) 
;__Lib_Lcd.c,198 :: 		
0x0290	0x6A2C      	CLRF        Lcd_Out_i_L0 
;__Lib_Lcd.c,199 :: 		
L_Lcd_Out18:
0x0292	0x502C      	MOVF        Lcd_Out_i_L0, 0 
0x0294	0x242A      	ADDWF       FARG_Lcd_Out_text, 0 
0x0296	0x6EE9      	MOVWF       FSR0L 
0x0298	0x0E00      	MOVLW       0
0x029A	0x202B      	ADDWFC      FARG_Lcd_Out_text+1, 0 
0x029C	0x6EEA      	MOVWF       FSR0L+1 
0x029E	0x52EE      	MOVF        POSTINC0, 1 
0x02A0	0xE00B      	BZ          L_Lcd_Out19
;__Lib_Lcd.c,200 :: 		
0x02A2	0x502C      	MOVF        Lcd_Out_i_L0, 0 
0x02A4	0x242A      	ADDWF       FARG_Lcd_Out_text, 0 
0x02A6	0x6EE9      	MOVWF       FSR0L 
0x02A8	0x0E00      	MOVLW       0
0x02AA	0x202B      	ADDWFC      FARG_Lcd_Out_text+1, 0 
0x02AC	0x6EEA      	MOVWF       FSR0L+1 
0x02AE	0xF02FCFEE  	MOVFF       POSTINC0, FARG_Lcd_Chr_CP_out_char
0x02B2	0xDFB9      	RCALL       _Lcd_Chr_CP
0x02B4	0x2A2C      	INCF        Lcd_Out_i_L0, 1 
0x02B6	0xD7ED      	BRA         L_Lcd_Out18
L_Lcd_Out19:
;__Lib_Lcd.c,201 :: 		
0x02B8	0x801B      	BSF         __Lib_Lcd_cmd_status, BitPos(__Lib_Lcd_cmd_status+0) 
;__Lib_Lcd.c,202 :: 		
L_end_Lcd_Out:
0x02BA	0x0012      	RETURN      0
; end of _Lcd_Out
_Lcd_Init:
;__Lib_Lcd.c,84 :: 		
;__Lib_Lcd.c,86 :: 		
0x02BC	0x9296      	BCF         LCD_EN_Direction, BitPos(LCD_EN_Direction+0) 
;__Lib_Lcd.c,87 :: 		
0x02BE	0x9496      	BCF         LCD_RS_Direction, BitPos(LCD_RS_Direction+0) 
;__Lib_Lcd.c,88 :: 		
0x02C0	0x9895      	BCF         LCD_D4_Direction, BitPos(LCD_D4_Direction+0) 
;__Lib_Lcd.c,89 :: 		
0x02C2	0x9A95      	BCF         LCD_D5_Direction, BitPos(LCD_D5_Direction+0) 
;__Lib_Lcd.c,90 :: 		
0x02C4	0x9C95      	BCF         LCD_D6_Direction, BitPos(LCD_D6_Direction+0) 
;__Lib_Lcd.c,91 :: 		
0x02C6	0x9E95      	BCF         LCD_D7_Direction, BitPos(LCD_D7_Direction+0) 
;__Lib_Lcd.c,93 :: 		
0x02C8	0x928D      	BCF         LCD_EN, BitPos(LCD_EN+0) 
;__Lib_Lcd.c,94 :: 		
0x02CA	0x948D      	BCF         LCD_RS, BitPos(LCD_RS+0) 
;__Lib_Lcd.c,95 :: 		
0x02CC	0x9E8C      	BCF         LCD_D7, BitPos(LCD_D7+0) 
;__Lib_Lcd.c,96 :: 		
0x02CE	0x9C8C      	BCF         LCD_D6, BitPos(LCD_D6+0) 
;__Lib_Lcd.c,97 :: 		
0x02D0	0x9A8C      	BCF         LCD_D5, BitPos(LCD_D5+0) 
;__Lib_Lcd.c,98 :: 		
0x02D2	0x988C      	BCF         LCD_D4, BitPos(LCD_D4+0) 
;__Lib_Lcd.c,100 :: 		
0x02D4	0xDEA6      	RCALL       _Delay_5500us
;__Lib_Lcd.c,101 :: 		
0x02D6	0xDEA5      	RCALL       _Delay_5500us
;__Lib_Lcd.c,102 :: 		
0x02D8	0xDEA4      	RCALL       _Delay_5500us
;__Lib_Lcd.c,105 :: 		
0x02DA	0x8A8C      	BSF         LCD_D5, BitPos(LCD_D5+0) 
;__Lib_Lcd.c,106 :: 		
0x02DC	0x888C      	BSF         LCD_D4, BitPos(LCD_D4+0) 
;__Lib_Lcd.c,107 :: 		
0x02DE	0x828D      	BSF         LCD_EN, BitPos(LCD_EN+0) 
;__Lib_Lcd.c,108 :: 		
0x02E0	0xDE9D      	RCALL       _Delay_1us
;__Lib_Lcd.c,109 :: 		
0x02E2	0x928D      	BCF         LCD_EN, BitPos(LCD_EN+0) 
;__Lib_Lcd.c,110 :: 		
0x02E4	0xDE9E      	RCALL       _Delay_5500us
;__Lib_Lcd.c,112 :: 		
0x02E6	0x828D      	BSF         LCD_EN, BitPos(LCD_EN+0) 
;__Lib_Lcd.c,113 :: 		
0x02E8	0xDE99      	RCALL       _Delay_1us
;__Lib_Lcd.c,114 :: 		
0x02EA	0x928D      	BCF         LCD_EN, BitPos(LCD_EN+0) 
;__Lib_Lcd.c,115 :: 		
0x02EC	0xDE9A      	RCALL       _Delay_5500us
;__Lib_Lcd.c,117 :: 		
0x02EE	0x828D      	BSF         LCD_EN, BitPos(LCD_EN+0) 
;__Lib_Lcd.c,118 :: 		
0x02F0	0xDE95      	RCALL       _Delay_1us
;__Lib_Lcd.c,119 :: 		
0x02F2	0x928D      	BCF         LCD_EN, BitPos(LCD_EN+0) 
;__Lib_Lcd.c,120 :: 		
0x02F4	0xDE96      	RCALL       _Delay_5500us
;__Lib_Lcd.c,123 :: 		
0x02F6	0x988C      	BCF         LCD_D4, BitPos(LCD_D4+0) 
;__Lib_Lcd.c,124 :: 		
0x02F8	0x828D      	BSF         LCD_EN, BitPos(LCD_EN+0) 
;__Lib_Lcd.c,125 :: 		
0x02FA	0xDE90      	RCALL       _Delay_1us
;__Lib_Lcd.c,126 :: 		
0x02FC	0x928D      	BCF         LCD_EN, BitPos(LCD_EN+0) 
;__Lib_Lcd.c,127 :: 		
0x02FE	0xDE91      	RCALL       _Delay_5500us
;__Lib_Lcd.c,130 :: 		
0x0300	0x828D      	BSF         LCD_EN, BitPos(LCD_EN+0) 
;__Lib_Lcd.c,131 :: 		
0x0302	0xDE8C      	RCALL       _Delay_1us
;__Lib_Lcd.c,132 :: 		
0x0304	0x928D      	BCF         LCD_EN, BitPos(LCD_EN+0) 
;__Lib_Lcd.c,134 :: 		
0x0306	0x9A8C      	BCF         LCD_D5, BitPos(LCD_D5+0) 
;__Lib_Lcd.c,135 :: 		
0x0308	0x8E8C      	BSF         LCD_D7, BitPos(LCD_D7+0) 
;__Lib_Lcd.c,136 :: 		
0x030A	0x828D      	BSF         LCD_EN, BitPos(LCD_EN+0) 
;__Lib_Lcd.c,137 :: 		
0x030C	0xDE87      	RCALL       _Delay_1us
;__Lib_Lcd.c,138 :: 		
0x030E	0x928D      	BCF         LCD_EN, BitPos(LCD_EN+0) 
;__Lib_Lcd.c,139 :: 		
0x0310	0xDE88      	RCALL       _Delay_5500us
;__Lib_Lcd.c,142 :: 		
0x0312	0x9E8C      	BCF         LCD_D7, BitPos(LCD_D7+0) 
;__Lib_Lcd.c,143 :: 		
0x0314	0x888C      	BSF         LCD_D4, BitPos(LCD_D4+0) 
;__Lib_Lcd.c,144 :: 		
0x0316	0x828D      	BSF         LCD_EN, BitPos(LCD_EN+0) 
;__Lib_Lcd.c,145 :: 		
0x0318	0xDE81      	RCALL       _Delay_1us
;__Lib_Lcd.c,146 :: 		
0x031A	0x928D      	BCF         LCD_EN, BitPos(LCD_EN+0) 
;__Lib_Lcd.c,148 :: 		
0x031C	0x988C      	BCF         LCD_D4, BitPos(LCD_D4+0) 
;__Lib_Lcd.c,149 :: 		
0x031E	0x828D      	BSF         LCD_EN, BitPos(LCD_EN+0) 
;__Lib_Lcd.c,150 :: 		
0x0320	0xDE7D      	RCALL       _Delay_1us
;__Lib_Lcd.c,151 :: 		
0x0322	0x928D      	BCF         LCD_EN, BitPos(LCD_EN+0) 
;__Lib_Lcd.c,152 :: 		
0x0324	0xDE7E      	RCALL       _Delay_5500us
;__Lib_Lcd.c,155 :: 		
0x0326	0x828D      	BSF         LCD_EN, BitPos(LCD_EN+0) 
;__Lib_Lcd.c,156 :: 		
0x0328	0xDE79      	RCALL       _Delay_1us
;__Lib_Lcd.c,157 :: 		
0x032A	0x928D      	BCF         LCD_EN, BitPos(LCD_EN+0) 
;__Lib_Lcd.c,159 :: 		
0x032C	0x888C      	BSF         LCD_D4, BitPos(LCD_D4+0) 
;__Lib_Lcd.c,160 :: 		
0x032E	0x828D      	BSF         LCD_EN, BitPos(LCD_EN+0) 
;__Lib_Lcd.c,161 :: 		
0x0330	0xDE75      	RCALL       _Delay_1us
;__Lib_Lcd.c,162 :: 		
0x0332	0x928D      	BCF         LCD_EN, BitPos(LCD_EN+0) 
;__Lib_Lcd.c,163 :: 		
0x0334	0xDE76      	RCALL       _Delay_5500us
;__Lib_Lcd.c,166 :: 		
0x0336	0x988C      	BCF         LCD_D4, BitPos(LCD_D4+0) 
;__Lib_Lcd.c,167 :: 		
0x0338	0x828D      	BSF         LCD_EN, BitPos(LCD_EN+0) 
;__Lib_Lcd.c,168 :: 		
0x033A	0xDE70      	RCALL       _Delay_1us
;__Lib_Lcd.c,169 :: 		
0x033C	0x928D      	BCF         LCD_EN, BitPos(LCD_EN+0) 
;__Lib_Lcd.c,171 :: 		
0x033E	0x8E8C      	BSF         LCD_D7, BitPos(LCD_D7+0) 
;__Lib_Lcd.c,172 :: 		
0x0340	0x8C8C      	BSF         LCD_D6, BitPos(LCD_D6+0) 
;__Lib_Lcd.c,173 :: 		
0x0342	0x8A8C      	BSF         LCD_D5, BitPos(LCD_D5+0) 
;__Lib_Lcd.c,174 :: 		
0x0344	0x888C      	BSF         LCD_D4, BitPos(LCD_D4+0) 
;__Lib_Lcd.c,175 :: 		
0x0346	0x828D      	BSF         LCD_EN, BitPos(LCD_EN+0) 
;__Lib_Lcd.c,176 :: 		
0x0348	0xDE69      	RCALL       _Delay_1us
;__Lib_Lcd.c,177 :: 		
0x034A	0x928D      	BCF         LCD_EN, BitPos(LCD_EN+0) 
;__Lib_Lcd.c,179 :: 		
0x034C	0xDE6A      	RCALL       _Delay_5500us
;__Lib_Lcd.c,181 :: 		
0x034E	0x801B      	BSF         __Lib_Lcd_cmd_status, BitPos(__Lib_Lcd_cmd_status+0) 
;__Lib_Lcd.c,182 :: 		
L_end_Lcd_Init:
0x0350	0x0012      	RETURN      0
; end of _Lcd_Init
_ConfigMCU:
;unid_08_03_pwm_AN1_LCD.c,37 :: 		void ConfigMCU ()
;unid_08_03_pwm_AN1_LCD.c,43 :: 		ADCON1 = 0B00001110;// somente pino RA0/AN0 analogico, os outros digitais
0x0352	0x0E0E      	MOVLW       14
0x0354	0x6EC1      	MOVWF       ADCON1 
;unid_08_03_pwm_AN1_LCD.c,45 :: 		TRISA.RA0 = 1;
0x0356	0x8092      	BSF         TRISA, 0 
;unid_08_03_pwm_AN1_LCD.c,46 :: 		PORTA.RA0 = 1; //entrada AN0
0x0358	0x8080      	BSF         PORTA, 0 
;unid_08_03_pwm_AN1_LCD.c,47 :: 		}
L_end_ConfigMCU:
0x035A	0x0012      	RETURN      0
; end of _ConfigMCU
_Mul_32x32_FP:
;__Lib_MathDouble.c,1130 :: 		
;__Lib_MathDouble.c,1148 :: 		
0x035C	0x6A08      	CLRF        R8, 0
;__Lib_MathDouble.c,1149 :: 		
0x035E	0x6A09      	CLRF        R9, 0
;__Lib_MathDouble.c,1151 :: 		
0x0360	0x0E00      	MOVLW       0
;__Lib_MathDouble.c,1152 :: 		
0x0362	0x6207      	CPFSEQ      R7, 0
;__Lib_MathDouble.c,1153 :: 		
0x0364	0x6403      	CPFSGT      R3, 0
;__Lib_MathDouble.c,1154 :: 		
0x0366	0xF002EF33  	GOTO        MULJPRES032
;__Lib_MathDouble.c,1157 :: 		
0x036A	0x5002      	MOVF        R2, 0, 0
;__Lib_MathDouble.c,1158 :: 		
0x036C	0x1806      	XORWF       R6, 0, 0
;__Lib_MathDouble.c,1159 :: 		
0x036E	0x6E0A      	MOVWF       R10, 0
;__Lib_MathDouble.c,1161 :: 		
0x0370	0x5007      	MOVF        R7, 0, 0
;__Lib_MathDouble.c,1162 :: 		
0x0372	0x2603      	ADDWF       R3, 1, 0
;__Lib_MathDouble.c,1163 :: 		
0x0374	0x0E7E      	MOVLW       126
;__Lib_MathDouble.c,1164 :: 		
0x0376	0xA0D8      	BTFSS       STATUS, 0, 0
;__Lib_MathDouble.c,1165 :: 		
0x0378	0xF001EFC4  	GOTO        MTUN32
;__Lib_MathDouble.c,1167 :: 		
0x037C	0x5E03      	SUBWF       R3, 1, 0
;__Lib_MathDouble.c,1168 :: 		
0x037E	0xB0D8      	BTFSC       STATUS, 0, 0
;__Lib_MathDouble.c,1169 :: 		
0x0380	0xF002EF37  	GOTO        MULJPSETFOV32
;__Lib_MathDouble.c,1170 :: 		
0x0384	0xF001EFC8  	GOTO        MOK32
;__Lib_MathDouble.c,1172 :: 		
MTUN32:
;__Lib_MathDouble.c,1173 :: 		
0x0388	0x5E03      	SUBWF       R3, 1, 0
;__Lib_MathDouble.c,1174 :: 		
0x038A	0xA0D8      	BTFSS       STATUS, 0, 0
;__Lib_MathDouble.c,1175 :: 		
0x038C	0xF002EF3B  	GOTO        MULJPSETFUN32
;__Lib_MathDouble.c,1177 :: 		
MOK32:
;__Lib_MathDouble.c,1178 :: 		
0x0390	0x8E02      	BSF         R2, 7, 0
;__Lib_MathDouble.c,1179 :: 		
0x0392	0x8E06      	BSF         R6, 7, 0
;__Lib_MathDouble.c,1181 :: 		
0x0394	0xF00EC002  	MOVFF       R2, R14
;__Lib_MathDouble.c,1182 :: 		
0x0398	0xF00BC001  	MOVFF       R1, R11
;__Lib_MathDouble.c,1183 :: 		
0x039C	0xF00DC000  	MOVFF       R0, R13
;__Lib_MathDouble.c,1185 :: 		
0x03A0	0x5000      	MOVF        R0, 0, 0
;__Lib_MathDouble.c,1186 :: 		
0x03A2	0x0204      	MULWF       R4, 0
;__Lib_MathDouble.c,1187 :: 		
0x03A4	0xF00CCFF4  	MOVFF       PRODH, R12
;__Lib_MathDouble.c,1189 :: 		
0x03A8	0x5001      	MOVF        R1, 0, 0
;__Lib_MathDouble.c,1190 :: 		
0x03AA	0x0205      	MULWF       R5, 0
;__Lib_MathDouble.c,1191 :: 		
0x03AC	0xF000CFF4  	MOVFF       PRODH, R0
;__Lib_MathDouble.c,1192 :: 		
0x03B0	0xF008CFF3  	MOVFF       PRODL, R8
;__Lib_MathDouble.c,1194 :: 		
0x03B4	0x0204      	MULWF       R4, 0
;__Lib_MathDouble.c,1195 :: 		
0x03B6	0x50F3      	MOVF        PRODL, 0, 0
;__Lib_MathDouble.c,1196 :: 		
0x03B8	0x260C      	ADDWF       R12, 1, 0
;__Lib_MathDouble.c,1197 :: 		
0x03BA	0x50F4      	MOVF        PRODH, 0, 0
;__Lib_MathDouble.c,1198 :: 		
0x03BC	0x2208      	ADDWFC      R8, 1, 0
;__Lib_MathDouble.c,1199 :: 		
0x03BE	0x0E00      	MOVLW       0
;__Lib_MathDouble.c,1200 :: 		
0x03C0	0x2200      	ADDWFC      R0, 1, 0
;__Lib_MathDouble.c,1202 :: 		
0x03C2	0x500D      	MOVF        R13, 0, 0
;__Lib_MathDouble.c,1203 :: 		
0x03C4	0x0205      	MULWF       R5, 0
;__Lib_MathDouble.c,1204 :: 		
0x03C6	0x50F3      	MOVF        PRODL, 0, 0
;__Lib_MathDouble.c,1205 :: 		
0x03C8	0x260C      	ADDWF       R12, 1, 0
;__Lib_MathDouble.c,1206 :: 		
0x03CA	0x50F4      	MOVF        PRODH, 0, 0
;__Lib_MathDouble.c,1207 :: 		
0x03CC	0x2208      	ADDWFC      R8, 1, 0
;__Lib_MathDouble.c,1208 :: 		
0x03CE	0x0E00      	MOVLW       0
;__Lib_MathDouble.c,1209 :: 		
0x03D0	0x2200      	ADDWFC      R0, 1, 0
;__Lib_MathDouble.c,1211 :: 		
0x03D2	0x5002      	MOVF        R2, 0, 0
;__Lib_MathDouble.c,1212 :: 		
0x03D4	0x0204      	MULWF       R4, 0
;__Lib_MathDouble.c,1213 :: 		
0x03D6	0x50F3      	MOVF        PRODL, 0, 0
;__Lib_MathDouble.c,1214 :: 		
0x03D8	0x2608      	ADDWF       R8, 1, 0
;__Lib_MathDouble.c,1215 :: 		
0x03DA	0x50F4      	MOVF        PRODH, 0, 0
;__Lib_MathDouble.c,1216 :: 		
0x03DC	0x2200      	ADDWFC      R0, 1, 0
;__Lib_MathDouble.c,1217 :: 		
0x03DE	0x5002      	MOVF        R2, 0, 0
;__Lib_MathDouble.c,1218 :: 		
0x03E0	0x0205      	MULWF       R5, 0
;__Lib_MathDouble.c,1219 :: 		
0x03E2	0x6A01      	CLRF        R1, 0
;__Lib_MathDouble.c,1220 :: 		
0x03E4	0x0E00      	MOVLW       0
;__Lib_MathDouble.c,1221 :: 		
0x03E6	0x2201      	ADDWFC      R1, 1, 0
;__Lib_MathDouble.c,1222 :: 		
0x03E8	0x50F3      	MOVF        PRODL, 0, 0
;__Lib_MathDouble.c,1223 :: 		
0x03EA	0x2600      	ADDWF       R0, 1, 0
;__Lib_MathDouble.c,1224 :: 		
0x03EC	0x50F4      	MOVF        PRODH, 0, 0
;__Lib_MathDouble.c,1225 :: 		
0x03EE	0x2201      	ADDWFC      R1, 1, 0
;__Lib_MathDouble.c,1227 :: 		
0x03F0	0x500D      	MOVF        R13, 0, 0
;__Lib_MathDouble.c,1228 :: 		
0x03F2	0x0206      	MULWF       R6, 0
;__Lib_MathDouble.c,1229 :: 		
0x03F4	0x50F3      	MOVF        PRODL, 0, 0
;__Lib_MathDouble.c,1230 :: 		
0x03F6	0x2608      	ADDWF       R8, 1, 0
;__Lib_MathDouble.c,1231 :: 		
0x03F8	0x50F4      	MOVF        PRODH, 0, 0
;__Lib_MathDouble.c,1232 :: 		
0x03FA	0x2200      	ADDWFC      R0, 1, 0
;__Lib_MathDouble.c,1233 :: 		
0x03FC	0x6A02      	CLRF        R2, 0
;__Lib_MathDouble.c,1234 :: 		
0x03FE	0x0E00      	MOVLW       0
;__Lib_MathDouble.c,1235 :: 		
0x0400	0x2201      	ADDWFC      R1, 1, 0
;__Lib_MathDouble.c,1236 :: 		
0x0402	0x2202      	ADDWFC      R2, 1, 0
;__Lib_MathDouble.c,1238 :: 		
0x0404	0x500B      	MOVF        R11, 0, 0
;__Lib_MathDouble.c,1239 :: 		
0x0406	0x0206      	MULWF       R6, 0
;__Lib_MathDouble.c,1240 :: 		
0x0408	0x50F3      	MOVF        PRODL, 0, 0
;__Lib_MathDouble.c,1241 :: 		
0x040A	0x2600      	ADDWF       R0, 1, 0
;__Lib_MathDouble.c,1242 :: 		
0x040C	0x50F4      	MOVF        PRODH, 0, 0
;__Lib_MathDouble.c,1243 :: 		
0x040E	0x2201      	ADDWFC      R1, 1, 0
;__Lib_MathDouble.c,1244 :: 		
0x0410	0x0E00      	MOVLW       0
;__Lib_MathDouble.c,1245 :: 		
0x0412	0x2202      	ADDWFC      R2, 1, 0
;__Lib_MathDouble.c,1247 :: 		
0x0414	0x500E      	MOVF        R14, 0, 0
;__Lib_MathDouble.c,1248 :: 		
0x0416	0x0206      	MULWF       R6, 0
;__Lib_MathDouble.c,1249 :: 		
0x0418	0x50F3      	MOVF        PRODL, 0, 0
;__Lib_MathDouble.c,1250 :: 		
0x041A	0x2601      	ADDWF       R1, 1, 0
;__Lib_MathDouble.c,1251 :: 		
0x041C	0x50F4      	MOVF        PRODH, 0, 0
;__Lib_MathDouble.c,1252 :: 		
0x041E	0x2202      	ADDWFC      R2, 1, 0
;__Lib_MathDouble.c,1254 :: 		
0x0420	0xBE02      	BTFSC       R2, 7, 0
;__Lib_MathDouble.c,1255 :: 		
0x0422	0xF002EF1B  	GOTO        MROUND32
;__Lib_MathDouble.c,1256 :: 		
0x0426	0x3608      	RLCF        R8, 1, 0
;__Lib_MathDouble.c,1257 :: 		
0x0428	0x3600      	RLCF        R0, 1, 0
;__Lib_MathDouble.c,1258 :: 		
0x042A	0x3601      	RLCF        R1, 1, 0
;__Lib_MathDouble.c,1259 :: 		
0x042C	0x3602      	RLCF        R2, 1, 0
;__Lib_MathDouble.c,1260 :: 		
0x042E	0x0603      	DECF        R3, 1, 0
;__Lib_MathDouble.c,1261 :: 		
0x0430	0xB4D8      	BTFSC       STATUS, 2, 0
;__Lib_MathDouble.c,1262 :: 		
0x0432	0xF002EF3B  	GOTO        MULJPSETFUN32
;__Lib_MathDouble.c,1264 :: 		
MROUND32:
;__Lib_MathDouble.c,1267 :: 		
0x0436	0xF002EF2E  	GOTO        MUL32OK
;__Lib_MathDouble.c,1268 :: 		
0x043A	0x80D8      	BSF         STATUS, 0, 0
;__Lib_MathDouble.c,1269 :: 		
0x043C	0x0E80      	MOVLW       128
;__Lib_MathDouble.c,1270 :: 		
0x043E	0x6408      	CPFSGT      R8, 0
;__Lib_MathDouble.c,1271 :: 		
0x0440	0x3000      	RRCF        R0, 0, 0
;__Lib_MathDouble.c,1272 :: 		
0x0442	0x0E00      	MOVLW       0
;__Lib_MathDouble.c,1273 :: 		
0x0444	0x2200      	ADDWFC      R0, 1, 0
;__Lib_MathDouble.c,1274 :: 		
0x0446	0x2201      	ADDWFC      R1, 1, 0
;__Lib_MathDouble.c,1275 :: 		
0x0448	0x2202      	ADDWFC      R2, 1, 0
;__Lib_MathDouble.c,1277 :: 		
0x044A	0xA0D8      	BTFSS       STATUS, 0, 0
;__Lib_MathDouble.c,1278 :: 		
0x044C	0xF002EF2E  	GOTO        MUL32OK
;__Lib_MathDouble.c,1279 :: 		
0x0450	0x3202      	RRCF        R2, 1, 0
;__Lib_MathDouble.c,1280 :: 		
0x0452	0x3201      	RRCF        R1, 1, 0
;__Lib_MathDouble.c,1281 :: 		
0x0454	0x3200      	RRCF        R0, 1, 0
;__Lib_MathDouble.c,1282 :: 		
0x0456	0x4A03      	INFSNZ      R3, 1, 0
;__Lib_MathDouble.c,1283 :: 		
0x0458	0xF002EF37  	GOTO        MULJPSETFOV32
;__Lib_MathDouble.c,1285 :: 		
MUL32OK:
;__Lib_MathDouble.c,1286 :: 		
0x045C	0xAE0A      	BTFSS       R10, 7, 0
;__Lib_MathDouble.c,1287 :: 		
0x045E	0x9E02      	BCF         R2, 7, 0
;__Lib_MathDouble.c,1289 :: 		
0x0460	0x0E00      	MOVLW       0
;__Lib_MathDouble.c,1290 :: 		
0x0462	0xF002EF3D  	GOTO        MULEEE
;__Lib_MathDouble.c,1291 :: 		
MULJPRES032:
;__Lib_MathDouble.c,1292 :: 		
0x0466	0x0E01      	MOVLW       1
;__Lib_MathDouble.c,1295 :: 		
0x0468	0xDDFD      	RCALL       _RES032
;__Lib_MathDouble.c,1297 :: 		
0x046A	0xF002EF3D  	GOTO        MULEEE
;__Lib_MathDouble.c,1298 :: 		
MULJPSETFOV32:
;__Lib_MathDouble.c,1299 :: 		
0x046E	0x0E02      	MOVLW       2
;__Lib_MathDouble.c,1302 :: 		
0x0470	0xDE7A      	RCALL       _SETFOV32
;__Lib_MathDouble.c,1304 :: 		
0x0472	0xF002EF3D  	GOTO        MULEEE
;__Lib_MathDouble.c,1305 :: 		
MULJPSETFUN32:
;__Lib_MathDouble.c,1306 :: 		
0x0476	0x0E04      	MOVLW       4
;__Lib_MathDouble.c,1309 :: 		
0x0478	0xDDE8      	RCALL       _SETFUN32
;__Lib_MathDouble.c,1311 :: 		
MULEEE:
;__Lib_MathDouble.c,1318 :: 		
L_end_Mul_32x32_FP:
0x047A	0x0012      	RETURN      0
; end of _Mul_32x32_FP
_int2double:
;__Lib_MathDouble.c,2285 :: 		
;__Lib_MathDouble.c,2294 :: 		
0x047C	0xF008C000  	MOVFF       R0, R8
;__Lib_MathDouble.c,2295 :: 		
0x0480	0x5001      	MOVF        R1, 0, 0
;__Lib_MathDouble.c,2296 :: 		
0x0482	0x6E00      	MOVWF       R0, 0
;__Lib_MathDouble.c,2297 :: 		
0x0484	0x6A01      	CLRF        R1, 0
;__Lib_MathDouble.c,2298 :: 		
0x0486	0x6A02      	CLRF        R2, 0
;__Lib_MathDouble.c,2299 :: 		
0x0488	0x6A03      	CLRF        R3, 0
;__Lib_MathDouble.c,2302 :: 		
0x048A	0x6A0B      	CLRF        R11, 0
;__Lib_MathDouble.c,2303 :: 		
0x048C	0x6A0C      	CLRF        R12, 0
;__Lib_MathDouble.c,2304 :: 		
0x048E	0x6A01      	CLRF        R1, 0
;__Lib_MathDouble.c,2305 :: 		
0x0490	0x6A02      	CLRF        R2, 0
;__Lib_MathDouble.c,2306 :: 		
0x0492	0x6A03      	CLRF        R3, 0
;__Lib_MathDouble.c,2308 :: 		
0x0494	0x0E96      	MOVLW       150
;__Lib_MathDouble.c,2309 :: 		
0x0496	0x6E03      	MOVWF       R3, 0
;__Lib_MathDouble.c,2310 :: 		
0x0498	0x6A0A      	CLRF        R10, 0
;__Lib_MathDouble.c,2311 :: 		
0x049A	0xAE00      	BTFSS       R0, 7, 0
;__Lib_MathDouble.c,2312 :: 		
0x049C	0xF002EF56  	GOTO        FLO1632EEE
;__Lib_MathDouble.c,2314 :: 		
0x04A0	0x1E08      	COMF        R8, 1, 0
;__Lib_MathDouble.c,2315 :: 		
0x04A2	0x1E00      	COMF        R0, 1, 0
;__Lib_MathDouble.c,2317 :: 		
0x04A4	0x2A08      	INCF        R8, 1, 0
;__Lib_MathDouble.c,2318 :: 		
0x04A6	0xB4D8      	BTFSC       STATUS, 2, 0
;__Lib_MathDouble.c,2319 :: 		
0x04A8	0x2A00      	INCF        R0, 1, 0
;__Lib_MathDouble.c,2321 :: 		
0x04AA	0x8E0A      	BSF         R10, 7, 0
;__Lib_MathDouble.c,2322 :: 		
FLO1632EEE:
;__Lib_MathDouble.c,2323 :: 		
0x04AC	0xF001C000  	MOVFF       R0, R1
;__Lib_MathDouble.c,2324 :: 		
0x04B0	0xF000C008  	MOVFF       R8, R0
;__Lib_MathDouble.c,2325 :: 		
0x04B4	0x6A08      	CLRF        R8, 0
;__Lib_MathDouble.c,2326 :: 		
0x04B6	0x6A02      	CLRF        R2, 0
;__Lib_MathDouble.c,2328 :: 		
0x04B8	0xDE7D      	RCALL       _NRM3232
;__Lib_MathDouble.c,2329 :: 		
L_end_int2double:
0x04BA	0x0012      	RETURN      0
; end of _int2double
_WordToStr:
;__Lib_Conversions.c,98 :: 		
;__Lib_Conversions.c,103 :: 		
0x04BC	0x6A2C      	CLRF        WordToStr_len_L0 
L_WordToStr11:
0x04BE	0x0E05      	MOVLW       5
0x04C0	0x5C2C      	SUBWF       WordToStr_len_L0, 0 
0x04C2	0xE20A      	BC          L_WordToStr12
;__Lib_Conversions.c,104 :: 		
0x04C4	0x502C      	MOVF        WordToStr_len_L0, 0 
0x04C6	0x242A      	ADDWF       FARG_WordToStr_output, 0 
0x04C8	0x6EE1      	MOVWF       FSR1L 
0x04CA	0x0E00      	MOVLW       0
0x04CC	0x202B      	ADDWFC      FARG_WordToStr_output+1, 0 
0x04CE	0x6EE2      	MOVWF       FSR1L+1 
0x04D0	0x0E20      	MOVLW       32
0x04D2	0x6EE6      	MOVWF       POSTINC1 
;__Lib_Conversions.c,103 :: 		
0x04D4	0x2A2C      	INCF        WordToStr_len_L0, 1 
;__Lib_Conversions.c,104 :: 		
0x04D6	0xD7F3      	BRA         L_WordToStr11
L_WordToStr12:
;__Lib_Conversions.c,105 :: 		
0x04D8	0x502C      	MOVF        WordToStr_len_L0, 0 
0x04DA	0x242A      	ADDWF       FARG_WordToStr_output, 0 
0x04DC	0x6EE1      	MOVWF       FSR1L 
0x04DE	0x0E00      	MOVLW       0
0x04E0	0x202B      	ADDWFC      FARG_WordToStr_output+1, 0 
0x04E2	0x6EE2      	MOVWF       FSR1L+1 
0x04E4	0x6AE6      	CLRF        POSTINC1 
0x04E6	0x062C      	DECF        WordToStr_len_L0, 1 
;__Lib_Conversions.c,107 :: 		
L_WordToStr14:
;__Lib_Conversions.c,108 :: 		
0x04E8	0x502C      	MOVF        WordToStr_len_L0, 0 
0x04EA	0x242A      	ADDWF       FARG_WordToStr_output, 0 
0x04EC	0x6E2D      	MOVWF       FLOC__WordToStr 
0x04EE	0x0E00      	MOVLW       0
0x04F0	0x202B      	ADDWFC      FARG_WordToStr_output+1, 0 
0x04F2	0x6E2E      	MOVWF       FLOC__WordToStr+1 
0x04F4	0x0E0A      	MOVLW       10
0x04F6	0x6E04      	MOVWF       R4 
0x04F8	0x0E00      	MOVLW       0
0x04FA	0x6E05      	MOVWF       R5 
0x04FC	0xF000C028  	MOVFF       FARG_WordToStr_input, R0
0x0500	0xF001C029  	MOVFF       FARG_WordToStr_input+1, R1
0x0504	0xDE3C      	RCALL       _Div_16X16_U
0x0506	0xF000C008  	MOVFF       R8, R0
0x050A	0xF001C009  	MOVFF       R9, R1
0x050E	0x0E30      	MOVLW       48
0x0510	0x2600      	ADDWF       R0, 1 
0x0512	0xFFE1C02D  	MOVFF       FLOC__WordToStr, FSR1L
0x0516	0xFFE2C02E  	MOVFF       FLOC__WordToStr+1, FSR1H
0x051A	0xFFE6C000  	MOVFF       R0, POSTINC1
;__Lib_Conversions.c,109 :: 		
0x051E	0x0E0A      	MOVLW       10
0x0520	0x6E04      	MOVWF       R4 
0x0522	0x0E00      	MOVLW       0
0x0524	0x6E05      	MOVWF       R5 
0x0526	0xF000C028  	MOVFF       FARG_WordToStr_input, R0
0x052A	0xF001C029  	MOVFF       FARG_WordToStr_input+1, R1
0x052E	0xDE27      	RCALL       _Div_16X16_U
0x0530	0xF028C000  	MOVFF       R0, FARG_WordToStr_input
0x0534	0xF029C001  	MOVFF       R1, FARG_WordToStr_input+1
;__Lib_Conversions.c,110 :: 		
0x0538	0x0E00      	MOVLW       0
0x053A	0x1801      	XORWF       R1, 0 
0x053C	0xE102      	BNZ         L__WordToStr159
0x053E	0x0E00      	MOVLW       0
0x0540	0x1800      	XORWF       R0, 0 
L__WordToStr159:
0x0542	0xE101      	BNZ         L_WordToStr16
;__Lib_Conversions.c,111 :: 		
0x0544	0xD002      	BRA         L_WordToStr15
L_WordToStr16:
;__Lib_Conversions.c,112 :: 		
0x0546	0x062C      	DECF        WordToStr_len_L0, 1 
;__Lib_Conversions.c,113 :: 		
0x0548	0xD7CF      	BRA         L_WordToStr14
L_WordToStr15:
;__Lib_Conversions.c,114 :: 		
L_end_WordToStr:
0x054A	0x0012      	RETURN      0
; end of _WordToStr
_double2word:
;__Lib_MathDouble.c,2023 :: 		
;__Lib_MathDouble.c,2032 :: 		
0x054C	0x6A0B      	CLRF        R11, 0
;__Lib_MathDouble.c,2033 :: 		
0x054E	0x6A0C      	CLRF        R12, 0
;__Lib_MathDouble.c,2034 :: 		
0x0550	0x6A0A      	CLRF        R10, 0
;__Lib_MathDouble.c,2036 :: 		
0x0552	0x5003      	MOVF        R3, 0, 0
;__Lib_MathDouble.c,2037 :: 		
0x0554	0xB4D8      	BTFSC       STATUS, 2, 0
;__Lib_MathDouble.c,2038 :: 		
0x0556	0xF002EFF0  	GOTO        IRES016U
;__Lib_MathDouble.c,2040 :: 		
0x055A	0x8E02      	BSF         R2, 7, 0
;__Lib_MathDouble.c,2042 :: 		
0x055C	0x0E8E      	MOVLW       142
;__Lib_MathDouble.c,2043 :: 		
0x055E	0x5E03      	SUBWF       R3, 1, 0
;__Lib_MathDouble.c,2044 :: 		
0x0560	0xBE03      	BTFSC       R3, 7, 0
;__Lib_MathDouble.c,2045 :: 		
0x0562	0xF002EFB8  	GOTO        SETEXP16U
;__Lib_MathDouble.c,2046 :: 		
0x0566	0xB4D8      	BTFSC       STATUS, 2, 0
;__Lib_MathDouble.c,2047 :: 		
0x0568	0xF002EFB8  	GOTO        SETEXP16U
;__Lib_MathDouble.c,2048 :: 		
0x056C	0xF002EFF4  	GOTO        SETIOV16U
;__Lib_MathDouble.c,2049 :: 		
SETEXP16U:
;__Lib_MathDouble.c,2050 :: 		
0x0570	0x6C03      	NEGF        R3, 0
;__Lib_MathDouble.c,2052 :: 		
0x0572	0x0E08      	MOVLW       8
;__Lib_MathDouble.c,2053 :: 		
0x0574	0x5C03      	SUBWF       R3, 0, 0
;__Lib_MathDouble.c,2054 :: 		
0x0576	0xA0D8      	BTFSS       STATUS, 0, 0
;__Lib_MathDouble.c,2055 :: 		
0x0578	0xF002EFCF  	GOTO        TSHIFT3216U
;__Lib_MathDouble.c,2056 :: 		
0x057C	0x6E03      	MOVWF       R3, 0
;__Lib_MathDouble.c,2057 :: 		
0x057E	0x3601      	RLCF        R1, 1, 0
;__Lib_MathDouble.c,2058 :: 		
0x0580	0xF001C002  	MOVFF       R2, R1
;__Lib_MathDouble.c,2059 :: 		
0x0584	0x6A02      	CLRF        R2, 0
;__Lib_MathDouble.c,2061 :: 		
0x0586	0x0E08      	MOVLW       8
;__Lib_MathDouble.c,2062 :: 		
0x0588	0x5C03      	SUBWF       R3, 0, 0
;__Lib_MathDouble.c,2063 :: 		
0x058A	0xA0D8      	BTFSS       STATUS, 0, 0
;__Lib_MathDouble.c,2064 :: 		
0x058C	0xF002EFCF  	GOTO        TSHIFT3216U
;__Lib_MathDouble.c,2065 :: 		
0x0590	0x3601      	RLCF        R1, 1, 0
;__Lib_MathDouble.c,2066 :: 		
0x0592	0x6A01      	CLRF        R1, 0
;__Lib_MathDouble.c,2068 :: 		
0x0594	0x5003      	MOVF        R3, 0, 0
;__Lib_MathDouble.c,2069 :: 		
0x0596	0xA4D8      	BTFSS       STATUS, 2, 0
;__Lib_MathDouble.c,2070 :: 		
0x0598	0x90D8      	BCF         STATUS, 0, 0
;__Lib_MathDouble.c,2071 :: 		
0x059A	0xF002EFD9  	GOTO        SHIFT3216UOK
;__Lib_MathDouble.c,2072 :: 		
TSHIFT3216U:
;__Lib_MathDouble.c,2073 :: 		
0x059E	0x5003      	MOVF        R3, 0, 0
;__Lib_MathDouble.c,2074 :: 		
0x05A0	0xB4D8      	BTFSC       STATUS, 2, 0
;__Lib_MathDouble.c,2075 :: 		
0x05A2	0xF002EFD9  	GOTO        SHIFT3216UOK
;__Lib_MathDouble.c,2076 :: 		
SHIFT3216U:
;__Lib_MathDouble.c,2077 :: 		
0x05A6	0x90D8      	BCF         STATUS, 0, 0
;__Lib_MathDouble.c,2078 :: 		
0x05A8	0x3202      	RRCF        R2, 1, 0
;__Lib_MathDouble.c,2079 :: 		
0x05AA	0x3201      	RRCF        R1, 1, 0
;__Lib_MathDouble.c,2080 :: 		
0x05AC	0x2E03      	DECFSZ      R3, 1, 0
;__Lib_MathDouble.c,2081 :: 		
0x05AE	0xF002EFD3  	GOTO        SHIFT3216U
;__Lib_MathDouble.c,2082 :: 		
SHIFT3216UOK:
;__Lib_MathDouble.c,2083 :: 		
0x05B2	0xBC0B      	BTFSC       R11, 6, 0
;__Lib_MathDouble.c,2084 :: 		
0x05B4	0xA001      	BTFSS       R1, 0, 0
;__Lib_MathDouble.c,2085 :: 		
0x05B6	0xF002EFE6  	GOTO        INT3216UOK
;__Lib_MathDouble.c,2086 :: 		
0x05BA	0xA0D8      	BTFSS       STATUS, 0, 0
;__Lib_MathDouble.c,2087 :: 		
0x05BC	0xF002EFE6  	GOTO        INT3216UOK
;__Lib_MathDouble.c,2088 :: 		
0x05C0	0x2A01      	INCF        R1, 1, 0
;__Lib_MathDouble.c,2089 :: 		
0x05C2	0xB4D8      	BTFSC       STATUS, 2, 0
;__Lib_MathDouble.c,2090 :: 		
0x05C4	0x2A02      	INCF        R2, 1, 0
;__Lib_MathDouble.c,2091 :: 		
0x05C6	0xBE02      	BTFSC       R2, 7, 0
;__Lib_MathDouble.c,2092 :: 		
0x05C8	0xF003EF03  	GOTO        JPKSETIOV3224
;__Lib_MathDouble.c,2093 :: 		
INT3216UOK:
;__Lib_MathDouble.c,2094 :: 		
0x05CC	0xAE0A      	BTFSS       R10, 7, 0
;__Lib_MathDouble.c,2095 :: 		
0x05CE	0xF003EF08  	GOTO        INT3216UEOK
;__Lib_MathDouble.c,2097 :: 		
0x05D2	0x1E02      	COMF        R2, 1, 0
;__Lib_MathDouble.c,2098 :: 		
0x05D4	0x1E01      	COMF        R1, 1, 0
;__Lib_MathDouble.c,2099 :: 		
0x05D6	0x2A01      	INCF        R1, 1, 0
;__Lib_MathDouble.c,2100 :: 		
0x05D8	0xB4D8      	BTFSC       STATUS, 2, 0
;__Lib_MathDouble.c,2101 :: 		
0x05DA	0x2A02      	INCF        R2, 1, 0
;__Lib_MathDouble.c,2102 :: 		
0x05DC	0xF003EF08  	GOTO        INT3216UEOK
;__Lib_MathDouble.c,2104 :: 		
IRES016U:
;__Lib_MathDouble.c,2105 :: 		
0x05E0	0x6A02      	CLRF        R2, 0
;__Lib_MathDouble.c,2106 :: 		
0x05E2	0x6A01      	CLRF        R1, 0
;__Lib_MathDouble.c,2107 :: 		
0x05E4	0xF003EF08  	GOTO        INT3216UEOK
;__Lib_MathDouble.c,2108 :: 		
SETIOV16U:
;__Lib_MathDouble.c,2109 :: 		
0x05E8	0x800B      	BSF         R11, 0, 0
;__Lib_MathDouble.c,2110 :: 		
0x05EA	0xAE0B      	BTFSS       R11, 7, 0
;__Lib_MathDouble.c,2111 :: 		
0x05EC	0xF003EF0C  	GOTO        INT3216UEER
;__Lib_MathDouble.c,2113 :: 		
0x05F0	0x6A02      	CLRF        R2, 0
;__Lib_MathDouble.c,2114 :: 		
0x05F2	0xAE0A      	BTFSS       R10, 7, 0
;__Lib_MathDouble.c,2115 :: 		
0x05F4	0xF003EF0C  	GOTO        INT3216UEER
;__Lib_MathDouble.c,2116 :: 		
0x05F8	0x0EFF      	MOVLW       255
;__Lib_MathDouble.c,2117 :: 		
0x05FA	0x6E02      	MOVWF       R2, 0
;__Lib_MathDouble.c,2118 :: 		
0x05FC	0x6E01      	MOVWF       R1, 0
;__Lib_MathDouble.c,2119 :: 		
0x05FE	0x360A      	RLCF        R10, 1, 0
;__Lib_MathDouble.c,2120 :: 		
0x0600	0x3202      	RRCF        R2, 1, 0
;__Lib_MathDouble.c,2121 :: 		
0x0602	0xF003EF0C  	GOTO        INT3216UEER
;__Lib_MathDouble.c,2123 :: 		
JPKSETIOV3224:
;__Lib_MathDouble.c,2124 :: 		
0x0606	0x0E01      	MOVLW       1
;__Lib_MathDouble.c,2125 :: 		
0x0608	0x6E0C      	MOVWF       R12, 0
;__Lib_MathDouble.c,2127 :: 		
0x060A	0xDD71      	RCALL       _SETIOV3224
;__Lib_MathDouble.c,2129 :: 		
0x060C	0xF003EF0E  	GOTO        INT3216UEEE
;__Lib_MathDouble.c,2130 :: 		
INT3216UEOK:
;__Lib_MathDouble.c,2131 :: 		
0x0610	0x0E00      	MOVLW       0
;__Lib_MathDouble.c,2132 :: 		
0x0612	0x6E0C      	MOVWF       R12, 0
;__Lib_MathDouble.c,2133 :: 		
0x0614	0xF003EF0E  	GOTO        INT3216UEEE
;__Lib_MathDouble.c,2134 :: 		
INT3216UEER:
;__Lib_MathDouble.c,2135 :: 		
0x0618	0x0EFF      	MOVLW       255
;__Lib_MathDouble.c,2136 :: 		
0x061A	0x6E0C      	MOVWF       R12, 0
;__Lib_MathDouble.c,2137 :: 		
INT3216UEEE:
;__Lib_MathDouble.c,2138 :: 		
0x061C	0x5001      	MOVF        R1, 0, 0
;__Lib_MathDouble.c,2139 :: 		
0x061E	0x6E00      	MOVWF       R0, 0
;__Lib_MathDouble.c,2140 :: 		
0x0620	0x5002      	MOVF        R2, 0, 0
;__Lib_MathDouble.c,2141 :: 		
0x0622	0x6E01      	MOVWF       R1, 0
;__Lib_MathDouble.c,2146 :: 		
L_end_double2word:
0x0624	0x0012      	RETURN      0
; end of _double2word
_PWM1_Set_Duty:
;__Lib_PWM_c21.c,42 :: 		
;__Lib_PWM_c21.c,46 :: 		
0x0626	0x50CB      	MOVF        PR2, 0 
0x0628	0x0F01      	ADDLW       1
0x062A	0x6E00      	MOVWF       R0 
0x062C	0x6A01      	CLRF        R1 
0x062E	0x0E00      	MOVLW       0
0x0630	0x2201      	ADDWFC      R1, 1 
0x0632	0xF004C028  	MOVFF       FARG_PWM1_Set_Duty_new_duty, R4
0x0636	0x0E00      	MOVLW       0
0x0638	0x6E05      	MOVWF       R5 
0x063A	0xDD6D      	RCALL       _Mul_16X16_U
0x063C	0x0E06      	MOVLW       6
0x063E	0x6E02      	MOVWF       R2 
0x0640	0xF004C000  	MOVFF       R0, R4
0x0644	0xF005C001  	MOVFF       R1, R5
0x0648	0x5002      	MOVF        R2, 0 
L__PWM1_Set_Duty10:
0x064A	0xE005      	BZ          L__PWM1_Set_Duty11
0x064C	0x3205      	RRCF        R5, 1 
0x064E	0x3204      	RRCF        R4, 1 
0x0650	0x9E05      	BCF         R5, 7 
0x0652	0x0FFF      	ADDLW       255
0x0654	0xD7FA      	BRA         L__PWM1_Set_Duty10
L__PWM1_Set_Duty11:
;__Lib_PWM_c21.c,47 :: 		
0x0656	0x0E04      	MOVLW       4
0x0658	0x6E01      	MOVWF       R1 
0x065A	0xF000C004  	MOVFF       R4, R0
0x065E	0x5001      	MOVF        R1, 0 
L__PWM1_Set_Duty12:
0x0660	0xE004      	BZ          L__PWM1_Set_Duty13
0x0662	0x3600      	RLCF        R0, 1 
0x0664	0x9000      	BCF         R0, 0 
0x0666	0x0FFF      	ADDLW       255
0x0668	0xD7FB      	BRA         L__PWM1_Set_Duty12
L__PWM1_Set_Duty13:
0x066A	0x0E30      	MOVLW       48
0x066C	0x1400      	ANDWF       R0, 0 
0x066E	0x6E03      	MOVWF       R3 
;__Lib_PWM_c21.c,48 :: 		
0x0670	0xF000C004  	MOVFF       R4, R0
0x0674	0xF001C005  	MOVFF       R5, R1
0x0678	0x3201      	RRCF        R1, 1 
0x067A	0x3200      	RRCF        R0, 1 
0x067C	0x9E01      	BCF         R1, 7 
0x067E	0x3201      	RRCF        R1, 1 
0x0680	0x3200      	RRCF        R0, 1 
0x0682	0x9E01      	BCF         R1, 7 
0x0684	0xFFBEC000  	MOVFF       R0, CCPR1L
;__Lib_PWM_c21.c,49 :: 		
0x0688	0x0E0F      	MOVLW       15
0x068A	0x16BD      	ANDWF       CCP1CON, 1 
;__Lib_PWM_c21.c,50 :: 		
0x068C	0x5003      	MOVF        R3, 0 
0x068E	0x12BD      	IORWF       CCP1CON, 1 
;__Lib_PWM_c21.c,51 :: 		
L_end_PWM1_Set_Duty:
0x0690	0x0012      	RETURN      0
; end of _PWM1_Set_Duty
_PWM1_Init:
;__Lib_PWM_c21.c,35 :: 		
;__Lib_PWM_c21.c,36 :: 		
;__Lib_PWM_c21.c,37 :: 		
0x0692	0x6ABE      	CLRF        CCPR1L 
;__Lib_PWM_c21.c,38 :: 		
0x0694	0x98BD      	BCF         CCP1CON, 4 
;__Lib_PWM_c21.c,39 :: 		
0x0696	0x9ABD      	BCF         CCP1CON, 5 
;__Lib_PWM_c21.c,40 :: 		
L_end_PWM1_Init:
0x0698	0x0012      	RETURN      0
; end of _PWM1_Init
_ADC_Read:
;__Lib_ADC_A_D.c,51 :: 		
;__Lib_ADC_A_D.c,54 :: 		
0x069A	0x6AC2      	CLRF        ADCON0 
;__Lib_ADC_A_D.c,55 :: 		
0x069C	0x1C15      	COMF        _vref_mask, 0 
0x069E	0x6E00      	MOVWF       R0 
0x06A0	0x5000      	MOVF        R0, 0 
0x06A2	0x16C1      	ANDWF       ADCON1, 1 
;__Lib_ADC_A_D.c,56 :: 		
0x06A4	0x0E07      	MOVLW       7
0x06A6	0x12C0      	IORWF       ADCON2, 1 
;__Lib_ADC_A_D.c,57 :: 		
0x06A8	0x8EC0      	BSF         ADCON2, 7 
;__Lib_ADC_A_D.c,58 :: 		
0x06AA	0xF000C028  	MOVFF       FARG_ADC_Read_channel, R0
0x06AE	0x3600      	RLCF        R0, 1 
0x06B0	0x9000      	BCF         R0, 0 
0x06B2	0x3600      	RLCF        R0, 1 
0x06B4	0x9000      	BCF         R0, 0 
0x06B6	0x5000      	MOVF        R0, 0 
0x06B8	0x12C2      	IORWF       ADCON0, 1 
;__Lib_ADC_A_D.c,59 :: 		
0x06BA	0x80C2      	BSF         ADCON0, 0 
;__Lib_ADC_A_D.c,60 :: 		
0x06BC	0xDD26      	RCALL       _Delay_22us
;__Lib_ADC_A_D.c,61 :: 		
0x06BE	0x82C2      	BSF         ADCON0, 1 
;__Lib_ADC_A_D.c,62 :: 		
L_ADC_Read2:
0x06C0	0xA2C2      	BTFSS       ADCON0, 1 
0x06C2	0xD001      	BRA         L_ADC_Read3
;__Lib_ADC_A_D.c,63 :: 		
0x06C4	0xD7FD      	BRA         L_ADC_Read2
L_ADC_Read3:
;__Lib_ADC_A_D.c,64 :: 		
0x06C6	0xF001CFC4  	MOVFF       ADRESH, R1
0x06CA	0x6A00      	CLRF        R0 
;__Lib_ADC_A_D.c,65 :: 		
0x06CC	0x50C3      	MOVF        ADRESL, 0 
0x06CE	0x1200      	IORWF       R0, 1 
0x06D0	0x0E00      	MOVLW       0
0x06D2	0x1201      	IORWF       R1, 1 
;__Lib_ADC_A_D.c,66 :: 		
0x06D4	0x90C2      	BCF         ADCON0, 0 
;__Lib_ADC_A_D.c,68 :: 		
;__Lib_ADC_A_D.c,69 :: 		
L_end_ADC_Read:
0x06D6	0x0012      	RETURN      0
; end of _ADC_Read
_PWM1_Start:
;__Lib_PWM_c21.c,53 :: 		
;__Lib_PWM_c21.c,54 :: 		
0x06D8	0x9494      	BCF         TRISC2_bit, BitPos(TRISC2_bit+0) 
;__Lib_PWM_c21.c,55 :: 		
0x06DA	0x84CA      	BSF         T2CON, 2 
;__Lib_PWM_c21.c,56 :: 		
0x06DC	0x0E0C      	MOVLW       12
0x06DE	0x12BD      	IORWF       CCP1CON, 1 
;__Lib_PWM_c21.c,57 :: 		
L_end_PWM1_Start:
0x06E0	0x0012      	RETURN      0
; end of _PWM1_Start
_main:
0x06E2	0xF003ECC3  	CALL        1926, 0
;unid_08_03_pwm_AN1_LCD.c,51 :: 		void main() {
;unid_08_03_pwm_AN1_LCD.c,55 :: 		ConfigMcu();
0x06E6	0xDE35      	RCALL       _ConfigMCU
;unid_08_03_pwm_AN1_LCD.c,57 :: 		Lcd_Init(); //sempre chamado para inicializar LCD, 4-bit Mode
0x06E8	0xDDE9      	RCALL       _Lcd_Init
;unid_08_03_pwm_AN1_LCD.c,58 :: 		Lcd_Cmd(_LCD_CLEAR); //desliga cursor
0x06EA	0x0E01      	MOVLW       1
0x06EC	0x6E30      	MOVWF       FARG_Lcd_Cmd_out_char 
0x06EE	0xDCC1      	RCALL       _Lcd_Cmd
;unid_08_03_pwm_AN1_LCD.c,59 :: 		Lcd_Cmd(_LCD_CURSOR_OFF);//desliga cursor
0x06F0	0x0E0C      	MOVLW       12
0x06F2	0x6E30      	MOVWF       FARG_Lcd_Cmd_out_char 
0x06F4	0xDCBE      	RCALL       _Lcd_Cmd
;unid_08_03_pwm_AN1_LCD.c,60 :: 		Lcd_Out(1, 1, "ADC:");  //linha x Coluna
0x06F6	0x0E01      	MOVLW       1
0x06F8	0x6E28      	MOVWF       FARG_Lcd_Out_row 
0x06FA	0x0E01      	MOVLW       1
0x06FC	0x6E29      	MOVWF       FARG_Lcd_Out_column 
0x06FE	0x0E16      	MOVLW       ?lstr1_unid_08_03_pwm_AN1_LCD
0x0700	0x6E2A      	MOVWF       FARG_Lcd_Out_text 
0x0702	0x0E00      	MOVLW       hi_addr(?lstr1_unid_08_03_pwm_AN1_LCD)
0x0704	0x6E2B      	MOVWF       FARG_Lcd_Out_text+1 
0x0706	0xDD9D      	RCALL       _Lcd_Out
;unid_08_03_pwm_AN1_LCD.c,63 :: 		PWM1_Init(5000);
0x0708	0x80CA      	BSF         T2CON, 0, 0
0x070A	0x92CA      	BCF         T2CON, 1, 0
0x070C	0x0E63      	MOVLW       99
0x070E	0x6ECB      	MOVWF       PR2, 0
0x0710	0xDFC0      	RCALL       _PWM1_Init
;unid_08_03_pwm_AN1_LCD.c,64 :: 		PWM1_Set_Duty(255); // 0(%) -> 255(100%)
0x0712	0x0EFF      	MOVLW       255
0x0714	0x6E28      	MOVWF       FARG_PWM1_Set_Duty_new_duty 
0x0716	0xDF87      	RCALL       _PWM1_Set_Duty
;unid_08_03_pwm_AN1_LCD.c,65 :: 		PWM1_Start(); // start pwm ; temos mais de um canal ccp , escolha 1 ou 2...
0x0718	0xDFDF      	RCALL       _PWM1_Start
;unid_08_03_pwm_AN1_LCD.c,67 :: 		while (TRUE)
L_main0:
;unid_08_03_pwm_AN1_LCD.c,70 :: 		Leitura_ADC = (int) ADC_Read(1) * (255./1023.); //regra de 3 simples
0x071A	0x0E01      	MOVLW       1
0x071C	0x6E28      	MOVWF       FARG_ADC_Read_channel 
0x071E	0xDFBD      	RCALL       _ADC_Read
0x0720	0xDEAD      	RCALL       _int2double
0x0722	0x0ED0      	MOVLW       208
0x0724	0x6E04      	MOVWF       R4 
0x0726	0x0E3F      	MOVLW       63
0x0728	0x6E05      	MOVWF       R5 
0x072A	0x0E7F      	MOVLW       127
0x072C	0x6E06      	MOVWF       R6 
0x072E	0x0E7C      	MOVLW       124
0x0730	0x6E07      	MOVWF       R7 
0x0732	0xDE14      	RCALL       _Mul_32x32_FP
0x0734	0xDF0B      	RCALL       _double2word
0x0736	0xF01CC000  	MOVFF       R0, main_Leitura_ADC_L0
0x073A	0xF01DC001  	MOVFF       R1, main_Leitura_ADC_L0+1
;unid_08_03_pwm_AN1_LCD.c,71 :: 		PWM1_Set_Duty(Leitura_ADC);// faa leitura 3 simples
0x073E	0xF028C000  	MOVFF       R0, FARG_PWM1_Set_Duty_new_duty
0x0742	0xDF71      	RCALL       _PWM1_Set_Duty
;unid_08_03_pwm_AN1_LCD.c,73 :: 		WordToStr(Leitura_ADC, txtDta);
0x0744	0xF028C01C  	MOVFF       main_Leitura_ADC_L0, FARG_WordToStr_input
0x0748	0xF029C01D  	MOVFF       main_Leitura_ADC_L0+1, FARG_WordToStr_input+1
0x074C	0x0E1E      	MOVLW       main_txtDta_L0
0x074E	0x6E2A      	MOVWF       FARG_WordToStr_output 
0x0750	0x0E00      	MOVLW       hi_addr(main_txtDta_L0)
0x0752	0x6E2B      	MOVWF       FARG_WordToStr_output+1 
0x0754	0xDEB3      	RCALL       _WordToStr
;unid_08_03_pwm_AN1_LCD.c,74 :: 		Lcd_Out(1, 5, txtDta);
0x0756	0x0E01      	MOVLW       1
0x0758	0x6E28      	MOVWF       FARG_Lcd_Out_row 
0x075A	0x0E05      	MOVLW       5
0x075C	0x6E29      	MOVWF       FARG_Lcd_Out_column 
0x075E	0x0E1E      	MOVLW       main_txtDta_L0
0x0760	0x6E2A      	MOVWF       FARG_Lcd_Out_text 
0x0762	0x0E00      	MOVLW       hi_addr(main_txtDta_L0)
0x0764	0x6E2B      	MOVWF       FARG_Lcd_Out_text+1 
0x0766	0xDD6D      	RCALL       _Lcd_Out
;unid_08_03_pwm_AN1_LCD.c,75 :: 		Delay_ms(20);
0x0768	0x0E34      	MOVLW       52
0x076A	0x6E0C      	MOVWF       R12, 0
0x076C	0x0EF1      	MOVLW       241
0x076E	0x6E0D      	MOVWF       R13, 0
L_main2:
0x0770	0x2E0D      	DECFSZ      R13, 1, 0
0x0772	0xD7FE      	BRA         L_main2
0x0774	0x2E0C      	DECFSZ      R12, 1, 0
0x0776	0xD7FC      	BRA         L_main2
0x0778	0x0000      	NOP
0x077A	0x0000      	NOP
;unid_08_03_pwm_AN1_LCD.c,76 :: 		}
0x077C	0xD7CE      	BRA         L_main0
;unid_08_03_pwm_AN1_LCD.c,79 :: 		}
L_end_main:
0x077E	0xD7FF      	BRA         $+0
; end of _main
0x0786	0xF015EE10  	LFSR        1, 21
0x078A	0x0E06      	MOVLW       6
0x078C	0x6E00      	MOVWF       R0 
0x078E	0x0E01      	MOVLW       1
0x0790	0x6E01      	MOVWF       R1 
0x0792	0x0E80      	MOVLW       128
0x0794	0x6EF6      	MOVWF       TBLPTR 
0x0796	0x0E07      	MOVLW       7
0x0798	0x6EF7      	MOVWF       TBLPTRH 
0x079A	0x0E00      	MOVLW       0
0x079C	0x6EF8      	MOVWF       TBLPTRU 
0x079E	0xF001EC19  	CALL        562, 0
0x07A2	0x0012      	RETURN      0
;__Lib_ADC_A_D.c,0 :: ?ICS_vref_mask
0x0780	0x30 ;?ICS_vref_mask+0
; end of ?ICS_vref_mask
;unid_08_03_pwm_AN1_LCD.c,0 :: ?ICS?lstr1_unid_08_03_pwm_AN1_LCD
0x0781	0x4441 ;?ICS?lstr1_unid_08_03_pwm_AN1_LCD+0
0x0783	0x3A43 ;?ICS?lstr1_unid_08_03_pwm_AN1_LCD+2
0x0785	0x00 ;?ICS?lstr1_unid_08_03_pwm_AN1_LCD+4
; end of ?ICS?lstr1_unid_08_03_pwm_AN1_LCD
Symbol List:
//** Routines locations **
//ADDRESS    SIZE    PROCEDURE
//----------------------------------------------
0x001C       [6]    _Delay_1us
0x0022      [22]    _Delay_5500us
0x0038      [10]    _Delay_50us
0x0042       [8]    _FIXSIGN32
0x004A      [26]    _SETFUN32
0x0064      [14]    _RES032
0x0072     [124]    _Lcd_Cmd
0x00EE      [28]    _SETIOV3224
0x010A      [12]    _Delay_22us
0x0116      [80]    _Mul_16X16_U
0x0166      [24]    _SETFOV32
0x017E      [54]    _Div_16X16_U
0x01B4     [114]    _NRM3232
0x0226      [12]    _Lcd_Chr_CP
0x0232      [16]    ___CC2DW
0x0242     [122]    _Lcd_Out
0x02BC     [150]    _Lcd_Init
0x0352      [10]    _ConfigMCU
0x035C     [288]    _Mul_32x32_FP
0x047C      [64]    _int2double
0x04BC     [144]    _WordToStr
0x054C     [218]    _double2word
0x0626     [108]    _PWM1_Set_Duty
0x0692       [8]    _PWM1_Init
0x069A      [62]    _ADC_Read
0x06D8      [10]    _PWM1_Start
0x06E2     [158]    _main
//** Variables locations ** 
//ADDRESS    SIZE    VARIABLE
//----------------------------------------------
0x0000       [1]    R0
0x0001       [1]    R1
0x0002       [2]    memset_pp_L0
0x0002       [2]    strlen_cp_L0
0x0002       [1]    R2
0x0002       [2]    memcpy_dd_L0
0x0002       [2]    memchr_s_L0
0x0003       [1]    R3
0x0003       [2]    Ltrim_original_L0
0x0003       [2]    memmove_tt_L0
0x0004       [2]    strncpy_cp_L0
0x0004       [2]    strncat_cp_L0
0x0004       [2]    memcpy_ss_L0
0x0004       [2]    strcat_cp_L0
0x0004       [2]    strcpy_cp_L0
0x0004       [1]    R4
0x0005       [2]    LongIntToHex_input_half_L0
0x0005       [2]    Ltrim_p_L0
0x0005       [2]    memmove_ff_L0
0x0005       [1]    R5
0x0005       [2]    LongWordToHex_input_half_L0
0x0006       [1]    R6
0x0007       [1]    R7
0x0008       [1]    R8
0x0009       [1]    R9
0x000A       [1]    R10
0x000B       [1]    R11
0x000C       [1]    R12
0x000D       [1]    R13
0x000E       [1]    R14
0x000F       [1]    R15
0x0010       [1]    R16
0x0011       [1]    R17
0x0012       [1]    R18
0x0013       [1]    R19
0x0014       [1]    R20
0x0015       [1]    _vref_mask
0x0016       [5]    ?lstr1_unid_08_03_pwm_AN1_LCD
0x001B       [0]    __Lib_Lcd_cmd_status
0x001C       [2]    main_Leitura_ADC_L0
0x001E      [10]    main_txtDta_L0
0x0028       [1]    FARG_Lcd_Out_row
0x0028       [1]    FARG_ADC_Read_channel
0x0028       [2]    FARG_WordToStr_input
0x0028       [1]    FARG_PWM1_Set_Duty_new_duty
0x0028       [4]    FARG_PWM1_Init_PWM_Freq
0x0029       [1]    FARG_Lcd_Out_column
0x002A       [2]    FARG_WordToStr_output
0x002A       [2]    FARG_Lcd_Out_text
0x002C       [1]    WordToStr_len_L0
0x002C       [1]    Lcd_Out_i_L0
0x002D       [2]    FLOC__WordToStr
0x002F       [1]    FARG_Lcd_Chr_CP_out_char
0x0030       [1]    FARG_Lcd_Cmd_out_char
0x0F80       [1]    PORTA
0x0F8C       [0]    LATD7_bit
0x0F8C       [0]    LCD_D7
0x0F8C       [0]    LATD5_bit
0x0F8C       [0]    LATD6_bit
0x0F8C       [0]    LCD_D4
0x0F8C       [0]    LCD_D6
0x0F8C       [0]    LCD_D5
0x0F8C       [0]    LATD4_bit
0x0F8D       [0]    LATE2_bit
0x0F8D       [0]    LATE1_bit
0x0F8D       [0]    LCD_RS
0x0F8D       [0]    LCD_EN
0x0F92       [1]    TRISA
0x0F94       [0]    TRISC2_bit
0x0F95       [0]    TRISD5_bit
0x0F95       [0]    TRISD4_bit
0x0F95       [0]    TRISD7_bit
0x0F95       [0]    TRISD6_bit
0x0F95       [0]    LCD_D5_Direction
0x0F95       [0]    LCD_D4_Direction
0x0F95       [0]    LCD_D7_Direction
0x0F95       [0]    LCD_D6_Direction
0x0F96       [0]    TRISE2_bit
0x0F96       [0]    TRISE1_bit
0x0F96       [0]    LCD_RS_Direction
0x0F96       [0]    LCD_EN_Direction
0x0FBD       [1]    CCP1CON
0x0FBE       [1]    CCPR1L
0x0FC0       [1]    ADCON2
0x0FC1       [1]    ADCON1
0x0FC2       [1]    ADCON0
0x0FC3       [1]    ADRESL
0x0FC4       [1]    ADRESH
0x0FCA       [1]    T2CON
0x0FCB       [1]    PR2
0x0FD8       [1]    STATUS
0x0FD9       [1]    FSR2L
0x0FDA       [1]    FSR2H
0x0FDE       [1]    POSTINC2
0x0FE0       [1]    BSR
0x0FE1       [1]    FSR1L
0x0FE2       [1]    FSR1H
0x0FE4       [1]    PREINC1
0x0FE6       [1]    POSTINC1
0x0FE7       [1]    INDF1
0x0FE8       [1]    WREG
0x0FE9       [1]    FSR0L
0x0FEA       [1]    FSR0H
0x0FEE       [1]    POSTINC0
0x0FF3       [1]    PRODL
0x0FF4       [1]    PRODH
0x0FF5       [1]    TABLAT
0x0FF6       [1]    TBLPTRL
0x0FF6       [3]    TBLPTR
0x0FF7       [1]    TBLPTRH
0x0FF8       [1]    TBLPTRU
//** Constants locations ** 
//ADDRESS    SIZE    CONSTANT
//----------------------------------------------
0x0780       [1]    ?ICS_vref_mask
0x0781       [5]    ?ICS?lstr1_unid_08_03_pwm_AN1_LCD
