;  LST file generated by mikroListExporter - v.2.0 
; Date/Time: 30/11/2019 03:14:03 PM
;----------------------------------------------

;Address Opcode 	ASM
0x0000	0xF000EF18  	GOTO        48
_INTERRUPCAO_HIGH:
;unit05_04_INT0.c,57 :: 		void INTERRUPCAO_HIGH() iv 0x0008 ics ICS_AUTO {
;unit05_04_INT0.c,58 :: 		if(INTCON.INT0IF == 1)
0x0008	0xA2F2      	BTFSS       INTCON, 1 
0x000A	0xD002      	BRA         L_INTERRUPCAO_HIGH0
;unit05_04_INT0.c,60 :: 		PORTD.RD4 ^= 1;                   // toggle pin RBO
0x000C	0x7883      	BTG         PORTD, 4 
;unit05_04_INT0.c,61 :: 		INTCON.INT0IF = 0;
0x000E	0x92F2      	BCF         INTCON, 1 
;unit05_04_INT0.c,62 :: 		}
L_INTERRUPCAO_HIGH0:
;unit05_04_INT0.c,63 :: 		}
L_end_INTERRUPCAO_HIGH:
L__INTERRUPCAO_HIGH4:
0x0010	0x0011      	RETFIE      1
; end of _INTERRUPCAO_HIGH
_configGlobalInterruption:
;unit05_04_INT0.c,87 :: 		void configGlobalInterruption()
;unit05_04_INT0.c,89 :: 		INTCON.GIEH = 1;
0x0012	0x8EF2      	BSF         INTCON, 7 
;unit05_04_INT0.c,90 :: 		INTCON.GIEL = 1;
0x0014	0x8CF2      	BSF         INTCON, 6 
;unit05_04_INT0.c,91 :: 		RCON.IPEN = 1;
0x0016	0x8ED0      	BSF         RCON, 7 
;unit05_04_INT0.c,92 :: 		}
L_end_configGlobalInterruption:
0x0018	0x0012      	RETURN      0
; end of _configGlobalInterruption
_configIndividualVctINT0:
;unit05_04_INT0.c,94 :: 		void configIndividualVctINT0()
;unit05_04_INT0.c,96 :: 		INTCON.INT0IF = 0;                   // Overflow's Flag; this sets on/off interruptions;
0x001A	0x92F2      	BCF         INTCON, 1 
;unit05_04_INT0.c,99 :: 		INTCON.INT0IE = 1;                   // Besides IF, IP & IF, there is EDGE Configuration, too!
0x001C	0x88F2      	BSF         INTCON, 4 
;unit05_04_INT0.c,102 :: 		INTCON2.INTEDG0 = 1;                 // 1 - > rising edge
0x001E	0x8CF1      	BSF         INTCON2, 6 
;unit05_04_INT0.c,104 :: 		}
L_end_configIndividualVctINT0:
0x0020	0x0012      	RETURN      0
; end of _configIndividualVctINT0
_ConfigMCU:
;unit05_04_INT0.c,65 :: 		void ConfigMCU()
;unit05_04_INT0.c,76 :: 		ADCON1 |= 0X0F;
0x0022	0x0E0F      	MOVLW       15
0x0024	0x12C1      	IORWF       ADCON1, 1 
;unit05_04_INT0.c,77 :: 		INTCON2.RBPU = 0;
0x0026	0x9EF1      	BCF         INTCON2, 7 
;unit05_04_INT0.c,80 :: 		TRISD = 0;
0x0028	0x6A95      	CLRF        TRISD 
;unit05_04_INT0.c,81 :: 		PORTD = 0;
0x002A	0x6A83      	CLRF        PORTD 
;unit05_04_INT0.c,83 :: 		TRISB.RB0 = 1;                        // RB0/INT0 pin as input
0x002C	0x8093      	BSF         TRISB, 0 
;unit05_04_INT0.c,85 :: 		}
L_end_ConfigMCU:
0x002E	0x0012      	RETURN      0
; end of _ConfigMCU
_main:
;unit05_04_INT0.c,106 :: 		void main() {
;unit05_04_INT0.c,107 :: 		configMCU();
0x0030	0xDFF8      	RCALL       _ConfigMCU
;unit05_04_INT0.c,108 :: 		configGlobalInterruption();
0x0032	0xDFEF      	RCALL       _configGlobalInterruption
;unit05_04_INT0.c,109 :: 		configIndividualVctINT0();
0x0034	0xDFF2      	RCALL       _configIndividualVctINT0
;unit05_04_INT0.c,111 :: 		while(1);                              // I stopped processing!
L_main1:
0x0036	0xD7FF      	BRA         L_main1
;unit05_04_INT0.c,113 :: 		}
L_end_main:
0x0038	0xD7FF      	BRA         $+0
; end of _main
Symbol List:
//** Routines locations **
//ADDRESS    SIZE    PROCEDURE
//----------------------------------------------
0x0008      [10]    _INTERRUPCAO_HIGH
0x0012       [8]    _configGlobalInterruption
0x001A       [8]    _configIndividualVctINT0
0x0022      [14]    _ConfigMCU
0x0030      [10]    _main
//** Variables locations ** 
//ADDRESS    SIZE    VARIABLE
//----------------------------------------------
0x0000       [1]    R0
0x0001       [1]    R1
0x0002       [1]    R2
0x0003       [1]    R3
0x0004       [1]    R4
0x0005       [1]    R5
0x0006       [1]    R6
0x0007       [1]    R7
0x0008       [1]    R8
0x0009       [1]    R9
0x000A       [1]    R10
0x000B       [1]    R11
0x000C       [1]    R12
0x000D       [1]    R13
0x000E       [1]    R14
0x000F       [1]    R15
0x0010       [1]    R16
0x0011       [1]    R17
0x0012       [1]    R18
0x0013       [1]    R19
0x0014       [1]    R20
0x0F83       [1]    PORTD
0x0F93       [1]    TRISB
0x0F95       [1]    TRISD
0x0FC1       [1]    ADCON1
0x0FD0       [1]    RCON
0x0FD8       [1]    STATUS
0x0FD9       [1]    FSR2L
0x0FDA       [1]    FSR2H
0x0FDE       [1]    POSTINC2
0x0FE0       [1]    BSR
0x0FE1       [1]    FSR1L
0x0FE2       [1]    FSR1H
0x0FE4       [1]    PREINC1
0x0FE6       [1]    POSTINC1
0x0FE7       [1]    INDF1
0x0FE8       [1]    WREG
0x0FE9       [1]    FSR0L
0x0FEA       [1]    FSR0H
0x0FEE       [1]    POSTINC0
0x0FF1       [1]    INTCON2
0x0FF2       [1]    INTCON
0x0FF3       [1]    PRODL
0x0FF4       [1]    PRODH
0x0FF5       [1]    TABLAT
0x0FF6       [1]    TBLPTRL
0x0FF7       [1]    TBLPTRH
0x0FF8       [1]    TBLPTRU
