;  LST file generated by mikroListExporter - v.2.0 
; Date/Time: 22/11/2019 04:13:27 PM
;----------------------------------------------

;Address Opcode 	ASM
0x0000	0xF000EF0E  	GOTO        28
0x0004	0x0000      	NOP
0x0006	0x0000      	NOP
0x0008	0xF000EF00  	GOTO        0
0x000C	0x0000      	NOP
0x000E	0x0000      	NOP
0x0010	0x0000      	NOP
0x0012	0x0000      	NOP
0x0014	0x0000      	NOP
0x0016	0x0000      	NOP
0x0018	0xD7F3      	BRA         0
_main:
;unit_01_07_ComplexFlashing_LED.c,36 :: 		void main()
;unit_01_07_ComplexFlashing_LED.c,42 :: 		ADCON1 |= 0X0F;               // Config all ADC's pins as digital on PIC18F4520
0x001C	0x0E0F      	MOVLW       15
0x001E	0x12C1      	IORWF       ADCON1, 1 
;unit_01_07_ComplexFlashing_LED.c,45 :: 		TRISB = 0;                        // Config PORTB as output
0x0020	0x6A93      	CLRF        TRISB 
;unit_01_07_ComplexFlashing_LED.c,46 :: 		PORTB = 0;                        // Optional, the MCU do it automatically ;)
0x0022	0x6A81      	CLRF        PORTB 
;unit_01_07_ComplexFlashing_LED.c,49 :: 		for(;;)                            // Endless loop
L_main0:
;unit_01_07_ComplexFlashing_LED.c,51 :: 		for(i = 0; i < 3; i++)         // Do 3 times
0x0024	0x6A01      	CLRF        R1 
L_main3:
0x0026	0x0E03      	MOVLW       3
0x0028	0x5C01      	SUBWF       R1, 0 
0x002A	0xE216      	BC          L_main4
;unit_01_07_ComplexFlashing_LED.c,53 :: 		PORTB.RB0 = 1;           // LED ON
0x002C	0x8081      	BSF         PORTB, 0 
;unit_01_07_ComplexFlashing_LED.c,54 :: 		Delay_ms(200);           // 200 ms delay
0x002E	0x0E41      	MOVLW       65
0x0030	0x6E0C      	MOVWF       R12, 0
0x0032	0x0EEE      	MOVLW       238
0x0034	0x6E0D      	MOVWF       R13, 0
L_main6:
0x0036	0x2E0D      	DECFSZ      R13, 1, 0
0x0038	0xD7FE      	BRA         L_main6
0x003A	0x2E0C      	DECFSZ      R12, 1, 0
0x003C	0xD7FC      	BRA         L_main6
0x003E	0x0000      	NOP
;unit_01_07_ComplexFlashing_LED.c,55 :: 		PORTB.RB0 = 0;           // LED OFF
0x0040	0x9081      	BCF         PORTB, 0 
;unit_01_07_ComplexFlashing_LED.c,56 :: 		Delay_ms(200);           // 200 ms delay
0x0042	0x0E41      	MOVLW       65
0x0044	0x6E0C      	MOVWF       R12, 0
0x0046	0x0EEE      	MOVLW       238
0x0048	0x6E0D      	MOVWF       R13, 0
L_main7:
0x004A	0x2E0D      	DECFSZ      R13, 1, 0
0x004C	0xD7FE      	BRA         L_main7
0x004E	0x2E0C      	DECFSZ      R12, 1, 0
0x0050	0xD7FC      	BRA         L_main7
0x0052	0x0000      	NOP
;unit_01_07_ComplexFlashing_LED.c,51 :: 		for(i = 0; i < 3; i++)         // Do 3 times
0x0054	0x2A01      	INCF        R1, 1 
;unit_01_07_ComplexFlashing_LED.c,57 :: 		}
0x0056	0xD7E7      	BRA         L_main3
L_main4:
;unit_01_07_ComplexFlashing_LED.c,58 :: 		Delay_ms(2000);            // 2 s delay
0x0058	0x0E03      	MOVLW       3
0x005A	0x6E0B      	MOVWF       R11, 0
0x005C	0x0E8A      	MOVLW       138
0x005E	0x6E0C      	MOVWF       R12, 0
0x0060	0x0E55      	MOVLW       85
0x0062	0x6E0D      	MOVWF       R13, 0
L_main8:
0x0064	0x2E0D      	DECFSZ      R13, 1, 0
0x0066	0xD7FE      	BRA         L_main8
0x0068	0x2E0C      	DECFSZ      R12, 1, 0
0x006A	0xD7FC      	BRA         L_main8
0x006C	0x2E0B      	DECFSZ      R11, 1, 0
0x006E	0xD7FA      	BRA         L_main8
0x0070	0x0000      	NOP
0x0072	0x0000      	NOP
;unit_01_07_ComplexFlashing_LED.c,59 :: 		}
0x0074	0xD7D7      	BRA         L_main0
;unit_01_07_ComplexFlashing_LED.c,60 :: 		}
L_end_main:
0x0076	0xD7FF      	BRA         $+0
; end of _main
Symbol List:
//** Routines locations **
//ADDRESS    SIZE    PROCEDURE
//----------------------------------------------
0x001C      [92]    _main
//** Variables locations ** 
//ADDRESS    SIZE    VARIABLE
//----------------------------------------------
0x0000       [1]    R0
0x0001       [1]    main_i_L0
0x0001       [1]    R1
0x0002       [1]    R2
0x0003       [1]    R3
0x0004       [1]    R4
0x0005       [1]    R5
0x0006       [1]    R6
0x0007       [1]    R7
0x0008       [1]    R8
0x0009       [1]    R9
0x000A       [1]    R10
0x000B       [1]    R11
0x000C       [1]    R12
0x000D       [1]    R13
0x000E       [1]    R14
0x000F       [1]    R15
0x0010       [1]    R16
0x0011       [1]    R17
0x0012       [1]    R18
0x0013       [1]    R19
0x0014       [1]    R20
0x0F81       [1]    PORTB
0x0F93       [1]    TRISB
0x0FC1       [1]    ADCON1
0x0FD8       [1]    STATUS
0x0FD9       [1]    FSR2L
0x0FDA       [1]    FSR2H
0x0FDE       [1]    POSTINC2
0x0FE0       [1]    BSR
0x0FE1       [1]    FSR1L
0x0FE2       [1]    FSR1H
0x0FE4       [1]    PREINC1
0x0FE6       [1]    POSTINC1
0x0FE7       [1]    INDF1
0x0FE8       [1]    WREG
0x0FE9       [1]    FSR0L
0x0FEA       [1]    FSR0H
0x0FEE       [1]    POSTINC0
0x0FF3       [1]    PRODL
0x0FF4       [1]    PRODH
0x0FF5       [1]    TABLAT
0x0FF6       [1]    TBLPTRL
0x0FF7       [1]    TBLPTRH
0x0FF8       [1]    TBLPTRU
