;  LST file generated by mikroListExporter - v.2.0 
; Date/Time: 01/11/2019 02:11:11 PM
;----------------------------------------------

;Address Opcode 	ASM
0x0000	0xF003EF6D  	GOTO        1754
_INTERRUPTION_ADC_HIGH:
;unit05_03_adcInterruption.c,145 :: 		void INTERRUPTION_ADC_HIGH() iv 0x0008 ics ICS_AUTO {
0x0008	0xF01CC000  	MOVFF       R0, 28
0x000C	0xF01BC001  	MOVFF       R1, 27
0x0010	0xF01AC002  	MOVFF       R2, 26
0x0014	0xF019C004  	MOVFF       R4, 25
0x0018	0xF018C005  	MOVFF       R5, 24
0x001C	0xF017C008  	MOVFF       R8, 23
0x0020	0xF016C009  	MOVFF       R9, 22
0x0024	0xF015C00C  	MOVFF       R12, 21
;unit05_03_adcInterruption.c,148 :: 		if (PIR1.ADIF == 1 && PIE1.ADIE == 1)
0x0028	0xF01FCFE1  	MOVFF       FSR1L, 31
0x002C	0xF020CFE2  	MOVFF       FSR1H, 32
0x0030	0xF01DCFE9  	MOVFF       FSR0L, 29
0x0034	0xF01ECFEA  	MOVFF       FSR0H, 30
0x0038	0xAC9E      	BTFSS       PIR1, 6 
0x003A	0xD060      	BRA         L_INTERRUPTION_ADC_HIGH2
0x003C	0xAC9D      	BTFSS       PIE1, 6 
0x003E	0xD05E      	BRA         L_INTERRUPTION_ADC_HIGH2
L__INTERRUPTION_ADC_HIGH12:
;unit05_03_adcInterruption.c,150 :: 		PIR1.ADIF = 0;                      // Clear flag
0x0040	0x9C9E      	BCF         PIR1, 6 
;unit05_03_adcInterruption.c,151 :: 		TWO.BYTE[0] = ADRESL;
0x0042	0xF054CFC3  	MOVFF       ADRESL, _TWO
;unit05_03_adcInterruption.c,152 :: 		TWO.BYTE[1] = ADRESH;               // Read .BYTE(chars) e store at int(INTEGER)
0x0046	0xF055CFC4  	MOVFF       ADRESH, _TWO+1
;unit05_03_adcInterruption.c,153 :: 		if(_i < N_SAMPLING){
0x004A	0x0E14      	MOVLW       20
0x004C	0x5C21      	SUBWF       INTERRUPTION_ADC_HIGH__i_L0, 0 
0x004E	0xE217      	BC          L_INTERRUPTION_ADC_HIGH3
;unit05_03_adcInterruption.c,154 :: 		BufferADC[_i] = TWO.INTEGER;       // leio o int do meu union
0x0050	0xF000C021  	MOVFF       INTERRUPTION_ADC_HIGH__i_L0, R0
0x0054	0x0E00      	MOVLW       0
0x0056	0x6E01      	MOVWF       R1 
0x0058	0x3600      	RLCF        R0, 1 
0x005A	0x9000      	BCF         R0, 0 
0x005C	0x3601      	RLCF        R1, 1 
0x005E	0x0E2C      	MOVLW       _BufferADC
0x0060	0x2400      	ADDWF       R0, 0 
0x0062	0x6EE1      	MOVWF       FSR1L 
0x0064	0x0E00      	MOVLW       hi_addr(_BufferADC)
0x0066	0x2001      	ADDWFC      R1, 0 
0x0068	0x6EE2      	MOVWF       FSR1L+1 
0x006A	0xFFE6C054  	MOVFF       _TWO, POSTINC1
0x006E	0xFFE6C055  	MOVFF       _TWO+1, POSTINC1
;unit05_03_adcInterruption.c,155 :: 		++_i;
0x0072	0x5021      	MOVF        INTERRUPTION_ADC_HIGH__i_L0, 0 
0x0074	0x0F01      	ADDLW       1
0x0076	0x6E00      	MOVWF       R0 
0x0078	0xF021C000  	MOVFF       R0, INTERRUPTION_ADC_HIGH__i_L0
;unit05_03_adcInterruption.c,158 :: 		}
0x007C	0xD03F      	BRA         L_INTERRUPTION_ADC_HIGH4
L_INTERRUPTION_ADC_HIGH3:
;unit05_03_adcInterruption.c,161 :: 		PIE1.ADIE = 0;                      // Turn off interruption to calculate number
0x007E	0x9C9D      	BCF         PIE1, 6 
;unit05_03_adcInterruption.c,163 :: 		averageResult = 0 ;                 // Init long variable, add int by int
0x0080	0x6A22      	CLRF        _averageResult 
0x0082	0x6A23      	CLRF        _averageResult+1 
0x0084	0x6A24      	CLRF        _averageResult+2 
0x0086	0x6A25      	CLRF        _averageResult+3 
;unit05_03_adcInterruption.c,164 :: 		for(_i = 0; _i < N_SAMPLING; ++ _i)
0x0088	0x6A21      	CLRF        INTERRUPTION_ADC_HIGH__i_L0 
L_INTERRUPTION_ADC_HIGH5:
0x008A	0x0E14      	MOVLW       20
0x008C	0x5C21      	SUBWF       INTERRUPTION_ADC_HIGH__i_L0, 0 
0x008E	0xE21E      	BC          L_INTERRUPTION_ADC_HIGH6
;unit05_03_adcInterruption.c,166 :: 		averageResult += BufferADC[_i];  //  max 20460 - int will serve but here's long;)
0x0090	0xF000C021  	MOVFF       INTERRUPTION_ADC_HIGH__i_L0, R0
0x0094	0x0E00      	MOVLW       0
0x0096	0x6E01      	MOVWF       R1 
0x0098	0x3600      	RLCF        R0, 1 
0x009A	0x9000      	BCF         R0, 0 
0x009C	0x3601      	RLCF        R1, 1 
0x009E	0x0E2C      	MOVLW       _BufferADC
0x00A0	0x2400      	ADDWF       R0, 0 
0x00A2	0x6ED9      	MOVWF       FSR2L 
0x00A4	0x0E00      	MOVLW       hi_addr(_BufferADC)
0x00A6	0x2001      	ADDWFC      R1, 0 
0x00A8	0x6EDA      	MOVWF       FSR2L+1 
0x00AA	0xF000CFDE  	MOVFF       POSTINC2, R0
0x00AE	0xF001CFDE  	MOVFF       POSTINC2, R1
0x00B2	0x5000      	MOVF        R0, 0 
0x00B4	0x2622      	ADDWF       _averageResult, 1 
0x00B6	0x5001      	MOVF        R1, 0 
0x00B8	0x2223      	ADDWFC      _averageResult+1, 1 
0x00BA	0x0E00      	MOVLW       0
0x00BC	0x2224      	ADDWFC      _averageResult+2, 1 
0x00BE	0x2225      	ADDWFC      _averageResult+3, 1 
;unit05_03_adcInterruption.c,164 :: 		for(_i = 0; _i < N_SAMPLING; ++ _i)
0x00C0	0x5021      	MOVF        INTERRUPTION_ADC_HIGH__i_L0, 0 
0x00C2	0x0F01      	ADDLW       1
0x00C4	0x6E00      	MOVWF       R0 
0x00C6	0xF021C000  	MOVFF       R0, INTERRUPTION_ADC_HIGH__i_L0
;unit05_03_adcInterruption.c,167 :: 		}
0x00CA	0xD7DF      	BRA         L_INTERRUPTION_ADC_HIGH5
L_INTERRUPTION_ADC_HIGH6:
;unit05_03_adcInterruption.c,168 :: 		averageResult /= N_SAMPLING;        // Aritmethic calc
0x00CC	0x0E14      	MOVLW       20
0x00CE	0x6E04      	MOVWF       R4 
0x00D0	0x0E00      	MOVLW       0
0x00D2	0x6E05      	MOVWF       R5 
0x00D4	0x6E06      	MOVWF       R6 
0x00D6	0x6E07      	MOVWF       R7 
0x00D8	0xF000C022  	MOVFF       _averageResult, R0
0x00DC	0xF001C023  	MOVFF       _averageResult+1, R1
0x00E0	0xF002C024  	MOVFF       _averageResult+2, R2
0x00E4	0xF003C025  	MOVFF       _averageResult+3, R3
0x00E8	0xD8DC      	RCALL       _Div_32x32_U
0x00EA	0xF022C000  	MOVFF       R0, _averageResult
0x00EE	0xF023C001  	MOVFF       R1, _averageResult+1
0x00F2	0xF024C002  	MOVFF       R2, _averageResult+2
0x00F6	0xF025C003  	MOVFF       R3, _averageResult+3
;unit05_03_adcInterruption.c,169 :: 		_i = 0;                             // Next sampling
0x00FA	0x6A21      	CLRF        INTERRUPTION_ADC_HIGH__i_L0 
;unit05_03_adcInterruption.c,170 :: 		}
L_INTERRUPTION_ADC_HIGH4:
;unit05_03_adcInterruption.c,171 :: 		}
L_INTERRUPTION_ADC_HIGH2:
;unit05_03_adcInterruption.c,172 :: 		}
L_end_INTERRUPTION_ADC_HIGH:
L__INTERRUPTION_ADC_HIGH14:
0x00FC	0xF000C01C  	MOVFF       28, R0
0x0100	0xF001C01B  	MOVFF       27, R1
0x0104	0xF002C01A  	MOVFF       26, R2
0x0108	0xF004C019  	MOVFF       25, R4
0x010C	0xF005C018  	MOVFF       24, R5
0x0110	0xF008C017  	MOVFF       23, R8
0x0114	0xF009C016  	MOVFF       22, R9
0x0118	0xF00CC015  	MOVFF       21, R12
0x011C	0xFFE9C01D  	MOVFF       29, FSR0L
0x0120	0xFFEAC01E  	MOVFF       30, FSR0H
0x0124	0xFFE1C01F  	MOVFF       31, FSR1L
0x0128	0xFFE2C020  	MOVFF       32, FSR1H
0x012C	0x0011      	RETFIE      1
; end of _INTERRUPTION_ADC_HIGH
_Delay_5500us:
;__Lib_Delays.c,31 :: 		void Delay_5500us() {
;__Lib_Delays.c,32 :: 		Delay_us(5500);
0x012E	0x0E0F      	MOVLW       15
0x0130	0x6E0C      	MOVWF       R12, 0
0x0132	0x0E47      	MOVLW       71
0x0134	0x6E0D      	MOVWF       R13, 0
L_Delay_5500us5:
0x0136	0x2E0D      	DECFSZ      R13, 1, 0
0x0138	0xD7FE      	BRA         L_Delay_5500us5
0x013A	0x2E0C      	DECFSZ      R12, 1, 0
0x013C	0xD7FC      	BRA         L_Delay_5500us5
0x013E	0x0000      	NOP
0x0140	0x0000      	NOP
;__Lib_Delays.c,33 :: 		}
L_end_Delay_5500us:
0x0142	0x0012      	RETURN      0
; end of _Delay_5500us
_Delay_50us:
;__Lib_Delays.c,19 :: 		void Delay_50us() {
;__Lib_Delays.c,20 :: 		Delay_us(50);
0x0144	0x0E21      	MOVLW       33
0x0146	0x6E0D      	MOVWF       R13, 0
L_Delay_50us2:
0x0148	0x2E0D      	DECFSZ      R13, 1, 0
0x014A	0xD7FE      	BRA         L_Delay_50us2
;__Lib_Delays.c,21 :: 		}
L_end_Delay_50us:
0x014C	0x0012      	RETURN      0
; end of _Delay_50us
_Delay_1us:
;__Lib_Delays.c,7 :: 		void Delay_1us() {
;__Lib_Delays.c,8 :: 		Delay_us(1);
0x014E	0x0000      	NOP
0x0150	0x0000      	NOP
;__Lib_Delays.c,9 :: 		}
L_end_Delay_1us:
0x0152	0x0012      	RETURN      0
; end of _Delay_1us
_Lcd_Cmd:
;__Lib_Lcd.c,18 :: 		
;__Lib_Lcd.c,20 :: 		
0x0154	0xBE69      	BTFSC       FARG_Lcd_Cmd_out_char, 7 
0x0156	0xD002      	BRA         L__Lcd_Cmd21
0x0158	0x9E8C      	BCF         LCD_D7, BitPos(LCD_D7+0) 
0x015A	0xD001      	BRA         L__Lcd_Cmd22
L__Lcd_Cmd21:
0x015C	0x8E8C      	BSF         LCD_D7, BitPos(LCD_D7+0) 
L__Lcd_Cmd22:
;__Lib_Lcd.c,21 :: 		
0x015E	0xBC69      	BTFSC       FARG_Lcd_Cmd_out_char, 6 
0x0160	0xD002      	BRA         L__Lcd_Cmd23
0x0162	0x9C8C      	BCF         LCD_D6, BitPos(LCD_D6+0) 
0x0164	0xD001      	BRA         L__Lcd_Cmd24
L__Lcd_Cmd23:
0x0166	0x8C8C      	BSF         LCD_D6, BitPos(LCD_D6+0) 
L__Lcd_Cmd24:
;__Lib_Lcd.c,22 :: 		
0x0168	0xBA69      	BTFSC       FARG_Lcd_Cmd_out_char, 5 
0x016A	0xD002      	BRA         L__Lcd_Cmd25
0x016C	0x9A8C      	BCF         LCD_D5, BitPos(LCD_D5+0) 
0x016E	0xD001      	BRA         L__Lcd_Cmd26
L__Lcd_Cmd25:
0x0170	0x8A8C      	BSF         LCD_D5, BitPos(LCD_D5+0) 
L__Lcd_Cmd26:
;__Lib_Lcd.c,23 :: 		
0x0172	0xB869      	BTFSC       FARG_Lcd_Cmd_out_char, 4 
0x0174	0xD002      	BRA         L__Lcd_Cmd27
0x0176	0x988C      	BCF         LCD_D4, BitPos(LCD_D4+0) 
0x0178	0xD001      	BRA         L__Lcd_Cmd28
L__Lcd_Cmd27:
0x017A	0x888C      	BSF         LCD_D4, BitPos(LCD_D4+0) 
L__Lcd_Cmd28:
;__Lib_Lcd.c,25 :: 		
0x017C	0xB056      	BTFSC       __Lib_Lcd_cmd_status, BitPos(__Lib_Lcd_cmd_status+0) 
0x017E	0xD002      	BRA         L__Lcd_Cmd29
0x0180	0x848D      	BSF         LCD_RS, BitPos(LCD_RS+0) 
0x0182	0xD001      	BRA         L__Lcd_Cmd30
L__Lcd_Cmd29:
0x0184	0x948D      	BCF         LCD_RS, BitPos(LCD_RS+0) 
L__Lcd_Cmd30:
;__Lib_Lcd.c,28 :: 		
0x0186	0x828D      	BSF         LCD_EN, BitPos(LCD_EN+0) 
;__Lib_Lcd.c,29 :: 		
0x0188	0xDFE2      	RCALL       _Delay_1us
;__Lib_Lcd.c,30 :: 		
0x018A	0x928D      	BCF         LCD_EN, BitPos(LCD_EN+0) 
;__Lib_Lcd.c,33 :: 		
0x018C	0xB669      	BTFSC       FARG_Lcd_Cmd_out_char, 3 
0x018E	0xD002      	BRA         L__Lcd_Cmd31
0x0190	0x9E8C      	BCF         LCD_D7, BitPos(LCD_D7+0) 
0x0192	0xD001      	BRA         L__Lcd_Cmd32
L__Lcd_Cmd31:
0x0194	0x8E8C      	BSF         LCD_D7, BitPos(LCD_D7+0) 
L__Lcd_Cmd32:
;__Lib_Lcd.c,34 :: 		
0x0196	0xB469      	BTFSC       FARG_Lcd_Cmd_out_char, 2 
0x0198	0xD002      	BRA         L__Lcd_Cmd33
0x019A	0x9C8C      	BCF         LCD_D6, BitPos(LCD_D6+0) 
0x019C	0xD001      	BRA         L__Lcd_Cmd34
L__Lcd_Cmd33:
0x019E	0x8C8C      	BSF         LCD_D6, BitPos(LCD_D6+0) 
L__Lcd_Cmd34:
;__Lib_Lcd.c,35 :: 		
0x01A0	0xB269      	BTFSC       FARG_Lcd_Cmd_out_char, 1 
0x01A2	0xD002      	BRA         L__Lcd_Cmd35
0x01A4	0x9A8C      	BCF         LCD_D5, BitPos(LCD_D5+0) 
0x01A6	0xD001      	BRA         L__Lcd_Cmd36
L__Lcd_Cmd35:
0x01A8	0x8A8C      	BSF         LCD_D5, BitPos(LCD_D5+0) 
L__Lcd_Cmd36:
;__Lib_Lcd.c,36 :: 		
0x01AA	0xB069      	BTFSC       FARG_Lcd_Cmd_out_char, 0 
0x01AC	0xD002      	BRA         L__Lcd_Cmd37
0x01AE	0x988C      	BCF         LCD_D4, BitPos(LCD_D4+0) 
0x01B0	0xD001      	BRA         L__Lcd_Cmd38
L__Lcd_Cmd37:
0x01B2	0x888C      	BSF         LCD_D4, BitPos(LCD_D4+0) 
L__Lcd_Cmd38:
;__Lib_Lcd.c,38 :: 		
0x01B4	0xB056      	BTFSC       __Lib_Lcd_cmd_status, BitPos(__Lib_Lcd_cmd_status+0) 
0x01B6	0xD002      	BRA         L__Lcd_Cmd39
0x01B8	0x848D      	BSF         LCD_RS, BitPos(LCD_RS+0) 
0x01BA	0xD001      	BRA         L__Lcd_Cmd40
L__Lcd_Cmd39:
0x01BC	0x948D      	BCF         LCD_RS, BitPos(LCD_RS+0) 
L__Lcd_Cmd40:
;__Lib_Lcd.c,40 :: 		
0x01BE	0x828D      	BSF         LCD_EN, BitPos(LCD_EN+0) 
;__Lib_Lcd.c,41 :: 		
0x01C0	0xDFC6      	RCALL       _Delay_1us
;__Lib_Lcd.c,42 :: 		
0x01C2	0x928D      	BCF         LCD_EN, BitPos(LCD_EN+0) 
;__Lib_Lcd.c,44 :: 		
0x01C4	0xA056      	BTFSS       __Lib_Lcd_cmd_status, BitPos(__Lib_Lcd_cmd_status+0) 
0x01C6	0xD002      	BRA         L_Lcd_Cmd0
;__Lib_Lcd.c,45 :: 		
0x01C8	0xDFB2      	RCALL       _Delay_5500us
0x01CA	0xD001      	BRA         L_Lcd_Cmd1
L_Lcd_Cmd0:
;__Lib_Lcd.c,47 :: 		
0x01CC	0xDFBB      	RCALL       _Delay_50us
L_Lcd_Cmd1:
;__Lib_Lcd.c,48 :: 		
L_end_Lcd_Cmd:
0x01CE	0x0012      	RETURN      0
; end of _Lcd_Cmd
_Lcd_Chr_CP:
;__Lib_Lcd.c,50 :: 		
;__Lib_Lcd.c,52 :: 		
0x01D0	0x9056      	BCF         __Lib_Lcd_cmd_status, BitPos(__Lib_Lcd_cmd_status+0) 
;__Lib_Lcd.c,53 :: 		
0x01D2	0xF069C068  	MOVFF       FARG_Lcd_Chr_CP_out_char, FARG_Lcd_Cmd_out_char
0x01D6	0xDFBE      	RCALL       _Lcd_Cmd
;__Lib_Lcd.c,54 :: 		
0x01D8	0x8056      	BSF         __Lib_Lcd_cmd_status, BitPos(__Lib_Lcd_cmd_status+0) 
;__Lib_Lcd.c,55 :: 		
L_end_Lcd_Chr_CP:
0x01DA	0x0012      	RETURN      0
; end of _Lcd_Chr_CP
_Div_16X16_U:
;__Lib_Math.c,102 :: 		
;__Lib_Math.c,109 :: 		
0x01DC	0x6A08      	CLRF        R8, 0
;__Lib_Math.c,110 :: 		
0x01DE	0x6A09      	CLRF        R9, 0
;__Lib_Math.c,111 :: 		
0x01E0	0x0E10      	MOVLW       16
;__Lib_Math.c,112 :: 		
0x01E2	0x6E0C      	MOVWF       R12, 0
;__Lib_Math.c,113 :: 		
0x01E4	0x3401      	RLCF        R1, 0, 0
;__Lib_Math.c,114 :: 		
0x01E6	0x3608      	RLCF        R8, 1, 0
;__Lib_Math.c,115 :: 		
0x01E8	0x3609      	RLCF        R9, 1, 0
;__Lib_Math.c,116 :: 		
0x01EA	0x5004      	MOVF        R4, 0, 0
;__Lib_Math.c,117 :: 		
0x01EC	0x5E08      	SUBWF       R8, 1, 0
;__Lib_Math.c,118 :: 		
0x01EE	0x5005      	MOVF        R5, 0, 0
;__Lib_Math.c,119 :: 		
0x01F0	0xA0D8      	BTFSS       STATUS, 0, 0
;__Lib_Math.c,120 :: 		
0x01F2	0x3C05      	INCFSZ      R5, 0, 0
;__Lib_Math.c,121 :: 		
0x01F4	0x5E09      	SUBWF       R9, 1, 0
;__Lib_Math.c,122 :: 		
0x01F6	0xB0D8      	BTFSC       STATUS, 0, 0
;__Lib_Math.c,123 :: 		
0x01F8	0xD007      	BRA         $+16
;__Lib_Math.c,124 :: 		
0x01FA	0x5004      	MOVF        R4, 0, 0
;__Lib_Math.c,125 :: 		
0x01FC	0x2608      	ADDWF       R8, 1, 0
;__Lib_Math.c,126 :: 		
0x01FE	0x5005      	MOVF        R5, 0, 0
;__Lib_Math.c,127 :: 		
0x0200	0xB0D8      	BTFSC       STATUS, 0, 0
;__Lib_Math.c,128 :: 		
0x0202	0x3C05      	INCFSZ      R5, 0, 0
;__Lib_Math.c,129 :: 		
0x0204	0x2609      	ADDWF       R9, 1, 0
;__Lib_Math.c,130 :: 		
0x0206	0x90D8      	BCF         STATUS, 0, 0
;__Lib_Math.c,131 :: 		
0x0208	0x3600      	RLCF        R0, 1, 0
;__Lib_Math.c,132 :: 		
0x020A	0x3601      	RLCF        R1, 1, 0
;__Lib_Math.c,133 :: 		
0x020C	0x2E0C      	DECFSZ      R12, 1, 0
;__Lib_Math.c,134 :: 		
0x020E	0xD7EA      	BRA         $-42
;__Lib_Math.c,136 :: 		
L_end_Div_16X16_U:
0x0210	0x0012      	RETURN      0
; end of _Div_16X16_U
_WordToStr:
;__Lib_Conversions.c,98 :: 		
;__Lib_Conversions.c,103 :: 		
0x0212	0x6A65      	CLRF        WordToStr_len_L0 
L_WordToStr11:
0x0214	0x0E05      	MOVLW       5
0x0216	0x5C65      	SUBWF       WordToStr_len_L0, 0 
0x0218	0xE20A      	BC          L_WordToStr12
;__Lib_Conversions.c,104 :: 		
0x021A	0x5065      	MOVF        WordToStr_len_L0, 0 
0x021C	0x2463      	ADDWF       FARG_WordToStr_output, 0 
0x021E	0x6EE1      	MOVWF       FSR1L 
0x0220	0x0E00      	MOVLW       0
0x0222	0x2064      	ADDWFC      FARG_WordToStr_output+1, 0 
0x0224	0x6EE2      	MOVWF       FSR1L+1 
0x0226	0x0E20      	MOVLW       32
0x0228	0x6EE6      	MOVWF       POSTINC1 
;__Lib_Conversions.c,103 :: 		
0x022A	0x2A65      	INCF        WordToStr_len_L0, 1 
;__Lib_Conversions.c,104 :: 		
0x022C	0xD7F3      	BRA         L_WordToStr11
L_WordToStr12:
;__Lib_Conversions.c,105 :: 		
0x022E	0x5065      	MOVF        WordToStr_len_L0, 0 
0x0230	0x2463      	ADDWF       FARG_WordToStr_output, 0 
0x0232	0x6EE1      	MOVWF       FSR1L 
0x0234	0x0E00      	MOVLW       0
0x0236	0x2064      	ADDWFC      FARG_WordToStr_output+1, 0 
0x0238	0x6EE2      	MOVWF       FSR1L+1 
0x023A	0x6AE6      	CLRF        POSTINC1 
0x023C	0x0665      	DECF        WordToStr_len_L0, 1 
;__Lib_Conversions.c,107 :: 		
L_WordToStr14:
;__Lib_Conversions.c,108 :: 		
0x023E	0x5065      	MOVF        WordToStr_len_L0, 0 
0x0240	0x2463      	ADDWF       FARG_WordToStr_output, 0 
0x0242	0x6E66      	MOVWF       FLOC__WordToStr 
0x0244	0x0E00      	MOVLW       0
0x0246	0x2064      	ADDWFC      FARG_WordToStr_output+1, 0 
0x0248	0x6E67      	MOVWF       FLOC__WordToStr+1 
0x024A	0x0E0A      	MOVLW       10
0x024C	0x6E04      	MOVWF       R4 
0x024E	0x0E00      	MOVLW       0
0x0250	0x6E05      	MOVWF       R5 
0x0252	0xF000C061  	MOVFF       FARG_WordToStr_input, R0
0x0256	0xF001C062  	MOVFF       FARG_WordToStr_input+1, R1
0x025A	0xDFC0      	RCALL       _Div_16X16_U
0x025C	0xF000C008  	MOVFF       R8, R0
0x0260	0xF001C009  	MOVFF       R9, R1
0x0264	0x0E30      	MOVLW       48
0x0266	0x2600      	ADDWF       R0, 1 
0x0268	0xFFE1C066  	MOVFF       FLOC__WordToStr, FSR1L
0x026C	0xFFE2C067  	MOVFF       FLOC__WordToStr+1, FSR1H
0x0270	0xFFE6C000  	MOVFF       R0, POSTINC1
;__Lib_Conversions.c,109 :: 		
0x0274	0x0E0A      	MOVLW       10
0x0276	0x6E04      	MOVWF       R4 
0x0278	0x0E00      	MOVLW       0
0x027A	0x6E05      	MOVWF       R5 
0x027C	0xF000C061  	MOVFF       FARG_WordToStr_input, R0
0x0280	0xF001C062  	MOVFF       FARG_WordToStr_input+1, R1
0x0284	0xDFAB      	RCALL       _Div_16X16_U
0x0286	0xF061C000  	MOVFF       R0, FARG_WordToStr_input
0x028A	0xF062C001  	MOVFF       R1, FARG_WordToStr_input+1
;__Lib_Conversions.c,110 :: 		
0x028E	0x0E00      	MOVLW       0
0x0290	0x1801      	XORWF       R1, 0 
0x0292	0xE102      	BNZ         L__WordToStr159
0x0294	0x0E00      	MOVLW       0
0x0296	0x1800      	XORWF       R0, 0 
L__WordToStr159:
0x0298	0xE101      	BNZ         L_WordToStr16
;__Lib_Conversions.c,111 :: 		
0x029A	0xD002      	BRA         L_WordToStr15
L_WordToStr16:
;__Lib_Conversions.c,112 :: 		
0x029C	0x0665      	DECF        WordToStr_len_L0, 1 
;__Lib_Conversions.c,113 :: 		
0x029E	0xD7CF      	BRA         L_WordToStr14
L_WordToStr15:
;__Lib_Conversions.c,114 :: 		
L_end_WordToStr:
0x02A0	0x0012      	RETURN      0
; end of _WordToStr
_Div_32x32_U:
;__Lib_Math.c,1162 :: 		
;__Lib_Math.c,1173 :: 		
0x02A2	0x6A0B      	CLRF        R11, 0
;__Lib_Math.c,1174 :: 		
0x02A4	0x6A0A      	CLRF        R10, 0
;__Lib_Math.c,1175 :: 		
0x02A6	0x6A09      	CLRF        R9, 0
;__Lib_Math.c,1176 :: 		
0x02A8	0x6A08      	CLRF        R8, 0
;__Lib_Math.c,1178 :: 		
0x02AA	0x6A0E      	CLRF        R14, 0
;__Lib_Math.c,1180 :: 		
0x02AC	0x3403      	RLCF        R3, 0, 0
;__Lib_Math.c,1181 :: 		
0x02AE	0x3608      	RLCF        R8, 1, 0
;__Lib_Math.c,1182 :: 		
0x02B0	0x5004      	MOVF        R4, 0, 0
;__Lib_Math.c,1183 :: 		
0x02B2	0x5E08      	SUBWF       R8, 1, 0
;__Lib_Math.c,1184 :: 		
0x02B4	0x5005      	MOVF        R5, 0, 0
;__Lib_Math.c,1185 :: 		
0x02B6	0xA0D8      	BTFSS       STATUS, 0, 0
;__Lib_Math.c,1186 :: 		
0x02B8	0x3C05      	INCFSZ      R5, 0, 0
;__Lib_Math.c,1187 :: 		
0x02BA	0x5E09      	SUBWF       R9, 1, 0
;__Lib_Math.c,1188 :: 		
0x02BC	0x5006      	MOVF        R6, 0, 0
;__Lib_Math.c,1189 :: 		
0x02BE	0xA0D8      	BTFSS       STATUS, 0, 0
;__Lib_Math.c,1190 :: 		
0x02C0	0x3C06      	INCFSZ      R6, 0, 0
;__Lib_Math.c,1191 :: 		
0x02C2	0x5E0A      	SUBWF       R10, 1, 0
;__Lib_Math.c,1192 :: 		
0x02C4	0x5007      	MOVF        R7, 0, 0
;__Lib_Math.c,1193 :: 		
0x02C6	0xA0D8      	BTFSS       STATUS, 0, 0
;__Lib_Math.c,1194 :: 		
0x02C8	0x3C07      	INCFSZ      R7, 0, 0
;__Lib_Math.c,1195 :: 		
0x02CA	0x5E0B      	SUBWF       R11, 1, 0
;__Lib_Math.c,1197 :: 		
0x02CC	0x6AE8      	CLRF        WREG, 0
;__Lib_Math.c,1198 :: 		
0x02CE	0xA0D8      	BTFSS       STATUS, 0, 0
;__Lib_Math.c,1199 :: 		
0x02D0	0x0E01      	MOVLW       1
;__Lib_Math.c,1200 :: 		
0x02D2	0x5E0E      	SUBWF       R14, 1, 0
;__Lib_Math.c,1201 :: 		
0x02D4	0x3603      	RLCF        R3, 1, 0
;__Lib_Math.c,1203 :: 		
0x02D6	0x0E07      	MOVLW       7
;__Lib_Math.c,1204 :: 		
0x02D8	0x6E0C      	MOVWF       R12, 0
;__Lib_Math.c,1206 :: 		
LOOPU3232A:
;__Lib_Math.c,1207 :: 		
0x02DA	0x3403      	RLCF        R3, 0, 0
;__Lib_Math.c,1208 :: 		
0x02DC	0x3608      	RLCF        R8, 1, 0
;__Lib_Math.c,1209 :: 		
0x02DE	0x3609      	RLCF        R9, 1, 0
;__Lib_Math.c,1210 :: 		
0x02E0	0x360A      	RLCF        R10, 1, 0
;__Lib_Math.c,1211 :: 		
0x02E2	0x360B      	RLCF        R11, 1, 0
;__Lib_Math.c,1212 :: 		
0x02E4	0x360E      	RLCF        R14, 1, 0
;__Lib_Math.c,1213 :: 		
0x02E6	0x5004      	MOVF        R4, 0, 0
;__Lib_Math.c,1214 :: 		
0x02E8	0xA003      	BTFSS       R3, 0, 0
;__Lib_Math.c,1215 :: 		
0x02EA	0xD012      	BRA         UADD22LA
;__Lib_Math.c,1217 :: 		
0x02EC	0x5E08      	SUBWF       R8, 1, 0
;__Lib_Math.c,1218 :: 		
0x02EE	0x5005      	MOVF        R5, 0, 0
;__Lib_Math.c,1219 :: 		
0x02F0	0xA0D8      	BTFSS       STATUS, 0, 0
;__Lib_Math.c,1220 :: 		
0x02F2	0x3C05      	INCFSZ      R5, 0, 0
;__Lib_Math.c,1221 :: 		
0x02F4	0x5E09      	SUBWF       R9, 1, 0
;__Lib_Math.c,1222 :: 		
0x02F6	0x5006      	MOVF        R6, 0, 0
;__Lib_Math.c,1223 :: 		
0x02F8	0xA0D8      	BTFSS       STATUS, 0, 0
;__Lib_Math.c,1224 :: 		
0x02FA	0x3C06      	INCFSZ      R6, 0, 0
;__Lib_Math.c,1225 :: 		
0x02FC	0x5E0A      	SUBWF       R10, 1, 0
;__Lib_Math.c,1226 :: 		
0x02FE	0x5007      	MOVF        R7, 0, 0
;__Lib_Math.c,1227 :: 		
0x0300	0xA0D8      	BTFSS       STATUS, 0, 0
;__Lib_Math.c,1228 :: 		
0x0302	0x3C07      	INCFSZ      R7, 0, 0
;__Lib_Math.c,1229 :: 		
0x0304	0x5E0B      	SUBWF       R11, 1, 0
;__Lib_Math.c,1230 :: 		
0x0306	0x6AE8      	CLRF        WREG, 0
;__Lib_Math.c,1231 :: 		
0x0308	0xA0D8      	BTFSS       STATUS, 0, 0
;__Lib_Math.c,1232 :: 		
0x030A	0x0E01      	MOVLW       1
;__Lib_Math.c,1233 :: 		
0x030C	0x5E0E      	SUBWF       R14, 1, 0
;__Lib_Math.c,1234 :: 		
0x030E	0xD011      	BRA         UOK22LA
;__Lib_Math.c,1236 :: 		
UADD22LA:
;__Lib_Math.c,1237 :: 		
0x0310	0x2608      	ADDWF       R8, 1, 0
;__Lib_Math.c,1238 :: 		
0x0312	0x5005      	MOVF        R5, 0, 0
;__Lib_Math.c,1239 :: 		
0x0314	0xB0D8      	BTFSC       STATUS, 0, 0
;__Lib_Math.c,1240 :: 		
0x0316	0x3C05      	INCFSZ      R5, 0, 0
;__Lib_Math.c,1241 :: 		
0x0318	0x2609      	ADDWF       R9, 1, 0
;__Lib_Math.c,1242 :: 		
0x031A	0x5006      	MOVF        R6, 0, 0
;__Lib_Math.c,1243 :: 		
0x031C	0xB0D8      	BTFSC       STATUS, 0, 0
;__Lib_Math.c,1244 :: 		
0x031E	0x3C06      	INCFSZ      R6, 0, 0
;__Lib_Math.c,1245 :: 		
0x0320	0x260A      	ADDWF       R10, 1, 0
;__Lib_Math.c,1246 :: 		
0x0322	0x5007      	MOVF        R7, 0, 0
;__Lib_Math.c,1247 :: 		
0x0324	0xB0D8      	BTFSC       STATUS, 0, 0
;__Lib_Math.c,1248 :: 		
0x0326	0x3C07      	INCFSZ      R7, 0, 0
;__Lib_Math.c,1249 :: 		
0x0328	0x260B      	ADDWF       R11, 1, 0
;__Lib_Math.c,1250 :: 		
0x032A	0x6AE8      	CLRF        WREG, 0
;__Lib_Math.c,1251 :: 		
0x032C	0xB0D8      	BTFSC       STATUS, 0, 0
;__Lib_Math.c,1252 :: 		
0x032E	0x0E01      	MOVLW       1
;__Lib_Math.c,1253 :: 		
0x0330	0x260E      	ADDWF       R14, 1, 0
;__Lib_Math.c,1255 :: 		
UOK22LA:
;__Lib_Math.c,1256 :: 		
0x0332	0x3603      	RLCF        R3, 1, 0
;__Lib_Math.c,1258 :: 		
0x0334	0x2E0C      	DECFSZ      R12, 1, 0
;__Lib_Math.c,1259 :: 		
0x0336	0xD7D1      	BRA         LOOPU3232A
;__Lib_Math.c,1261 :: 		
0x0338	0x3402      	RLCF        R2, 0, 0
;__Lib_Math.c,1262 :: 		
0x033A	0x3608      	RLCF        R8, 1, 0
;__Lib_Math.c,1263 :: 		
0x033C	0x3609      	RLCF        R9, 1, 0
;__Lib_Math.c,1264 :: 		
0x033E	0x360A      	RLCF        R10, 1, 0
;__Lib_Math.c,1265 :: 		
0x0340	0x360B      	RLCF        R11, 1, 0
;__Lib_Math.c,1266 :: 		
0x0342	0x360E      	RLCF        R14, 1, 0
;__Lib_Math.c,1267 :: 		
0x0344	0x5004      	MOVF        R4, 0, 0
;__Lib_Math.c,1268 :: 		
0x0346	0xA003      	BTFSS       R3, 0, 0
;__Lib_Math.c,1269 :: 		
0x0348	0xD012      	BRA         UADD22L8
;__Lib_Math.c,1271 :: 		
0x034A	0x5E08      	SUBWF       R8, 1, 0
;__Lib_Math.c,1272 :: 		
0x034C	0x5005      	MOVF        R5, 0, 0
;__Lib_Math.c,1273 :: 		
0x034E	0xA0D8      	BTFSS       STATUS, 0, 0
;__Lib_Math.c,1274 :: 		
0x0350	0x3C05      	INCFSZ      R5, 0, 0
;__Lib_Math.c,1275 :: 		
0x0352	0x5E09      	SUBWF       R9, 1, 0
;__Lib_Math.c,1276 :: 		
0x0354	0x5006      	MOVF        R6, 0, 0
;__Lib_Math.c,1277 :: 		
0x0356	0xA0D8      	BTFSS       STATUS, 0, 0
;__Lib_Math.c,1278 :: 		
0x0358	0x3C06      	INCFSZ      R6, 0, 0
;__Lib_Math.c,1279 :: 		
0x035A	0x5E0A      	SUBWF       R10, 1, 0
;__Lib_Math.c,1280 :: 		
0x035C	0x5007      	MOVF        R7, 0, 0
;__Lib_Math.c,1281 :: 		
0x035E	0xA0D8      	BTFSS       STATUS, 0, 0
;__Lib_Math.c,1282 :: 		
0x0360	0x3C07      	INCFSZ      R7, 0, 0
;__Lib_Math.c,1283 :: 		
0x0362	0x5E0B      	SUBWF       R11, 1, 0
;__Lib_Math.c,1284 :: 		
0x0364	0x6AE8      	CLRF        WREG, 0
;__Lib_Math.c,1285 :: 		
0x0366	0xA0D8      	BTFSS       STATUS, 0, 0
;__Lib_Math.c,1286 :: 		
0x0368	0x0E01      	MOVLW       1
;__Lib_Math.c,1287 :: 		
0x036A	0x5E0E      	SUBWF       R14, 1, 0
;__Lib_Math.c,1288 :: 		
0x036C	0xD011      	BRA         UOK22L8
;__Lib_Math.c,1290 :: 		
UADD22L8:
;__Lib_Math.c,1291 :: 		
0x036E	0x2608      	ADDWF       R8, 1, 0
;__Lib_Math.c,1292 :: 		
0x0370	0x5005      	MOVF        R5, 0, 0
;__Lib_Math.c,1293 :: 		
0x0372	0xB0D8      	BTFSC       STATUS, 0, 0
;__Lib_Math.c,1294 :: 		
0x0374	0x3C05      	INCFSZ      R5, 0, 0
;__Lib_Math.c,1295 :: 		
0x0376	0x2609      	ADDWF       R9, 1, 0
;__Lib_Math.c,1296 :: 		
0x0378	0x5006      	MOVF        R6, 0, 0
;__Lib_Math.c,1297 :: 		
0x037A	0xB0D8      	BTFSC       STATUS, 0, 0
;__Lib_Math.c,1298 :: 		
0x037C	0x3C06      	INCFSZ      R6, 0, 0
;__Lib_Math.c,1299 :: 		
0x037E	0x260A      	ADDWF       R10, 1, 0
;__Lib_Math.c,1300 :: 		
0x0380	0x5007      	MOVF        R7, 0, 0
;__Lib_Math.c,1301 :: 		
0x0382	0xB0D8      	BTFSC       STATUS, 0, 0
;__Lib_Math.c,1302 :: 		
0x0384	0x3C07      	INCFSZ      R7, 0, 0
;__Lib_Math.c,1303 :: 		
0x0386	0x260B      	ADDWF       R11, 1, 0
;__Lib_Math.c,1304 :: 		
0x0388	0x6AE8      	CLRF        WREG, 0
;__Lib_Math.c,1305 :: 		
0x038A	0xB0D8      	BTFSC       STATUS, 0, 0
;__Lib_Math.c,1306 :: 		
0x038C	0x0E01      	MOVLW       1
;__Lib_Math.c,1307 :: 		
0x038E	0x260E      	ADDWF       R14, 1, 0
;__Lib_Math.c,1309 :: 		
UOK22L8:
;__Lib_Math.c,1310 :: 		
0x0390	0x3602      	RLCF        R2, 1, 0
;__Lib_Math.c,1312 :: 		
0x0392	0x0E07      	MOVLW       7
;__Lib_Math.c,1313 :: 		
0x0394	0x6E0C      	MOVWF       R12, 0
;__Lib_Math.c,1315 :: 		
LOOPU3232B:
;__Lib_Math.c,1316 :: 		
0x0396	0x3402      	RLCF        R2, 0, 0
;__Lib_Math.c,1317 :: 		
0x0398	0x3608      	RLCF        R8, 1, 0
;__Lib_Math.c,1318 :: 		
0x039A	0x3609      	RLCF        R9, 1, 0
;__Lib_Math.c,1319 :: 		
0x039C	0x360A      	RLCF        R10, 1, 0
;__Lib_Math.c,1320 :: 		
0x039E	0x360B      	RLCF        R11, 1, 0
;__Lib_Math.c,1321 :: 		
0x03A0	0x360E      	RLCF        R14, 1, 0
;__Lib_Math.c,1322 :: 		
0x03A2	0x5004      	MOVF        R4, 0, 0
;__Lib_Math.c,1323 :: 		
0x03A4	0xA002      	BTFSS       R2, 0, 0
;__Lib_Math.c,1324 :: 		
0x03A6	0xD012      	BRA         UADD22LB
;__Lib_Math.c,1326 :: 		
0x03A8	0x5E08      	SUBWF       R8, 1, 0
;__Lib_Math.c,1327 :: 		
0x03AA	0x5005      	MOVF        R5, 0, 0
;__Lib_Math.c,1328 :: 		
0x03AC	0xA0D8      	BTFSS       STATUS, 0, 0
;__Lib_Math.c,1329 :: 		
0x03AE	0x3C05      	INCFSZ      R5, 0, 0
;__Lib_Math.c,1330 :: 		
0x03B0	0x5E09      	SUBWF       R9, 1, 0
;__Lib_Math.c,1331 :: 		
0x03B2	0x5006      	MOVF        R6, 0, 0
;__Lib_Math.c,1332 :: 		
0x03B4	0xA0D8      	BTFSS       STATUS, 0, 0
;__Lib_Math.c,1333 :: 		
0x03B6	0x3C06      	INCFSZ      R6, 0, 0
;__Lib_Math.c,1334 :: 		
0x03B8	0x5E0A      	SUBWF       R10, 1, 0
;__Lib_Math.c,1335 :: 		
0x03BA	0x5007      	MOVF        R7, 0, 0
;__Lib_Math.c,1336 :: 		
0x03BC	0xA0D8      	BTFSS       STATUS, 0, 0
;__Lib_Math.c,1337 :: 		
0x03BE	0x3C07      	INCFSZ      R7, 0, 0
;__Lib_Math.c,1338 :: 		
0x03C0	0x5E0B      	SUBWF       R11, 1, 0
;__Lib_Math.c,1339 :: 		
0x03C2	0x6AE8      	CLRF        WREG, 0
;__Lib_Math.c,1340 :: 		
0x03C4	0xA0D8      	BTFSS       STATUS, 0, 0
;__Lib_Math.c,1341 :: 		
0x03C6	0x0E01      	MOVLW       1
;__Lib_Math.c,1342 :: 		
0x03C8	0x5E0E      	SUBWF       R14, 1, 0
;__Lib_Math.c,1343 :: 		
0x03CA	0xD011      	BRA         UOK22LB
;__Lib_Math.c,1345 :: 		
UADD22LB:
;__Lib_Math.c,1346 :: 		
0x03CC	0x2608      	ADDWF       R8, 1, 0
;__Lib_Math.c,1347 :: 		
0x03CE	0x5005      	MOVF        R5, 0, 0
;__Lib_Math.c,1348 :: 		
0x03D0	0xB0D8      	BTFSC       STATUS, 0, 0
;__Lib_Math.c,1349 :: 		
0x03D2	0x3C05      	INCFSZ      R5, 0, 0
;__Lib_Math.c,1350 :: 		
0x03D4	0x2609      	ADDWF       R9, 1, 0
;__Lib_Math.c,1351 :: 		
0x03D6	0x5006      	MOVF        R6, 0, 0
;__Lib_Math.c,1352 :: 		
0x03D8	0xB0D8      	BTFSC       STATUS, 0, 0
;__Lib_Math.c,1353 :: 		
0x03DA	0x3C06      	INCFSZ      R6, 0, 0
;__Lib_Math.c,1354 :: 		
0x03DC	0x260A      	ADDWF       R10, 1, 0
;__Lib_Math.c,1355 :: 		
0x03DE	0x5007      	MOVF        R7, 0, 0
;__Lib_Math.c,1356 :: 		
0x03E0	0xB0D8      	BTFSC       STATUS, 0, 0
;__Lib_Math.c,1357 :: 		
0x03E2	0x3C07      	INCFSZ      R7, 0, 0
;__Lib_Math.c,1358 :: 		
0x03E4	0x260B      	ADDWF       R11, 1, 0
;__Lib_Math.c,1359 :: 		
0x03E6	0x6AE8      	CLRF        WREG, 0
;__Lib_Math.c,1360 :: 		
0x03E8	0xB0D8      	BTFSC       STATUS, 0, 0
;__Lib_Math.c,1361 :: 		
0x03EA	0x0E01      	MOVLW       1
;__Lib_Math.c,1362 :: 		
0x03EC	0x260E      	ADDWF       R14, 1, 0
;__Lib_Math.c,1364 :: 		
UOK22LB:
;__Lib_Math.c,1365 :: 		
0x03EE	0x3602      	RLCF        R2, 1, 0
;__Lib_Math.c,1367 :: 		
0x03F0	0x2E0C      	DECFSZ      R12, 1, 0
;__Lib_Math.c,1368 :: 		
0x03F2	0xD7D1      	BRA         LOOPU3232B
;__Lib_Math.c,1370 :: 		
0x03F4	0x3401      	RLCF        R1, 0, 0
;__Lib_Math.c,1371 :: 		
0x03F6	0x3608      	RLCF        R8, 1, 0
;__Lib_Math.c,1372 :: 		
0x03F8	0x3609      	RLCF        R9, 1, 0
;__Lib_Math.c,1373 :: 		
0x03FA	0x360A      	RLCF        R10, 1, 0
;__Lib_Math.c,1374 :: 		
0x03FC	0x360B      	RLCF        R11, 1, 0
;__Lib_Math.c,1375 :: 		
0x03FE	0x360E      	RLCF        R14, 1, 0
;__Lib_Math.c,1376 :: 		
0x0400	0x5004      	MOVF        R4, 0, 0
;__Lib_Math.c,1377 :: 		
0x0402	0xA002      	BTFSS       R2, 0, 0
;__Lib_Math.c,1378 :: 		
0x0404	0xD012      	BRA         UADD22L16
;__Lib_Math.c,1380 :: 		
0x0406	0x5E08      	SUBWF       R8, 1, 0
;__Lib_Math.c,1381 :: 		
0x0408	0x5005      	MOVF        R5, 0, 0
;__Lib_Math.c,1382 :: 		
0x040A	0xA0D8      	BTFSS       STATUS, 0, 0
;__Lib_Math.c,1383 :: 		
0x040C	0x3C05      	INCFSZ      R5, 0, 0
;__Lib_Math.c,1384 :: 		
0x040E	0x5E09      	SUBWF       R9, 1, 0
;__Lib_Math.c,1385 :: 		
0x0410	0x5006      	MOVF        R6, 0, 0
;__Lib_Math.c,1386 :: 		
0x0412	0xA0D8      	BTFSS       STATUS, 0, 0
;__Lib_Math.c,1387 :: 		
0x0414	0x3C06      	INCFSZ      R6, 0, 0
;__Lib_Math.c,1388 :: 		
0x0416	0x5E0A      	SUBWF       R10, 1, 0
;__Lib_Math.c,1389 :: 		
0x0418	0x5007      	MOVF        R7, 0, 0
;__Lib_Math.c,1390 :: 		
0x041A	0xA0D8      	BTFSS       STATUS, 0, 0
;__Lib_Math.c,1391 :: 		
0x041C	0x3C07      	INCFSZ      R7, 0, 0
;__Lib_Math.c,1392 :: 		
0x041E	0x5E0B      	SUBWF       R11, 1, 0
;__Lib_Math.c,1393 :: 		
0x0420	0x6AE8      	CLRF        WREG, 0
;__Lib_Math.c,1394 :: 		
0x0422	0xA0D8      	BTFSS       STATUS, 0, 0
;__Lib_Math.c,1395 :: 		
0x0424	0x0E01      	MOVLW       1
;__Lib_Math.c,1396 :: 		
0x0426	0x5E0E      	SUBWF       R14, 1, 0
;__Lib_Math.c,1397 :: 		
0x0428	0xD011      	BRA         UOK22L16
;__Lib_Math.c,1399 :: 		
UADD22L16:
;__Lib_Math.c,1400 :: 		
0x042A	0x2608      	ADDWF       R8, 1, 0
;__Lib_Math.c,1401 :: 		
0x042C	0x5005      	MOVF        R5, 0, 0
;__Lib_Math.c,1402 :: 		
0x042E	0xB0D8      	BTFSC       STATUS, 0, 0
;__Lib_Math.c,1403 :: 		
0x0430	0x3C05      	INCFSZ      R5, 0, 0
;__Lib_Math.c,1404 :: 		
0x0432	0x2609      	ADDWF       R9, 1, 0
;__Lib_Math.c,1405 :: 		
0x0434	0x5006      	MOVF        R6, 0, 0
;__Lib_Math.c,1406 :: 		
0x0436	0xB0D8      	BTFSC       STATUS, 0, 0
;__Lib_Math.c,1407 :: 		
0x0438	0x3C06      	INCFSZ      R6, 0, 0
;__Lib_Math.c,1408 :: 		
0x043A	0x260A      	ADDWF       R10, 1, 0
;__Lib_Math.c,1409 :: 		
0x043C	0x5007      	MOVF        R7, 0, 0
;__Lib_Math.c,1410 :: 		
0x043E	0xB0D8      	BTFSC       STATUS, 0, 0
;__Lib_Math.c,1411 :: 		
0x0440	0x3C07      	INCFSZ      R7, 0, 0
;__Lib_Math.c,1412 :: 		
0x0442	0x260B      	ADDWF       R11, 1, 0
;__Lib_Math.c,1413 :: 		
0x0444	0x6AE8      	CLRF        WREG, 0
;__Lib_Math.c,1414 :: 		
0x0446	0xB0D8      	BTFSC       STATUS, 0, 0
;__Lib_Math.c,1415 :: 		
0x0448	0x0E01      	MOVLW       1
;__Lib_Math.c,1416 :: 		
0x044A	0x260E      	ADDWF       R14, 1, 0
;__Lib_Math.c,1418 :: 		
UOK22L16:
;__Lib_Math.c,1419 :: 		
0x044C	0x3601      	RLCF        R1, 1, 0
;__Lib_Math.c,1421 :: 		
0x044E	0x0E07      	MOVLW       7
;__Lib_Math.c,1422 :: 		
0x0450	0x6E0C      	MOVWF       R12, 0
;__Lib_Math.c,1424 :: 		
LOOPU3232C:
;__Lib_Math.c,1425 :: 		
0x0452	0x3401      	RLCF        R1, 0, 0
;__Lib_Math.c,1426 :: 		
0x0454	0x3608      	RLCF        R8, 1, 0
;__Lib_Math.c,1427 :: 		
0x0456	0x3609      	RLCF        R9, 1, 0
;__Lib_Math.c,1428 :: 		
0x0458	0x360A      	RLCF        R10, 1, 0
;__Lib_Math.c,1429 :: 		
0x045A	0x360B      	RLCF        R11, 1, 0
;__Lib_Math.c,1430 :: 		
0x045C	0x360E      	RLCF        R14, 1, 0
;__Lib_Math.c,1431 :: 		
0x045E	0x5004      	MOVF        R4, 0, 0
;__Lib_Math.c,1432 :: 		
0x0460	0xA001      	BTFSS       R1, 0, 0
;__Lib_Math.c,1433 :: 		
0x0462	0xD012      	BRA         UADD22LC
;__Lib_Math.c,1435 :: 		
0x0464	0x5E08      	SUBWF       R8, 1, 0
;__Lib_Math.c,1436 :: 		
0x0466	0x5005      	MOVF        R5, 0, 0
;__Lib_Math.c,1437 :: 		
0x0468	0xA0D8      	BTFSS       STATUS, 0, 0
;__Lib_Math.c,1438 :: 		
0x046A	0x3C05      	INCFSZ      R5, 0, 0
;__Lib_Math.c,1439 :: 		
0x046C	0x5E09      	SUBWF       R9, 1, 0
;__Lib_Math.c,1440 :: 		
0x046E	0x5006      	MOVF        R6, 0, 0
;__Lib_Math.c,1441 :: 		
0x0470	0xA0D8      	BTFSS       STATUS, 0, 0
;__Lib_Math.c,1442 :: 		
0x0472	0x3C06      	INCFSZ      R6, 0, 0
;__Lib_Math.c,1443 :: 		
0x0474	0x5E0A      	SUBWF       R10, 1, 0
;__Lib_Math.c,1444 :: 		
0x0476	0x5007      	MOVF        R7, 0, 0
;__Lib_Math.c,1445 :: 		
0x0478	0xA0D8      	BTFSS       STATUS, 0, 0
;__Lib_Math.c,1446 :: 		
0x047A	0x3C07      	INCFSZ      R7, 0, 0
;__Lib_Math.c,1447 :: 		
0x047C	0x5E0B      	SUBWF       R11, 1, 0
;__Lib_Math.c,1448 :: 		
0x047E	0x6AE8      	CLRF        WREG, 0
;__Lib_Math.c,1449 :: 		
0x0480	0xA0D8      	BTFSS       STATUS, 0, 0
;__Lib_Math.c,1450 :: 		
0x0482	0x0E01      	MOVLW       1
;__Lib_Math.c,1451 :: 		
0x0484	0x5E0E      	SUBWF       R14, 1, 0
;__Lib_Math.c,1452 :: 		
0x0486	0xD011      	BRA         UOK22LC
;__Lib_Math.c,1454 :: 		
UADD22LC:
;__Lib_Math.c,1455 :: 		
0x0488	0x2608      	ADDWF       R8, 1, 0
;__Lib_Math.c,1456 :: 		
0x048A	0x5005      	MOVF        R5, 0, 0
;__Lib_Math.c,1457 :: 		
0x048C	0xB0D8      	BTFSC       STATUS, 0, 0
;__Lib_Math.c,1458 :: 		
0x048E	0x3C05      	INCFSZ      R5, 0, 0
;__Lib_Math.c,1459 :: 		
0x0490	0x2609      	ADDWF       R9, 1, 0
;__Lib_Math.c,1460 :: 		
0x0492	0x5006      	MOVF        R6, 0, 0
;__Lib_Math.c,1461 :: 		
0x0494	0xB0D8      	BTFSC       STATUS, 0, 0
;__Lib_Math.c,1462 :: 		
0x0496	0x3C06      	INCFSZ      R6, 0, 0
;__Lib_Math.c,1463 :: 		
0x0498	0x260A      	ADDWF       R10, 1, 0
;__Lib_Math.c,1464 :: 		
0x049A	0x5007      	MOVF        R7, 0, 0
;__Lib_Math.c,1465 :: 		
0x049C	0xB0D8      	BTFSC       STATUS, 0, 0
;__Lib_Math.c,1466 :: 		
0x049E	0x3C07      	INCFSZ      R7, 0, 0
;__Lib_Math.c,1467 :: 		
0x04A0	0x260B      	ADDWF       R11, 1, 0
;__Lib_Math.c,1468 :: 		
0x04A2	0x6AE8      	CLRF        WREG, 0
;__Lib_Math.c,1469 :: 		
0x04A4	0xB0D8      	BTFSC       STATUS, 0, 0
;__Lib_Math.c,1470 :: 		
0x04A6	0x0E01      	MOVLW       1
;__Lib_Math.c,1471 :: 		
0x04A8	0x260E      	ADDWF       R14, 1, 0
;__Lib_Math.c,1473 :: 		
UOK22LC:
;__Lib_Math.c,1474 :: 		
0x04AA	0x3601      	RLCF        R1, 1, 0
;__Lib_Math.c,1476 :: 		
0x04AC	0x2E0C      	DECFSZ      R12, 1, 0
;__Lib_Math.c,1477 :: 		
0x04AE	0xD7D1      	BRA         LOOPU3232C
;__Lib_Math.c,1479 :: 		
0x04B0	0x3400      	RLCF        R0, 0, 0
;__Lib_Math.c,1480 :: 		
0x04B2	0x3608      	RLCF        R8, 1, 0
;__Lib_Math.c,1481 :: 		
0x04B4	0x3609      	RLCF        R9, 1, 0
;__Lib_Math.c,1482 :: 		
0x04B6	0x360A      	RLCF        R10, 1, 0
;__Lib_Math.c,1483 :: 		
0x04B8	0x360B      	RLCF        R11, 1, 0
;__Lib_Math.c,1484 :: 		
0x04BA	0x360E      	RLCF        R14, 1, 0
;__Lib_Math.c,1485 :: 		
0x04BC	0x5004      	MOVF        R4, 0, 0
;__Lib_Math.c,1486 :: 		
0x04BE	0xA001      	BTFSS       R1, 0, 0
;__Lib_Math.c,1487 :: 		
0x04C0	0xD012      	BRA         UADD22L24
;__Lib_Math.c,1489 :: 		
0x04C2	0x5E08      	SUBWF       R8, 1, 0
;__Lib_Math.c,1490 :: 		
0x04C4	0x5005      	MOVF        R5, 0, 0
;__Lib_Math.c,1491 :: 		
0x04C6	0xA0D8      	BTFSS       STATUS, 0, 0
;__Lib_Math.c,1492 :: 		
0x04C8	0x3C05      	INCFSZ      R5, 0, 0
;__Lib_Math.c,1493 :: 		
0x04CA	0x5E09      	SUBWF       R9, 1, 0
;__Lib_Math.c,1494 :: 		
0x04CC	0x5006      	MOVF        R6, 0, 0
;__Lib_Math.c,1495 :: 		
0x04CE	0xA0D8      	BTFSS       STATUS, 0, 0
;__Lib_Math.c,1496 :: 		
0x04D0	0x3C06      	INCFSZ      R6, 0, 0
;__Lib_Math.c,1497 :: 		
0x04D2	0x5E0A      	SUBWF       R10, 1, 0
;__Lib_Math.c,1498 :: 		
0x04D4	0x5007      	MOVF        R7, 0, 0
;__Lib_Math.c,1499 :: 		
0x04D6	0xA0D8      	BTFSS       STATUS, 0, 0
;__Lib_Math.c,1500 :: 		
0x04D8	0x3C07      	INCFSZ      R7, 0, 0
;__Lib_Math.c,1501 :: 		
0x04DA	0x5E0B      	SUBWF       R11, 1, 0
;__Lib_Math.c,1502 :: 		
0x04DC	0x6AE8      	CLRF        WREG, 0
;__Lib_Math.c,1503 :: 		
0x04DE	0xA0D8      	BTFSS       STATUS, 0, 0
;__Lib_Math.c,1504 :: 		
0x04E0	0x0E01      	MOVLW       1
;__Lib_Math.c,1505 :: 		
0x04E2	0x5E0E      	SUBWF       R14, 1, 0
;__Lib_Math.c,1506 :: 		
0x04E4	0xD011      	BRA         UOK22L24
;__Lib_Math.c,1508 :: 		
UADD22L24:
;__Lib_Math.c,1509 :: 		
0x04E6	0x2608      	ADDWF       R8, 1, 0
;__Lib_Math.c,1510 :: 		
0x04E8	0x5005      	MOVF        R5, 0, 0
;__Lib_Math.c,1511 :: 		
0x04EA	0xB0D8      	BTFSC       STATUS, 0, 0
;__Lib_Math.c,1512 :: 		
0x04EC	0x3C05      	INCFSZ      R5, 0, 0
;__Lib_Math.c,1513 :: 		
0x04EE	0x2609      	ADDWF       R9, 1, 0
;__Lib_Math.c,1514 :: 		
0x04F0	0x5006      	MOVF        R6, 0, 0
;__Lib_Math.c,1515 :: 		
0x04F2	0xB0D8      	BTFSC       STATUS, 0, 0
;__Lib_Math.c,1516 :: 		
0x04F4	0x3C06      	INCFSZ      R6, 0, 0
;__Lib_Math.c,1517 :: 		
0x04F6	0x260A      	ADDWF       R10, 1, 0
;__Lib_Math.c,1518 :: 		
0x04F8	0x5007      	MOVF        R7, 0, 0
;__Lib_Math.c,1519 :: 		
0x04FA	0xB0D8      	BTFSC       STATUS, 0, 0
;__Lib_Math.c,1520 :: 		
0x04FC	0x3C07      	INCFSZ      R7, 0, 0
;__Lib_Math.c,1521 :: 		
0x04FE	0x260B      	ADDWF       R11, 1, 0
;__Lib_Math.c,1522 :: 		
0x0500	0x6AE8      	CLRF        WREG, 0
;__Lib_Math.c,1523 :: 		
0x0502	0xB0D8      	BTFSC       STATUS, 0, 0
;__Lib_Math.c,1524 :: 		
0x0504	0x0E01      	MOVLW       1
;__Lib_Math.c,1525 :: 		
0x0506	0x260E      	ADDWF       R14, 1, 0
;__Lib_Math.c,1527 :: 		
UOK22L24:
;__Lib_Math.c,1528 :: 		
0x0508	0x3600      	RLCF        R0, 1, 0
;__Lib_Math.c,1530 :: 		
0x050A	0x0E07      	MOVLW       7
;__Lib_Math.c,1531 :: 		
0x050C	0x6E0C      	MOVWF       R12, 0
;__Lib_Math.c,1533 :: 		
LOOPU3232D:
;__Lib_Math.c,1534 :: 		
0x050E	0x3400      	RLCF        R0, 0, 0
;__Lib_Math.c,1535 :: 		
0x0510	0x3608      	RLCF        R8, 1, 0
;__Lib_Math.c,1536 :: 		
0x0512	0x3609      	RLCF        R9, 1, 0
;__Lib_Math.c,1537 :: 		
0x0514	0x360A      	RLCF        R10, 1, 0
;__Lib_Math.c,1538 :: 		
0x0516	0x360B      	RLCF        R11, 1, 0
;__Lib_Math.c,1539 :: 		
0x0518	0x360E      	RLCF        R14, 1, 0
;__Lib_Math.c,1540 :: 		
0x051A	0x5004      	MOVF        R4, 0, 0
;__Lib_Math.c,1541 :: 		
0x051C	0xA000      	BTFSS       R0, 0, 0
;__Lib_Math.c,1542 :: 		
0x051E	0xD012      	BRA         UADD22LD
;__Lib_Math.c,1544 :: 		
0x0520	0x5E08      	SUBWF       R8, 1, 0
;__Lib_Math.c,1545 :: 		
0x0522	0x5005      	MOVF        R5, 0, 0
;__Lib_Math.c,1546 :: 		
0x0524	0xA0D8      	BTFSS       STATUS, 0, 0
;__Lib_Math.c,1547 :: 		
0x0526	0x3C05      	INCFSZ      R5, 0, 0
;__Lib_Math.c,1548 :: 		
0x0528	0x5E09      	SUBWF       R9, 1, 0
;__Lib_Math.c,1549 :: 		
0x052A	0x5006      	MOVF        R6, 0, 0
;__Lib_Math.c,1550 :: 		
0x052C	0xA0D8      	BTFSS       STATUS, 0, 0
;__Lib_Math.c,1551 :: 		
0x052E	0x3C06      	INCFSZ      R6, 0, 0
;__Lib_Math.c,1552 :: 		
0x0530	0x5E0A      	SUBWF       R10, 1, 0
;__Lib_Math.c,1553 :: 		
0x0532	0x5007      	MOVF        R7, 0, 0
;__Lib_Math.c,1554 :: 		
0x0534	0xA0D8      	BTFSS       STATUS, 0, 0
;__Lib_Math.c,1555 :: 		
0x0536	0x3C07      	INCFSZ      R7, 0, 0
;__Lib_Math.c,1556 :: 		
0x0538	0x5E0B      	SUBWF       R11, 1, 0
;__Lib_Math.c,1557 :: 		
0x053A	0x6AE8      	CLRF        WREG, 0
;__Lib_Math.c,1558 :: 		
0x053C	0xA0D8      	BTFSS       STATUS, 0, 0
;__Lib_Math.c,1559 :: 		
0x053E	0x0E01      	MOVLW       1
;__Lib_Math.c,1560 :: 		
0x0540	0x5E0E      	SUBWF       R14, 1, 0
;__Lib_Math.c,1561 :: 		
0x0542	0xD011      	BRA         UOK22LD
;__Lib_Math.c,1563 :: 		
UADD22LD:
;__Lib_Math.c,1564 :: 		
0x0544	0x2608      	ADDWF       R8, 1, 0
;__Lib_Math.c,1565 :: 		
0x0546	0x5005      	MOVF        R5, 0, 0
;__Lib_Math.c,1566 :: 		
0x0548	0xB0D8      	BTFSC       STATUS, 0, 0
;__Lib_Math.c,1567 :: 		
0x054A	0x3C05      	INCFSZ      R5, 0, 0
;__Lib_Math.c,1568 :: 		
0x054C	0x2609      	ADDWF       R9, 1, 0
;__Lib_Math.c,1569 :: 		
0x054E	0x5006      	MOVF        R6, 0, 0
;__Lib_Math.c,1570 :: 		
0x0550	0xB0D8      	BTFSC       STATUS, 0, 0
;__Lib_Math.c,1571 :: 		
0x0552	0x3C06      	INCFSZ      R6, 0, 0
;__Lib_Math.c,1572 :: 		
0x0554	0x260A      	ADDWF       R10, 1, 0
;__Lib_Math.c,1573 :: 		
0x0556	0x5007      	MOVF        R7, 0, 0
;__Lib_Math.c,1574 :: 		
0x0558	0xB0D8      	BTFSC       STATUS, 0, 0
;__Lib_Math.c,1575 :: 		
0x055A	0x3C07      	INCFSZ      R7, 0, 0
;__Lib_Math.c,1576 :: 		
0x055C	0x260B      	ADDWF       R11, 1, 0
;__Lib_Math.c,1577 :: 		
0x055E	0x6AE8      	CLRF        WREG, 0
;__Lib_Math.c,1578 :: 		
0x0560	0xB0D8      	BTFSC       STATUS, 0, 0
;__Lib_Math.c,1579 :: 		
0x0562	0x0E01      	MOVLW       1
;__Lib_Math.c,1580 :: 		
0x0564	0x260E      	ADDWF       R14, 1, 0
;__Lib_Math.c,1582 :: 		
UOK22LD:
;__Lib_Math.c,1583 :: 		
0x0566	0x3600      	RLCF        R0, 1, 0
;__Lib_Math.c,1585 :: 		
0x0568	0x2E0C      	DECFSZ      R12, 1, 0
;__Lib_Math.c,1586 :: 		
0x056A	0xD7D1      	BRA         LOOPU3232D
;__Lib_Math.c,1588 :: 		
0x056C	0xB000      	BTFSC       R0, 0, 0
;__Lib_Math.c,1589 :: 		
0x056E	0xD00E      	BRA         UOK22L
;__Lib_Math.c,1590 :: 		
0x0570	0x5004      	MOVF        R4, 0, 0
;__Lib_Math.c,1591 :: 		
0x0572	0x2608      	ADDWF       R8, 1, 0
;__Lib_Math.c,1592 :: 		
0x0574	0x5005      	MOVF        R5, 0, 0
;__Lib_Math.c,1593 :: 		
0x0576	0xB0D8      	BTFSC       STATUS, 0, 0
;__Lib_Math.c,1594 :: 		
0x0578	0x3C05      	INCFSZ      R5, 0, 0
;__Lib_Math.c,1595 :: 		
0x057A	0x2609      	ADDWF       R9, 1, 0
;__Lib_Math.c,1596 :: 		
0x057C	0x5006      	MOVF        R6, 0, 0
;__Lib_Math.c,1597 :: 		
0x057E	0xB0D8      	BTFSC       STATUS, 0, 0
;__Lib_Math.c,1598 :: 		
0x0580	0x3C06      	INCFSZ      R6, 0, 0
;__Lib_Math.c,1599 :: 		
0x0582	0x260A      	ADDWF       R10, 1, 0
;__Lib_Math.c,1600 :: 		
0x0584	0x5007      	MOVF        R7, 0, 0
;__Lib_Math.c,1601 :: 		
0x0586	0xB0D8      	BTFSC       STATUS, 0, 0
;__Lib_Math.c,1602 :: 		
0x0588	0x3C07      	INCFSZ      R7, 0, 0
;__Lib_Math.c,1603 :: 		
0x058A	0x260B      	ADDWF       R11, 1, 0
;__Lib_Math.c,1605 :: 		
UOK22L:
;__Lib_Math.c,1607 :: 		
L_end_Div_32x32_U:
0x058C	0x0012      	RETURN      0
; end of _Div_32x32_U
_configADC1:
;unit05_03_adcInterruption.c,208 :: 		void configADC1()
;unit05_03_adcInterruption.c,210 :: 		ADCON0 =  0B00000101;                // AN1 - > AD on
0x058E	0x0E05      	MOVLW       5
0x0590	0x6EC2      	MOVWF       ADCON0 
;unit05_03_adcInterruption.c,211 :: 		ADCON1 =  0B00001110;                // AN0/RA0 config as AD, ref internal V
0x0592	0x0E0E      	MOVLW       14
0x0594	0x6EC1      	MOVWF       ADCON1 
;unit05_03_adcInterruption.c,213 :: 		ADCON2 =  0B10101010;                // justify right, fosc/32, TAD = 12
0x0596	0x0EAA      	MOVLW       170
0x0598	0x6EC0      	MOVWF       ADCON2 
;unit05_03_adcInterruption.c,214 :: 		}
L_end_configADC1:
0x059A	0x0012      	RETURN      0
; end of _configADC1
_configMCU:
;unit05_03_adcInterruption.c,191 :: 		void configMCU()                      // Timer0 Port & Directions
;unit05_03_adcInterruption.c,199 :: 		ADCON1 |= 0B00001110;                // AN1 analogic  pg 226 Datasheet
0x059C	0x0E0E      	MOVLW       14
0x059E	0x12C1      	IORWF       ADCON1, 1 
;unit05_03_adcInterruption.c,202 :: 		TRISA.RA0 = 1;                       // Input signal ADC
0x05A0	0x8092      	BSF         TRISA, 0 
;unit05_03_adcInterruption.c,203 :: 		PORTA.RA0 = 1;                       // optional
0x05A2	0x8080      	BSF         PORTA, 0 
;unit05_03_adcInterruption.c,205 :: 		TRISD = 0;
0x05A4	0x6A95      	CLRF        TRISD 
;unit05_03_adcInterruption.c,206 :: 		PORTD = 0;
0x05A6	0x6A83      	CLRF        PORTD 
;unit05_03_adcInterruption.c,207 :: 		}
L_end_configMCU:
0x05A8	0x0012      	RETURN      0
; end of _configMCU
___CC2DW:
;__Lib_System.c,21 :: 		
;__Lib_System.c,23 :: 		
_CC2DL_Loop1:
;__Lib_System.c,24 :: 		
0x05AA	0x0009      	TBLRD*+
;__Lib_System.c,25 :: 		
0x05AC	0xFFE6CFF5  	MOVFF       TABLAT, POSTINC1
;__Lib_System.c,26 :: 		
0x05B0	0x0600      	DECF        R0, 1, 0
;__Lib_System.c,27 :: 		
0x05B2	0xE1FB      	BNZ         _CC2DL_Loop1
;__Lib_System.c,28 :: 		
0x05B4	0x0601      	DECF        R1, 1, 0
;__Lib_System.c,29 :: 		
0x05B6	0xE1F9      	BNZ         _CC2DL_Loop1
;__Lib_System.c,31 :: 		
L_end___CC2DW:
0x05B8	0x0012      	RETURN      0
; end of ___CC2DW
_configGlobalInterruption:
;unit05_03_adcInterruption.c,175 :: 		void configGlobalInterruption()
;unit05_03_adcInterruption.c,177 :: 		INTCON.GIEH = 1;
0x05BA	0x8EF2      	BSF         INTCON, 7 
;unit05_03_adcInterruption.c,178 :: 		INTCON.GIEL = 1;                   // High priority
0x05BC	0x8CF2      	BSF         INTCON, 6 
;unit05_03_adcInterruption.c,179 :: 		RCON.IPEN =  1;
0x05BE	0x8ED0      	BSF         RCON, 7 
;unit05_03_adcInterruption.c,180 :: 		}
L_end_configGlobalInterruption:
0x05C0	0x0012      	RETURN      0
; end of _configGlobalInterruption
_Lcd_Out:
;__Lib_Lcd.c,184 :: 		
;__Lib_Lcd.c,187 :: 		
0x05C2	0xD00F      	BRA         L_Lcd_Out11
;__Lib_Lcd.c,188 :: 		
L_Lcd_Out13:
0x05C4	0x0E80      	MOVLW       128
0x05C6	0x6E61      	MOVWF       FARG_Lcd_Out_row 
0x05C8	0xD019      	BRA         L_Lcd_Out12
;__Lib_Lcd.c,189 :: 		
L_Lcd_Out14:
0x05CA	0x0EC0      	MOVLW       192
0x05CC	0x6E61      	MOVWF       FARG_Lcd_Out_row 
0x05CE	0xD016      	BRA         L_Lcd_Out12
;__Lib_Lcd.c,190 :: 		
L_Lcd_Out15:
0x05D0	0x0E94      	MOVLW       148
0x05D2	0x6E61      	MOVWF       FARG_Lcd_Out_row 
0x05D4	0xD013      	BRA         L_Lcd_Out12
;__Lib_Lcd.c,191 :: 		
L_Lcd_Out16:
0x05D6	0x0ED4      	MOVLW       212
0x05D8	0x6E61      	MOVWF       FARG_Lcd_Out_row 
0x05DA	0xD010      	BRA         L_Lcd_Out12
;__Lib_Lcd.c,192 :: 		
L_Lcd_Out17:
0x05DC	0x0E80      	MOVLW       128
0x05DE	0x6E61      	MOVWF       FARG_Lcd_Out_row 
;__Lib_Lcd.c,193 :: 		
0x05E0	0xD00D      	BRA         L_Lcd_Out12
L_Lcd_Out11:
0x05E2	0x5061      	MOVF        FARG_Lcd_Out_row, 0 
0x05E4	0x0A01      	XORLW       1
0x05E6	0xE0EE      	BZ          L_Lcd_Out13
0x05E8	0x5061      	MOVF        FARG_Lcd_Out_row, 0 
0x05EA	0x0A02      	XORLW       2
0x05EC	0xE0EE      	BZ          L_Lcd_Out14
0x05EE	0x5061      	MOVF        FARG_Lcd_Out_row, 0 
0x05F0	0x0A03      	XORLW       3
0x05F2	0xE0EE      	BZ          L_Lcd_Out15
0x05F4	0x5061      	MOVF        FARG_Lcd_Out_row, 0 
0x05F6	0x0A04      	XORLW       4
0x05F8	0xE0EE      	BZ          L_Lcd_Out16
0x05FA	0xD7F0      	BRA         L_Lcd_Out17
L_Lcd_Out12:
;__Lib_Lcd.c,194 :: 		
0x05FC	0x0462      	DECF        FARG_Lcd_Out_column, 0 
0x05FE	0x6E00      	MOVWF       R0 
0x0600	0x5061      	MOVF        FARG_Lcd_Out_row, 0 
0x0602	0x2600      	ADDWF       R0, 1 
0x0604	0xF061C000  	MOVFF       R0, FARG_Lcd_Out_row
;__Lib_Lcd.c,196 :: 		
0x0608	0xF069C000  	MOVFF       R0, FARG_Lcd_Cmd_out_char
0x060C	0xDDA3      	RCALL       _Lcd_Cmd
;__Lib_Lcd.c,197 :: 		
0x060E	0x9056      	BCF         __Lib_Lcd_cmd_status, BitPos(__Lib_Lcd_cmd_status+0) 
;__Lib_Lcd.c,198 :: 		
0x0610	0x6A65      	CLRF        Lcd_Out_i_L0 
;__Lib_Lcd.c,199 :: 		
L_Lcd_Out18:
0x0612	0x5065      	MOVF        Lcd_Out_i_L0, 0 
0x0614	0x2463      	ADDWF       FARG_Lcd_Out_text, 0 
0x0616	0x6EE9      	MOVWF       FSR0L 
0x0618	0x0E00      	MOVLW       0
0x061A	0x2064      	ADDWFC      FARG_Lcd_Out_text+1, 0 
0x061C	0x6EEA      	MOVWF       FSR0L+1 
0x061E	0x52EE      	MOVF        POSTINC0, 1 
0x0620	0xE00B      	BZ          L_Lcd_Out19
;__Lib_Lcd.c,200 :: 		
0x0622	0x5065      	MOVF        Lcd_Out_i_L0, 0 
0x0624	0x2463      	ADDWF       FARG_Lcd_Out_text, 0 
0x0626	0x6EE9      	MOVWF       FSR0L 
0x0628	0x0E00      	MOVLW       0
0x062A	0x2064      	ADDWFC      FARG_Lcd_Out_text+1, 0 
0x062C	0x6EEA      	MOVWF       FSR0L+1 
0x062E	0xF068CFEE  	MOVFF       POSTINC0, FARG_Lcd_Chr_CP_out_char
0x0632	0xDDCE      	RCALL       _Lcd_Chr_CP
0x0634	0x2A65      	INCF        Lcd_Out_i_L0, 1 
0x0636	0xD7ED      	BRA         L_Lcd_Out18
L_Lcd_Out19:
;__Lib_Lcd.c,201 :: 		
0x0638	0x8056      	BSF         __Lib_Lcd_cmd_status, BitPos(__Lib_Lcd_cmd_status+0) 
;__Lib_Lcd.c,202 :: 		
L_end_Lcd_Out:
0x063A	0x0012      	RETURN      0
; end of _Lcd_Out
_Lcd_Init:
;__Lib_Lcd.c,84 :: 		
;__Lib_Lcd.c,86 :: 		
0x063C	0x9296      	BCF         LCD_EN_Direction, BitPos(LCD_EN_Direction+0) 
;__Lib_Lcd.c,87 :: 		
0x063E	0x9496      	BCF         LCD_RS_Direction, BitPos(LCD_RS_Direction+0) 
;__Lib_Lcd.c,88 :: 		
0x0640	0x9895      	BCF         LCD_D4_Direction, BitPos(LCD_D4_Direction+0) 
;__Lib_Lcd.c,89 :: 		
0x0642	0x9A95      	BCF         LCD_D5_Direction, BitPos(LCD_D5_Direction+0) 
;__Lib_Lcd.c,90 :: 		
0x0644	0x9C95      	BCF         LCD_D6_Direction, BitPos(LCD_D6_Direction+0) 
;__Lib_Lcd.c,91 :: 		
0x0646	0x9E95      	BCF         LCD_D7_Direction, BitPos(LCD_D7_Direction+0) 
;__Lib_Lcd.c,93 :: 		
0x0648	0x928D      	BCF         LCD_EN, BitPos(LCD_EN+0) 
;__Lib_Lcd.c,94 :: 		
0x064A	0x948D      	BCF         LCD_RS, BitPos(LCD_RS+0) 
;__Lib_Lcd.c,95 :: 		
0x064C	0x9E8C      	BCF         LCD_D7, BitPos(LCD_D7+0) 
;__Lib_Lcd.c,96 :: 		
0x064E	0x9C8C      	BCF         LCD_D6, BitPos(LCD_D6+0) 
;__Lib_Lcd.c,97 :: 		
0x0650	0x9A8C      	BCF         LCD_D5, BitPos(LCD_D5+0) 
;__Lib_Lcd.c,98 :: 		
0x0652	0x988C      	BCF         LCD_D4, BitPos(LCD_D4+0) 
;__Lib_Lcd.c,100 :: 		
0x0654	0xDD6C      	RCALL       _Delay_5500us
;__Lib_Lcd.c,101 :: 		
0x0656	0xDD6B      	RCALL       _Delay_5500us
;__Lib_Lcd.c,102 :: 		
0x0658	0xDD6A      	RCALL       _Delay_5500us
;__Lib_Lcd.c,105 :: 		
0x065A	0x8A8C      	BSF         LCD_D5, BitPos(LCD_D5+0) 
;__Lib_Lcd.c,106 :: 		
0x065C	0x888C      	BSF         LCD_D4, BitPos(LCD_D4+0) 
;__Lib_Lcd.c,107 :: 		
0x065E	0x828D      	BSF         LCD_EN, BitPos(LCD_EN+0) 
;__Lib_Lcd.c,108 :: 		
0x0660	0xDD76      	RCALL       _Delay_1us
;__Lib_Lcd.c,109 :: 		
0x0662	0x928D      	BCF         LCD_EN, BitPos(LCD_EN+0) 
;__Lib_Lcd.c,110 :: 		
0x0664	0xDD64      	RCALL       _Delay_5500us
;__Lib_Lcd.c,112 :: 		
0x0666	0x828D      	BSF         LCD_EN, BitPos(LCD_EN+0) 
;__Lib_Lcd.c,113 :: 		
0x0668	0xDD72      	RCALL       _Delay_1us
;__Lib_Lcd.c,114 :: 		
0x066A	0x928D      	BCF         LCD_EN, BitPos(LCD_EN+0) 
;__Lib_Lcd.c,115 :: 		
0x066C	0xDD60      	RCALL       _Delay_5500us
;__Lib_Lcd.c,117 :: 		
0x066E	0x828D      	BSF         LCD_EN, BitPos(LCD_EN+0) 
;__Lib_Lcd.c,118 :: 		
0x0670	0xDD6E      	RCALL       _Delay_1us
;__Lib_Lcd.c,119 :: 		
0x0672	0x928D      	BCF         LCD_EN, BitPos(LCD_EN+0) 
;__Lib_Lcd.c,120 :: 		
0x0674	0xDD5C      	RCALL       _Delay_5500us
;__Lib_Lcd.c,123 :: 		
0x0676	0x988C      	BCF         LCD_D4, BitPos(LCD_D4+0) 
;__Lib_Lcd.c,124 :: 		
0x0678	0x828D      	BSF         LCD_EN, BitPos(LCD_EN+0) 
;__Lib_Lcd.c,125 :: 		
0x067A	0xDD69      	RCALL       _Delay_1us
;__Lib_Lcd.c,126 :: 		
0x067C	0x928D      	BCF         LCD_EN, BitPos(LCD_EN+0) 
;__Lib_Lcd.c,127 :: 		
0x067E	0xDD57      	RCALL       _Delay_5500us
;__Lib_Lcd.c,130 :: 		
0x0680	0x828D      	BSF         LCD_EN, BitPos(LCD_EN+0) 
;__Lib_Lcd.c,131 :: 		
0x0682	0xDD65      	RCALL       _Delay_1us
;__Lib_Lcd.c,132 :: 		
0x0684	0x928D      	BCF         LCD_EN, BitPos(LCD_EN+0) 
;__Lib_Lcd.c,134 :: 		
0x0686	0x9A8C      	BCF         LCD_D5, BitPos(LCD_D5+0) 
;__Lib_Lcd.c,135 :: 		
0x0688	0x8E8C      	BSF         LCD_D7, BitPos(LCD_D7+0) 
;__Lib_Lcd.c,136 :: 		
0x068A	0x828D      	BSF         LCD_EN, BitPos(LCD_EN+0) 
;__Lib_Lcd.c,137 :: 		
0x068C	0xDD60      	RCALL       _Delay_1us
;__Lib_Lcd.c,138 :: 		
0x068E	0x928D      	BCF         LCD_EN, BitPos(LCD_EN+0) 
;__Lib_Lcd.c,139 :: 		
0x0690	0xDD4E      	RCALL       _Delay_5500us
;__Lib_Lcd.c,142 :: 		
0x0692	0x9E8C      	BCF         LCD_D7, BitPos(LCD_D7+0) 
;__Lib_Lcd.c,143 :: 		
0x0694	0x888C      	BSF         LCD_D4, BitPos(LCD_D4+0) 
;__Lib_Lcd.c,144 :: 		
0x0696	0x828D      	BSF         LCD_EN, BitPos(LCD_EN+0) 
;__Lib_Lcd.c,145 :: 		
0x0698	0xDD5A      	RCALL       _Delay_1us
;__Lib_Lcd.c,146 :: 		
0x069A	0x928D      	BCF         LCD_EN, BitPos(LCD_EN+0) 
;__Lib_Lcd.c,148 :: 		
0x069C	0x988C      	BCF         LCD_D4, BitPos(LCD_D4+0) 
;__Lib_Lcd.c,149 :: 		
0x069E	0x828D      	BSF         LCD_EN, BitPos(LCD_EN+0) 
;__Lib_Lcd.c,150 :: 		
0x06A0	0xDD56      	RCALL       _Delay_1us
;__Lib_Lcd.c,151 :: 		
0x06A2	0x928D      	BCF         LCD_EN, BitPos(LCD_EN+0) 
;__Lib_Lcd.c,152 :: 		
0x06A4	0xDD44      	RCALL       _Delay_5500us
;__Lib_Lcd.c,155 :: 		
0x06A6	0x828D      	BSF         LCD_EN, BitPos(LCD_EN+0) 
;__Lib_Lcd.c,156 :: 		
0x06A8	0xDD52      	RCALL       _Delay_1us
;__Lib_Lcd.c,157 :: 		
0x06AA	0x928D      	BCF         LCD_EN, BitPos(LCD_EN+0) 
;__Lib_Lcd.c,159 :: 		
0x06AC	0x888C      	BSF         LCD_D4, BitPos(LCD_D4+0) 
;__Lib_Lcd.c,160 :: 		
0x06AE	0x828D      	BSF         LCD_EN, BitPos(LCD_EN+0) 
;__Lib_Lcd.c,161 :: 		
0x06B0	0xDD4E      	RCALL       _Delay_1us
;__Lib_Lcd.c,162 :: 		
0x06B2	0x928D      	BCF         LCD_EN, BitPos(LCD_EN+0) 
;__Lib_Lcd.c,163 :: 		
0x06B4	0xDD3C      	RCALL       _Delay_5500us
;__Lib_Lcd.c,166 :: 		
0x06B6	0x988C      	BCF         LCD_D4, BitPos(LCD_D4+0) 
;__Lib_Lcd.c,167 :: 		
0x06B8	0x828D      	BSF         LCD_EN, BitPos(LCD_EN+0) 
;__Lib_Lcd.c,168 :: 		
0x06BA	0xDD49      	RCALL       _Delay_1us
;__Lib_Lcd.c,169 :: 		
0x06BC	0x928D      	BCF         LCD_EN, BitPos(LCD_EN+0) 
;__Lib_Lcd.c,171 :: 		
0x06BE	0x8E8C      	BSF         LCD_D7, BitPos(LCD_D7+0) 
;__Lib_Lcd.c,172 :: 		
0x06C0	0x8C8C      	BSF         LCD_D6, BitPos(LCD_D6+0) 
;__Lib_Lcd.c,173 :: 		
0x06C2	0x8A8C      	BSF         LCD_D5, BitPos(LCD_D5+0) 
;__Lib_Lcd.c,174 :: 		
0x06C4	0x888C      	BSF         LCD_D4, BitPos(LCD_D4+0) 
;__Lib_Lcd.c,175 :: 		
0x06C6	0x828D      	BSF         LCD_EN, BitPos(LCD_EN+0) 
;__Lib_Lcd.c,176 :: 		
0x06C8	0xDD42      	RCALL       _Delay_1us
;__Lib_Lcd.c,177 :: 		
0x06CA	0x928D      	BCF         LCD_EN, BitPos(LCD_EN+0) 
;__Lib_Lcd.c,179 :: 		
0x06CC	0xDD30      	RCALL       _Delay_5500us
;__Lib_Lcd.c,181 :: 		
0x06CE	0x8056      	BSF         __Lib_Lcd_cmd_status, BitPos(__Lib_Lcd_cmd_status+0) 
;__Lib_Lcd.c,182 :: 		
L_end_Lcd_Init:
0x06D0	0x0012      	RETURN      0
; end of _Lcd_Init
_configIndividualVctADC:
;unit05_03_adcInterruption.c,183 :: 		void configIndividualVctADC()
;unit05_03_adcInterruption.c,185 :: 		PIR1.ADIF = 0;                       // Flag signalize end ADC's conversions
0x06D2	0x9C9E      	BCF         PIR1, 6 
;unit05_03_adcInterruption.c,186 :: 		IPR1.ADIP = 1;                       // High priority
0x06D4	0x8C9F      	BSF         IPR1, 6 
;unit05_03_adcInterruption.c,187 :: 		PIE1.ADIE = 1;                       // Interruption enable
0x06D6	0x8C9D      	BSF         PIE1, 6 
;unit05_03_adcInterruption.c,190 :: 		}
L_end_configIndividualVctADC:
0x06D8	0x0012      	RETURN      0
; end of _configIndividualVctADC
_main:
0x06DA	0x6A21      	CLRF        INTERRUPTION_ADC_HIGH__i_L0 
0x06DC	0x6A22      	CLRF        _averageResult 
0x06DE	0x6A23      	CLRF        35 
0x06E0	0x6A24      	CLRF        36 
0x06E2	0x6A25      	CLRF        37 
0x06E4	0x0E41      	MOVLW       65
0x06E6	0x6E26      	MOVWF       ?lstr1_unit05_03_adcInterruption 
0x06E8	0x0E44      	MOVLW       68
0x06EA	0x6E27      	MOVWF       39 
0x06EC	0x0E43      	MOVLW       67
0x06EE	0x6E28      	MOVWF       40 
0x06F0	0x0E3A      	MOVLW       58
0x06F2	0x6E29      	MOVWF       41 
0x06F4	0x0E20      	MOVLW       32
0x06F6	0x6E2A      	MOVWF       42 
0x06F8	0x6A2B      	CLRF        43 
;unit05_03_adcInterruption.c,216 :: 		void main() {
;unit05_03_adcInterruption.c,217 :: 		configMCU();
0x06FA	0xDF50      	RCALL       _configMCU
;unit05_03_adcInterruption.c,218 :: 		configADC1();
0x06FC	0xDF48      	RCALL       _configADC1
;unit05_03_adcInterruption.c,219 :: 		configGlobalInterruption();          // config general ints
0x06FE	0xDF5D      	RCALL       _configGlobalInterruption
;unit05_03_adcInterruption.c,220 :: 		configIndividualVctADC();
0x0700	0xDFE8      	RCALL       _configIndividualVctADC
;unit05_03_adcInterruption.c,222 :: 		Lcd_Init();                          // Init LCD, 4-bit Mode
0x0702	0xDF9C      	RCALL       _Lcd_Init
;unit05_03_adcInterruption.c,223 :: 		Lcd_Cmd(_LCD_CLEAR);                 // Screen clear
0x0704	0x0E01      	MOVLW       1
0x0706	0x6E69      	MOVWF       FARG_Lcd_Cmd_out_char 
0x0708	0xDD25      	RCALL       _Lcd_Cmd
;unit05_03_adcInterruption.c,224 :: 		Lcd_Cmd(_LCD_CURSOR_OFF);            // Clear cursor
0x070A	0x0E0C      	MOVLW       12
0x070C	0x6E69      	MOVWF       FARG_Lcd_Cmd_out_char 
0x070E	0xDD22      	RCALL       _Lcd_Cmd
;unit05_03_adcInterruption.c,225 :: 		Lcd_Out(1, 1, "ADC: ");              // Line x Colunm
0x0710	0x0E01      	MOVLW       1
0x0712	0x6E61      	MOVWF       FARG_Lcd_Out_row 
0x0714	0x0E01      	MOVLW       1
0x0716	0x6E62      	MOVWF       FARG_Lcd_Out_column 
0x0718	0x0E26      	MOVLW       ?lstr1_unit05_03_adcInterruption
0x071A	0x6E63      	MOVWF       FARG_Lcd_Out_text 
0x071C	0x0E00      	MOVLW       hi_addr(?lstr1_unit05_03_adcInterruption)
0x071E	0x6E64      	MOVWF       FARG_Lcd_Out_text+1 
0x0720	0xDF50      	RCALL       _Lcd_Out
;unit05_03_adcInterruption.c,227 :: 		while(TRUE)
L_main8:
;unit05_03_adcInterruption.c,229 :: 		ADCON0.GO_DONE = 1;         // START ADC's conversion
0x0722	0x82C2      	BSF         ADCON0, 1 
;unit05_03_adcInterruption.c,232 :: 		if(PIE1.ADIE == 0) {        // Interruption disabled?
0x0724	0xBC9D      	BTFSC       PIE1, 6 
0x0726	0xD01D      	BRA         L_main10
;unit05_03_adcInterruption.c,233 :: 		wordToStr((int)averageResult, txt);
0x0728	0xF061C022  	MOVFF       _averageResult, FARG_WordToStr_input
0x072C	0xF062C023  	MOVFF       _averageResult+1, FARG_WordToStr_input+1
0x0730	0x0E57      	MOVLW       _txt
0x0732	0x6E63      	MOVWF       FARG_WordToStr_output 
0x0734	0x0E00      	MOVLW       hi_addr(_txt)
0x0736	0x6E64      	MOVWF       FARG_WordToStr_output+1 
0x0738	0xDD6C      	RCALL       _WordToStr
;unit05_03_adcInterruption.c,234 :: 		LCD_Out (1,5, txt);
0x073A	0x0E01      	MOVLW       1
0x073C	0x6E61      	MOVWF       FARG_Lcd_Out_row 
0x073E	0x0E05      	MOVLW       5
0x0740	0x6E62      	MOVWF       FARG_Lcd_Out_column 
0x0742	0x0E57      	MOVLW       _txt
0x0744	0x6E63      	MOVWF       FARG_Lcd_Out_text 
0x0746	0x0E00      	MOVLW       hi_addr(_txt)
0x0748	0x6E64      	MOVWF       FARG_Lcd_Out_text+1 
0x074A	0xDF3B      	RCALL       _Lcd_Out
;unit05_03_adcInterruption.c,235 :: 		Delay_ms(20);
0x074C	0x0E34      	MOVLW       52
0x074E	0x6E0C      	MOVWF       R12, 0
0x0750	0x0EF1      	MOVLW       241
0x0752	0x6E0D      	MOVWF       R13, 0
L_main11:
0x0754	0x2E0D      	DECFSZ      R13, 1, 0
0x0756	0xD7FE      	BRA         L_main11
0x0758	0x2E0C      	DECFSZ      R12, 1, 0
0x075A	0xD7FC      	BRA         L_main11
0x075C	0x0000      	NOP
0x075E	0x0000      	NOP
;unit05_03_adcInterruption.c,237 :: 		PIE1.ADIE = 1;          // After writing LCD enable interruption again
0x0760	0x8C9D      	BSF         PIE1, 6 
;unit05_03_adcInterruption.c,241 :: 		}
L_main10:
;unit05_03_adcInterruption.c,242 :: 		}
0x0762	0xD7DF      	BRA         L_main8
;unit05_03_adcInterruption.c,243 :: 		}
L_end_main:
0x0764	0xD7FF      	BRA         $+0
; end of _main
Symbol List:
//** Routines locations **
//ADDRESS    SIZE    PROCEDURE
//----------------------------------------------
0x0008     [294]    _INTERRUPTION_ADC_HIGH
0x012E      [22]    _Delay_5500us
0x0144      [10]    _Delay_50us
0x014E       [6]    _Delay_1us
0x0154     [124]    _Lcd_Cmd
0x01D0      [12]    _Lcd_Chr_CP
0x01DC      [54]    _Div_16X16_U
0x0212     [144]    _WordToStr
0x02A2     [748]    _Div_32x32_U
0x058E      [14]    _configADC1
0x059C      [14]    _configMCU
0x05AA      [16]    ___CC2DW
0x05BA       [8]    _configGlobalInterruption
0x05C2     [122]    _Lcd_Out
0x063C     [150]    _Lcd_Init
0x06D2       [8]    _configIndividualVctADC
0x06DA     [140]    _main
//** Variables locations ** 
//ADDRESS    SIZE    VARIABLE
//----------------------------------------------
0x0000       [1]    R0
0x0001       [1]    R1
0x0002       [2]    memcpy_dd_L0
0x0002       [2]    memset_pp_L0
0x0002       [2]    strlen_cp_L0
0x0002       [2]    memchr_s_L0
0x0002       [1]    R2
0x0003       [2]    memmove_tt_L0
0x0003       [2]    Ltrim_original_L0
0x0003       [1]    R3
0x0004       [2]    strncat_cp_L0
0x0004       [2]    strcat_cp_L0
0x0004       [1]    R4
0x0004       [2]    memcpy_ss_L0
0x0004       [2]    strcpy_cp_L0
0x0004       [2]    strncpy_cp_L0
0x0005       [2]    LongIntToHex_input_half_L0
0x0005       [1]    R5
0x0005       [2]    Ltrim_p_L0
0x0005       [2]    LongWordToHex_input_half_L0
0x0005       [2]    memmove_ff_L0
0x0006       [1]    R6
0x0007       [1]    R7
0x0008       [1]    R8
0x0009       [1]    R9
0x000A       [1]    R10
0x000B       [1]    R11
0x000C       [1]    R12
0x000D       [1]    R13
0x000E       [1]    R14
0x000F       [1]    R15
0x0010       [1]    R16
0x0011       [1]    R17
0x0012       [1]    R18
0x0013       [1]    R19
0x0014       [1]    R20
0x0021       [1]    INTERRUPTION_ADC_HIGH__i_L0
0x0022       [4]    _averageResult
0x0026       [6]    ?lstr1_unit05_03_adcInterruption
0x002C      [40]    _BufferADC
0x0054       [2]    _TWO
0x0056       [0]    __Lib_Lcd_cmd_status
0x0057      [10]    _txt
0x0061       [2]    FARG_WordToStr_input
0x0061       [1]    FARG_Lcd_Out_row
0x0062       [1]    FARG_Lcd_Out_column
0x0063       [2]    FARG_WordToStr_output
0x0063       [2]    FARG_Lcd_Out_text
0x0065       [1]    Lcd_Out_i_L0
0x0065       [1]    WordToStr_len_L0
0x0066       [2]    FLOC__WordToStr
0x0068       [1]    FARG_Lcd_Chr_CP_out_char
0x0069       [1]    FARG_Lcd_Cmd_out_char
0x0F80       [1]    PORTA
0x0F83       [1]    PORTD
0x0F8C       [0]    LCD_D6
0x0F8C       [0]    LCD_D7
0x0F8C       [0]    LATD5_bit
0x0F8C       [0]    LCD_D5
0x0F8C       [0]    LATD4_bit
0x0F8C       [0]    LATD6_bit
0x0F8C       [0]    LCD_D4
0x0F8C       [0]    LATD7_bit
0x0F8D       [0]    LATE2_bit
0x0F8D       [0]    LCD_EN
0x0F8D       [0]    LCD_RS
0x0F8D       [0]    LATE1_bit
0x0F92       [1]    TRISA
0x0F95       [0]    LCD_D7_Direction
0x0F95       [0]    LCD_D4_Direction
0x0F95       [1]    TRISD
0x0F95       [0]    TRISD7_bit
0x0F95       [0]    TRISD5_bit
0x0F95       [0]    TRISD6_bit
0x0F95       [0]    TRISD4_bit
0x0F95       [0]    LCD_D5_Direction
0x0F95       [0]    LCD_D6_Direction
0x0F96       [0]    LCD_RS_Direction
0x0F96       [0]    LCD_EN_Direction
0x0F96       [0]    TRISE2_bit
0x0F96       [0]    TRISE1_bit
0x0F9D       [1]    PIE1
0x0F9E       [1]    PIR1
0x0F9F       [1]    IPR1
0x0FC0       [1]    ADCON2
0x0FC1       [1]    ADCON1
0x0FC2       [1]    ADCON0
0x0FC3       [1]    ADRESL
0x0FC4       [1]    ADRESH
0x0FD0       [1]    RCON
0x0FD8       [1]    STATUS
0x0FD9       [1]    FSR2L
0x0FDA       [1]    FSR2H
0x0FDE       [1]    POSTINC2
0x0FE0       [1]    BSR
0x0FE1       [1]    FSR1L
0x0FE2       [1]    FSR1H
0x0FE4       [1]    PREINC1
0x0FE6       [1]    POSTINC1
0x0FE7       [1]    INDF1
0x0FE8       [1]    WREG
0x0FE9       [1]    FSR0L
0x0FEA       [1]    FSR0H
0x0FEE       [1]    POSTINC0
0x0FF2       [1]    INTCON
0x0FF3       [1]    PRODL
0x0FF4       [1]    PRODH
0x0FF5       [1]    TABLAT
0x0FF6       [1]    TBLPTRL
0x0FF6       [3]    TBLPTR
0x0FF7       [1]    TBLPTRH
0x0FF8       [1]    TBLPTRU
