;  LST file generated by mikroListExporter - v.2.0 
; Date/Time: 30/10/2019 11:38:56 AM
;----------------------------------------------

;Address Opcode 	ASM
0x0000	0xF003EF1E  	GOTO        1596
0x0004	0x0000      	NOP
0x0006	0x0000      	NOP
0x0008	0xF000EF00  	GOTO        0
0x000C	0x0000      	NOP
0x000E	0x0000      	NOP
0x0010	0x0000      	NOP
0x0012	0x0000      	NOP
0x0014	0x0000      	NOP
0x0016	0x0000      	NOP
0x0018	0xD7F3      	BRA         0
_Delay_50us:
;__Lib_Delays.c,19 :: 		void Delay_50us() {
;__Lib_Delays.c,20 :: 		Delay_us(50);
0x001C	0x0E21      	MOVLW       33
0x001E	0x6E0D      	MOVWF       R13, 0
L_Delay_50us2:
0x0020	0x2E0D      	DECFSZ      R13, 1, 0
0x0022	0xD7FE      	BRA         L_Delay_50us2
;__Lib_Delays.c,21 :: 		}
L_end_Delay_50us:
0x0024	0x0012      	RETURN      0
; end of _Delay_50us
_Delay_5500us:
;__Lib_Delays.c,31 :: 		void Delay_5500us() {
;__Lib_Delays.c,32 :: 		Delay_us(5500);
0x0026	0x0E0F      	MOVLW       15
0x0028	0x6E0C      	MOVWF       R12, 0
0x002A	0x0E47      	MOVLW       71
0x002C	0x6E0D      	MOVWF       R13, 0
L_Delay_5500us5:
0x002E	0x2E0D      	DECFSZ      R13, 1, 0
0x0030	0xD7FE      	BRA         L_Delay_5500us5
0x0032	0x2E0C      	DECFSZ      R12, 1, 0
0x0034	0xD7FC      	BRA         L_Delay_5500us5
0x0036	0x0000      	NOP
0x0038	0x0000      	NOP
;__Lib_Delays.c,33 :: 		}
L_end_Delay_5500us:
0x003A	0x0012      	RETURN      0
; end of _Delay_5500us
_Delay_1us:
;__Lib_Delays.c,7 :: 		void Delay_1us() {
;__Lib_Delays.c,8 :: 		Delay_us(1);
0x003C	0x0000      	NOP
0x003E	0x0000      	NOP
;__Lib_Delays.c,9 :: 		}
L_end_Delay_1us:
0x0040	0x0012      	RETURN      0
; end of _Delay_1us
_SETFUN32:
;__Lib_MathDouble.c,144 :: 		
;__Lib_MathDouble.c,152 :: 		
0x0042	0x840B      	BSF         R11, 2, 0
;__Lib_MathDouble.c,153 :: 		
0x0044	0xAE0B      	BTFSS       R11, 7, 0
;__Lib_MathDouble.c,154 :: 		
0x0046	0xF000EF2C  	GOTO        SETFUN32EEE
;__Lib_MathDouble.c,156 :: 		
0x004A	0x0E01      	MOVLW       1
;__Lib_MathDouble.c,157 :: 		
0x004C	0x6E03      	MOVWF       R3, 0
;__Lib_MathDouble.c,158 :: 		
0x004E	0x6A02      	CLRF        R2, 0
;__Lib_MathDouble.c,159 :: 		
0x0050	0x6A01      	CLRF        R1, 0
;__Lib_MathDouble.c,160 :: 		
0x0052	0x6A00      	CLRF        R0, 0
;__Lib_MathDouble.c,161 :: 		
0x0054	0x360A      	RLCF        R10, 1, 0
;__Lib_MathDouble.c,162 :: 		
0x0056	0x3202      	RRCF        R2, 1, 0
;__Lib_MathDouble.c,163 :: 		
SETFUN32EEE:
;__Lib_MathDouble.c,164 :: 		
0x0058	0x0EFF      	MOVLW       255
;__Lib_MathDouble.c,166 :: 		
L_end_SETFUN32:
0x005A	0x0012      	RETURN      0
; end of _SETFUN32
_RES032:
;__Lib_MathDouble.c,128 :: 		
;__Lib_MathDouble.c,134 :: 		
0x005C	0x6A02      	CLRF        R2, 0
;__Lib_MathDouble.c,135 :: 		
0x005E	0x6A01      	CLRF        R1, 0
;__Lib_MathDouble.c,136 :: 		
0x0060	0x6A00      	CLRF        R0, 0
;__Lib_MathDouble.c,137 :: 		
0x0062	0x6A08      	CLRF        R8, 0
;__Lib_MathDouble.c,138 :: 		
0x0064	0x6A03      	CLRF        R3, 0
;__Lib_MathDouble.c,139 :: 		
0x0066	0x0E00      	MOVLW       0
;__Lib_MathDouble.c,141 :: 		
L_end_RES032:
0x0068	0x0012      	RETURN      0
; end of _RES032
_Lcd_Cmd:
;__Lib_Lcd.c,18 :: 		
;__Lib_Lcd.c,20 :: 		
0x006A	0xBE35      	BTFSC       FARG_Lcd_Cmd_out_char, 7 
0x006C	0xD002      	BRA         L__Lcd_Cmd21
0x006E	0x9E8C      	BCF         LCD_D7, BitPos(LCD_D7+0) 
0x0070	0xD001      	BRA         L__Lcd_Cmd22
L__Lcd_Cmd21:
0x0072	0x8E8C      	BSF         LCD_D7, BitPos(LCD_D7+0) 
L__Lcd_Cmd22:
;__Lib_Lcd.c,21 :: 		
0x0074	0xBC35      	BTFSC       FARG_Lcd_Cmd_out_char, 6 
0x0076	0xD002      	BRA         L__Lcd_Cmd23
0x0078	0x9C8C      	BCF         LCD_D6, BitPos(LCD_D6+0) 
0x007A	0xD001      	BRA         L__Lcd_Cmd24
L__Lcd_Cmd23:
0x007C	0x8C8C      	BSF         LCD_D6, BitPos(LCD_D6+0) 
L__Lcd_Cmd24:
;__Lib_Lcd.c,22 :: 		
0x007E	0xBA35      	BTFSC       FARG_Lcd_Cmd_out_char, 5 
0x0080	0xD002      	BRA         L__Lcd_Cmd25
0x0082	0x9A8C      	BCF         LCD_D5, BitPos(LCD_D5+0) 
0x0084	0xD001      	BRA         L__Lcd_Cmd26
L__Lcd_Cmd25:
0x0086	0x8A8C      	BSF         LCD_D5, BitPos(LCD_D5+0) 
L__Lcd_Cmd26:
;__Lib_Lcd.c,23 :: 		
0x0088	0xB835      	BTFSC       FARG_Lcd_Cmd_out_char, 4 
0x008A	0xD002      	BRA         L__Lcd_Cmd27
0x008C	0x988C      	BCF         LCD_D4, BitPos(LCD_D4+0) 
0x008E	0xD001      	BRA         L__Lcd_Cmd28
L__Lcd_Cmd27:
0x0090	0x888C      	BSF         LCD_D4, BitPos(LCD_D4+0) 
L__Lcd_Cmd28:
;__Lib_Lcd.c,25 :: 		
0x0092	0xB01E      	BTFSC       __Lib_Lcd_cmd_status, BitPos(__Lib_Lcd_cmd_status+0) 
0x0094	0xD002      	BRA         L__Lcd_Cmd29
0x0096	0x848D      	BSF         LCD_RS, BitPos(LCD_RS+0) 
0x0098	0xD001      	BRA         L__Lcd_Cmd30
L__Lcd_Cmd29:
0x009A	0x948D      	BCF         LCD_RS, BitPos(LCD_RS+0) 
L__Lcd_Cmd30:
;__Lib_Lcd.c,28 :: 		
0x009C	0x828D      	BSF         LCD_EN, BitPos(LCD_EN+0) 
;__Lib_Lcd.c,29 :: 		
0x009E	0xDFCE      	RCALL       _Delay_1us
;__Lib_Lcd.c,30 :: 		
0x00A0	0x928D      	BCF         LCD_EN, BitPos(LCD_EN+0) 
;__Lib_Lcd.c,33 :: 		
0x00A2	0xB635      	BTFSC       FARG_Lcd_Cmd_out_char, 3 
0x00A4	0xD002      	BRA         L__Lcd_Cmd31
0x00A6	0x9E8C      	BCF         LCD_D7, BitPos(LCD_D7+0) 
0x00A8	0xD001      	BRA         L__Lcd_Cmd32
L__Lcd_Cmd31:
0x00AA	0x8E8C      	BSF         LCD_D7, BitPos(LCD_D7+0) 
L__Lcd_Cmd32:
;__Lib_Lcd.c,34 :: 		
0x00AC	0xB435      	BTFSC       FARG_Lcd_Cmd_out_char, 2 
0x00AE	0xD002      	BRA         L__Lcd_Cmd33
0x00B0	0x9C8C      	BCF         LCD_D6, BitPos(LCD_D6+0) 
0x00B2	0xD001      	BRA         L__Lcd_Cmd34
L__Lcd_Cmd33:
0x00B4	0x8C8C      	BSF         LCD_D6, BitPos(LCD_D6+0) 
L__Lcd_Cmd34:
;__Lib_Lcd.c,35 :: 		
0x00B6	0xB235      	BTFSC       FARG_Lcd_Cmd_out_char, 1 
0x00B8	0xD002      	BRA         L__Lcd_Cmd35
0x00BA	0x9A8C      	BCF         LCD_D5, BitPos(LCD_D5+0) 
0x00BC	0xD001      	BRA         L__Lcd_Cmd36
L__Lcd_Cmd35:
0x00BE	0x8A8C      	BSF         LCD_D5, BitPos(LCD_D5+0) 
L__Lcd_Cmd36:
;__Lib_Lcd.c,36 :: 		
0x00C0	0xB035      	BTFSC       FARG_Lcd_Cmd_out_char, 0 
0x00C2	0xD002      	BRA         L__Lcd_Cmd37
0x00C4	0x988C      	BCF         LCD_D4, BitPos(LCD_D4+0) 
0x00C6	0xD001      	BRA         L__Lcd_Cmd38
L__Lcd_Cmd37:
0x00C8	0x888C      	BSF         LCD_D4, BitPos(LCD_D4+0) 
L__Lcd_Cmd38:
;__Lib_Lcd.c,38 :: 		
0x00CA	0xB01E      	BTFSC       __Lib_Lcd_cmd_status, BitPos(__Lib_Lcd_cmd_status+0) 
0x00CC	0xD002      	BRA         L__Lcd_Cmd39
0x00CE	0x848D      	BSF         LCD_RS, BitPos(LCD_RS+0) 
0x00D0	0xD001      	BRA         L__Lcd_Cmd40
L__Lcd_Cmd39:
0x00D2	0x948D      	BCF         LCD_RS, BitPos(LCD_RS+0) 
L__Lcd_Cmd40:
;__Lib_Lcd.c,40 :: 		
0x00D4	0x828D      	BSF         LCD_EN, BitPos(LCD_EN+0) 
;__Lib_Lcd.c,41 :: 		
0x00D6	0xDFB2      	RCALL       _Delay_1us
;__Lib_Lcd.c,42 :: 		
0x00D8	0x928D      	BCF         LCD_EN, BitPos(LCD_EN+0) 
;__Lib_Lcd.c,44 :: 		
0x00DA	0xA01E      	BTFSS       __Lib_Lcd_cmd_status, BitPos(__Lib_Lcd_cmd_status+0) 
0x00DC	0xD002      	BRA         L_Lcd_Cmd0
;__Lib_Lcd.c,45 :: 		
0x00DE	0xDFA3      	RCALL       _Delay_5500us
0x00E0	0xD001      	BRA         L_Lcd_Cmd1
L_Lcd_Cmd0:
;__Lib_Lcd.c,47 :: 		
0x00E2	0xDF9C      	RCALL       _Delay_50us
L_Lcd_Cmd1:
;__Lib_Lcd.c,48 :: 		
L_end_Lcd_Cmd:
0x00E4	0x0012      	RETURN      0
; end of _Lcd_Cmd
_FIXSIGN32:
;__Lib_MathDouble.c,117 :: 		
;__Lib_MathDouble.c,121 :: 		
0x00E6	0xAE0A      	BTFSS       R10, 7, 0
;__Lib_MathDouble.c,122 :: 		
0x00E8	0x9E02      	BCF         R2, 7, 0
;__Lib_MathDouble.c,123 :: 		
0x00EA	0x0E00      	MOVLW       0
;__Lib_MathDouble.c,125 :: 		
L_end_FIXSIGN32:
0x00EC	0x0012      	RETURN      0
; end of _FIXSIGN32
_Lcd_Chr_CP:
;__Lib_Lcd.c,50 :: 		
;__Lib_Lcd.c,52 :: 		
0x00EE	0x901E      	BCF         __Lib_Lcd_cmd_status, BitPos(__Lib_Lcd_cmd_status+0) 
;__Lib_Lcd.c,53 :: 		
0x00F0	0xF035C034  	MOVFF       FARG_Lcd_Chr_CP_out_char, FARG_Lcd_Cmd_out_char
0x00F4	0xDFBA      	RCALL       _Lcd_Cmd
;__Lib_Lcd.c,54 :: 		
0x00F6	0x801E      	BSF         __Lib_Lcd_cmd_status, BitPos(__Lib_Lcd_cmd_status+0) 
;__Lib_Lcd.c,55 :: 		
L_end_Lcd_Chr_CP:
0x00F8	0x0012      	RETURN      0
; end of _Lcd_Chr_CP
_Delay_22us:
;__Lib_Delays.c,15 :: 		void Delay_22us() {
;__Lib_Delays.c,16 :: 		Delay_us(22);
0x00FA	0x0E0E      	MOVLW       14
0x00FC	0x6E0D      	MOVWF       R13, 0
L_Delay_22us1:
0x00FE	0x2E0D      	DECFSZ      R13, 1, 0
0x0100	0xD7FE      	BRA         L_Delay_22us1
0x0102	0x0000      	NOP
;__Lib_Delays.c,17 :: 		}
L_end_Delay_22us:
0x0104	0x0012      	RETURN      0
; end of _Delay_22us
_NRM3232:
;__Lib_MathDouble.c,455 :: 		
;__Lib_MathDouble.c,463 :: 		
0x0106	0x6A0C      	CLRF        R12, 0
;__Lib_MathDouble.c,464 :: 		
0x0108	0x6A0E      	CLRF        R14, 0
;__Lib_MathDouble.c,465 :: 		
0x010A	0x5002      	MOVF        R2, 0, 0
;__Lib_MathDouble.c,466 :: 		
0x010C	0xA4D8      	BTFSS       STATUS, 2, 0
;__Lib_MathDouble.c,467 :: 		
0x010E	0xF000EF9C  	GOTO        NORM3232
;__Lib_MathDouble.c,468 :: 		
0x0112	0xF002C001  	MOVFF       R1, R2
;__Lib_MathDouble.c,469 :: 		
0x0116	0xF001C000  	MOVFF       R0, R1
;__Lib_MathDouble.c,470 :: 		
0x011A	0x6A00      	CLRF        R0, 0
;__Lib_MathDouble.c,471 :: 		
0x011C	0x860E      	BSF         R14, 3, 0
;__Lib_MathDouble.c,473 :: 		
0x011E	0x5002      	MOVF        R2, 0, 0
;__Lib_MathDouble.c,474 :: 		
0x0120	0xA4D8      	BTFSS       STATUS, 2, 0
;__Lib_MathDouble.c,475 :: 		
0x0122	0xF000EF9C  	GOTO        NORM3232
;__Lib_MathDouble.c,476 :: 		
0x0126	0xF002C001  	MOVFF       R1, R2
;__Lib_MathDouble.c,477 :: 		
0x012A	0x6A01      	CLRF        R1, 0
;__Lib_MathDouble.c,478 :: 		
0x012C	0x960E      	BCF         R14, 3, 0
;__Lib_MathDouble.c,479 :: 		
0x012E	0x880E      	BSF         R14, 4, 0
;__Lib_MathDouble.c,481 :: 		
0x0130	0x5002      	MOVF        R2, 0, 0
;__Lib_MathDouble.c,482 :: 		
0x0132	0xB4D8      	BTFSC       STATUS, 2, 0
;__Lib_MathDouble.c,483 :: 		
0x0134	0xF000EFAE  	GOTO        JPNRES032
;__Lib_MathDouble.c,484 :: 		
NORM3232:
;__Lib_MathDouble.c,485 :: 		
0x0138	0x500E      	MOVF        R14, 0, 0
;__Lib_MathDouble.c,486 :: 		
0x013A	0x5E03      	SUBWF       R3, 1, 0
;__Lib_MathDouble.c,487 :: 		
0x013C	0xA4D8      	BTFSS       STATUS, 2, 0
;__Lib_MathDouble.c,488 :: 		
0x013E	0xA0D8      	BTFSS       STATUS, 0, 0
;__Lib_MathDouble.c,489 :: 		
0x0140	0xF000EFB3  	GOTO        JPNSETFUN32
;__Lib_MathDouble.c,490 :: 		
0x0144	0x90D8      	BCF         STATUS, 0, 0
;__Lib_MathDouble.c,491 :: 		
NORM3232A:
;__Lib_MathDouble.c,492 :: 		
0x0146	0xBE02      	BTFSC       R2, 7, 0
;__Lib_MathDouble.c,493 :: 		
0x0148	0xF000EFB8  	GOTO        JMPNFIXSIGN32
;__Lib_MathDouble.c,494 :: 		
0x014C	0x3600      	RLCF        R0, 1, 0
;__Lib_MathDouble.c,495 :: 		
0x014E	0x3601      	RLCF        R1, 1, 0
;__Lib_MathDouble.c,496 :: 		
0x0150	0x3602      	RLCF        R2, 1, 0
;__Lib_MathDouble.c,497 :: 		
0x0152	0x2E03      	DECFSZ      R3, 1, 0
;__Lib_MathDouble.c,498 :: 		
0x0154	0xF000EFA3  	GOTO        NORM3232A
;__Lib_MathDouble.c,499 :: 		
0x0158	0xF000EFB3  	GOTO        JPNSETFUN32
;__Lib_MathDouble.c,500 :: 		
JPNRES032:
;__Lib_MathDouble.c,501 :: 		
0x015C	0x0E01      	MOVLW       1
;__Lib_MathDouble.c,502 :: 		
0x015E	0x6E0C      	MOVWF       R12, 0
;__Lib_MathDouble.c,504 :: 		
0x0160	0xDF7D      	RCALL       _RES032
;__Lib_MathDouble.c,506 :: 		
0x0162	0xF000EFBB  	GOTO        NORM32EEE
;__Lib_MathDouble.c,507 :: 		
JPNSETFUN32:
;__Lib_MathDouble.c,508 :: 		
0x0166	0x0E02      	MOVLW       2
;__Lib_MathDouble.c,509 :: 		
0x0168	0x6E0C      	MOVWF       R12, 0
;__Lib_MathDouble.c,511 :: 		
0x016A	0xDF6B      	RCALL       _SETFUN32
;__Lib_MathDouble.c,513 :: 		
0x016C	0xF000EFBB  	GOTO        NORM32EEE
;__Lib_MathDouble.c,514 :: 		
JMPNFIXSIGN32:
;__Lib_MathDouble.c,515 :: 		
0x0170	0x0E04      	MOVLW       4
;__Lib_MathDouble.c,516 :: 		
0x0172	0x6E0C      	MOVWF       R12, 0
;__Lib_MathDouble.c,518 :: 		
0x0174	0xDFB8      	RCALL       _FIXSIGN32
;__Lib_MathDouble.c,520 :: 		
NORM32EEE:
;__Lib_MathDouble.c,527 :: 		
L_end_NRM3232:
0x0176	0x0012      	RETURN      0
; end of _NRM3232
_SETIOV3224:
;__Lib_MathDouble.c,530 :: 		
;__Lib_MathDouble.c,537 :: 		
0x0178	0x800B      	BSF         R11, 0, 0
;__Lib_MathDouble.c,538 :: 		
0x017A	0xAE0B      	BTFSS       R11, 7, 0
;__Lib_MathDouble.c,539 :: 		
0x017C	0xF000EFC8  	GOTO        SETIOV3224EEE
;__Lib_MathDouble.c,541 :: 		
0x0180	0x6A02      	CLRF        R2, 0
;__Lib_MathDouble.c,542 :: 		
0x0182	0xAE0A      	BTFSS       R10, 7, 0
;__Lib_MathDouble.c,543 :: 		
0x0184	0x0EFF      	MOVLW       255
;__Lib_MathDouble.c,544 :: 		
0x0186	0x6E02      	MOVWF       R2, 0
;__Lib_MathDouble.c,545 :: 		
0x0188	0x6E01      	MOVWF       R1, 0
;__Lib_MathDouble.c,546 :: 		
0x018A	0x6E00      	MOVWF       R0, 0
;__Lib_MathDouble.c,547 :: 		
0x018C	0x360A      	RLCF        R10, 1, 0
;__Lib_MathDouble.c,548 :: 		
0x018E	0x3202      	RRCF        R2, 1, 0
;__Lib_MathDouble.c,549 :: 		
SETIOV3224EEE:
;__Lib_MathDouble.c,550 :: 		
0x0190	0x0EFF      	MOVLW       255
;__Lib_MathDouble.c,552 :: 		
L_end_SETIOV3224:
0x0192	0x0012      	RETURN      0
; end of _SETIOV3224
_SETFOV32:
;__Lib_MathDouble.c,82 :: 		
;__Lib_MathDouble.c,90 :: 		
0x0194	0x820B      	BSF         R11, 1, 0
;__Lib_MathDouble.c,91 :: 		
0x0196	0xAE0B      	BTFSS       R11, 7, 0
;__Lib_MathDouble.c,92 :: 		
0x0198	0xF000EFD4  	GOTO        SETFOV32EEE
;__Lib_MathDouble.c,94 :: 		
0x019C	0x6803      	SETF        R3, 0
;__Lib_MathDouble.c,95 :: 		
0x019E	0x6802      	SETF        R2, 0
;__Lib_MathDouble.c,96 :: 		
0x01A0	0x6801      	SETF        R1, 0
;__Lib_MathDouble.c,97 :: 		
0x01A2	0x6800      	SETF        R0, 0
;__Lib_MathDouble.c,98 :: 		
0x01A4	0x360A      	RLCF        R10, 1, 0
;__Lib_MathDouble.c,99 :: 		
0x01A6	0x3202      	RRCF        R2, 1, 0
;__Lib_MathDouble.c,100 :: 		
SETFOV32EEE:
;__Lib_MathDouble.c,101 :: 		
0x01A8	0x0EFF      	MOVLW       255
;__Lib_MathDouble.c,103 :: 		
L_end_SETFOV32:
0x01AA	0x0012      	RETURN      0
; end of _SETFOV32
_Div_16X16_U:
;__Lib_Math.c,102 :: 		
;__Lib_Math.c,109 :: 		
0x01AC	0x6A08      	CLRF        R8, 0
;__Lib_Math.c,110 :: 		
0x01AE	0x6A09      	CLRF        R9, 0
;__Lib_Math.c,111 :: 		
0x01B0	0x0E10      	MOVLW       16
;__Lib_Math.c,112 :: 		
0x01B2	0x6E0C      	MOVWF       R12, 0
;__Lib_Math.c,113 :: 		
0x01B4	0x3401      	RLCF        R1, 0, 0
;__Lib_Math.c,114 :: 		
0x01B6	0x3608      	RLCF        R8, 1, 0
;__Lib_Math.c,115 :: 		
0x01B8	0x3609      	RLCF        R9, 1, 0
;__Lib_Math.c,116 :: 		
0x01BA	0x5004      	MOVF        R4, 0, 0
;__Lib_Math.c,117 :: 		
0x01BC	0x5E08      	SUBWF       R8, 1, 0
;__Lib_Math.c,118 :: 		
0x01BE	0x5005      	MOVF        R5, 0, 0
;__Lib_Math.c,119 :: 		
0x01C0	0xA0D8      	BTFSS       STATUS, 0, 0
;__Lib_Math.c,120 :: 		
0x01C2	0x3C05      	INCFSZ      R5, 0, 0
;__Lib_Math.c,121 :: 		
0x01C4	0x5E09      	SUBWF       R9, 1, 0
;__Lib_Math.c,122 :: 		
0x01C6	0xB0D8      	BTFSC       STATUS, 0, 0
;__Lib_Math.c,123 :: 		
0x01C8	0xD007      	BRA         $+16
;__Lib_Math.c,124 :: 		
0x01CA	0x5004      	MOVF        R4, 0, 0
;__Lib_Math.c,125 :: 		
0x01CC	0x2608      	ADDWF       R8, 1, 0
;__Lib_Math.c,126 :: 		
0x01CE	0x5005      	MOVF        R5, 0, 0
;__Lib_Math.c,127 :: 		
0x01D0	0xB0D8      	BTFSC       STATUS, 0, 0
;__Lib_Math.c,128 :: 		
0x01D2	0x3C05      	INCFSZ      R5, 0, 0
;__Lib_Math.c,129 :: 		
0x01D4	0x2609      	ADDWF       R9, 1, 0
;__Lib_Math.c,130 :: 		
0x01D6	0x90D8      	BCF         STATUS, 0, 0
;__Lib_Math.c,131 :: 		
0x01D8	0x3600      	RLCF        R0, 1, 0
;__Lib_Math.c,132 :: 		
0x01DA	0x3601      	RLCF        R1, 1, 0
;__Lib_Math.c,133 :: 		
0x01DC	0x2E0C      	DECFSZ      R12, 1, 0
;__Lib_Math.c,134 :: 		
0x01DE	0xD7EA      	BRA         $-42
;__Lib_Math.c,136 :: 		
L_end_Div_16X16_U:
0x01E0	0x0012      	RETURN      0
; end of _Div_16X16_U
___CC2DW:
;__Lib_System.c,21 :: 		
;__Lib_System.c,23 :: 		
_CC2DL_Loop1:
;__Lib_System.c,24 :: 		
0x01E2	0x0009      	TBLRD*+
;__Lib_System.c,25 :: 		
0x01E4	0xFFE6CFF5  	MOVFF       TABLAT, POSTINC1
;__Lib_System.c,26 :: 		
0x01E8	0x0600      	DECF        R0, 1, 0
;__Lib_System.c,27 :: 		
0x01EA	0xE1FB      	BNZ         _CC2DL_Loop1
;__Lib_System.c,28 :: 		
0x01EC	0x0601      	DECF        R1, 1, 0
;__Lib_System.c,29 :: 		
0x01EE	0xE1F9      	BNZ         _CC2DL_Loop1
;__Lib_System.c,31 :: 		
L_end___CC2DW:
0x01F0	0x0012      	RETURN      0
; end of ___CC2DW
_Lcd_Init:
;__Lib_Lcd.c,84 :: 		
;__Lib_Lcd.c,86 :: 		
0x01F2	0x9296      	BCF         LCD_EN_Direction, BitPos(LCD_EN_Direction+0) 
;__Lib_Lcd.c,87 :: 		
0x01F4	0x9496      	BCF         LCD_RS_Direction, BitPos(LCD_RS_Direction+0) 
;__Lib_Lcd.c,88 :: 		
0x01F6	0x9895      	BCF         LCD_D4_Direction, BitPos(LCD_D4_Direction+0) 
;__Lib_Lcd.c,89 :: 		
0x01F8	0x9A95      	BCF         LCD_D5_Direction, BitPos(LCD_D5_Direction+0) 
;__Lib_Lcd.c,90 :: 		
0x01FA	0x9C95      	BCF         LCD_D6_Direction, BitPos(LCD_D6_Direction+0) 
;__Lib_Lcd.c,91 :: 		
0x01FC	0x9E95      	BCF         LCD_D7_Direction, BitPos(LCD_D7_Direction+0) 
;__Lib_Lcd.c,93 :: 		
0x01FE	0x928D      	BCF         LCD_EN, BitPos(LCD_EN+0) 
;__Lib_Lcd.c,94 :: 		
0x0200	0x948D      	BCF         LCD_RS, BitPos(LCD_RS+0) 
;__Lib_Lcd.c,95 :: 		
0x0202	0x9E8C      	BCF         LCD_D7, BitPos(LCD_D7+0) 
;__Lib_Lcd.c,96 :: 		
0x0204	0x9C8C      	BCF         LCD_D6, BitPos(LCD_D6+0) 
;__Lib_Lcd.c,97 :: 		
0x0206	0x9A8C      	BCF         LCD_D5, BitPos(LCD_D5+0) 
;__Lib_Lcd.c,98 :: 		
0x0208	0x988C      	BCF         LCD_D4, BitPos(LCD_D4+0) 
;__Lib_Lcd.c,100 :: 		
0x020A	0xDF0D      	RCALL       _Delay_5500us
;__Lib_Lcd.c,101 :: 		
0x020C	0xDF0C      	RCALL       _Delay_5500us
;__Lib_Lcd.c,102 :: 		
0x020E	0xDF0B      	RCALL       _Delay_5500us
;__Lib_Lcd.c,105 :: 		
0x0210	0x8A8C      	BSF         LCD_D5, BitPos(LCD_D5+0) 
;__Lib_Lcd.c,106 :: 		
0x0212	0x888C      	BSF         LCD_D4, BitPos(LCD_D4+0) 
;__Lib_Lcd.c,107 :: 		
0x0214	0x828D      	BSF         LCD_EN, BitPos(LCD_EN+0) 
;__Lib_Lcd.c,108 :: 		
0x0216	0xDF12      	RCALL       _Delay_1us
;__Lib_Lcd.c,109 :: 		
0x0218	0x928D      	BCF         LCD_EN, BitPos(LCD_EN+0) 
;__Lib_Lcd.c,110 :: 		
0x021A	0xDF05      	RCALL       _Delay_5500us
;__Lib_Lcd.c,112 :: 		
0x021C	0x828D      	BSF         LCD_EN, BitPos(LCD_EN+0) 
;__Lib_Lcd.c,113 :: 		
0x021E	0xDF0E      	RCALL       _Delay_1us
;__Lib_Lcd.c,114 :: 		
0x0220	0x928D      	BCF         LCD_EN, BitPos(LCD_EN+0) 
;__Lib_Lcd.c,115 :: 		
0x0222	0xDF01      	RCALL       _Delay_5500us
;__Lib_Lcd.c,117 :: 		
0x0224	0x828D      	BSF         LCD_EN, BitPos(LCD_EN+0) 
;__Lib_Lcd.c,118 :: 		
0x0226	0xDF0A      	RCALL       _Delay_1us
;__Lib_Lcd.c,119 :: 		
0x0228	0x928D      	BCF         LCD_EN, BitPos(LCD_EN+0) 
;__Lib_Lcd.c,120 :: 		
0x022A	0xDEFD      	RCALL       _Delay_5500us
;__Lib_Lcd.c,123 :: 		
0x022C	0x988C      	BCF         LCD_D4, BitPos(LCD_D4+0) 
;__Lib_Lcd.c,124 :: 		
0x022E	0x828D      	BSF         LCD_EN, BitPos(LCD_EN+0) 
;__Lib_Lcd.c,125 :: 		
0x0230	0xDF05      	RCALL       _Delay_1us
;__Lib_Lcd.c,126 :: 		
0x0232	0x928D      	BCF         LCD_EN, BitPos(LCD_EN+0) 
;__Lib_Lcd.c,127 :: 		
0x0234	0xDEF8      	RCALL       _Delay_5500us
;__Lib_Lcd.c,130 :: 		
0x0236	0x828D      	BSF         LCD_EN, BitPos(LCD_EN+0) 
;__Lib_Lcd.c,131 :: 		
0x0238	0xDF01      	RCALL       _Delay_1us
;__Lib_Lcd.c,132 :: 		
0x023A	0x928D      	BCF         LCD_EN, BitPos(LCD_EN+0) 
;__Lib_Lcd.c,134 :: 		
0x023C	0x9A8C      	BCF         LCD_D5, BitPos(LCD_D5+0) 
;__Lib_Lcd.c,135 :: 		
0x023E	0x8E8C      	BSF         LCD_D7, BitPos(LCD_D7+0) 
;__Lib_Lcd.c,136 :: 		
0x0240	0x828D      	BSF         LCD_EN, BitPos(LCD_EN+0) 
;__Lib_Lcd.c,137 :: 		
0x0242	0xDEFC      	RCALL       _Delay_1us
;__Lib_Lcd.c,138 :: 		
0x0244	0x928D      	BCF         LCD_EN, BitPos(LCD_EN+0) 
;__Lib_Lcd.c,139 :: 		
0x0246	0xDEEF      	RCALL       _Delay_5500us
;__Lib_Lcd.c,142 :: 		
0x0248	0x9E8C      	BCF         LCD_D7, BitPos(LCD_D7+0) 
;__Lib_Lcd.c,143 :: 		
0x024A	0x888C      	BSF         LCD_D4, BitPos(LCD_D4+0) 
;__Lib_Lcd.c,144 :: 		
0x024C	0x828D      	BSF         LCD_EN, BitPos(LCD_EN+0) 
;__Lib_Lcd.c,145 :: 		
0x024E	0xDEF6      	RCALL       _Delay_1us
;__Lib_Lcd.c,146 :: 		
0x0250	0x928D      	BCF         LCD_EN, BitPos(LCD_EN+0) 
;__Lib_Lcd.c,148 :: 		
0x0252	0x988C      	BCF         LCD_D4, BitPos(LCD_D4+0) 
;__Lib_Lcd.c,149 :: 		
0x0254	0x828D      	BSF         LCD_EN, BitPos(LCD_EN+0) 
;__Lib_Lcd.c,150 :: 		
0x0256	0xDEF2      	RCALL       _Delay_1us
;__Lib_Lcd.c,151 :: 		
0x0258	0x928D      	BCF         LCD_EN, BitPos(LCD_EN+0) 
;__Lib_Lcd.c,152 :: 		
0x025A	0xDEE5      	RCALL       _Delay_5500us
;__Lib_Lcd.c,155 :: 		
0x025C	0x828D      	BSF         LCD_EN, BitPos(LCD_EN+0) 
;__Lib_Lcd.c,156 :: 		
0x025E	0xDEEE      	RCALL       _Delay_1us
;__Lib_Lcd.c,157 :: 		
0x0260	0x928D      	BCF         LCD_EN, BitPos(LCD_EN+0) 
;__Lib_Lcd.c,159 :: 		
0x0262	0x888C      	BSF         LCD_D4, BitPos(LCD_D4+0) 
;__Lib_Lcd.c,160 :: 		
0x0264	0x828D      	BSF         LCD_EN, BitPos(LCD_EN+0) 
;__Lib_Lcd.c,161 :: 		
0x0266	0xDEEA      	RCALL       _Delay_1us
;__Lib_Lcd.c,162 :: 		
0x0268	0x928D      	BCF         LCD_EN, BitPos(LCD_EN+0) 
;__Lib_Lcd.c,163 :: 		
0x026A	0xDEDD      	RCALL       _Delay_5500us
;__Lib_Lcd.c,166 :: 		
0x026C	0x988C      	BCF         LCD_D4, BitPos(LCD_D4+0) 
;__Lib_Lcd.c,167 :: 		
0x026E	0x828D      	BSF         LCD_EN, BitPos(LCD_EN+0) 
;__Lib_Lcd.c,168 :: 		
0x0270	0xDEE5      	RCALL       _Delay_1us
;__Lib_Lcd.c,169 :: 		
0x0272	0x928D      	BCF         LCD_EN, BitPos(LCD_EN+0) 
;__Lib_Lcd.c,171 :: 		
0x0274	0x8E8C      	BSF         LCD_D7, BitPos(LCD_D7+0) 
;__Lib_Lcd.c,172 :: 		
0x0276	0x8C8C      	BSF         LCD_D6, BitPos(LCD_D6+0) 
;__Lib_Lcd.c,173 :: 		
0x0278	0x8A8C      	BSF         LCD_D5, BitPos(LCD_D5+0) 
;__Lib_Lcd.c,174 :: 		
0x027A	0x888C      	BSF         LCD_D4, BitPos(LCD_D4+0) 
;__Lib_Lcd.c,175 :: 		
0x027C	0x828D      	BSF         LCD_EN, BitPos(LCD_EN+0) 
;__Lib_Lcd.c,176 :: 		
0x027E	0xDEDE      	RCALL       _Delay_1us
;__Lib_Lcd.c,177 :: 		
0x0280	0x928D      	BCF         LCD_EN, BitPos(LCD_EN+0) 
;__Lib_Lcd.c,179 :: 		
0x0282	0xDED1      	RCALL       _Delay_5500us
;__Lib_Lcd.c,181 :: 		
0x0284	0x801E      	BSF         __Lib_Lcd_cmd_status, BitPos(__Lib_Lcd_cmd_status+0) 
;__Lib_Lcd.c,182 :: 		
L_end_Lcd_Init:
0x0286	0x0012      	RETURN      0
; end of _Lcd_Init
_ConfigMCU:
;unit03_03_formatNumbers.c,109 :: 		void ConfigMCU()                     // Config MCU's PORTS
;unit03_03_formatNumbers.c,116 :: 		ADCON1 |= 0B00001101;              // AN0 e AN1 see datasheet
0x0288	0x0E0D      	MOVLW       13
0x028A	0x12C1      	IORWF       ADCON1, 1 
;unit03_03_formatNumbers.c,119 :: 		TRISA.RA0 = 1;
0x028C	0x8092      	BSF         TRISA, 0 
;unit03_03_formatNumbers.c,120 :: 		PORTA.RA0 = 1;
0x028E	0x8080      	BSF         PORTA, 0 
;unit03_03_formatNumbers.c,122 :: 		TRISA.RA1 = 1;
0x0290	0x8292      	BSF         TRISA, 1 
;unit03_03_formatNumbers.c,123 :: 		PORTA.RA1 = 1;
0x0292	0x8280      	BSF         PORTA, 1 
;unit03_03_formatNumbers.c,125 :: 		}
L_end_ConfigMCU:
0x0294	0x0012      	RETURN      0
; end of _ConfigMCU
_Lcd_Out:
;__Lib_Lcd.c,184 :: 		
;__Lib_Lcd.c,187 :: 		
0x0296	0xD00F      	BRA         L_Lcd_Out11
;__Lib_Lcd.c,188 :: 		
L_Lcd_Out13:
0x0298	0x0E80      	MOVLW       128
0x029A	0x6E2D      	MOVWF       FARG_Lcd_Out_row 
0x029C	0xD019      	BRA         L_Lcd_Out12
;__Lib_Lcd.c,189 :: 		
L_Lcd_Out14:
0x029E	0x0EC0      	MOVLW       192
0x02A0	0x6E2D      	MOVWF       FARG_Lcd_Out_row 
0x02A2	0xD016      	BRA         L_Lcd_Out12
;__Lib_Lcd.c,190 :: 		
L_Lcd_Out15:
0x02A4	0x0E94      	MOVLW       148
0x02A6	0x6E2D      	MOVWF       FARG_Lcd_Out_row 
0x02A8	0xD013      	BRA         L_Lcd_Out12
;__Lib_Lcd.c,191 :: 		
L_Lcd_Out16:
0x02AA	0x0ED4      	MOVLW       212
0x02AC	0x6E2D      	MOVWF       FARG_Lcd_Out_row 
0x02AE	0xD010      	BRA         L_Lcd_Out12
;__Lib_Lcd.c,192 :: 		
L_Lcd_Out17:
0x02B0	0x0E80      	MOVLW       128
0x02B2	0x6E2D      	MOVWF       FARG_Lcd_Out_row 
;__Lib_Lcd.c,193 :: 		
0x02B4	0xD00D      	BRA         L_Lcd_Out12
L_Lcd_Out11:
0x02B6	0x502D      	MOVF        FARG_Lcd_Out_row, 0 
0x02B8	0x0A01      	XORLW       1
0x02BA	0xE0EE      	BZ          L_Lcd_Out13
0x02BC	0x502D      	MOVF        FARG_Lcd_Out_row, 0 
0x02BE	0x0A02      	XORLW       2
0x02C0	0xE0EE      	BZ          L_Lcd_Out14
0x02C2	0x502D      	MOVF        FARG_Lcd_Out_row, 0 
0x02C4	0x0A03      	XORLW       3
0x02C6	0xE0EE      	BZ          L_Lcd_Out15
0x02C8	0x502D      	MOVF        FARG_Lcd_Out_row, 0 
0x02CA	0x0A04      	XORLW       4
0x02CC	0xE0EE      	BZ          L_Lcd_Out16
0x02CE	0xD7F0      	BRA         L_Lcd_Out17
L_Lcd_Out12:
;__Lib_Lcd.c,194 :: 		
0x02D0	0x042E      	DECF        FARG_Lcd_Out_column, 0 
0x02D2	0x6E00      	MOVWF       R0 
0x02D4	0x502D      	MOVF        FARG_Lcd_Out_row, 0 
0x02D6	0x2600      	ADDWF       R0, 1 
0x02D8	0xF02DC000  	MOVFF       R0, FARG_Lcd_Out_row
;__Lib_Lcd.c,196 :: 		
0x02DC	0xF035C000  	MOVFF       R0, FARG_Lcd_Cmd_out_char
0x02E0	0xDEC4      	RCALL       _Lcd_Cmd
;__Lib_Lcd.c,197 :: 		
0x02E2	0x901E      	BCF         __Lib_Lcd_cmd_status, BitPos(__Lib_Lcd_cmd_status+0) 
;__Lib_Lcd.c,198 :: 		
0x02E4	0x6A31      	CLRF        Lcd_Out_i_L0 
;__Lib_Lcd.c,199 :: 		
L_Lcd_Out18:
0x02E6	0x5031      	MOVF        Lcd_Out_i_L0, 0 
0x02E8	0x242F      	ADDWF       FARG_Lcd_Out_text, 0 
0x02EA	0x6EE9      	MOVWF       FSR0L 
0x02EC	0x0E00      	MOVLW       0
0x02EE	0x2030      	ADDWFC      FARG_Lcd_Out_text+1, 0 
0x02F0	0x6EEA      	MOVWF       FSR0L+1 
0x02F2	0x52EE      	MOVF        POSTINC0, 1 
0x02F4	0xE00B      	BZ          L_Lcd_Out19
;__Lib_Lcd.c,200 :: 		
0x02F6	0x5031      	MOVF        Lcd_Out_i_L0, 0 
0x02F8	0x242F      	ADDWF       FARG_Lcd_Out_text, 0 
0x02FA	0x6EE9      	MOVWF       FSR0L 
0x02FC	0x0E00      	MOVLW       0
0x02FE	0x2030      	ADDWFC      FARG_Lcd_Out_text+1, 0 
0x0300	0x6EEA      	MOVWF       FSR0L+1 
0x0302	0xF034CFEE  	MOVFF       POSTINC0, FARG_Lcd_Chr_CP_out_char
0x0306	0xDEF3      	RCALL       _Lcd_Chr_CP
0x0308	0x2A31      	INCF        Lcd_Out_i_L0, 1 
0x030A	0xD7ED      	BRA         L_Lcd_Out18
L_Lcd_Out19:
;__Lib_Lcd.c,201 :: 		
0x030C	0x801E      	BSF         __Lib_Lcd_cmd_status, BitPos(__Lib_Lcd_cmd_status+0) 
;__Lib_Lcd.c,202 :: 		
L_end_Lcd_Out:
0x030E	0x0012      	RETURN      0
; end of _Lcd_Out
_Mul_32x32_FP:
;__Lib_MathDouble.c,1130 :: 		
;__Lib_MathDouble.c,1148 :: 		
0x0310	0x6A08      	CLRF        R8, 0
;__Lib_MathDouble.c,1149 :: 		
0x0312	0x6A09      	CLRF        R9, 0
;__Lib_MathDouble.c,1151 :: 		
0x0314	0x0E00      	MOVLW       0
;__Lib_MathDouble.c,1152 :: 		
0x0316	0x6207      	CPFSEQ      R7, 0
;__Lib_MathDouble.c,1153 :: 		
0x0318	0x6403      	CPFSGT      R3, 0
;__Lib_MathDouble.c,1154 :: 		
0x031A	0xF002EF0D  	GOTO        MULJPRES032
;__Lib_MathDouble.c,1157 :: 		
0x031E	0x5002      	MOVF        R2, 0, 0
;__Lib_MathDouble.c,1158 :: 		
0x0320	0x1806      	XORWF       R6, 0, 0
;__Lib_MathDouble.c,1159 :: 		
0x0322	0x6E0A      	MOVWF       R10, 0
;__Lib_MathDouble.c,1161 :: 		
0x0324	0x5007      	MOVF        R7, 0, 0
;__Lib_MathDouble.c,1162 :: 		
0x0326	0x2603      	ADDWF       R3, 1, 0
;__Lib_MathDouble.c,1163 :: 		
0x0328	0x0E7E      	MOVLW       126
;__Lib_MathDouble.c,1164 :: 		
0x032A	0xA0D8      	BTFSS       STATUS, 0, 0
;__Lib_MathDouble.c,1165 :: 		
0x032C	0xF001EF9E  	GOTO        MTUN32
;__Lib_MathDouble.c,1167 :: 		
0x0330	0x5E03      	SUBWF       R3, 1, 0
;__Lib_MathDouble.c,1168 :: 		
0x0332	0xB0D8      	BTFSC       STATUS, 0, 0
;__Lib_MathDouble.c,1169 :: 		
0x0334	0xF002EF11  	GOTO        MULJPSETFOV32
;__Lib_MathDouble.c,1170 :: 		
0x0338	0xF001EFA2  	GOTO        MOK32
;__Lib_MathDouble.c,1172 :: 		
MTUN32:
;__Lib_MathDouble.c,1173 :: 		
0x033C	0x5E03      	SUBWF       R3, 1, 0
;__Lib_MathDouble.c,1174 :: 		
0x033E	0xA0D8      	BTFSS       STATUS, 0, 0
;__Lib_MathDouble.c,1175 :: 		
0x0340	0xF002EF15  	GOTO        MULJPSETFUN32
;__Lib_MathDouble.c,1177 :: 		
MOK32:
;__Lib_MathDouble.c,1178 :: 		
0x0344	0x8E02      	BSF         R2, 7, 0
;__Lib_MathDouble.c,1179 :: 		
0x0346	0x8E06      	BSF         R6, 7, 0
;__Lib_MathDouble.c,1181 :: 		
0x0348	0xF00EC002  	MOVFF       R2, R14
;__Lib_MathDouble.c,1182 :: 		
0x034C	0xF00BC001  	MOVFF       R1, R11
;__Lib_MathDouble.c,1183 :: 		
0x0350	0xF00DC000  	MOVFF       R0, R13
;__Lib_MathDouble.c,1185 :: 		
0x0354	0x5000      	MOVF        R0, 0, 0
;__Lib_MathDouble.c,1186 :: 		
0x0356	0x0204      	MULWF       R4, 0
;__Lib_MathDouble.c,1187 :: 		
0x0358	0xF00CCFF4  	MOVFF       PRODH, R12
;__Lib_MathDouble.c,1189 :: 		
0x035C	0x5001      	MOVF        R1, 0, 0
;__Lib_MathDouble.c,1190 :: 		
0x035E	0x0205      	MULWF       R5, 0
;__Lib_MathDouble.c,1191 :: 		
0x0360	0xF000CFF4  	MOVFF       PRODH, R0
;__Lib_MathDouble.c,1192 :: 		
0x0364	0xF008CFF3  	MOVFF       PRODL, R8
;__Lib_MathDouble.c,1194 :: 		
0x0368	0x0204      	MULWF       R4, 0
;__Lib_MathDouble.c,1195 :: 		
0x036A	0x50F3      	MOVF        PRODL, 0, 0
;__Lib_MathDouble.c,1196 :: 		
0x036C	0x260C      	ADDWF       R12, 1, 0
;__Lib_MathDouble.c,1197 :: 		
0x036E	0x50F4      	MOVF        PRODH, 0, 0
;__Lib_MathDouble.c,1198 :: 		
0x0370	0x2208      	ADDWFC      R8, 1, 0
;__Lib_MathDouble.c,1199 :: 		
0x0372	0x0E00      	MOVLW       0
;__Lib_MathDouble.c,1200 :: 		
0x0374	0x2200      	ADDWFC      R0, 1, 0
;__Lib_MathDouble.c,1202 :: 		
0x0376	0x500D      	MOVF        R13, 0, 0
;__Lib_MathDouble.c,1203 :: 		
0x0378	0x0205      	MULWF       R5, 0
;__Lib_MathDouble.c,1204 :: 		
0x037A	0x50F3      	MOVF        PRODL, 0, 0
;__Lib_MathDouble.c,1205 :: 		
0x037C	0x260C      	ADDWF       R12, 1, 0
;__Lib_MathDouble.c,1206 :: 		
0x037E	0x50F4      	MOVF        PRODH, 0, 0
;__Lib_MathDouble.c,1207 :: 		
0x0380	0x2208      	ADDWFC      R8, 1, 0
;__Lib_MathDouble.c,1208 :: 		
0x0382	0x0E00      	MOVLW       0
;__Lib_MathDouble.c,1209 :: 		
0x0384	0x2200      	ADDWFC      R0, 1, 0
;__Lib_MathDouble.c,1211 :: 		
0x0386	0x5002      	MOVF        R2, 0, 0
;__Lib_MathDouble.c,1212 :: 		
0x0388	0x0204      	MULWF       R4, 0
;__Lib_MathDouble.c,1213 :: 		
0x038A	0x50F3      	MOVF        PRODL, 0, 0
;__Lib_MathDouble.c,1214 :: 		
0x038C	0x2608      	ADDWF       R8, 1, 0
;__Lib_MathDouble.c,1215 :: 		
0x038E	0x50F4      	MOVF        PRODH, 0, 0
;__Lib_MathDouble.c,1216 :: 		
0x0390	0x2200      	ADDWFC      R0, 1, 0
;__Lib_MathDouble.c,1217 :: 		
0x0392	0x5002      	MOVF        R2, 0, 0
;__Lib_MathDouble.c,1218 :: 		
0x0394	0x0205      	MULWF       R5, 0
;__Lib_MathDouble.c,1219 :: 		
0x0396	0x6A01      	CLRF        R1, 0
;__Lib_MathDouble.c,1220 :: 		
0x0398	0x0E00      	MOVLW       0
;__Lib_MathDouble.c,1221 :: 		
0x039A	0x2201      	ADDWFC      R1, 1, 0
;__Lib_MathDouble.c,1222 :: 		
0x039C	0x50F3      	MOVF        PRODL, 0, 0
;__Lib_MathDouble.c,1223 :: 		
0x039E	0x2600      	ADDWF       R0, 1, 0
;__Lib_MathDouble.c,1224 :: 		
0x03A0	0x50F4      	MOVF        PRODH, 0, 0
;__Lib_MathDouble.c,1225 :: 		
0x03A2	0x2201      	ADDWFC      R1, 1, 0
;__Lib_MathDouble.c,1227 :: 		
0x03A4	0x500D      	MOVF        R13, 0, 0
;__Lib_MathDouble.c,1228 :: 		
0x03A6	0x0206      	MULWF       R6, 0
;__Lib_MathDouble.c,1229 :: 		
0x03A8	0x50F3      	MOVF        PRODL, 0, 0
;__Lib_MathDouble.c,1230 :: 		
0x03AA	0x2608      	ADDWF       R8, 1, 0
;__Lib_MathDouble.c,1231 :: 		
0x03AC	0x50F4      	MOVF        PRODH, 0, 0
;__Lib_MathDouble.c,1232 :: 		
0x03AE	0x2200      	ADDWFC      R0, 1, 0
;__Lib_MathDouble.c,1233 :: 		
0x03B0	0x6A02      	CLRF        R2, 0
;__Lib_MathDouble.c,1234 :: 		
0x03B2	0x0E00      	MOVLW       0
;__Lib_MathDouble.c,1235 :: 		
0x03B4	0x2201      	ADDWFC      R1, 1, 0
;__Lib_MathDouble.c,1236 :: 		
0x03B6	0x2202      	ADDWFC      R2, 1, 0
;__Lib_MathDouble.c,1238 :: 		
0x03B8	0x500B      	MOVF        R11, 0, 0
;__Lib_MathDouble.c,1239 :: 		
0x03BA	0x0206      	MULWF       R6, 0
;__Lib_MathDouble.c,1240 :: 		
0x03BC	0x50F3      	MOVF        PRODL, 0, 0
;__Lib_MathDouble.c,1241 :: 		
0x03BE	0x2600      	ADDWF       R0, 1, 0
;__Lib_MathDouble.c,1242 :: 		
0x03C0	0x50F4      	MOVF        PRODH, 0, 0
;__Lib_MathDouble.c,1243 :: 		
0x03C2	0x2201      	ADDWFC      R1, 1, 0
;__Lib_MathDouble.c,1244 :: 		
0x03C4	0x0E00      	MOVLW       0
;__Lib_MathDouble.c,1245 :: 		
0x03C6	0x2202      	ADDWFC      R2, 1, 0
;__Lib_MathDouble.c,1247 :: 		
0x03C8	0x500E      	MOVF        R14, 0, 0
;__Lib_MathDouble.c,1248 :: 		
0x03CA	0x0206      	MULWF       R6, 0
;__Lib_MathDouble.c,1249 :: 		
0x03CC	0x50F3      	MOVF        PRODL, 0, 0
;__Lib_MathDouble.c,1250 :: 		
0x03CE	0x2601      	ADDWF       R1, 1, 0
;__Lib_MathDouble.c,1251 :: 		
0x03D0	0x50F4      	MOVF        PRODH, 0, 0
;__Lib_MathDouble.c,1252 :: 		
0x03D2	0x2202      	ADDWFC      R2, 1, 0
;__Lib_MathDouble.c,1254 :: 		
0x03D4	0xBE02      	BTFSC       R2, 7, 0
;__Lib_MathDouble.c,1255 :: 		
0x03D6	0xF001EFF5  	GOTO        MROUND32
;__Lib_MathDouble.c,1256 :: 		
0x03DA	0x3608      	RLCF        R8, 1, 0
;__Lib_MathDouble.c,1257 :: 		
0x03DC	0x3600      	RLCF        R0, 1, 0
;__Lib_MathDouble.c,1258 :: 		
0x03DE	0x3601      	RLCF        R1, 1, 0
;__Lib_MathDouble.c,1259 :: 		
0x03E0	0x3602      	RLCF        R2, 1, 0
;__Lib_MathDouble.c,1260 :: 		
0x03E2	0x0603      	DECF        R3, 1, 0
;__Lib_MathDouble.c,1261 :: 		
0x03E4	0xB4D8      	BTFSC       STATUS, 2, 0
;__Lib_MathDouble.c,1262 :: 		
0x03E6	0xF002EF15  	GOTO        MULJPSETFUN32
;__Lib_MathDouble.c,1264 :: 		
MROUND32:
;__Lib_MathDouble.c,1267 :: 		
0x03EA	0xF002EF08  	GOTO        MUL32OK
;__Lib_MathDouble.c,1268 :: 		
0x03EE	0x80D8      	BSF         STATUS, 0, 0
;__Lib_MathDouble.c,1269 :: 		
0x03F0	0x0E80      	MOVLW       128
;__Lib_MathDouble.c,1270 :: 		
0x03F2	0x6408      	CPFSGT      R8, 0
;__Lib_MathDouble.c,1271 :: 		
0x03F4	0x3000      	RRCF        R0, 0, 0
;__Lib_MathDouble.c,1272 :: 		
0x03F6	0x0E00      	MOVLW       0
;__Lib_MathDouble.c,1273 :: 		
0x03F8	0x2200      	ADDWFC      R0, 1, 0
;__Lib_MathDouble.c,1274 :: 		
0x03FA	0x2201      	ADDWFC      R1, 1, 0
;__Lib_MathDouble.c,1275 :: 		
0x03FC	0x2202      	ADDWFC      R2, 1, 0
;__Lib_MathDouble.c,1277 :: 		
0x03FE	0xA0D8      	BTFSS       STATUS, 0, 0
;__Lib_MathDouble.c,1278 :: 		
0x0400	0xF002EF08  	GOTO        MUL32OK
;__Lib_MathDouble.c,1279 :: 		
0x0404	0x3202      	RRCF        R2, 1, 0
;__Lib_MathDouble.c,1280 :: 		
0x0406	0x3201      	RRCF        R1, 1, 0
;__Lib_MathDouble.c,1281 :: 		
0x0408	0x3200      	RRCF        R0, 1, 0
;__Lib_MathDouble.c,1282 :: 		
0x040A	0x4A03      	INFSNZ      R3, 1, 0
;__Lib_MathDouble.c,1283 :: 		
0x040C	0xF002EF11  	GOTO        MULJPSETFOV32
;__Lib_MathDouble.c,1285 :: 		
MUL32OK:
;__Lib_MathDouble.c,1286 :: 		
0x0410	0xAE0A      	BTFSS       R10, 7, 0
;__Lib_MathDouble.c,1287 :: 		
0x0412	0x9E02      	BCF         R2, 7, 0
;__Lib_MathDouble.c,1289 :: 		
0x0414	0x0E00      	MOVLW       0
;__Lib_MathDouble.c,1290 :: 		
0x0416	0xF002EF17  	GOTO        MULEEE
;__Lib_MathDouble.c,1291 :: 		
MULJPRES032:
;__Lib_MathDouble.c,1292 :: 		
0x041A	0x0E01      	MOVLW       1
;__Lib_MathDouble.c,1295 :: 		
0x041C	0xDE1F      	RCALL       _RES032
;__Lib_MathDouble.c,1297 :: 		
0x041E	0xF002EF17  	GOTO        MULEEE
;__Lib_MathDouble.c,1298 :: 		
MULJPSETFOV32:
;__Lib_MathDouble.c,1299 :: 		
0x0422	0x0E02      	MOVLW       2
;__Lib_MathDouble.c,1302 :: 		
0x0424	0xDEB7      	RCALL       _SETFOV32
;__Lib_MathDouble.c,1304 :: 		
0x0426	0xF002EF17  	GOTO        MULEEE
;__Lib_MathDouble.c,1305 :: 		
MULJPSETFUN32:
;__Lib_MathDouble.c,1306 :: 		
0x042A	0x0E04      	MOVLW       4
;__Lib_MathDouble.c,1309 :: 		
0x042C	0xDE0A      	RCALL       _SETFUN32
;__Lib_MathDouble.c,1311 :: 		
MULEEE:
;__Lib_MathDouble.c,1318 :: 		
L_end_Mul_32x32_FP:
0x042E	0x0012      	RETURN      0
; end of _Mul_32x32_FP
_double2word:
;__Lib_MathDouble.c,2023 :: 		
;__Lib_MathDouble.c,2032 :: 		
0x0430	0x6A0B      	CLRF        R11, 0
;__Lib_MathDouble.c,2033 :: 		
0x0432	0x6A0C      	CLRF        R12, 0
;__Lib_MathDouble.c,2034 :: 		
0x0434	0x6A0A      	CLRF        R10, 0
;__Lib_MathDouble.c,2036 :: 		
0x0436	0x5003      	MOVF        R3, 0, 0
;__Lib_MathDouble.c,2037 :: 		
0x0438	0xB4D8      	BTFSC       STATUS, 2, 0
;__Lib_MathDouble.c,2038 :: 		
0x043A	0xF002EF62  	GOTO        IRES016U
;__Lib_MathDouble.c,2040 :: 		
0x043E	0x8E02      	BSF         R2, 7, 0
;__Lib_MathDouble.c,2042 :: 		
0x0440	0x0E8E      	MOVLW       142
;__Lib_MathDouble.c,2043 :: 		
0x0442	0x5E03      	SUBWF       R3, 1, 0
;__Lib_MathDouble.c,2044 :: 		
0x0444	0xBE03      	BTFSC       R3, 7, 0
;__Lib_MathDouble.c,2045 :: 		
0x0446	0xF002EF2A  	GOTO        SETEXP16U
;__Lib_MathDouble.c,2046 :: 		
0x044A	0xB4D8      	BTFSC       STATUS, 2, 0
;__Lib_MathDouble.c,2047 :: 		
0x044C	0xF002EF2A  	GOTO        SETEXP16U
;__Lib_MathDouble.c,2048 :: 		
0x0450	0xF002EF66  	GOTO        SETIOV16U
;__Lib_MathDouble.c,2049 :: 		
SETEXP16U:
;__Lib_MathDouble.c,2050 :: 		
0x0454	0x6C03      	NEGF        R3, 0
;__Lib_MathDouble.c,2052 :: 		
0x0456	0x0E08      	MOVLW       8
;__Lib_MathDouble.c,2053 :: 		
0x0458	0x5C03      	SUBWF       R3, 0, 0
;__Lib_MathDouble.c,2054 :: 		
0x045A	0xA0D8      	BTFSS       STATUS, 0, 0
;__Lib_MathDouble.c,2055 :: 		
0x045C	0xF002EF41  	GOTO        TSHIFT3216U
;__Lib_MathDouble.c,2056 :: 		
0x0460	0x6E03      	MOVWF       R3, 0
;__Lib_MathDouble.c,2057 :: 		
0x0462	0x3601      	RLCF        R1, 1, 0
;__Lib_MathDouble.c,2058 :: 		
0x0464	0xF001C002  	MOVFF       R2, R1
;__Lib_MathDouble.c,2059 :: 		
0x0468	0x6A02      	CLRF        R2, 0
;__Lib_MathDouble.c,2061 :: 		
0x046A	0x0E08      	MOVLW       8
;__Lib_MathDouble.c,2062 :: 		
0x046C	0x5C03      	SUBWF       R3, 0, 0
;__Lib_MathDouble.c,2063 :: 		
0x046E	0xA0D8      	BTFSS       STATUS, 0, 0
;__Lib_MathDouble.c,2064 :: 		
0x0470	0xF002EF41  	GOTO        TSHIFT3216U
;__Lib_MathDouble.c,2065 :: 		
0x0474	0x3601      	RLCF        R1, 1, 0
;__Lib_MathDouble.c,2066 :: 		
0x0476	0x6A01      	CLRF        R1, 0
;__Lib_MathDouble.c,2068 :: 		
0x0478	0x5003      	MOVF        R3, 0, 0
;__Lib_MathDouble.c,2069 :: 		
0x047A	0xA4D8      	BTFSS       STATUS, 2, 0
;__Lib_MathDouble.c,2070 :: 		
0x047C	0x90D8      	BCF         STATUS, 0, 0
;__Lib_MathDouble.c,2071 :: 		
0x047E	0xF002EF4B  	GOTO        SHIFT3216UOK
;__Lib_MathDouble.c,2072 :: 		
TSHIFT3216U:
;__Lib_MathDouble.c,2073 :: 		
0x0482	0x5003      	MOVF        R3, 0, 0
;__Lib_MathDouble.c,2074 :: 		
0x0484	0xB4D8      	BTFSC       STATUS, 2, 0
;__Lib_MathDouble.c,2075 :: 		
0x0486	0xF002EF4B  	GOTO        SHIFT3216UOK
;__Lib_MathDouble.c,2076 :: 		
SHIFT3216U:
;__Lib_MathDouble.c,2077 :: 		
0x048A	0x90D8      	BCF         STATUS, 0, 0
;__Lib_MathDouble.c,2078 :: 		
0x048C	0x3202      	RRCF        R2, 1, 0
;__Lib_MathDouble.c,2079 :: 		
0x048E	0x3201      	RRCF        R1, 1, 0
;__Lib_MathDouble.c,2080 :: 		
0x0490	0x2E03      	DECFSZ      R3, 1, 0
;__Lib_MathDouble.c,2081 :: 		
0x0492	0xF002EF45  	GOTO        SHIFT3216U
;__Lib_MathDouble.c,2082 :: 		
SHIFT3216UOK:
;__Lib_MathDouble.c,2083 :: 		
0x0496	0xBC0B      	BTFSC       R11, 6, 0
;__Lib_MathDouble.c,2084 :: 		
0x0498	0xA001      	BTFSS       R1, 0, 0
;__Lib_MathDouble.c,2085 :: 		
0x049A	0xF002EF58  	GOTO        INT3216UOK
;__Lib_MathDouble.c,2086 :: 		
0x049E	0xA0D8      	BTFSS       STATUS, 0, 0
;__Lib_MathDouble.c,2087 :: 		
0x04A0	0xF002EF58  	GOTO        INT3216UOK
;__Lib_MathDouble.c,2088 :: 		
0x04A4	0x2A01      	INCF        R1, 1, 0
;__Lib_MathDouble.c,2089 :: 		
0x04A6	0xB4D8      	BTFSC       STATUS, 2, 0
;__Lib_MathDouble.c,2090 :: 		
0x04A8	0x2A02      	INCF        R2, 1, 0
;__Lib_MathDouble.c,2091 :: 		
0x04AA	0xBE02      	BTFSC       R2, 7, 0
;__Lib_MathDouble.c,2092 :: 		
0x04AC	0xF002EF75  	GOTO        JPKSETIOV3224
;__Lib_MathDouble.c,2093 :: 		
INT3216UOK:
;__Lib_MathDouble.c,2094 :: 		
0x04B0	0xAE0A      	BTFSS       R10, 7, 0
;__Lib_MathDouble.c,2095 :: 		
0x04B2	0xF002EF7A  	GOTO        INT3216UEOK
;__Lib_MathDouble.c,2097 :: 		
0x04B6	0x1E02      	COMF        R2, 1, 0
;__Lib_MathDouble.c,2098 :: 		
0x04B8	0x1E01      	COMF        R1, 1, 0
;__Lib_MathDouble.c,2099 :: 		
0x04BA	0x2A01      	INCF        R1, 1, 0
;__Lib_MathDouble.c,2100 :: 		
0x04BC	0xB4D8      	BTFSC       STATUS, 2, 0
;__Lib_MathDouble.c,2101 :: 		
0x04BE	0x2A02      	INCF        R2, 1, 0
;__Lib_MathDouble.c,2102 :: 		
0x04C0	0xF002EF7A  	GOTO        INT3216UEOK
;__Lib_MathDouble.c,2104 :: 		
IRES016U:
;__Lib_MathDouble.c,2105 :: 		
0x04C4	0x6A02      	CLRF        R2, 0
;__Lib_MathDouble.c,2106 :: 		
0x04C6	0x6A01      	CLRF        R1, 0
;__Lib_MathDouble.c,2107 :: 		
0x04C8	0xF002EF7A  	GOTO        INT3216UEOK
;__Lib_MathDouble.c,2108 :: 		
SETIOV16U:
;__Lib_MathDouble.c,2109 :: 		
0x04CC	0x800B      	BSF         R11, 0, 0
;__Lib_MathDouble.c,2110 :: 		
0x04CE	0xAE0B      	BTFSS       R11, 7, 0
;__Lib_MathDouble.c,2111 :: 		
0x04D0	0xF002EF7E  	GOTO        INT3216UEER
;__Lib_MathDouble.c,2113 :: 		
0x04D4	0x6A02      	CLRF        R2, 0
;__Lib_MathDouble.c,2114 :: 		
0x04D6	0xAE0A      	BTFSS       R10, 7, 0
;__Lib_MathDouble.c,2115 :: 		
0x04D8	0xF002EF7E  	GOTO        INT3216UEER
;__Lib_MathDouble.c,2116 :: 		
0x04DC	0x0EFF      	MOVLW       255
;__Lib_MathDouble.c,2117 :: 		
0x04DE	0x6E02      	MOVWF       R2, 0
;__Lib_MathDouble.c,2118 :: 		
0x04E0	0x6E01      	MOVWF       R1, 0
;__Lib_MathDouble.c,2119 :: 		
0x04E2	0x360A      	RLCF        R10, 1, 0
;__Lib_MathDouble.c,2120 :: 		
0x04E4	0x3202      	RRCF        R2, 1, 0
;__Lib_MathDouble.c,2121 :: 		
0x04E6	0xF002EF7E  	GOTO        INT3216UEER
;__Lib_MathDouble.c,2123 :: 		
JPKSETIOV3224:
;__Lib_MathDouble.c,2124 :: 		
0x04EA	0x0E01      	MOVLW       1
;__Lib_MathDouble.c,2125 :: 		
0x04EC	0x6E0C      	MOVWF       R12, 0
;__Lib_MathDouble.c,2127 :: 		
0x04EE	0xDE44      	RCALL       _SETIOV3224
;__Lib_MathDouble.c,2129 :: 		
0x04F0	0xF002EF80  	GOTO        INT3216UEEE
;__Lib_MathDouble.c,2130 :: 		
INT3216UEOK:
;__Lib_MathDouble.c,2131 :: 		
0x04F4	0x0E00      	MOVLW       0
;__Lib_MathDouble.c,2132 :: 		
0x04F6	0x6E0C      	MOVWF       R12, 0
;__Lib_MathDouble.c,2133 :: 		
0x04F8	0xF002EF80  	GOTO        INT3216UEEE
;__Lib_MathDouble.c,2134 :: 		
INT3216UEER:
;__Lib_MathDouble.c,2135 :: 		
0x04FC	0x0EFF      	MOVLW       255
;__Lib_MathDouble.c,2136 :: 		
0x04FE	0x6E0C      	MOVWF       R12, 0
;__Lib_MathDouble.c,2137 :: 		
INT3216UEEE:
;__Lib_MathDouble.c,2138 :: 		
0x0500	0x5001      	MOVF        R1, 0, 0
;__Lib_MathDouble.c,2139 :: 		
0x0502	0x6E00      	MOVWF       R0, 0
;__Lib_MathDouble.c,2140 :: 		
0x0504	0x5002      	MOVF        R2, 0, 0
;__Lib_MathDouble.c,2141 :: 		
0x0506	0x6E01      	MOVWF       R1, 0
;__Lib_MathDouble.c,2146 :: 		
L_end_double2word:
0x0508	0x0012      	RETURN      0
; end of _double2word
_WordToStr:
;__Lib_Conversions.c,98 :: 		
;__Lib_Conversions.c,103 :: 		
0x050A	0x6A31      	CLRF        WordToStr_len_L0 
L_WordToStr11:
0x050C	0x0E05      	MOVLW       5
0x050E	0x5C31      	SUBWF       WordToStr_len_L0, 0 
0x0510	0xE20A      	BC          L_WordToStr12
;__Lib_Conversions.c,104 :: 		
0x0512	0x5031      	MOVF        WordToStr_len_L0, 0 
0x0514	0x242F      	ADDWF       FARG_WordToStr_output, 0 
0x0516	0x6EE1      	MOVWF       FSR1L 
0x0518	0x0E00      	MOVLW       0
0x051A	0x2030      	ADDWFC      FARG_WordToStr_output+1, 0 
0x051C	0x6EE2      	MOVWF       FSR1L+1 
0x051E	0x0E20      	MOVLW       32
0x0520	0x6EE6      	MOVWF       POSTINC1 
;__Lib_Conversions.c,103 :: 		
0x0522	0x2A31      	INCF        WordToStr_len_L0, 1 
;__Lib_Conversions.c,104 :: 		
0x0524	0xD7F3      	BRA         L_WordToStr11
L_WordToStr12:
;__Lib_Conversions.c,105 :: 		
0x0526	0x5031      	MOVF        WordToStr_len_L0, 0 
0x0528	0x242F      	ADDWF       FARG_WordToStr_output, 0 
0x052A	0x6EE1      	MOVWF       FSR1L 
0x052C	0x0E00      	MOVLW       0
0x052E	0x2030      	ADDWFC      FARG_WordToStr_output+1, 0 
0x0530	0x6EE2      	MOVWF       FSR1L+1 
0x0532	0x6AE6      	CLRF        POSTINC1 
0x0534	0x0631      	DECF        WordToStr_len_L0, 1 
;__Lib_Conversions.c,107 :: 		
L_WordToStr14:
;__Lib_Conversions.c,108 :: 		
0x0536	0x5031      	MOVF        WordToStr_len_L0, 0 
0x0538	0x242F      	ADDWF       FARG_WordToStr_output, 0 
0x053A	0x6E32      	MOVWF       FLOC__WordToStr 
0x053C	0x0E00      	MOVLW       0
0x053E	0x2030      	ADDWFC      FARG_WordToStr_output+1, 0 
0x0540	0x6E33      	MOVWF       FLOC__WordToStr+1 
0x0542	0x0E0A      	MOVLW       10
0x0544	0x6E04      	MOVWF       R4 
0x0546	0x0E00      	MOVLW       0
0x0548	0x6E05      	MOVWF       R5 
0x054A	0xF000C02D  	MOVFF       FARG_WordToStr_input, R0
0x054E	0xF001C02E  	MOVFF       FARG_WordToStr_input+1, R1
0x0552	0xDE2C      	RCALL       _Div_16X16_U
0x0554	0xF000C008  	MOVFF       R8, R0
0x0558	0xF001C009  	MOVFF       R9, R1
0x055C	0x0E30      	MOVLW       48
0x055E	0x2600      	ADDWF       R0, 1 
0x0560	0xFFE1C032  	MOVFF       FLOC__WordToStr, FSR1L
0x0564	0xFFE2C033  	MOVFF       FLOC__WordToStr+1, FSR1H
0x0568	0xFFE6C000  	MOVFF       R0, POSTINC1
;__Lib_Conversions.c,109 :: 		
0x056C	0x0E0A      	MOVLW       10
0x056E	0x6E04      	MOVWF       R4 
0x0570	0x0E00      	MOVLW       0
0x0572	0x6E05      	MOVWF       R5 
0x0574	0xF000C02D  	MOVFF       FARG_WordToStr_input, R0
0x0578	0xF001C02E  	MOVFF       FARG_WordToStr_input+1, R1
0x057C	0xDE17      	RCALL       _Div_16X16_U
0x057E	0xF02DC000  	MOVFF       R0, FARG_WordToStr_input
0x0582	0xF02EC001  	MOVFF       R1, FARG_WordToStr_input+1
;__Lib_Conversions.c,110 :: 		
0x0586	0x0E00      	MOVLW       0
0x0588	0x1801      	XORWF       R1, 0 
0x058A	0xE102      	BNZ         L__WordToStr159
0x058C	0x0E00      	MOVLW       0
0x058E	0x1800      	XORWF       R0, 0 
L__WordToStr159:
0x0590	0xE101      	BNZ         L_WordToStr16
;__Lib_Conversions.c,111 :: 		
0x0592	0xD002      	BRA         L_WordToStr15
L_WordToStr16:
;__Lib_Conversions.c,112 :: 		
0x0594	0x0631      	DECF        WordToStr_len_L0, 1 
;__Lib_Conversions.c,113 :: 		
0x0596	0xD7CF      	BRA         L_WordToStr14
L_WordToStr15:
;__Lib_Conversions.c,114 :: 		
L_end_WordToStr:
0x0598	0x0012      	RETURN      0
; end of _WordToStr
_ADC_Init:
;__Lib_ADC_A_D.c,13 :: 		
;__Lib_ADC_A_D.c,14 :: 		
0x059A	0x0EFF      	MOVLW       _ADC_Get_Sample
0x059C	0x6E1F      	MOVWF       _ADC_Get_Sample_Ptr 
0x059E	0x0EFF      	MOVLW       hi_addr(_ADC_Get_Sample)
0x05A0	0x6E20      	MOVWF       _ADC_Get_Sample_Ptr+1 
0x05A2	0x0EFF      	MOVLW       FARG_ADC_Get_Sample_channel
0x05A4	0x6E21      	MOVWF       _ADC_Get_Sample_Ptr+2 
0x05A6	0x0EFF      	MOVLW       hi_addr(FARG_ADC_Get_Sample_channel)
0x05A8	0x6E22      	MOVWF       _ADC_Get_Sample_Ptr+3 
;__Lib_ADC_A_D.c,16 :: 		
0x05AA	0x6AC2      	CLRF        ADCON0 
;__Lib_ADC_A_D.c,17 :: 		
0x05AC	0x1C1D      	COMF        _vref_mask, 0 
0x05AE	0x6E00      	MOVWF       R0 
0x05B0	0x5000      	MOVF        R0, 0 
0x05B2	0x16C1      	ANDWF       ADCON1, 1 
;__Lib_ADC_A_D.c,18 :: 		
0x05B4	0x0E07      	MOVLW       7
0x05B6	0x12C0      	IORWF       ADCON2, 1 
;__Lib_ADC_A_D.c,19 :: 		
0x05B8	0x8EC0      	BSF         ADCON2, 7 
;__Lib_ADC_A_D.c,20 :: 		
0x05BA	0x80C2      	BSF         ADCON0, 0 
;__Lib_ADC_A_D.c,21 :: 		
L_end_ADC_Init:
0x05BC	0x0012      	RETURN      0
; end of _ADC_Init
_ADC_Read:
;__Lib_ADC_A_D.c,51 :: 		
;__Lib_ADC_A_D.c,54 :: 		
0x05BE	0x6AC2      	CLRF        ADCON0 
;__Lib_ADC_A_D.c,55 :: 		
0x05C0	0x1C1D      	COMF        _vref_mask, 0 
0x05C2	0x6E00      	MOVWF       R0 
0x05C4	0x5000      	MOVF        R0, 0 
0x05C6	0x16C1      	ANDWF       ADCON1, 1 
;__Lib_ADC_A_D.c,56 :: 		
0x05C8	0x0E07      	MOVLW       7
0x05CA	0x12C0      	IORWF       ADCON2, 1 
;__Lib_ADC_A_D.c,57 :: 		
0x05CC	0x8EC0      	BSF         ADCON2, 7 
;__Lib_ADC_A_D.c,58 :: 		
0x05CE	0xF000C02D  	MOVFF       FARG_ADC_Read_channel, R0
0x05D2	0x3600      	RLCF        R0, 1 
0x05D4	0x9000      	BCF         R0, 0 
0x05D6	0x3600      	RLCF        R0, 1 
0x05D8	0x9000      	BCF         R0, 0 
0x05DA	0x5000      	MOVF        R0, 0 
0x05DC	0x12C2      	IORWF       ADCON0, 1 
;__Lib_ADC_A_D.c,59 :: 		
0x05DE	0x80C2      	BSF         ADCON0, 0 
;__Lib_ADC_A_D.c,60 :: 		
0x05E0	0xDD8C      	RCALL       _Delay_22us
;__Lib_ADC_A_D.c,61 :: 		
0x05E2	0x82C2      	BSF         ADCON0, 1 
;__Lib_ADC_A_D.c,62 :: 		
L_ADC_Read2:
0x05E4	0xA2C2      	BTFSS       ADCON0, 1 
0x05E6	0xD001      	BRA         L_ADC_Read3
;__Lib_ADC_A_D.c,63 :: 		
0x05E8	0xD7FD      	BRA         L_ADC_Read2
L_ADC_Read3:
;__Lib_ADC_A_D.c,64 :: 		
0x05EA	0xF001CFC4  	MOVFF       ADRESH, R1
0x05EE	0x6A00      	CLRF        R0 
;__Lib_ADC_A_D.c,65 :: 		
0x05F0	0x50C3      	MOVF        ADRESL, 0 
0x05F2	0x1200      	IORWF       R0, 1 
0x05F4	0x0E00      	MOVLW       0
0x05F6	0x1201      	IORWF       R1, 1 
;__Lib_ADC_A_D.c,66 :: 		
0x05F8	0x90C2      	BCF         ADCON0, 0 
;__Lib_ADC_A_D.c,68 :: 		
;__Lib_ADC_A_D.c,69 :: 		
L_end_ADC_Read:
0x05FA	0x0012      	RETURN      0
; end of _ADC_Read
_int2double:
;__Lib_MathDouble.c,2285 :: 		
;__Lib_MathDouble.c,2294 :: 		
0x05FC	0xF008C000  	MOVFF       R0, R8
;__Lib_MathDouble.c,2295 :: 		
0x0600	0x5001      	MOVF        R1, 0, 0
;__Lib_MathDouble.c,2296 :: 		
0x0602	0x6E00      	MOVWF       R0, 0
;__Lib_MathDouble.c,2297 :: 		
0x0604	0x6A01      	CLRF        R1, 0
;__Lib_MathDouble.c,2298 :: 		
0x0606	0x6A02      	CLRF        R2, 0
;__Lib_MathDouble.c,2299 :: 		
0x0608	0x6A03      	CLRF        R3, 0
;__Lib_MathDouble.c,2302 :: 		
0x060A	0x6A0B      	CLRF        R11, 0
;__Lib_MathDouble.c,2303 :: 		
0x060C	0x6A0C      	CLRF        R12, 0
;__Lib_MathDouble.c,2304 :: 		
0x060E	0x6A01      	CLRF        R1, 0
;__Lib_MathDouble.c,2305 :: 		
0x0610	0x6A02      	CLRF        R2, 0
;__Lib_MathDouble.c,2306 :: 		
0x0612	0x6A03      	CLRF        R3, 0
;__Lib_MathDouble.c,2308 :: 		
0x0614	0x0E96      	MOVLW       150
;__Lib_MathDouble.c,2309 :: 		
0x0616	0x6E03      	MOVWF       R3, 0
;__Lib_MathDouble.c,2310 :: 		
0x0618	0x6A0A      	CLRF        R10, 0
;__Lib_MathDouble.c,2311 :: 		
0x061A	0xAE00      	BTFSS       R0, 7, 0
;__Lib_MathDouble.c,2312 :: 		
0x061C	0xF003EF16  	GOTO        FLO1632EEE
;__Lib_MathDouble.c,2314 :: 		
0x0620	0x1E08      	COMF        R8, 1, 0
;__Lib_MathDouble.c,2315 :: 		
0x0622	0x1E00      	COMF        R0, 1, 0
;__Lib_MathDouble.c,2317 :: 		
0x0624	0x2A08      	INCF        R8, 1, 0
;__Lib_MathDouble.c,2318 :: 		
0x0626	0xB4D8      	BTFSC       STATUS, 2, 0
;__Lib_MathDouble.c,2319 :: 		
0x0628	0x2A00      	INCF        R0, 1, 0
;__Lib_MathDouble.c,2321 :: 		
0x062A	0x8E0A      	BSF         R10, 7, 0
;__Lib_MathDouble.c,2322 :: 		
FLO1632EEE:
;__Lib_MathDouble.c,2323 :: 		
0x062C	0xF001C000  	MOVFF       R0, R1
;__Lib_MathDouble.c,2324 :: 		
0x0630	0xF000C008  	MOVFF       R8, R0
;__Lib_MathDouble.c,2325 :: 		
0x0634	0x6A08      	CLRF        R8, 0
;__Lib_MathDouble.c,2326 :: 		
0x0636	0x6A02      	CLRF        R2, 0
;__Lib_MathDouble.c,2328 :: 		
0x0638	0xDD66      	RCALL       _NRM3232
;__Lib_MathDouble.c,2329 :: 		
L_end_int2double:
0x063A	0x0012      	RETURN      0
; end of _int2double
_main:
0x063C	0xF003EC98  	CALL        1840, 0
;unit03_03_formatNumbers.c,126 :: 		void main(){
;unit03_03_formatNumbers.c,130 :: 		ConfigMCU();                       // Init MCU
0x0640	0xDE23      	RCALL       _ConfigMCU
;unit03_03_formatNumbers.c,132 :: 		Lcd_Init();                        // Init display Mode 4 bits
0x0642	0xDDD7      	RCALL       _Lcd_Init
;unit03_03_formatNumbers.c,133 :: 		Lcd_Cmd(_LCD_CLEAR);               // Display clear
0x0644	0x0E01      	MOVLW       1
0x0646	0x6E35      	MOVWF       FARG_Lcd_Cmd_out_char 
0x0648	0xDD10      	RCALL       _Lcd_Cmd
;unit03_03_formatNumbers.c,134 :: 		Lcd_Cmd(_LCD_CURSOR_OFF);          // Cursor off
0x064A	0x0E0C      	MOVLW       12
0x064C	0x6E35      	MOVWF       FARG_Lcd_Cmd_out_char 
0x064E	0xDD0D      	RCALL       _Lcd_Cmd
;unit03_03_formatNumbers.c,135 :: 		Lcd_Out(1,1,"S1:");                // Line x Column
0x0650	0x0E01      	MOVLW       1
0x0652	0x6E2D      	MOVWF       FARG_Lcd_Out_row 
0x0654	0x0E01      	MOVLW       1
0x0656	0x6E2E      	MOVWF       FARG_Lcd_Out_column 
0x0658	0x0E15      	MOVLW       ?lstr1_unit03_03_formatNumbers
0x065A	0x6E2F      	MOVWF       FARG_Lcd_Out_text 
0x065C	0x0E00      	MOVLW       hi_addr(?lstr1_unit03_03_formatNumbers)
0x065E	0x6E30      	MOVWF       FARG_Lcd_Out_text+1 
0x0660	0xDE1A      	RCALL       _Lcd_Out
;unit03_03_formatNumbers.c,136 :: 		Lcd_Out(2,1,"S2:");
0x0662	0x0E02      	MOVLW       2
0x0664	0x6E2D      	MOVWF       FARG_Lcd_Out_row 
0x0666	0x0E01      	MOVLW       1
0x0668	0x6E2E      	MOVWF       FARG_Lcd_Out_column 
0x066A	0x0E19      	MOVLW       ?lstr2_unit03_03_formatNumbers
0x066C	0x6E2F      	MOVWF       FARG_Lcd_Out_text 
0x066E	0x0E00      	MOVLW       hi_addr(?lstr2_unit03_03_formatNumbers)
0x0670	0x6E30      	MOVWF       FARG_Lcd_Out_text+1 
0x0672	0xDE11      	RCALL       _Lcd_Out
;unit03_03_formatNumbers.c,138 :: 		ADC_Init();
0x0674	0xDF92      	RCALL       _ADC_Init
;unit03_03_formatNumbers.c,140 :: 		while(TRUE)
L_main0:
;unit03_03_formatNumbers.c,143 :: 		read_ADC = ADC_Read(0);           // S1 -> AN0
0x0676	0x6A2D      	CLRF        FARG_ADC_Read_channel 
0x0678	0xDFA2      	RCALL       _ADC_Read
;unit03_03_formatNumbers.c,145 :: 		read_ADC = (int)read_ADC * (100./1023.);
0x067A	0xDFC0      	RCALL       _int2double
0x067C	0x0E0D      	MOVLW       13
0x067E	0x6E04      	MOVWF       R4 
0x0680	0x0E32      	MOVLW       50
0x0682	0x6E05      	MOVWF       R5 
0x0684	0x0E48      	MOVLW       72
0x0686	0x6E06      	MOVWF       R6 
0x0688	0x0E7B      	MOVLW       123
0x068A	0x6E07      	MOVWF       R7 
0x068C	0xDE41      	RCALL       _Mul_32x32_FP
0x068E	0xDED0      	RCALL       _double2word
;unit03_03_formatNumbers.c,146 :: 		WordToStr(read_ADC, txt);        // 65535 + 0 = 6 positions
0x0690	0xF02DC000  	MOVFF       R0, FARG_WordToStr_input
0x0694	0xF02EC001  	MOVFF       R1, FARG_WordToStr_input+1
0x0698	0x0E23      	MOVLW       main_txt_L0
0x069A	0x6E2F      	MOVWF       FARG_WordToStr_output 
0x069C	0x0E00      	MOVLW       hi_addr(main_txt_L0)
0x069E	0x6E30      	MOVWF       FARG_WordToStr_output+1 
0x06A0	0xDF34      	RCALL       _WordToStr
;unit03_03_formatNumbers.c,147 :: 		LCD_Out(1,4, txt);
0x06A2	0x0E01      	MOVLW       1
0x06A4	0x6E2D      	MOVWF       FARG_Lcd_Out_row 
0x06A6	0x0E04      	MOVLW       4
0x06A8	0x6E2E      	MOVWF       FARG_Lcd_Out_column 
0x06AA	0x0E23      	MOVLW       main_txt_L0
0x06AC	0x6E2F      	MOVWF       FARG_Lcd_Out_text 
0x06AE	0x0E00      	MOVLW       hi_addr(main_txt_L0)
0x06B0	0x6E30      	MOVWF       FARG_Lcd_Out_text+1 
0x06B2	0xDDF1      	RCALL       _Lcd_Out
;unit03_03_formatNumbers.c,148 :: 		LCD_Chr_Cp('%');
0x06B4	0x0E25      	MOVLW       37
0x06B6	0x6E34      	MOVWF       FARG_Lcd_Chr_CP_out_char 
0x06B8	0xDD1A      	RCALL       _Lcd_Chr_CP
;unit03_03_formatNumbers.c,149 :: 		Delay_ms(20);
0x06BA	0x0E34      	MOVLW       52
0x06BC	0x6E0C      	MOVWF       R12, 0
0x06BE	0x0EF1      	MOVLW       241
0x06C0	0x6E0D      	MOVWF       R13, 0
L_main2:
0x06C2	0x2E0D      	DECFSZ      R13, 1, 0
0x06C4	0xD7FE      	BRA         L_main2
0x06C6	0x2E0C      	DECFSZ      R12, 1, 0
0x06C8	0xD7FC      	BRA         L_main2
0x06CA	0x0000      	NOP
0x06CC	0x0000      	NOP
;unit03_03_formatNumbers.c,152 :: 		read_ADC = ADC_Read(1);           // S1 -> AN0
0x06CE	0x0E01      	MOVLW       1
0x06D0	0x6E2D      	MOVWF       FARG_ADC_Read_channel 
0x06D2	0xDF75      	RCALL       _ADC_Read
;unit03_03_formatNumbers.c,154 :: 		read_ADC = (int)read_ADC * (255./1023.);
0x06D4	0xDF93      	RCALL       _int2double
0x06D6	0x0ED0      	MOVLW       208
0x06D8	0x6E04      	MOVWF       R4 
0x06DA	0x0E3F      	MOVLW       63
0x06DC	0x6E05      	MOVWF       R5 
0x06DE	0x0E7F      	MOVLW       127
0x06E0	0x6E06      	MOVWF       R6 
0x06E2	0x0E7C      	MOVLW       124
0x06E4	0x6E07      	MOVWF       R7 
0x06E6	0xDE14      	RCALL       _Mul_32x32_FP
0x06E8	0xDEA3      	RCALL       _double2word
;unit03_03_formatNumbers.c,155 :: 		WordToStr(read_ADC, txt);         // 65535 + 0 = 6 positions
0x06EA	0xF02DC000  	MOVFF       R0, FARG_WordToStr_input
0x06EE	0xF02EC001  	MOVFF       R1, FARG_WordToStr_input+1
0x06F2	0x0E23      	MOVLW       main_txt_L0
0x06F4	0x6E2F      	MOVWF       FARG_WordToStr_output 
0x06F6	0x0E00      	MOVLW       hi_addr(main_txt_L0)
0x06F8	0x6E30      	MOVWF       FARG_WordToStr_output+1 
0x06FA	0xDF07      	RCALL       _WordToStr
;unit03_03_formatNumbers.c,156 :: 		LCD_Out(2,4, txt);
0x06FC	0x0E02      	MOVLW       2
0x06FE	0x6E2D      	MOVWF       FARG_Lcd_Out_row 
0x0700	0x0E04      	MOVLW       4
0x0702	0x6E2E      	MOVWF       FARG_Lcd_Out_column 
0x0704	0x0E23      	MOVLW       main_txt_L0
0x0706	0x6E2F      	MOVWF       FARG_Lcd_Out_text 
0x0708	0x0E00      	MOVLW       hi_addr(main_txt_L0)
0x070A	0x6E30      	MOVWF       FARG_Lcd_Out_text+1 
0x070C	0xDDC4      	RCALL       _Lcd_Out
;unit03_03_formatNumbers.c,157 :: 		Delay_ms(20);
0x070E	0x0E34      	MOVLW       52
0x0710	0x6E0C      	MOVWF       R12, 0
0x0712	0x0EF1      	MOVLW       241
0x0714	0x6E0D      	MOVWF       R13, 0
L_main3:
0x0716	0x2E0D      	DECFSZ      R13, 1, 0
0x0718	0xD7FE      	BRA         L_main3
0x071A	0x2E0C      	DECFSZ      R12, 1, 0
0x071C	0xD7FC      	BRA         L_main3
0x071E	0x0000      	NOP
0x0720	0x0000      	NOP
;unit03_03_formatNumbers.c,158 :: 		}
0x0722	0xD7A9      	BRA         L_main0
;unit03_03_formatNumbers.c,159 :: 		}
L_end_main:
0x0724	0xD7FF      	BRA         $+0
; end of _main
0x0730	0xF015EE10  	LFSR        1, 21
0x0734	0x0E09      	MOVLW       9
0x0736	0x6E00      	MOVWF       R0 
0x0738	0x0E01      	MOVLW       1
0x073A	0x6E01      	MOVWF       R1 
0x073C	0x0E26      	MOVLW       38
0x073E	0x6EF6      	MOVWF       TBLPTR 
0x0740	0x0E07      	MOVLW       7
0x0742	0x6EF7      	MOVWF       TBLPTRH 
0x0744	0x0E00      	MOVLW       0
0x0746	0x6EF8      	MOVWF       TBLPTRU 
0x0748	0xF000ECF1  	CALL        482, 0
0x074C	0x0012      	RETURN      0
;unit03_03_formatNumbers.c,0 :: ?ICS?lstr1_unit03_03_formatNumbers
0x0726	0x3153 ;?ICS?lstr1_unit03_03_formatNumbers+0
0x0728	0x003A ;?ICS?lstr1_unit03_03_formatNumbers+2
; end of ?ICS?lstr1_unit03_03_formatNumbers
;unit03_03_formatNumbers.c,0 :: ?ICS?lstr2_unit03_03_formatNumbers
0x072A	0x3253 ;?ICS?lstr2_unit03_03_formatNumbers+0
0x072C	0x003A ;?ICS?lstr2_unit03_03_formatNumbers+2
; end of ?ICS?lstr2_unit03_03_formatNumbers
;__Lib_ADC_A_D.c,0 :: ?ICS_vref_mask
0x072E	0x30 ;?ICS_vref_mask+0
; end of ?ICS_vref_mask
Symbol List:
//** Routines locations **
//ADDRESS    SIZE    PROCEDURE
//----------------------------------------------
0x001C      [10]    _Delay_50us
0x0026      [22]    _Delay_5500us
0x003C       [6]    _Delay_1us
0x0042      [26]    _SETFUN32
0x005C      [14]    _RES032
0x006A     [124]    _Lcd_Cmd
0x00E6       [8]    _FIXSIGN32
0x00EE      [12]    _Lcd_Chr_CP
0x00FA      [12]    _Delay_22us
0x0106     [114]    _NRM3232
0x0178      [28]    _SETIOV3224
0x0194      [24]    _SETFOV32
0x01AC      [54]    _Div_16X16_U
0x01E2      [16]    ___CC2DW
0x01F2     [150]    _Lcd_Init
0x0288      [14]    _ConfigMCU
0x0296     [122]    _Lcd_Out
0x0310     [288]    _Mul_32x32_FP
0x0430     [218]    _double2word
0x050A     [144]    _WordToStr
0x059A      [36]    _ADC_Init
0x05BE      [62]    _ADC_Read
0x05FC      [64]    _int2double
0x063C     [234]    _main
//** Variables locations ** 
//ADDRESS    SIZE    VARIABLE
//----------------------------------------------
0x0000       [1]    R0
0x0001       [1]    R1
0x0002       [1]    R2
0x0002       [2]    memset_pp_L0
0x0002       [2]    memcpy_dd_L0
0x0002       [2]    memchr_s_L0
0x0002       [2]    strlen_cp_L0
0x0003       [1]    R3
0x0003       [2]    Ltrim_original_L0
0x0003       [2]    memmove_tt_L0
0x0004       [2]    strncat_cp_L0
0x0004       [2]    memcpy_ss_L0
0x0004       [2]    strncpy_cp_L0
0x0004       [2]    strcat_cp_L0
0x0004       [2]    strcpy_cp_L0
0x0004       [1]    R4
0x0005       [1]    R5
0x0005       [2]    LongIntToHex_input_half_L0
0x0005       [2]    memmove_ff_L0
0x0005       [2]    LongWordToHex_input_half_L0
0x0005       [2]    Ltrim_p_L0
0x0006       [1]    R6
0x0007       [1]    R7
0x0008       [1]    R8
0x0009       [1]    R9
0x000A       [1]    R10
0x000B       [1]    R11
0x000C       [1]    R12
0x000D       [1]    R13
0x000E       [1]    R14
0x000F       [1]    R15
0x0010       [1]    R16
0x0011       [1]    R17
0x0012       [1]    R18
0x0013       [1]    R19
0x0014       [1]    R20
0x0015       [4]    ?lstr1_unit03_03_formatNumbers
0x0019       [4]    ?lstr2_unit03_03_formatNumbers
0x001D       [1]    _vref_mask
0x001E       [0]    __Lib_Lcd_cmd_status
0x001F       [4]    _ADC_Get_Sample_Ptr
0x0023      [10]    main_txt_L0
0x002D       [2]    FARG_WordToStr_input
0x002D       [1]    FARG_ADC_Read_channel
0x002D       [1]    FARG_Lcd_Out_row
0x002E       [1]    FARG_Lcd_Out_column
0x002F       [2]    FARG_Lcd_Out_text
0x002F       [2]    FARG_WordToStr_output
0x0031       [1]    Lcd_Out_i_L0
0x0031       [1]    WordToStr_len_L0
0x0032       [2]    FLOC__WordToStr
0x0034       [1]    FARG_Lcd_Chr_CP_out_char
0x0035       [1]    FARG_Lcd_Cmd_out_char
0x0F80       [1]    PORTA
0x0F8C       [0]    LCD_D7
0x0F8C       [0]    LCD_D5
0x0F8C       [0]    LATD6_bit
0x0F8C       [0]    LATD5_bit
0x0F8C       [0]    LCD_D4
0x0F8C       [0]    LATD7_bit
0x0F8C       [0]    LATD4_bit
0x0F8C       [0]    LCD_D6
0x0F8D       [0]    LCD_EN
0x0F8D       [0]    LCD_RS
0x0F8D       [0]    LATE2_bit
0x0F8D       [0]    LATE1_bit
0x0F92       [1]    TRISA
0x0F95       [0]    TRISD4_bit
0x0F95       [0]    LCD_D7_Direction
0x0F95       [0]    TRISD5_bit
0x0F95       [0]    LCD_D4_Direction
0x0F95       [0]    TRISD7_bit
0x0F95       [0]    LCD_D6_Direction
0x0F95       [0]    TRISD6_bit
0x0F95       [0]    LCD_D5_Direction
0x0F96       [0]    TRISE1_bit
0x0F96       [0]    TRISE2_bit
0x0F96       [0]    LCD_RS_Direction
0x0F96       [0]    LCD_EN_Direction
0x0FC0       [1]    ADCON2
0x0FC1       [1]    ADCON1
0x0FC2       [1]    ADCON0
0x0FC3       [1]    ADRESL
0x0FC4       [1]    ADRESH
0x0FD8       [1]    STATUS
0x0FD9       [1]    FSR2L
0x0FDA       [1]    FSR2H
0x0FDE       [1]    POSTINC2
0x0FE0       [1]    BSR
0x0FE1       [1]    FSR1L
0x0FE2       [1]    FSR1H
0x0FE4       [1]    PREINC1
0x0FE6       [1]    POSTINC1
0x0FE7       [1]    INDF1
0x0FE8       [1]    WREG
0x0FE9       [1]    FSR0L
0x0FEA       [1]    FSR0H
0x0FEE       [1]    POSTINC0
0x0FF3       [1]    PRODL
0x0FF4       [1]    PRODH
0x0FF5       [1]    TABLAT
0x0FF6       [1]    TBLPTRL
0x0FF6       [3]    TBLPTR
0x0FF7       [1]    TBLPTRH
0x0FF8       [1]    TBLPTRU
//** Constants locations ** 
//ADDRESS    SIZE    CONSTANT
//----------------------------------------------
0x0726       [4]    ?ICS?lstr1_unit03_03_formatNumbers
0x072A       [4]    ?ICS?lstr2_unit03_03_formatNumbers
0x072E       [1]    ?ICS_vref_mask
