;  LST file generated by mikroListExporter - v.2.0 
; Date/Time: 22/11/2019 05:24:58 PM
;----------------------------------------------

;Address Opcode 	ASM
0x0000	0xF000EF0E  	GOTO        28
0x0004	0x0000      	NOP
0x0006	0x0000      	NOP
0x0008	0xF000EF00  	GOTO        0
0x000C	0x0000      	NOP
0x000E	0x0000      	NOP
0x0010	0x0000      	NOP
0x0012	0x0000      	NOP
0x0014	0x0000      	NOP
0x0016	0x0000      	NOP
0x0018	0xD7F3      	BRA         0
_main:
;unit_01_09_WPUR.c,47 :: 		void main() {
;unit_01_09_WPUR.c,55 :: 		INTCON2.RBPU = 0;             // All PORTB pull-ups resistors are unable as zero (RBPU is negated:)
0x001C	0x9EF1      	BCF         INTCON2, 7 
;unit_01_09_WPUR.c,56 :: 		ADCON1 |= 0X0F;               // Config all ADC's pins as digital on PIC18F4520
0x001E	0x0E0F      	MOVLW       15
0x0020	0x12C1      	IORWF       ADCON1, 1 
;unit_01_09_WPUR.c,59 :: 		TRISB.RB0 = 1;                    // BUTTON: Config PORTB.RB0 as input
0x0022	0x8093      	BSF         TRISB, 0 
;unit_01_09_WPUR.c,60 :: 		PORTB.RB0 = 1;                    // Optional, the MCU do it automatically ;)
0x0024	0x8081      	BSF         PORTB, 0 
;unit_01_09_WPUR.c,63 :: 		TRISD = 0;                        // LEDs: Config PORTD as output
0x0026	0x6A95      	CLRF        TRISD 
;unit_01_09_WPUR.c,64 :: 		PORTD = 0;                        // Optional, the MCU do it automatically ;)
0x0028	0x6A83      	CLRF        PORTD 
;unit_01_09_WPUR.c,67 :: 		while(TRUE)                        // Endless loop
L_main0:
;unit_01_09_WPUR.c,69 :: 		if(PORTB.RB0 == 0)
0x002A	0xB081      	BTFSC       PORTB, 0 
0x002C	0xD013      	BRA         L_main2
;unit_01_09_WPUR.c,71 :: 		PORTD.RD0 =~LATD.RD0;   // Toggle the LED
0x002E	0xB08C      	BTFSC       LATD, 0 
0x0030	0xD002      	BRA         L__main5
0x0032	0x8083      	BSF         PORTD, 0 
0x0034	0xD001      	BRA         L__main6
L__main5:
0x0036	0x9083      	BCF         PORTD, 0 
L__main6:
;unit_01_09_WPUR.c,72 :: 		Delay_ms(300);           // Delay .3 s
0x0038	0x0E04      	MOVLW       4
0x003A	0x6E0B      	MOVWF       R11, 0
0x003C	0x0E0C      	MOVLW       12
0x003E	0x6E0C      	MOVWF       R12, 0
0x0040	0x0E33      	MOVLW       51
0x0042	0x6E0D      	MOVWF       R13, 0
L_main3:
0x0044	0x2E0D      	DECFSZ      R13, 1, 0
0x0046	0xD7FE      	BRA         L_main3
0x0048	0x2E0C      	DECFSZ      R12, 1, 0
0x004A	0xD7FC      	BRA         L_main3
0x004C	0x2E0B      	DECFSZ      R11, 1, 0
0x004E	0xD7FA      	BRA         L_main3
0x0050	0x0000      	NOP
0x0052	0x0000      	NOP
;unit_01_09_WPUR.c,73 :: 		}
L_main2:
;unit_01_09_WPUR.c,74 :: 		}
0x0054	0xD7EA      	BRA         L_main0
;unit_01_09_WPUR.c,75 :: 		}
L_end_main:
0x0056	0xD7FF      	BRA         $+0
; end of _main
Symbol List:
//** Routines locations **
//ADDRESS    SIZE    PROCEDURE
//----------------------------------------------
0x001C      [60]    _main
//** Variables locations ** 
//ADDRESS    SIZE    VARIABLE
//----------------------------------------------
0x0000       [1]    R0
0x0001       [1]    R1
0x0002       [1]    R2
0x0003       [1]    R3
0x0004       [1]    R4
0x0005       [1]    R5
0x0006       [1]    R6
0x0007       [1]    R7
0x0008       [1]    R8
0x0009       [1]    R9
0x000A       [1]    R10
0x000B       [1]    R11
0x000C       [1]    R12
0x000D       [1]    R13
0x000E       [1]    R14
0x000F       [1]    R15
0x0010       [1]    R16
0x0011       [1]    R17
0x0012       [1]    R18
0x0013       [1]    R19
0x0014       [1]    R20
0x0F81       [1]    PORTB
0x0F83       [1]    PORTD
0x0F8C       [1]    LATD
0x0F93       [1]    TRISB
0x0F95       [1]    TRISD
0x0FC1       [1]    ADCON1
0x0FD8       [1]    STATUS
0x0FD9       [1]    FSR2L
0x0FDA       [1]    FSR2H
0x0FDE       [1]    POSTINC2
0x0FE0       [1]    BSR
0x0FE1       [1]    FSR1L
0x0FE2       [1]    FSR1H
0x0FE4       [1]    PREINC1
0x0FE6       [1]    POSTINC1
0x0FE7       [1]    INDF1
0x0FE8       [1]    WREG
0x0FE9       [1]    FSR0L
0x0FEA       [1]    FSR0H
0x0FEE       [1]    POSTINC0
0x0FF1       [1]    INTCON2
0x0FF3       [1]    PRODL
0x0FF4       [1]    PRODH
0x0FF5       [1]    TABLAT
0x0FF6       [1]    TBLPTRL
0x0FF7       [1]    TBLPTRH
0x0FF8       [1]    TBLPTRU
