;  LST file generated by mikroListExporter - v.2.0 
; Date/Time: 31/12/2019 09:30:14
;----------------------------------------------

;Address Opcode 	ASM
0x0000	0xF003EFD9  	GOTO        1970
_INTERRUPTION_HIGH:
;unit06_04_captureDutyCycle.c,117 :: 		void INTERRUPTION_HIGH() iv 0x0008 ics ICS_AUTO {
0x0008	0xF015C000  	MOVFF       R0, 21
;unit06_04_captureDutyCycle.c,118 :: 		if(PIR1.CCP1IF)// == 1 && PIR1.CCP1IE == 1)
0x000C	0xA49E      	BTFSS       PIR1, 2 
0x000E	0xD033      	BRA         L_INTERRUPTION_HIGH0
;unit06_04_captureDutyCycle.c,120 :: 		switch(m_state) {
0x0010	0xD028      	BRA         L_INTERRUPTION_HIGH1
;unit06_04_captureDutyCycle.c,122 :: 		case(turn1):{
L_INTERRUPTION_HIGH3:
;unit06_04_captureDutyCycle.c,123 :: 		ONE.BYTE[0] = CCPR1L;
0x0012	0xF020CFBE  	MOVFF       CCPR1L, _ONE
;unit06_04_captureDutyCycle.c,124 :: 		ONE.BYTE[1] = CCPR1H;
0x0016	0xF021CFBF  	MOVFF       CCPR1H, _ONE+1
;unit06_04_captureDutyCycle.c,125 :: 		t1 = ONE.INTEGER;
0x001A	0xF023C020  	MOVFF       _ONE, _t1
0x001E	0xF024C021  	MOVFF       _ONE+1, _t1+1
;unit06_04_captureDutyCycle.c,126 :: 		CCP1CON = 0;          //necessário para evitar falsa interrupção
0x0022	0x6ABD      	CLRF        CCP1CON 
;unit06_04_captureDutyCycle.c,127 :: 		CCP1CON = 0B00000100; //every a cada descida
0x0024	0x0E04      	MOVLW       4
0x0026	0x6EBD      	MOVWF       CCP1CON 
;unit06_04_captureDutyCycle.c,128 :: 		m_state = t2;
0x0028	0xF01CC025  	MOVFF       _t2, unit06_04_captureDutyCycle_m_state
;unit06_04_captureDutyCycle.c,129 :: 		break;
0x002C	0xD023      	BRA         L_INTERRUPTION_HIGH2
;unit06_04_captureDutyCycle.c,132 :: 		case(turn2):{
L_INTERRUPTION_HIGH4:
;unit06_04_captureDutyCycle.c,133 :: 		ONE.BYTE[0] = CCPR1L;
0x002E	0xF020CFBE  	MOVFF       CCPR1L, _ONE
;unit06_04_captureDutyCycle.c,134 :: 		ONE.BYTE[1] = CCPR1H;
0x0032	0xF021CFBF  	MOVFF       CCPR1H, _ONE+1
;unit06_04_captureDutyCycle.c,135 :: 		t2 = ONE.INTEGER;
0x0036	0xF025C020  	MOVFF       _ONE, _t2
0x003A	0xF026C021  	MOVFF       _ONE+1, _t2+1
;unit06_04_captureDutyCycle.c,136 :: 		CCP1CON = 0;          //necessário para evitar falsa interrupção
0x003E	0x6ABD      	CLRF        CCP1CON 
;unit06_04_captureDutyCycle.c,137 :: 		CCP1CON = 0B00000101; //every a cada subida
0x0040	0x0E05      	MOVLW       5
0x0042	0x6EBD      	MOVWF       CCP1CON 
;unit06_04_captureDutyCycle.c,138 :: 		m_state = t3;
0x0044	0xF01CC027  	MOVFF       _t3, unit06_04_captureDutyCycle_m_state
;unit06_04_captureDutyCycle.c,139 :: 		break;
0x0048	0xD015      	BRA         L_INTERRUPTION_HIGH2
;unit06_04_captureDutyCycle.c,142 :: 		case(turn3):{
L_INTERRUPTION_HIGH5:
;unit06_04_captureDutyCycle.c,143 :: 		ONE.BYTE[0] = CCPR1L;
0x004A	0xF020CFBE  	MOVFF       CCPR1L, _ONE
;unit06_04_captureDutyCycle.c,144 :: 		ONE.BYTE[1] = CCPR1H;
0x004E	0xF021CFBF  	MOVFF       CCPR1H, _ONE+1
;unit06_04_captureDutyCycle.c,145 :: 		t3 = ONE.INTEGER;  //Nesse ponto temos T, ou seja, O PERIODO COMPLETO
0x0052	0xF027C020  	MOVFF       _ONE, _t3
0x0056	0xF028C021  	MOVFF       _ONE+1, _t3+1
;unit06_04_captureDutyCycle.c,146 :: 		PIE1.CCP1IE = 0;
0x005A	0x949D      	BCF         PIE1, 2 
;unit06_04_captureDutyCycle.c,147 :: 		m_state = t1;
0x005C	0xF01CC023  	MOVFF       _t1, unit06_04_captureDutyCycle_m_state
;unit06_04_captureDutyCycle.c,148 :: 		break;
0x0060	0xD009      	BRA         L_INTERRUPTION_HIGH2
;unit06_04_captureDutyCycle.c,150 :: 		}
L_INTERRUPTION_HIGH1:
0x0062	0x501C      	MOVF        unit06_04_captureDutyCycle_m_state, 0 
0x0064	0x0A00      	XORLW       0
0x0066	0xE0D5      	BZ          L_INTERRUPTION_HIGH3
0x0068	0x501C      	MOVF        unit06_04_captureDutyCycle_m_state, 0 
0x006A	0x0A01      	XORLW       1
0x006C	0xE0E0      	BZ          L_INTERRUPTION_HIGH4
0x006E	0x501C      	MOVF        unit06_04_captureDutyCycle_m_state, 0 
0x0070	0x0A02      	XORLW       2
0x0072	0xE0EB      	BZ          L_INTERRUPTION_HIGH5
L_INTERRUPTION_HIGH2:
;unit06_04_captureDutyCycle.c,151 :: 		PIR1.CCP1IF = 0;
0x0074	0x949E      	BCF         PIR1, 2 
;unit06_04_captureDutyCycle.c,152 :: 		}
L_INTERRUPTION_HIGH0:
;unit06_04_captureDutyCycle.c,153 :: 		}
L_end_INTERRUPTION_HIGH:
L__INTERRUPTION_HIGH11:
0x0076	0xF000C015  	MOVFF       21, R0
0x007A	0x0011      	RETFIE      1
; end of _INTERRUPTION_HIGH
_Delay_5500us:
;__Lib_Delays.c,31 :: 		void Delay_5500us() {
;__Lib_Delays.c,32 :: 		Delay_us(5500);
0x007C	0x0E0F      	MOVLW       15
0x007E	0x6E0C      	MOVWF       R12, 0
0x0080	0x0E47      	MOVLW       71
0x0082	0x6E0D      	MOVWF       R13, 0
L_Delay_5500us5:
0x0084	0x2E0D      	DECFSZ      R13, 1, 0
0x0086	0xD7FE      	BRA         L_Delay_5500us5
0x0088	0x2E0C      	DECFSZ      R12, 1, 0
0x008A	0xD7FC      	BRA         L_Delay_5500us5
0x008C	0x0000      	NOP
0x008E	0x0000      	NOP
;__Lib_Delays.c,33 :: 		}
L_end_Delay_5500us:
0x0090	0x0012      	RETURN      0
; end of _Delay_5500us
_Delay_50us:
;__Lib_Delays.c,19 :: 		void Delay_50us() {
;__Lib_Delays.c,20 :: 		Delay_us(50);
0x0092	0x0E21      	MOVLW       33
0x0094	0x6E0D      	MOVWF       R13, 0
L_Delay_50us2:
0x0096	0x2E0D      	DECFSZ      R13, 1, 0
0x0098	0xD7FE      	BRA         L_Delay_50us2
;__Lib_Delays.c,21 :: 		}
L_end_Delay_50us:
0x009A	0x0012      	RETURN      0
; end of _Delay_50us
_Delay_1us:
;__Lib_Delays.c,7 :: 		void Delay_1us() {
;__Lib_Delays.c,8 :: 		Delay_us(1);
0x009C	0x0000      	NOP
0x009E	0x0000      	NOP
;__Lib_Delays.c,9 :: 		}
L_end_Delay_1us:
0x00A0	0x0012      	RETURN      0
; end of _Delay_1us
_SETFUN32:
;__Lib_MathDouble.c,144 :: 		
;__Lib_MathDouble.c,152 :: 		
0x00A2	0x840B      	BSF         R11, 2, 0
;__Lib_MathDouble.c,153 :: 		
0x00A4	0xAE0B      	BTFSS       R11, 7, 0
;__Lib_MathDouble.c,154 :: 		
0x00A6	0xF000EF5C  	GOTO        SETFUN32EEE
;__Lib_MathDouble.c,156 :: 		
0x00AA	0x0E01      	MOVLW       1
;__Lib_MathDouble.c,157 :: 		
0x00AC	0x6E03      	MOVWF       R3, 0
;__Lib_MathDouble.c,158 :: 		
0x00AE	0x6A02      	CLRF        R2, 0
;__Lib_MathDouble.c,159 :: 		
0x00B0	0x6A01      	CLRF        R1, 0
;__Lib_MathDouble.c,160 :: 		
0x00B2	0x6A00      	CLRF        R0, 0
;__Lib_MathDouble.c,161 :: 		
0x00B4	0x360A      	RLCF        R10, 1, 0
;__Lib_MathDouble.c,162 :: 		
0x00B6	0x3202      	RRCF        R2, 1, 0
;__Lib_MathDouble.c,163 :: 		
SETFUN32EEE:
;__Lib_MathDouble.c,164 :: 		
0x00B8	0x0EFF      	MOVLW       255
;__Lib_MathDouble.c,166 :: 		
L_end_SETFUN32:
0x00BA	0x0012      	RETURN      0
; end of _SETFUN32
_FIXSIGN32:
;__Lib_MathDouble.c,117 :: 		
;__Lib_MathDouble.c,121 :: 		
0x00BC	0xAE0A      	BTFSS       R10, 7, 0
;__Lib_MathDouble.c,122 :: 		
0x00BE	0x9E02      	BCF         R2, 7, 0
;__Lib_MathDouble.c,123 :: 		
0x00C0	0x0E00      	MOVLW       0
;__Lib_MathDouble.c,125 :: 		
L_end_FIXSIGN32:
0x00C2	0x0012      	RETURN      0
; end of _FIXSIGN32
_Lcd_Cmd:
;__Lib_Lcd.c,18 :: 		
;__Lib_Lcd.c,20 :: 		
0x00C4	0xBE4F      	BTFSC       FARG_Lcd_Cmd_out_char, 7 
0x00C6	0xD002      	BRA         L__Lcd_Cmd21
0x00C8	0x9E8C      	BCF         LCD_D7, BitPos(LCD_D7+0) 
0x00CA	0xD001      	BRA         L__Lcd_Cmd22
L__Lcd_Cmd21:
0x00CC	0x8E8C      	BSF         LCD_D7, BitPos(LCD_D7+0) 
L__Lcd_Cmd22:
;__Lib_Lcd.c,21 :: 		
0x00CE	0xBC4F      	BTFSC       FARG_Lcd_Cmd_out_char, 6 
0x00D0	0xD002      	BRA         L__Lcd_Cmd23
0x00D2	0x9C8C      	BCF         LCD_D6, BitPos(LCD_D6+0) 
0x00D4	0xD001      	BRA         L__Lcd_Cmd24
L__Lcd_Cmd23:
0x00D6	0x8C8C      	BSF         LCD_D6, BitPos(LCD_D6+0) 
L__Lcd_Cmd24:
;__Lib_Lcd.c,22 :: 		
0x00D8	0xBA4F      	BTFSC       FARG_Lcd_Cmd_out_char, 5 
0x00DA	0xD002      	BRA         L__Lcd_Cmd25
0x00DC	0x9A8C      	BCF         LCD_D5, BitPos(LCD_D5+0) 
0x00DE	0xD001      	BRA         L__Lcd_Cmd26
L__Lcd_Cmd25:
0x00E0	0x8A8C      	BSF         LCD_D5, BitPos(LCD_D5+0) 
L__Lcd_Cmd26:
;__Lib_Lcd.c,23 :: 		
0x00E2	0xB84F      	BTFSC       FARG_Lcd_Cmd_out_char, 4 
0x00E4	0xD002      	BRA         L__Lcd_Cmd27
0x00E6	0x988C      	BCF         LCD_D4, BitPos(LCD_D4+0) 
0x00E8	0xD001      	BRA         L__Lcd_Cmd28
L__Lcd_Cmd27:
0x00EA	0x888C      	BSF         LCD_D4, BitPos(LCD_D4+0) 
L__Lcd_Cmd28:
;__Lib_Lcd.c,25 :: 		
0x00EC	0xB022      	BTFSC       __Lib_Lcd_cmd_status, BitPos(__Lib_Lcd_cmd_status+0) 
0x00EE	0xD002      	BRA         L__Lcd_Cmd29
0x00F0	0x848D      	BSF         LCD_RS, BitPos(LCD_RS+0) 
0x00F2	0xD001      	BRA         L__Lcd_Cmd30
L__Lcd_Cmd29:
0x00F4	0x948D      	BCF         LCD_RS, BitPos(LCD_RS+0) 
L__Lcd_Cmd30:
;__Lib_Lcd.c,28 :: 		
0x00F6	0x828D      	BSF         LCD_EN, BitPos(LCD_EN+0) 
;__Lib_Lcd.c,29 :: 		
0x00F8	0xDFD1      	RCALL       _Delay_1us
;__Lib_Lcd.c,30 :: 		
0x00FA	0x928D      	BCF         LCD_EN, BitPos(LCD_EN+0) 
;__Lib_Lcd.c,33 :: 		
0x00FC	0xB64F      	BTFSC       FARG_Lcd_Cmd_out_char, 3 
0x00FE	0xD002      	BRA         L__Lcd_Cmd31
0x0100	0x9E8C      	BCF         LCD_D7, BitPos(LCD_D7+0) 
0x0102	0xD001      	BRA         L__Lcd_Cmd32
L__Lcd_Cmd31:
0x0104	0x8E8C      	BSF         LCD_D7, BitPos(LCD_D7+0) 
L__Lcd_Cmd32:
;__Lib_Lcd.c,34 :: 		
0x0106	0xB44F      	BTFSC       FARG_Lcd_Cmd_out_char, 2 
0x0108	0xD002      	BRA         L__Lcd_Cmd33
0x010A	0x9C8C      	BCF         LCD_D6, BitPos(LCD_D6+0) 
0x010C	0xD001      	BRA         L__Lcd_Cmd34
L__Lcd_Cmd33:
0x010E	0x8C8C      	BSF         LCD_D6, BitPos(LCD_D6+0) 
L__Lcd_Cmd34:
;__Lib_Lcd.c,35 :: 		
0x0110	0xB24F      	BTFSC       FARG_Lcd_Cmd_out_char, 1 
0x0112	0xD002      	BRA         L__Lcd_Cmd35
0x0114	0x9A8C      	BCF         LCD_D5, BitPos(LCD_D5+0) 
0x0116	0xD001      	BRA         L__Lcd_Cmd36
L__Lcd_Cmd35:
0x0118	0x8A8C      	BSF         LCD_D5, BitPos(LCD_D5+0) 
L__Lcd_Cmd36:
;__Lib_Lcd.c,36 :: 		
0x011A	0xB04F      	BTFSC       FARG_Lcd_Cmd_out_char, 0 
0x011C	0xD002      	BRA         L__Lcd_Cmd37
0x011E	0x988C      	BCF         LCD_D4, BitPos(LCD_D4+0) 
0x0120	0xD001      	BRA         L__Lcd_Cmd38
L__Lcd_Cmd37:
0x0122	0x888C      	BSF         LCD_D4, BitPos(LCD_D4+0) 
L__Lcd_Cmd38:
;__Lib_Lcd.c,38 :: 		
0x0124	0xB022      	BTFSC       __Lib_Lcd_cmd_status, BitPos(__Lib_Lcd_cmd_status+0) 
0x0126	0xD002      	BRA         L__Lcd_Cmd39
0x0128	0x848D      	BSF         LCD_RS, BitPos(LCD_RS+0) 
0x012A	0xD001      	BRA         L__Lcd_Cmd40
L__Lcd_Cmd39:
0x012C	0x948D      	BCF         LCD_RS, BitPos(LCD_RS+0) 
L__Lcd_Cmd40:
;__Lib_Lcd.c,40 :: 		
0x012E	0x828D      	BSF         LCD_EN, BitPos(LCD_EN+0) 
;__Lib_Lcd.c,41 :: 		
0x0130	0xDFB5      	RCALL       _Delay_1us
;__Lib_Lcd.c,42 :: 		
0x0132	0x928D      	BCF         LCD_EN, BitPos(LCD_EN+0) 
;__Lib_Lcd.c,44 :: 		
0x0134	0xA022      	BTFSS       __Lib_Lcd_cmd_status, BitPos(__Lib_Lcd_cmd_status+0) 
0x0136	0xD002      	BRA         L_Lcd_Cmd0
;__Lib_Lcd.c,45 :: 		
0x0138	0xDFA1      	RCALL       _Delay_5500us
0x013A	0xD001      	BRA         L_Lcd_Cmd1
L_Lcd_Cmd0:
;__Lib_Lcd.c,47 :: 		
0x013C	0xDFAA      	RCALL       _Delay_50us
L_Lcd_Cmd1:
;__Lib_Lcd.c,48 :: 		
L_end_Lcd_Cmd:
0x013E	0x0012      	RETURN      0
; end of _Lcd_Cmd
_RES032:
;__Lib_MathDouble.c,128 :: 		
;__Lib_MathDouble.c,134 :: 		
0x0140	0x6A02      	CLRF        R2, 0
;__Lib_MathDouble.c,135 :: 		
0x0142	0x6A01      	CLRF        R1, 0
;__Lib_MathDouble.c,136 :: 		
0x0144	0x6A00      	CLRF        R0, 0
;__Lib_MathDouble.c,137 :: 		
0x0146	0x6A08      	CLRF        R8, 0
;__Lib_MathDouble.c,138 :: 		
0x0148	0x6A03      	CLRF        R3, 0
;__Lib_MathDouble.c,139 :: 		
0x014A	0x0E00      	MOVLW       0
;__Lib_MathDouble.c,141 :: 		
L_end_RES032:
0x014C	0x0012      	RETURN      0
; end of _RES032
_Div_16X16_U:
;__Lib_Math.c,102 :: 		
;__Lib_Math.c,109 :: 		
0x014E	0x6A08      	CLRF        R8, 0
;__Lib_Math.c,110 :: 		
0x0150	0x6A09      	CLRF        R9, 0
;__Lib_Math.c,111 :: 		
0x0152	0x0E10      	MOVLW       16
;__Lib_Math.c,112 :: 		
0x0154	0x6E0C      	MOVWF       R12, 0
;__Lib_Math.c,113 :: 		
0x0156	0x3401      	RLCF        R1, 0, 0
;__Lib_Math.c,114 :: 		
0x0158	0x3608      	RLCF        R8, 1, 0
;__Lib_Math.c,115 :: 		
0x015A	0x3609      	RLCF        R9, 1, 0
;__Lib_Math.c,116 :: 		
0x015C	0x5004      	MOVF        R4, 0, 0
;__Lib_Math.c,117 :: 		
0x015E	0x5E08      	SUBWF       R8, 1, 0
;__Lib_Math.c,118 :: 		
0x0160	0x5005      	MOVF        R5, 0, 0
;__Lib_Math.c,119 :: 		
0x0162	0xA0D8      	BTFSS       STATUS, 0, 0
;__Lib_Math.c,120 :: 		
0x0164	0x3C05      	INCFSZ      R5, 0, 0
;__Lib_Math.c,121 :: 		
0x0166	0x5E09      	SUBWF       R9, 1, 0
;__Lib_Math.c,122 :: 		
0x0168	0xB0D8      	BTFSC       STATUS, 0, 0
;__Lib_Math.c,123 :: 		
0x016A	0xD007      	BRA         $+16
;__Lib_Math.c,124 :: 		
0x016C	0x5004      	MOVF        R4, 0, 0
;__Lib_Math.c,125 :: 		
0x016E	0x2608      	ADDWF       R8, 1, 0
;__Lib_Math.c,126 :: 		
0x0170	0x5005      	MOVF        R5, 0, 0
;__Lib_Math.c,127 :: 		
0x0172	0xB0D8      	BTFSC       STATUS, 0, 0
;__Lib_Math.c,128 :: 		
0x0174	0x3C05      	INCFSZ      R5, 0, 0
;__Lib_Math.c,129 :: 		
0x0176	0x2609      	ADDWF       R9, 1, 0
;__Lib_Math.c,130 :: 		
0x0178	0x90D8      	BCF         STATUS, 0, 0
;__Lib_Math.c,131 :: 		
0x017A	0x3600      	RLCF        R0, 1, 0
;__Lib_Math.c,132 :: 		
0x017C	0x3601      	RLCF        R1, 1, 0
;__Lib_Math.c,133 :: 		
0x017E	0x2E0C      	DECFSZ      R12, 1, 0
;__Lib_Math.c,134 :: 		
0x0180	0xD7EA      	BRA         $-42
;__Lib_Math.c,136 :: 		
L_end_Div_16X16_U:
0x0182	0x0012      	RETURN      0
; end of _Div_16X16_U
_NRM3232:
;__Lib_MathDouble.c,455 :: 		
;__Lib_MathDouble.c,463 :: 		
0x0184	0x6A0C      	CLRF        R12, 0
;__Lib_MathDouble.c,464 :: 		
0x0186	0x6A0E      	CLRF        R14, 0
;__Lib_MathDouble.c,465 :: 		
0x0188	0x5002      	MOVF        R2, 0, 0
;__Lib_MathDouble.c,466 :: 		
0x018A	0xA4D8      	BTFSS       STATUS, 2, 0
;__Lib_MathDouble.c,467 :: 		
0x018C	0xF000EFDB  	GOTO        NORM3232
;__Lib_MathDouble.c,468 :: 		
0x0190	0xF002C001  	MOVFF       R1, R2
;__Lib_MathDouble.c,469 :: 		
0x0194	0xF001C000  	MOVFF       R0, R1
;__Lib_MathDouble.c,470 :: 		
0x0198	0x6A00      	CLRF        R0, 0
;__Lib_MathDouble.c,471 :: 		
0x019A	0x860E      	BSF         R14, 3, 0
;__Lib_MathDouble.c,473 :: 		
0x019C	0x5002      	MOVF        R2, 0, 0
;__Lib_MathDouble.c,474 :: 		
0x019E	0xA4D8      	BTFSS       STATUS, 2, 0
;__Lib_MathDouble.c,475 :: 		
0x01A0	0xF000EFDB  	GOTO        NORM3232
;__Lib_MathDouble.c,476 :: 		
0x01A4	0xF002C001  	MOVFF       R1, R2
;__Lib_MathDouble.c,477 :: 		
0x01A8	0x6A01      	CLRF        R1, 0
;__Lib_MathDouble.c,478 :: 		
0x01AA	0x960E      	BCF         R14, 3, 0
;__Lib_MathDouble.c,479 :: 		
0x01AC	0x880E      	BSF         R14, 4, 0
;__Lib_MathDouble.c,481 :: 		
0x01AE	0x5002      	MOVF        R2, 0, 0
;__Lib_MathDouble.c,482 :: 		
0x01B0	0xB4D8      	BTFSC       STATUS, 2, 0
;__Lib_MathDouble.c,483 :: 		
0x01B2	0xF000EFED  	GOTO        JPNRES032
;__Lib_MathDouble.c,484 :: 		
NORM3232:
;__Lib_MathDouble.c,485 :: 		
0x01B6	0x500E      	MOVF        R14, 0, 0
;__Lib_MathDouble.c,486 :: 		
0x01B8	0x5E03      	SUBWF       R3, 1, 0
;__Lib_MathDouble.c,487 :: 		
0x01BA	0xA4D8      	BTFSS       STATUS, 2, 0
;__Lib_MathDouble.c,488 :: 		
0x01BC	0xA0D8      	BTFSS       STATUS, 0, 0
;__Lib_MathDouble.c,489 :: 		
0x01BE	0xF000EFF2  	GOTO        JPNSETFUN32
;__Lib_MathDouble.c,490 :: 		
0x01C2	0x90D8      	BCF         STATUS, 0, 0
;__Lib_MathDouble.c,491 :: 		
NORM3232A:
;__Lib_MathDouble.c,492 :: 		
0x01C4	0xBE02      	BTFSC       R2, 7, 0
;__Lib_MathDouble.c,493 :: 		
0x01C6	0xF000EFF7  	GOTO        JMPNFIXSIGN32
;__Lib_MathDouble.c,494 :: 		
0x01CA	0x3600      	RLCF        R0, 1, 0
;__Lib_MathDouble.c,495 :: 		
0x01CC	0x3601      	RLCF        R1, 1, 0
;__Lib_MathDouble.c,496 :: 		
0x01CE	0x3602      	RLCF        R2, 1, 0
;__Lib_MathDouble.c,497 :: 		
0x01D0	0x2E03      	DECFSZ      R3, 1, 0
;__Lib_MathDouble.c,498 :: 		
0x01D2	0xF000EFE2  	GOTO        NORM3232A
;__Lib_MathDouble.c,499 :: 		
0x01D6	0xF000EFF2  	GOTO        JPNSETFUN32
;__Lib_MathDouble.c,500 :: 		
JPNRES032:
;__Lib_MathDouble.c,501 :: 		
0x01DA	0x0E01      	MOVLW       1
;__Lib_MathDouble.c,502 :: 		
0x01DC	0x6E0C      	MOVWF       R12, 0
;__Lib_MathDouble.c,504 :: 		
0x01DE	0xDFB0      	RCALL       _RES032
;__Lib_MathDouble.c,506 :: 		
0x01E0	0xF000EFFA  	GOTO        NORM32EEE
;__Lib_MathDouble.c,507 :: 		
JPNSETFUN32:
;__Lib_MathDouble.c,508 :: 		
0x01E4	0x0E02      	MOVLW       2
;__Lib_MathDouble.c,509 :: 		
0x01E6	0x6E0C      	MOVWF       R12, 0
;__Lib_MathDouble.c,511 :: 		
0x01E8	0xDF5C      	RCALL       _SETFUN32
;__Lib_MathDouble.c,513 :: 		
0x01EA	0xF000EFFA  	GOTO        NORM32EEE
;__Lib_MathDouble.c,514 :: 		
JMPNFIXSIGN32:
;__Lib_MathDouble.c,515 :: 		
0x01EE	0x0E04      	MOVLW       4
;__Lib_MathDouble.c,516 :: 		
0x01F0	0x6E0C      	MOVWF       R12, 0
;__Lib_MathDouble.c,518 :: 		
0x01F2	0xDF64      	RCALL       _FIXSIGN32
;__Lib_MathDouble.c,520 :: 		
NORM32EEE:
;__Lib_MathDouble.c,527 :: 		
L_end_NRM3232:
0x01F4	0x0012      	RETURN      0
; end of _NRM3232
_SETFOV32:
;__Lib_MathDouble.c,82 :: 		
;__Lib_MathDouble.c,90 :: 		
0x01F6	0x820B      	BSF         R11, 1, 0
;__Lib_MathDouble.c,91 :: 		
0x01F8	0xAE0B      	BTFSS       R11, 7, 0
;__Lib_MathDouble.c,92 :: 		
0x01FA	0xF001EF05  	GOTO        SETFOV32EEE
;__Lib_MathDouble.c,94 :: 		
0x01FE	0x6803      	SETF        R3, 0
;__Lib_MathDouble.c,95 :: 		
0x0200	0x6802      	SETF        R2, 0
;__Lib_MathDouble.c,96 :: 		
0x0202	0x6801      	SETF        R1, 0
;__Lib_MathDouble.c,97 :: 		
0x0204	0x6800      	SETF        R0, 0
;__Lib_MathDouble.c,98 :: 		
0x0206	0x360A      	RLCF        R10, 1, 0
;__Lib_MathDouble.c,99 :: 		
0x0208	0x3202      	RRCF        R2, 1, 0
;__Lib_MathDouble.c,100 :: 		
SETFOV32EEE:
;__Lib_MathDouble.c,101 :: 		
0x020A	0x0EFF      	MOVLW       255
;__Lib_MathDouble.c,103 :: 		
L_end_SETFOV32:
0x020C	0x0012      	RETURN      0
; end of _SETFOV32
_Lcd_Chr_CP:
;__Lib_Lcd.c,50 :: 		
;__Lib_Lcd.c,52 :: 		
0x020E	0x9022      	BCF         __Lib_Lcd_cmd_status, BitPos(__Lib_Lcd_cmd_status+0) 
;__Lib_Lcd.c,53 :: 		
0x0210	0xF04FC04E  	MOVFF       FARG_Lcd_Chr_CP_out_char, FARG_Lcd_Cmd_out_char
0x0214	0xDF57      	RCALL       _Lcd_Cmd
;__Lib_Lcd.c,54 :: 		
0x0216	0x8022      	BSF         __Lib_Lcd_cmd_status, BitPos(__Lib_Lcd_cmd_status+0) 
;__Lib_Lcd.c,55 :: 		
L_end_Lcd_Chr_CP:
0x0218	0x0012      	RETURN      0
; end of _Lcd_Chr_CP
_SETFDZ32:
;__Lib_MathDouble.c,106 :: 		
;__Lib_MathDouble.c,110 :: 		
0x021A	0x6A0B      	CLRF        R11, 0
;__Lib_MathDouble.c,111 :: 		
0x021C	0x860B      	BSF         R11, 3, 0
;__Lib_MathDouble.c,112 :: 		
0x021E	0x0EFF      	MOVLW       255
;__Lib_MathDouble.c,114 :: 		
L_end_SETFDZ32:
0x0220	0x0012      	RETURN      0
; end of _SETFDZ32
_SETIOV3224:
;__Lib_MathDouble.c,530 :: 		
;__Lib_MathDouble.c,537 :: 		
0x0222	0x800B      	BSF         R11, 0, 0
;__Lib_MathDouble.c,538 :: 		
0x0224	0xAE0B      	BTFSS       R11, 7, 0
;__Lib_MathDouble.c,539 :: 		
0x0226	0xF001EF1D  	GOTO        SETIOV3224EEE
;__Lib_MathDouble.c,541 :: 		
0x022A	0x6A02      	CLRF        R2, 0
;__Lib_MathDouble.c,542 :: 		
0x022C	0xAE0A      	BTFSS       R10, 7, 0
;__Lib_MathDouble.c,543 :: 		
0x022E	0x0EFF      	MOVLW       255
;__Lib_MathDouble.c,544 :: 		
0x0230	0x6E02      	MOVWF       R2, 0
;__Lib_MathDouble.c,545 :: 		
0x0232	0x6E01      	MOVWF       R1, 0
;__Lib_MathDouble.c,546 :: 		
0x0234	0x6E00      	MOVWF       R0, 0
;__Lib_MathDouble.c,547 :: 		
0x0236	0x360A      	RLCF        R10, 1, 0
;__Lib_MathDouble.c,548 :: 		
0x0238	0x3202      	RRCF        R2, 1, 0
;__Lib_MathDouble.c,549 :: 		
SETIOV3224EEE:
;__Lib_MathDouble.c,550 :: 		
0x023A	0x0EFF      	MOVLW       255
;__Lib_MathDouble.c,552 :: 		
L_end_SETIOV3224:
0x023C	0x0012      	RETURN      0
; end of _SETIOV3224
___CC2DW:
;__Lib_System.c,21 :: 		
;__Lib_System.c,23 :: 		
_CC2DL_Loop1:
;__Lib_System.c,24 :: 		
0x023E	0x0009      	TBLRD*+
;__Lib_System.c,25 :: 		
0x0240	0xFFE6CFF5  	MOVFF       TABLAT, POSTINC1
;__Lib_System.c,26 :: 		
0x0244	0x0600      	DECF        R0, 1, 0
;__Lib_System.c,27 :: 		
0x0246	0xE1FB      	BNZ         _CC2DL_Loop1
;__Lib_System.c,28 :: 		
0x0248	0x0601      	DECF        R1, 1, 0
;__Lib_System.c,29 :: 		
0x024A	0xE1F9      	BNZ         _CC2DL_Loop1
;__Lib_System.c,31 :: 		
L_end___CC2DW:
0x024C	0x0012      	RETURN      0
; end of ___CC2DW
_configGlobalInterruption:
;unit06_04_captureDutyCycle.c,168 :: 		void configGlobalInterruption()        // General glebal interruptions set up
;unit06_04_captureDutyCycle.c,170 :: 		INTCON.GIEH = 1;                     // Enable Interruptions High Priority
0x024E	0x8EF2      	BSF         INTCON, 7 
;unit06_04_captureDutyCycle.c,171 :: 		INTCON.GIEL = 1;                     // Enable Interruptions Low Priority
0x0250	0x8CF2      	BSF         INTCON, 6 
;unit06_04_captureDutyCycle.c,172 :: 		RCON.IPEN = 1;                       // Enable Priority
0x0252	0x8ED0      	BSF         RCON, 7 
;unit06_04_captureDutyCycle.c,173 :: 		}
L_end_configGlobalInterruption:
0x0254	0x0012      	RETURN      0
; end of _configGlobalInterruption
_configIndividualVctCAPT:
;unit06_04_captureDutyCycle.c,175 :: 		void configIndividualVctCAPT()         // Capture peripheral setup
;unit06_04_captureDutyCycle.c,177 :: 		CCP1CON = 0;                         // Reset Module: Microchip recommends:)
0x0256	0x6ABD      	CLRF        CCP1CON 
;unit06_04_captureDutyCycle.c,179 :: 		CCP1CON = 0B00000101;                // Capture 16 th mode: every rising edge
0x0258	0x0E05      	MOVLW       5
0x025A	0x6EBD      	MOVWF       CCP1CON 
;unit06_04_captureDutyCycle.c,181 :: 		PIR1.CCP1IF = 0;                     // F for Flag's clear
0x025C	0x949E      	BCF         PIR1, 2 
;unit06_04_captureDutyCycle.c,182 :: 		IPR1.CCP1IP = 1;                     // P for Priority
0x025E	0x849F      	BSF         IPR1, 2 
;unit06_04_captureDutyCycle.c,183 :: 		PIE1.CCP1IE = 1;                     // E CCP enable
0x0260	0x849D      	BSF         PIE1, 2 
;unit06_04_captureDutyCycle.c,185 :: 		TRISC.RC2 = 1;                       // CCP as input
0x0262	0x8494      	BSF         TRISC, 2 
;unit06_04_captureDutyCycle.c,188 :: 		T1CON = 0B00010011;                  //16-bit mode, TMR1 osc, PS 1:2, clock source Fosc/4, stop TMR1
0x0264	0x0E13      	MOVLW       19
0x0266	0x6ECD      	MOVWF       T1CON 
;unit06_04_captureDutyCycle.c,189 :: 		TMR1H = 0;
0x0268	0x6ACF      	CLRF        TMR1H 
;unit06_04_captureDutyCycle.c,190 :: 		TMR1L = 0;
0x026A	0x6ACE      	CLRF        TMR1L 
;unit06_04_captureDutyCycle.c,191 :: 		T1CON.TMR1ON = 1;                    // TMR1 on!
0x026C	0x80CD      	BSF         T1CON, 0 
;unit06_04_captureDutyCycle.c,193 :: 		}
L_end_configIndividualVctCAPT:
0x026E	0x0012      	RETURN      0
; end of _configIndividualVctCAPT
_ConfigMCU:
;unit06_04_captureDutyCycle.c,155 :: 		void ConfigMCU()
;unit06_04_captureDutyCycle.c,161 :: 		ADCON1 |= 0X0F;
0x0270	0x0E0F      	MOVLW       15
0x0272	0x12C1      	IORWF       ADCON1, 1 
;unit06_04_captureDutyCycle.c,163 :: 		TRISB =0;
0x0274	0x6A93      	CLRF        TRISB 
;unit06_04_captureDutyCycle.c,164 :: 		TRISC.RC2 = 1;
0x0276	0x8494      	BSF         TRISC, 2 
;unit06_04_captureDutyCycle.c,165 :: 		PORTC.RC2 = 1;
0x0278	0x8482      	BSF         PORTC, 2 
;unit06_04_captureDutyCycle.c,166 :: 		}
L_end_ConfigMCU:
0x027A	0x0012      	RETURN      0
; end of _ConfigMCU
_Lcd_Init:
;__Lib_Lcd.c,84 :: 		
;__Lib_Lcd.c,86 :: 		
0x027C	0x9296      	BCF         LCD_EN_Direction, BitPos(LCD_EN_Direction+0) 
;__Lib_Lcd.c,87 :: 		
0x027E	0x9496      	BCF         LCD_RS_Direction, BitPos(LCD_RS_Direction+0) 
;__Lib_Lcd.c,88 :: 		
0x0280	0x9895      	BCF         LCD_D4_Direction, BitPos(LCD_D4_Direction+0) 
;__Lib_Lcd.c,89 :: 		
0x0282	0x9A95      	BCF         LCD_D5_Direction, BitPos(LCD_D5_Direction+0) 
;__Lib_Lcd.c,90 :: 		
0x0284	0x9C95      	BCF         LCD_D6_Direction, BitPos(LCD_D6_Direction+0) 
;__Lib_Lcd.c,91 :: 		
0x0286	0x9E95      	BCF         LCD_D7_Direction, BitPos(LCD_D7_Direction+0) 
;__Lib_Lcd.c,93 :: 		
0x0288	0x928D      	BCF         LCD_EN, BitPos(LCD_EN+0) 
;__Lib_Lcd.c,94 :: 		
0x028A	0x948D      	BCF         LCD_RS, BitPos(LCD_RS+0) 
;__Lib_Lcd.c,95 :: 		
0x028C	0x9E8C      	BCF         LCD_D7, BitPos(LCD_D7+0) 
;__Lib_Lcd.c,96 :: 		
0x028E	0x9C8C      	BCF         LCD_D6, BitPos(LCD_D6+0) 
;__Lib_Lcd.c,97 :: 		
0x0290	0x9A8C      	BCF         LCD_D5, BitPos(LCD_D5+0) 
;__Lib_Lcd.c,98 :: 		
0x0292	0x988C      	BCF         LCD_D4, BitPos(LCD_D4+0) 
;__Lib_Lcd.c,100 :: 		
0x0294	0xDEF3      	RCALL       _Delay_5500us
;__Lib_Lcd.c,101 :: 		
0x0296	0xDEF2      	RCALL       _Delay_5500us
;__Lib_Lcd.c,102 :: 		
0x0298	0xDEF1      	RCALL       _Delay_5500us
;__Lib_Lcd.c,105 :: 		
0x029A	0x8A8C      	BSF         LCD_D5, BitPos(LCD_D5+0) 
;__Lib_Lcd.c,106 :: 		
0x029C	0x888C      	BSF         LCD_D4, BitPos(LCD_D4+0) 
;__Lib_Lcd.c,107 :: 		
0x029E	0x828D      	BSF         LCD_EN, BitPos(LCD_EN+0) 
;__Lib_Lcd.c,108 :: 		
0x02A0	0xDEFD      	RCALL       _Delay_1us
;__Lib_Lcd.c,109 :: 		
0x02A2	0x928D      	BCF         LCD_EN, BitPos(LCD_EN+0) 
;__Lib_Lcd.c,110 :: 		
0x02A4	0xDEEB      	RCALL       _Delay_5500us
;__Lib_Lcd.c,112 :: 		
0x02A6	0x828D      	BSF         LCD_EN, BitPos(LCD_EN+0) 
;__Lib_Lcd.c,113 :: 		
0x02A8	0xDEF9      	RCALL       _Delay_1us
;__Lib_Lcd.c,114 :: 		
0x02AA	0x928D      	BCF         LCD_EN, BitPos(LCD_EN+0) 
;__Lib_Lcd.c,115 :: 		
0x02AC	0xDEE7      	RCALL       _Delay_5500us
;__Lib_Lcd.c,117 :: 		
0x02AE	0x828D      	BSF         LCD_EN, BitPos(LCD_EN+0) 
;__Lib_Lcd.c,118 :: 		
0x02B0	0xDEF5      	RCALL       _Delay_1us
;__Lib_Lcd.c,119 :: 		
0x02B2	0x928D      	BCF         LCD_EN, BitPos(LCD_EN+0) 
;__Lib_Lcd.c,120 :: 		
0x02B4	0xDEE3      	RCALL       _Delay_5500us
;__Lib_Lcd.c,123 :: 		
0x02B6	0x988C      	BCF         LCD_D4, BitPos(LCD_D4+0) 
;__Lib_Lcd.c,124 :: 		
0x02B8	0x828D      	BSF         LCD_EN, BitPos(LCD_EN+0) 
;__Lib_Lcd.c,125 :: 		
0x02BA	0xDEF0      	RCALL       _Delay_1us
;__Lib_Lcd.c,126 :: 		
0x02BC	0x928D      	BCF         LCD_EN, BitPos(LCD_EN+0) 
;__Lib_Lcd.c,127 :: 		
0x02BE	0xDEDE      	RCALL       _Delay_5500us
;__Lib_Lcd.c,130 :: 		
0x02C0	0x828D      	BSF         LCD_EN, BitPos(LCD_EN+0) 
;__Lib_Lcd.c,131 :: 		
0x02C2	0xDEEC      	RCALL       _Delay_1us
;__Lib_Lcd.c,132 :: 		
0x02C4	0x928D      	BCF         LCD_EN, BitPos(LCD_EN+0) 
;__Lib_Lcd.c,134 :: 		
0x02C6	0x9A8C      	BCF         LCD_D5, BitPos(LCD_D5+0) 
;__Lib_Lcd.c,135 :: 		
0x02C8	0x8E8C      	BSF         LCD_D7, BitPos(LCD_D7+0) 
;__Lib_Lcd.c,136 :: 		
0x02CA	0x828D      	BSF         LCD_EN, BitPos(LCD_EN+0) 
;__Lib_Lcd.c,137 :: 		
0x02CC	0xDEE7      	RCALL       _Delay_1us
;__Lib_Lcd.c,138 :: 		
0x02CE	0x928D      	BCF         LCD_EN, BitPos(LCD_EN+0) 
;__Lib_Lcd.c,139 :: 		
0x02D0	0xDED5      	RCALL       _Delay_5500us
;__Lib_Lcd.c,142 :: 		
0x02D2	0x9E8C      	BCF         LCD_D7, BitPos(LCD_D7+0) 
;__Lib_Lcd.c,143 :: 		
0x02D4	0x888C      	BSF         LCD_D4, BitPos(LCD_D4+0) 
;__Lib_Lcd.c,144 :: 		
0x02D6	0x828D      	BSF         LCD_EN, BitPos(LCD_EN+0) 
;__Lib_Lcd.c,145 :: 		
0x02D8	0xDEE1      	RCALL       _Delay_1us
;__Lib_Lcd.c,146 :: 		
0x02DA	0x928D      	BCF         LCD_EN, BitPos(LCD_EN+0) 
;__Lib_Lcd.c,148 :: 		
0x02DC	0x988C      	BCF         LCD_D4, BitPos(LCD_D4+0) 
;__Lib_Lcd.c,149 :: 		
0x02DE	0x828D      	BSF         LCD_EN, BitPos(LCD_EN+0) 
;__Lib_Lcd.c,150 :: 		
0x02E0	0xDEDD      	RCALL       _Delay_1us
;__Lib_Lcd.c,151 :: 		
0x02E2	0x928D      	BCF         LCD_EN, BitPos(LCD_EN+0) 
;__Lib_Lcd.c,152 :: 		
0x02E4	0xDECB      	RCALL       _Delay_5500us
;__Lib_Lcd.c,155 :: 		
0x02E6	0x828D      	BSF         LCD_EN, BitPos(LCD_EN+0) 
;__Lib_Lcd.c,156 :: 		
0x02E8	0xDED9      	RCALL       _Delay_1us
;__Lib_Lcd.c,157 :: 		
0x02EA	0x928D      	BCF         LCD_EN, BitPos(LCD_EN+0) 
;__Lib_Lcd.c,159 :: 		
0x02EC	0x888C      	BSF         LCD_D4, BitPos(LCD_D4+0) 
;__Lib_Lcd.c,160 :: 		
0x02EE	0x828D      	BSF         LCD_EN, BitPos(LCD_EN+0) 
;__Lib_Lcd.c,161 :: 		
0x02F0	0xDED5      	RCALL       _Delay_1us
;__Lib_Lcd.c,162 :: 		
0x02F2	0x928D      	BCF         LCD_EN, BitPos(LCD_EN+0) 
;__Lib_Lcd.c,163 :: 		
0x02F4	0xDEC3      	RCALL       _Delay_5500us
;__Lib_Lcd.c,166 :: 		
0x02F6	0x988C      	BCF         LCD_D4, BitPos(LCD_D4+0) 
;__Lib_Lcd.c,167 :: 		
0x02F8	0x828D      	BSF         LCD_EN, BitPos(LCD_EN+0) 
;__Lib_Lcd.c,168 :: 		
0x02FA	0xDED0      	RCALL       _Delay_1us
;__Lib_Lcd.c,169 :: 		
0x02FC	0x928D      	BCF         LCD_EN, BitPos(LCD_EN+0) 
;__Lib_Lcd.c,171 :: 		
0x02FE	0x8E8C      	BSF         LCD_D7, BitPos(LCD_D7+0) 
;__Lib_Lcd.c,172 :: 		
0x0300	0x8C8C      	BSF         LCD_D6, BitPos(LCD_D6+0) 
;__Lib_Lcd.c,173 :: 		
0x0302	0x8A8C      	BSF         LCD_D5, BitPos(LCD_D5+0) 
;__Lib_Lcd.c,174 :: 		
0x0304	0x888C      	BSF         LCD_D4, BitPos(LCD_D4+0) 
;__Lib_Lcd.c,175 :: 		
0x0306	0x828D      	BSF         LCD_EN, BitPos(LCD_EN+0) 
;__Lib_Lcd.c,176 :: 		
0x0308	0xDEC9      	RCALL       _Delay_1us
;__Lib_Lcd.c,177 :: 		
0x030A	0x928D      	BCF         LCD_EN, BitPos(LCD_EN+0) 
;__Lib_Lcd.c,179 :: 		
0x030C	0xDEB7      	RCALL       _Delay_5500us
;__Lib_Lcd.c,181 :: 		
0x030E	0x8022      	BSF         __Lib_Lcd_cmd_status, BitPos(__Lib_Lcd_cmd_status+0) 
;__Lib_Lcd.c,182 :: 		
L_end_Lcd_Init:
0x0310	0x0012      	RETURN      0
; end of _Lcd_Init
_Lcd_Out:
;__Lib_Lcd.c,184 :: 		
;__Lib_Lcd.c,187 :: 		
0x0312	0xD00F      	BRA         L_Lcd_Out11
;__Lib_Lcd.c,188 :: 		
L_Lcd_Out13:
0x0314	0x0E80      	MOVLW       128
0x0316	0x6E47      	MOVWF       FARG_Lcd_Out_row 
0x0318	0xD019      	BRA         L_Lcd_Out12
;__Lib_Lcd.c,189 :: 		
L_Lcd_Out14:
0x031A	0x0EC0      	MOVLW       192
0x031C	0x6E47      	MOVWF       FARG_Lcd_Out_row 
0x031E	0xD016      	BRA         L_Lcd_Out12
;__Lib_Lcd.c,190 :: 		
L_Lcd_Out15:
0x0320	0x0E94      	MOVLW       148
0x0322	0x6E47      	MOVWF       FARG_Lcd_Out_row 
0x0324	0xD013      	BRA         L_Lcd_Out12
;__Lib_Lcd.c,191 :: 		
L_Lcd_Out16:
0x0326	0x0ED4      	MOVLW       212
0x0328	0x6E47      	MOVWF       FARG_Lcd_Out_row 
0x032A	0xD010      	BRA         L_Lcd_Out12
;__Lib_Lcd.c,192 :: 		
L_Lcd_Out17:
0x032C	0x0E80      	MOVLW       128
0x032E	0x6E47      	MOVWF       FARG_Lcd_Out_row 
;__Lib_Lcd.c,193 :: 		
0x0330	0xD00D      	BRA         L_Lcd_Out12
L_Lcd_Out11:
0x0332	0x5047      	MOVF        FARG_Lcd_Out_row, 0 
0x0334	0x0A01      	XORLW       1
0x0336	0xE0EE      	BZ          L_Lcd_Out13
0x0338	0x5047      	MOVF        FARG_Lcd_Out_row, 0 
0x033A	0x0A02      	XORLW       2
0x033C	0xE0EE      	BZ          L_Lcd_Out14
0x033E	0x5047      	MOVF        FARG_Lcd_Out_row, 0 
0x0340	0x0A03      	XORLW       3
0x0342	0xE0EE      	BZ          L_Lcd_Out15
0x0344	0x5047      	MOVF        FARG_Lcd_Out_row, 0 
0x0346	0x0A04      	XORLW       4
0x0348	0xE0EE      	BZ          L_Lcd_Out16
0x034A	0xD7F0      	BRA         L_Lcd_Out17
L_Lcd_Out12:
;__Lib_Lcd.c,194 :: 		
0x034C	0x0448      	DECF        FARG_Lcd_Out_column, 0 
0x034E	0x6E00      	MOVWF       R0 
0x0350	0x5047      	MOVF        FARG_Lcd_Out_row, 0 
0x0352	0x2600      	ADDWF       R0, 1 
0x0354	0xF047C000  	MOVFF       R0, FARG_Lcd_Out_row
;__Lib_Lcd.c,196 :: 		
0x0358	0xF04FC000  	MOVFF       R0, FARG_Lcd_Cmd_out_char
0x035C	0xDEB3      	RCALL       _Lcd_Cmd
;__Lib_Lcd.c,197 :: 		
0x035E	0x9022      	BCF         __Lib_Lcd_cmd_status, BitPos(__Lib_Lcd_cmd_status+0) 
;__Lib_Lcd.c,198 :: 		
0x0360	0x6A4B      	CLRF        Lcd_Out_i_L0 
;__Lib_Lcd.c,199 :: 		
L_Lcd_Out18:
0x0362	0x504B      	MOVF        Lcd_Out_i_L0, 0 
0x0364	0x2449      	ADDWF       FARG_Lcd_Out_text, 0 
0x0366	0x6EE9      	MOVWF       FSR0L 
0x0368	0x0E00      	MOVLW       0
0x036A	0x204A      	ADDWFC      FARG_Lcd_Out_text+1, 0 
0x036C	0x6EEA      	MOVWF       FSR0L+1 
0x036E	0x52EE      	MOVF        POSTINC0, 1 
0x0370	0xE00B      	BZ          L_Lcd_Out19
;__Lib_Lcd.c,200 :: 		
0x0372	0x504B      	MOVF        Lcd_Out_i_L0, 0 
0x0374	0x2449      	ADDWF       FARG_Lcd_Out_text, 0 
0x0376	0x6EE9      	MOVWF       FSR0L 
0x0378	0x0E00      	MOVLW       0
0x037A	0x204A      	ADDWFC      FARG_Lcd_Out_text+1, 0 
0x037C	0x6EEA      	MOVWF       FSR0L+1 
0x037E	0xF04ECFEE  	MOVFF       POSTINC0, FARG_Lcd_Chr_CP_out_char
0x0382	0xDF45      	RCALL       _Lcd_Chr_CP
0x0384	0x2A4B      	INCF        Lcd_Out_i_L0, 1 
0x0386	0xD7ED      	BRA         L_Lcd_Out18
L_Lcd_Out19:
;__Lib_Lcd.c,201 :: 		
0x0388	0x8022      	BSF         __Lib_Lcd_cmd_status, BitPos(__Lib_Lcd_cmd_status+0) 
;__Lib_Lcd.c,202 :: 		
L_end_Lcd_Out:
0x038A	0x0012      	RETURN      0
; end of _Lcd_Out
_double2word:
;__Lib_MathDouble.c,2023 :: 		
;__Lib_MathDouble.c,2032 :: 		
0x038C	0x6A0B      	CLRF        R11, 0
;__Lib_MathDouble.c,2033 :: 		
0x038E	0x6A0C      	CLRF        R12, 0
;__Lib_MathDouble.c,2034 :: 		
0x0390	0x6A0A      	CLRF        R10, 0
;__Lib_MathDouble.c,2036 :: 		
0x0392	0x5003      	MOVF        R3, 0, 0
;__Lib_MathDouble.c,2037 :: 		
0x0394	0xB4D8      	BTFSC       STATUS, 2, 0
;__Lib_MathDouble.c,2038 :: 		
0x0396	0xF002EF10  	GOTO        IRES016U
;__Lib_MathDouble.c,2040 :: 		
0x039A	0x8E02      	BSF         R2, 7, 0
;__Lib_MathDouble.c,2042 :: 		
0x039C	0x0E8E      	MOVLW       142
;__Lib_MathDouble.c,2043 :: 		
0x039E	0x5E03      	SUBWF       R3, 1, 0
;__Lib_MathDouble.c,2044 :: 		
0x03A0	0xBE03      	BTFSC       R3, 7, 0
;__Lib_MathDouble.c,2045 :: 		
0x03A2	0xF001EFD8  	GOTO        SETEXP16U
;__Lib_MathDouble.c,2046 :: 		
0x03A6	0xB4D8      	BTFSC       STATUS, 2, 0
;__Lib_MathDouble.c,2047 :: 		
0x03A8	0xF001EFD8  	GOTO        SETEXP16U
;__Lib_MathDouble.c,2048 :: 		
0x03AC	0xF002EF14  	GOTO        SETIOV16U
;__Lib_MathDouble.c,2049 :: 		
SETEXP16U:
;__Lib_MathDouble.c,2050 :: 		
0x03B0	0x6C03      	NEGF        R3, 0
;__Lib_MathDouble.c,2052 :: 		
0x03B2	0x0E08      	MOVLW       8
;__Lib_MathDouble.c,2053 :: 		
0x03B4	0x5C03      	SUBWF       R3, 0, 0
;__Lib_MathDouble.c,2054 :: 		
0x03B6	0xA0D8      	BTFSS       STATUS, 0, 0
;__Lib_MathDouble.c,2055 :: 		
0x03B8	0xF001EFEF  	GOTO        TSHIFT3216U
;__Lib_MathDouble.c,2056 :: 		
0x03BC	0x6E03      	MOVWF       R3, 0
;__Lib_MathDouble.c,2057 :: 		
0x03BE	0x3601      	RLCF        R1, 1, 0
;__Lib_MathDouble.c,2058 :: 		
0x03C0	0xF001C002  	MOVFF       R2, R1
;__Lib_MathDouble.c,2059 :: 		
0x03C4	0x6A02      	CLRF        R2, 0
;__Lib_MathDouble.c,2061 :: 		
0x03C6	0x0E08      	MOVLW       8
;__Lib_MathDouble.c,2062 :: 		
0x03C8	0x5C03      	SUBWF       R3, 0, 0
;__Lib_MathDouble.c,2063 :: 		
0x03CA	0xA0D8      	BTFSS       STATUS, 0, 0
;__Lib_MathDouble.c,2064 :: 		
0x03CC	0xF001EFEF  	GOTO        TSHIFT3216U
;__Lib_MathDouble.c,2065 :: 		
0x03D0	0x3601      	RLCF        R1, 1, 0
;__Lib_MathDouble.c,2066 :: 		
0x03D2	0x6A01      	CLRF        R1, 0
;__Lib_MathDouble.c,2068 :: 		
0x03D4	0x5003      	MOVF        R3, 0, 0
;__Lib_MathDouble.c,2069 :: 		
0x03D6	0xA4D8      	BTFSS       STATUS, 2, 0
;__Lib_MathDouble.c,2070 :: 		
0x03D8	0x90D8      	BCF         STATUS, 0, 0
;__Lib_MathDouble.c,2071 :: 		
0x03DA	0xF001EFF9  	GOTO        SHIFT3216UOK
;__Lib_MathDouble.c,2072 :: 		
TSHIFT3216U:
;__Lib_MathDouble.c,2073 :: 		
0x03DE	0x5003      	MOVF        R3, 0, 0
;__Lib_MathDouble.c,2074 :: 		
0x03E0	0xB4D8      	BTFSC       STATUS, 2, 0
;__Lib_MathDouble.c,2075 :: 		
0x03E2	0xF001EFF9  	GOTO        SHIFT3216UOK
;__Lib_MathDouble.c,2076 :: 		
SHIFT3216U:
;__Lib_MathDouble.c,2077 :: 		
0x03E6	0x90D8      	BCF         STATUS, 0, 0
;__Lib_MathDouble.c,2078 :: 		
0x03E8	0x3202      	RRCF        R2, 1, 0
;__Lib_MathDouble.c,2079 :: 		
0x03EA	0x3201      	RRCF        R1, 1, 0
;__Lib_MathDouble.c,2080 :: 		
0x03EC	0x2E03      	DECFSZ      R3, 1, 0
;__Lib_MathDouble.c,2081 :: 		
0x03EE	0xF001EFF3  	GOTO        SHIFT3216U
;__Lib_MathDouble.c,2082 :: 		
SHIFT3216UOK:
;__Lib_MathDouble.c,2083 :: 		
0x03F2	0xBC0B      	BTFSC       R11, 6, 0
;__Lib_MathDouble.c,2084 :: 		
0x03F4	0xA001      	BTFSS       R1, 0, 0
;__Lib_MathDouble.c,2085 :: 		
0x03F6	0xF002EF06  	GOTO        INT3216UOK
;__Lib_MathDouble.c,2086 :: 		
0x03FA	0xA0D8      	BTFSS       STATUS, 0, 0
;__Lib_MathDouble.c,2087 :: 		
0x03FC	0xF002EF06  	GOTO        INT3216UOK
;__Lib_MathDouble.c,2088 :: 		
0x0400	0x2A01      	INCF        R1, 1, 0
;__Lib_MathDouble.c,2089 :: 		
0x0402	0xB4D8      	BTFSC       STATUS, 2, 0
;__Lib_MathDouble.c,2090 :: 		
0x0404	0x2A02      	INCF        R2, 1, 0
;__Lib_MathDouble.c,2091 :: 		
0x0406	0xBE02      	BTFSC       R2, 7, 0
;__Lib_MathDouble.c,2092 :: 		
0x0408	0xF002EF23  	GOTO        JPKSETIOV3224
;__Lib_MathDouble.c,2093 :: 		
INT3216UOK:
;__Lib_MathDouble.c,2094 :: 		
0x040C	0xAE0A      	BTFSS       R10, 7, 0
;__Lib_MathDouble.c,2095 :: 		
0x040E	0xF002EF28  	GOTO        INT3216UEOK
;__Lib_MathDouble.c,2097 :: 		
0x0412	0x1E02      	COMF        R2, 1, 0
;__Lib_MathDouble.c,2098 :: 		
0x0414	0x1E01      	COMF        R1, 1, 0
;__Lib_MathDouble.c,2099 :: 		
0x0416	0x2A01      	INCF        R1, 1, 0
;__Lib_MathDouble.c,2100 :: 		
0x0418	0xB4D8      	BTFSC       STATUS, 2, 0
;__Lib_MathDouble.c,2101 :: 		
0x041A	0x2A02      	INCF        R2, 1, 0
;__Lib_MathDouble.c,2102 :: 		
0x041C	0xF002EF28  	GOTO        INT3216UEOK
;__Lib_MathDouble.c,2104 :: 		
IRES016U:
;__Lib_MathDouble.c,2105 :: 		
0x0420	0x6A02      	CLRF        R2, 0
;__Lib_MathDouble.c,2106 :: 		
0x0422	0x6A01      	CLRF        R1, 0
;__Lib_MathDouble.c,2107 :: 		
0x0424	0xF002EF28  	GOTO        INT3216UEOK
;__Lib_MathDouble.c,2108 :: 		
SETIOV16U:
;__Lib_MathDouble.c,2109 :: 		
0x0428	0x800B      	BSF         R11, 0, 0
;__Lib_MathDouble.c,2110 :: 		
0x042A	0xAE0B      	BTFSS       R11, 7, 0
;__Lib_MathDouble.c,2111 :: 		
0x042C	0xF002EF2C  	GOTO        INT3216UEER
;__Lib_MathDouble.c,2113 :: 		
0x0430	0x6A02      	CLRF        R2, 0
;__Lib_MathDouble.c,2114 :: 		
0x0432	0xAE0A      	BTFSS       R10, 7, 0
;__Lib_MathDouble.c,2115 :: 		
0x0434	0xF002EF2C  	GOTO        INT3216UEER
;__Lib_MathDouble.c,2116 :: 		
0x0438	0x0EFF      	MOVLW       255
;__Lib_MathDouble.c,2117 :: 		
0x043A	0x6E02      	MOVWF       R2, 0
;__Lib_MathDouble.c,2118 :: 		
0x043C	0x6E01      	MOVWF       R1, 0
;__Lib_MathDouble.c,2119 :: 		
0x043E	0x360A      	RLCF        R10, 1, 0
;__Lib_MathDouble.c,2120 :: 		
0x0440	0x3202      	RRCF        R2, 1, 0
;__Lib_MathDouble.c,2121 :: 		
0x0442	0xF002EF2C  	GOTO        INT3216UEER
;__Lib_MathDouble.c,2123 :: 		
JPKSETIOV3224:
;__Lib_MathDouble.c,2124 :: 		
0x0446	0x0E01      	MOVLW       1
;__Lib_MathDouble.c,2125 :: 		
0x0448	0x6E0C      	MOVWF       R12, 0
;__Lib_MathDouble.c,2127 :: 		
0x044A	0xDEEB      	RCALL       _SETIOV3224
;__Lib_MathDouble.c,2129 :: 		
0x044C	0xF002EF2E  	GOTO        INT3216UEEE
;__Lib_MathDouble.c,2130 :: 		
INT3216UEOK:
;__Lib_MathDouble.c,2131 :: 		
0x0450	0x0E00      	MOVLW       0
;__Lib_MathDouble.c,2132 :: 		
0x0452	0x6E0C      	MOVWF       R12, 0
;__Lib_MathDouble.c,2133 :: 		
0x0454	0xF002EF2E  	GOTO        INT3216UEEE
;__Lib_MathDouble.c,2134 :: 		
INT3216UEER:
;__Lib_MathDouble.c,2135 :: 		
0x0458	0x0EFF      	MOVLW       255
;__Lib_MathDouble.c,2136 :: 		
0x045A	0x6E0C      	MOVWF       R12, 0
;__Lib_MathDouble.c,2137 :: 		
INT3216UEEE:
;__Lib_MathDouble.c,2138 :: 		
0x045C	0x5001      	MOVF        R1, 0, 0
;__Lib_MathDouble.c,2139 :: 		
0x045E	0x6E00      	MOVWF       R0, 0
;__Lib_MathDouble.c,2140 :: 		
0x0460	0x5002      	MOVF        R2, 0, 0
;__Lib_MathDouble.c,2141 :: 		
0x0462	0x6E01      	MOVWF       R1, 0
;__Lib_MathDouble.c,2146 :: 		
L_end_double2word:
0x0464	0x0012      	RETURN      0
; end of _double2word
_WordToStr:
;__Lib_Conversions.c,98 :: 		
;__Lib_Conversions.c,103 :: 		
0x0466	0x6A4B      	CLRF        WordToStr_len_L0 
L_WordToStr11:
0x0468	0x0E05      	MOVLW       5
0x046A	0x5C4B      	SUBWF       WordToStr_len_L0, 0 
0x046C	0xE20A      	BC          L_WordToStr12
;__Lib_Conversions.c,104 :: 		
0x046E	0x504B      	MOVF        WordToStr_len_L0, 0 
0x0470	0x2449      	ADDWF       FARG_WordToStr_output, 0 
0x0472	0x6EE1      	MOVWF       FSR1L 
0x0474	0x0E00      	MOVLW       0
0x0476	0x204A      	ADDWFC      FARG_WordToStr_output+1, 0 
0x0478	0x6EE2      	MOVWF       FSR1L+1 
0x047A	0x0E20      	MOVLW       32
0x047C	0x6EE6      	MOVWF       POSTINC1 
;__Lib_Conversions.c,103 :: 		
0x047E	0x2A4B      	INCF        WordToStr_len_L0, 1 
;__Lib_Conversions.c,104 :: 		
0x0480	0xD7F3      	BRA         L_WordToStr11
L_WordToStr12:
;__Lib_Conversions.c,105 :: 		
0x0482	0x504B      	MOVF        WordToStr_len_L0, 0 
0x0484	0x2449      	ADDWF       FARG_WordToStr_output, 0 
0x0486	0x6EE1      	MOVWF       FSR1L 
0x0488	0x0E00      	MOVLW       0
0x048A	0x204A      	ADDWFC      FARG_WordToStr_output+1, 0 
0x048C	0x6EE2      	MOVWF       FSR1L+1 
0x048E	0x6AE6      	CLRF        POSTINC1 
0x0490	0x064B      	DECF        WordToStr_len_L0, 1 
;__Lib_Conversions.c,107 :: 		
L_WordToStr14:
;__Lib_Conversions.c,108 :: 		
0x0492	0x504B      	MOVF        WordToStr_len_L0, 0 
0x0494	0x2449      	ADDWF       FARG_WordToStr_output, 0 
0x0496	0x6E4C      	MOVWF       FLOC__WordToStr 
0x0498	0x0E00      	MOVLW       0
0x049A	0x204A      	ADDWFC      FARG_WordToStr_output+1, 0 
0x049C	0x6E4D      	MOVWF       FLOC__WordToStr+1 
0x049E	0x0E0A      	MOVLW       10
0x04A0	0x6E04      	MOVWF       R4 
0x04A2	0x0E00      	MOVLW       0
0x04A4	0x6E05      	MOVWF       R5 
0x04A6	0xF000C047  	MOVFF       FARG_WordToStr_input, R0
0x04AA	0xF001C048  	MOVFF       FARG_WordToStr_input+1, R1
0x04AE	0xDE4F      	RCALL       _Div_16X16_U
0x04B0	0xF000C008  	MOVFF       R8, R0
0x04B4	0xF001C009  	MOVFF       R9, R1
0x04B8	0x0E30      	MOVLW       48
0x04BA	0x2600      	ADDWF       R0, 1 
0x04BC	0xFFE1C04C  	MOVFF       FLOC__WordToStr, FSR1L
0x04C0	0xFFE2C04D  	MOVFF       FLOC__WordToStr+1, FSR1H
0x04C4	0xFFE6C000  	MOVFF       R0, POSTINC1
;__Lib_Conversions.c,109 :: 		
0x04C8	0x0E0A      	MOVLW       10
0x04CA	0x6E04      	MOVWF       R4 
0x04CC	0x0E00      	MOVLW       0
0x04CE	0x6E05      	MOVWF       R5 
0x04D0	0xF000C047  	MOVFF       FARG_WordToStr_input, R0
0x04D4	0xF001C048  	MOVFF       FARG_WordToStr_input+1, R1
0x04D8	0xDE3A      	RCALL       _Div_16X16_U
0x04DA	0xF047C000  	MOVFF       R0, FARG_WordToStr_input
0x04DE	0xF048C001  	MOVFF       R1, FARG_WordToStr_input+1
;__Lib_Conversions.c,110 :: 		
0x04E2	0x0E00      	MOVLW       0
0x04E4	0x1801      	XORWF       R1, 0 
0x04E6	0xE102      	BNZ         L__WordToStr379
0x04E8	0x0E00      	MOVLW       0
0x04EA	0x1800      	XORWF       R0, 0 
L__WordToStr379:
0x04EC	0xE101      	BNZ         L_WordToStr16
;__Lib_Conversions.c,111 :: 		
0x04EE	0xD002      	BRA         L_WordToStr15
L_WordToStr16:
;__Lib_Conversions.c,112 :: 		
0x04F0	0x064B      	DECF        WordToStr_len_L0, 1 
;__Lib_Conversions.c,113 :: 		
0x04F2	0xD7CF      	BRA         L_WordToStr14
L_WordToStr15:
;__Lib_Conversions.c,114 :: 		
L_end_WordToStr:
0x04F4	0x0012      	RETURN      0
; end of _WordToStr
_Mul_32x32_FP:
;__Lib_MathDouble.c,1130 :: 		
;__Lib_MathDouble.c,1148 :: 		
0x04F6	0x6A08      	CLRF        R8, 0
;__Lib_MathDouble.c,1149 :: 		
0x04F8	0x6A09      	CLRF        R9, 0
;__Lib_MathDouble.c,1151 :: 		
0x04FA	0x0E00      	MOVLW       0
;__Lib_MathDouble.c,1152 :: 		
0x04FC	0x6207      	CPFSEQ      R7, 0
;__Lib_MathDouble.c,1153 :: 		
0x04FE	0x6403      	CPFSGT      R3, 0
;__Lib_MathDouble.c,1154 :: 		
0x0500	0xF003EF00  	GOTO        MULJPRES032
;__Lib_MathDouble.c,1157 :: 		
0x0504	0x5002      	MOVF        R2, 0, 0
;__Lib_MathDouble.c,1158 :: 		
0x0506	0x1806      	XORWF       R6, 0, 0
;__Lib_MathDouble.c,1159 :: 		
0x0508	0x6E0A      	MOVWF       R10, 0
;__Lib_MathDouble.c,1161 :: 		
0x050A	0x5007      	MOVF        R7, 0, 0
;__Lib_MathDouble.c,1162 :: 		
0x050C	0x2603      	ADDWF       R3, 1, 0
;__Lib_MathDouble.c,1163 :: 		
0x050E	0x0E7E      	MOVLW       126
;__Lib_MathDouble.c,1164 :: 		
0x0510	0xA0D8      	BTFSS       STATUS, 0, 0
;__Lib_MathDouble.c,1165 :: 		
0x0512	0xF002EF91  	GOTO        MTUN32
;__Lib_MathDouble.c,1167 :: 		
0x0516	0x5E03      	SUBWF       R3, 1, 0
;__Lib_MathDouble.c,1168 :: 		
0x0518	0xB0D8      	BTFSC       STATUS, 0, 0
;__Lib_MathDouble.c,1169 :: 		
0x051A	0xF003EF04  	GOTO        MULJPSETFOV32
;__Lib_MathDouble.c,1170 :: 		
0x051E	0xF002EF95  	GOTO        MOK32
;__Lib_MathDouble.c,1172 :: 		
MTUN32:
;__Lib_MathDouble.c,1173 :: 		
0x0522	0x5E03      	SUBWF       R3, 1, 0
;__Lib_MathDouble.c,1174 :: 		
0x0524	0xA0D8      	BTFSS       STATUS, 0, 0
;__Lib_MathDouble.c,1175 :: 		
0x0526	0xF003EF08  	GOTO        MULJPSETFUN32
;__Lib_MathDouble.c,1177 :: 		
MOK32:
;__Lib_MathDouble.c,1178 :: 		
0x052A	0x8E02      	BSF         R2, 7, 0
;__Lib_MathDouble.c,1179 :: 		
0x052C	0x8E06      	BSF         R6, 7, 0
;__Lib_MathDouble.c,1181 :: 		
0x052E	0xF00EC002  	MOVFF       R2, R14
;__Lib_MathDouble.c,1182 :: 		
0x0532	0xF00BC001  	MOVFF       R1, R11
;__Lib_MathDouble.c,1183 :: 		
0x0536	0xF00DC000  	MOVFF       R0, R13
;__Lib_MathDouble.c,1185 :: 		
0x053A	0x5000      	MOVF        R0, 0, 0
;__Lib_MathDouble.c,1186 :: 		
0x053C	0x0204      	MULWF       R4, 0
;__Lib_MathDouble.c,1187 :: 		
0x053E	0xF00CCFF4  	MOVFF       PRODH, R12
;__Lib_MathDouble.c,1189 :: 		
0x0542	0x5001      	MOVF        R1, 0, 0
;__Lib_MathDouble.c,1190 :: 		
0x0544	0x0205      	MULWF       R5, 0
;__Lib_MathDouble.c,1191 :: 		
0x0546	0xF000CFF4  	MOVFF       PRODH, R0
;__Lib_MathDouble.c,1192 :: 		
0x054A	0xF008CFF3  	MOVFF       PRODL, R8
;__Lib_MathDouble.c,1194 :: 		
0x054E	0x0204      	MULWF       R4, 0
;__Lib_MathDouble.c,1195 :: 		
0x0550	0x50F3      	MOVF        PRODL, 0, 0
;__Lib_MathDouble.c,1196 :: 		
0x0552	0x260C      	ADDWF       R12, 1, 0
;__Lib_MathDouble.c,1197 :: 		
0x0554	0x50F4      	MOVF        PRODH, 0, 0
;__Lib_MathDouble.c,1198 :: 		
0x0556	0x2208      	ADDWFC      R8, 1, 0
;__Lib_MathDouble.c,1199 :: 		
0x0558	0x0E00      	MOVLW       0
;__Lib_MathDouble.c,1200 :: 		
0x055A	0x2200      	ADDWFC      R0, 1, 0
;__Lib_MathDouble.c,1202 :: 		
0x055C	0x500D      	MOVF        R13, 0, 0
;__Lib_MathDouble.c,1203 :: 		
0x055E	0x0205      	MULWF       R5, 0
;__Lib_MathDouble.c,1204 :: 		
0x0560	0x50F3      	MOVF        PRODL, 0, 0
;__Lib_MathDouble.c,1205 :: 		
0x0562	0x260C      	ADDWF       R12, 1, 0
;__Lib_MathDouble.c,1206 :: 		
0x0564	0x50F4      	MOVF        PRODH, 0, 0
;__Lib_MathDouble.c,1207 :: 		
0x0566	0x2208      	ADDWFC      R8, 1, 0
;__Lib_MathDouble.c,1208 :: 		
0x0568	0x0E00      	MOVLW       0
;__Lib_MathDouble.c,1209 :: 		
0x056A	0x2200      	ADDWFC      R0, 1, 0
;__Lib_MathDouble.c,1211 :: 		
0x056C	0x5002      	MOVF        R2, 0, 0
;__Lib_MathDouble.c,1212 :: 		
0x056E	0x0204      	MULWF       R4, 0
;__Lib_MathDouble.c,1213 :: 		
0x0570	0x50F3      	MOVF        PRODL, 0, 0
;__Lib_MathDouble.c,1214 :: 		
0x0572	0x2608      	ADDWF       R8, 1, 0
;__Lib_MathDouble.c,1215 :: 		
0x0574	0x50F4      	MOVF        PRODH, 0, 0
;__Lib_MathDouble.c,1216 :: 		
0x0576	0x2200      	ADDWFC      R0, 1, 0
;__Lib_MathDouble.c,1217 :: 		
0x0578	0x5002      	MOVF        R2, 0, 0
;__Lib_MathDouble.c,1218 :: 		
0x057A	0x0205      	MULWF       R5, 0
;__Lib_MathDouble.c,1219 :: 		
0x057C	0x6A01      	CLRF        R1, 0
;__Lib_MathDouble.c,1220 :: 		
0x057E	0x0E00      	MOVLW       0
;__Lib_MathDouble.c,1221 :: 		
0x0580	0x2201      	ADDWFC      R1, 1, 0
;__Lib_MathDouble.c,1222 :: 		
0x0582	0x50F3      	MOVF        PRODL, 0, 0
;__Lib_MathDouble.c,1223 :: 		
0x0584	0x2600      	ADDWF       R0, 1, 0
;__Lib_MathDouble.c,1224 :: 		
0x0586	0x50F4      	MOVF        PRODH, 0, 0
;__Lib_MathDouble.c,1225 :: 		
0x0588	0x2201      	ADDWFC      R1, 1, 0
;__Lib_MathDouble.c,1227 :: 		
0x058A	0x500D      	MOVF        R13, 0, 0
;__Lib_MathDouble.c,1228 :: 		
0x058C	0x0206      	MULWF       R6, 0
;__Lib_MathDouble.c,1229 :: 		
0x058E	0x50F3      	MOVF        PRODL, 0, 0
;__Lib_MathDouble.c,1230 :: 		
0x0590	0x2608      	ADDWF       R8, 1, 0
;__Lib_MathDouble.c,1231 :: 		
0x0592	0x50F4      	MOVF        PRODH, 0, 0
;__Lib_MathDouble.c,1232 :: 		
0x0594	0x2200      	ADDWFC      R0, 1, 0
;__Lib_MathDouble.c,1233 :: 		
0x0596	0x6A02      	CLRF        R2, 0
;__Lib_MathDouble.c,1234 :: 		
0x0598	0x0E00      	MOVLW       0
;__Lib_MathDouble.c,1235 :: 		
0x059A	0x2201      	ADDWFC      R1, 1, 0
;__Lib_MathDouble.c,1236 :: 		
0x059C	0x2202      	ADDWFC      R2, 1, 0
;__Lib_MathDouble.c,1238 :: 		
0x059E	0x500B      	MOVF        R11, 0, 0
;__Lib_MathDouble.c,1239 :: 		
0x05A0	0x0206      	MULWF       R6, 0
;__Lib_MathDouble.c,1240 :: 		
0x05A2	0x50F3      	MOVF        PRODL, 0, 0
;__Lib_MathDouble.c,1241 :: 		
0x05A4	0x2600      	ADDWF       R0, 1, 0
;__Lib_MathDouble.c,1242 :: 		
0x05A6	0x50F4      	MOVF        PRODH, 0, 0
;__Lib_MathDouble.c,1243 :: 		
0x05A8	0x2201      	ADDWFC      R1, 1, 0
;__Lib_MathDouble.c,1244 :: 		
0x05AA	0x0E00      	MOVLW       0
;__Lib_MathDouble.c,1245 :: 		
0x05AC	0x2202      	ADDWFC      R2, 1, 0
;__Lib_MathDouble.c,1247 :: 		
0x05AE	0x500E      	MOVF        R14, 0, 0
;__Lib_MathDouble.c,1248 :: 		
0x05B0	0x0206      	MULWF       R6, 0
;__Lib_MathDouble.c,1249 :: 		
0x05B2	0x50F3      	MOVF        PRODL, 0, 0
;__Lib_MathDouble.c,1250 :: 		
0x05B4	0x2601      	ADDWF       R1, 1, 0
;__Lib_MathDouble.c,1251 :: 		
0x05B6	0x50F4      	MOVF        PRODH, 0, 0
;__Lib_MathDouble.c,1252 :: 		
0x05B8	0x2202      	ADDWFC      R2, 1, 0
;__Lib_MathDouble.c,1254 :: 		
0x05BA	0xBE02      	BTFSC       R2, 7, 0
;__Lib_MathDouble.c,1255 :: 		
0x05BC	0xF002EFE8  	GOTO        MROUND32
;__Lib_MathDouble.c,1256 :: 		
0x05C0	0x3608      	RLCF        R8, 1, 0
;__Lib_MathDouble.c,1257 :: 		
0x05C2	0x3600      	RLCF        R0, 1, 0
;__Lib_MathDouble.c,1258 :: 		
0x05C4	0x3601      	RLCF        R1, 1, 0
;__Lib_MathDouble.c,1259 :: 		
0x05C6	0x3602      	RLCF        R2, 1, 0
;__Lib_MathDouble.c,1260 :: 		
0x05C8	0x0603      	DECF        R3, 1, 0
;__Lib_MathDouble.c,1261 :: 		
0x05CA	0xB4D8      	BTFSC       STATUS, 2, 0
;__Lib_MathDouble.c,1262 :: 		
0x05CC	0xF003EF08  	GOTO        MULJPSETFUN32
;__Lib_MathDouble.c,1264 :: 		
MROUND32:
;__Lib_MathDouble.c,1267 :: 		
0x05D0	0xF002EFFB  	GOTO        MUL32OK
;__Lib_MathDouble.c,1268 :: 		
0x05D4	0x80D8      	BSF         STATUS, 0, 0
;__Lib_MathDouble.c,1269 :: 		
0x05D6	0x0E80      	MOVLW       128
;__Lib_MathDouble.c,1270 :: 		
0x05D8	0x6408      	CPFSGT      R8, 0
;__Lib_MathDouble.c,1271 :: 		
0x05DA	0x3000      	RRCF        R0, 0, 0
;__Lib_MathDouble.c,1272 :: 		
0x05DC	0x0E00      	MOVLW       0
;__Lib_MathDouble.c,1273 :: 		
0x05DE	0x2200      	ADDWFC      R0, 1, 0
;__Lib_MathDouble.c,1274 :: 		
0x05E0	0x2201      	ADDWFC      R1, 1, 0
;__Lib_MathDouble.c,1275 :: 		
0x05E2	0x2202      	ADDWFC      R2, 1, 0
;__Lib_MathDouble.c,1277 :: 		
0x05E4	0xA0D8      	BTFSS       STATUS, 0, 0
;__Lib_MathDouble.c,1278 :: 		
0x05E6	0xF002EFFB  	GOTO        MUL32OK
;__Lib_MathDouble.c,1279 :: 		
0x05EA	0x3202      	RRCF        R2, 1, 0
;__Lib_MathDouble.c,1280 :: 		
0x05EC	0x3201      	RRCF        R1, 1, 0
;__Lib_MathDouble.c,1281 :: 		
0x05EE	0x3200      	RRCF        R0, 1, 0
;__Lib_MathDouble.c,1282 :: 		
0x05F0	0x4A03      	INFSNZ      R3, 1, 0
;__Lib_MathDouble.c,1283 :: 		
0x05F2	0xF003EF04  	GOTO        MULJPSETFOV32
;__Lib_MathDouble.c,1285 :: 		
MUL32OK:
;__Lib_MathDouble.c,1286 :: 		
0x05F6	0xAE0A      	BTFSS       R10, 7, 0
;__Lib_MathDouble.c,1287 :: 		
0x05F8	0x9E02      	BCF         R2, 7, 0
;__Lib_MathDouble.c,1289 :: 		
0x05FA	0x0E00      	MOVLW       0
;__Lib_MathDouble.c,1290 :: 		
0x05FC	0xF003EF0A  	GOTO        MULEEE
;__Lib_MathDouble.c,1291 :: 		
MULJPRES032:
;__Lib_MathDouble.c,1292 :: 		
0x0600	0x0E01      	MOVLW       1
;__Lib_MathDouble.c,1295 :: 		
0x0602	0xDD9E      	RCALL       _RES032
;__Lib_MathDouble.c,1297 :: 		
0x0604	0xF003EF0A  	GOTO        MULEEE
;__Lib_MathDouble.c,1298 :: 		
MULJPSETFOV32:
;__Lib_MathDouble.c,1299 :: 		
0x0608	0x0E02      	MOVLW       2
;__Lib_MathDouble.c,1302 :: 		
0x060A	0xDDF5      	RCALL       _SETFOV32
;__Lib_MathDouble.c,1304 :: 		
0x060C	0xF003EF0A  	GOTO        MULEEE
;__Lib_MathDouble.c,1305 :: 		
MULJPSETFUN32:
;__Lib_MathDouble.c,1306 :: 		
0x0610	0x0E04      	MOVLW       4
;__Lib_MathDouble.c,1309 :: 		
0x0612	0xDD47      	RCALL       _SETFUN32
;__Lib_MathDouble.c,1311 :: 		
MULEEE:
;__Lib_MathDouble.c,1318 :: 		
L_end_Mul_32x32_FP:
0x0614	0x0012      	RETURN      0
; end of _Mul_32x32_FP
_word2double:
;__Lib_MathDouble.c,2335 :: 		
;__Lib_MathDouble.c,2344 :: 		
0x0616	0x5000      	MOVF        R0, 0, 0
;__Lib_MathDouble.c,2345 :: 		
0x0618	0x6E08      	MOVWF       R8, 0
;__Lib_MathDouble.c,2346 :: 		
0x061A	0x5001      	MOVF        R1, 0, 0
;__Lib_MathDouble.c,2347 :: 		
0x061C	0x6E00      	MOVWF       R0, 0
;__Lib_MathDouble.c,2348 :: 		
0x061E	0x6A01      	CLRF        R1, 0
;__Lib_MathDouble.c,2349 :: 		
0x0620	0x6A02      	CLRF        R2, 0
;__Lib_MathDouble.c,2350 :: 		
0x0622	0x6A03      	CLRF        R3, 0
;__Lib_MathDouble.c,2353 :: 		
0x0624	0x6A0B      	CLRF        R11, 0
;__Lib_MathDouble.c,2354 :: 		
0x0626	0x6A0C      	CLRF        R12, 0
;__Lib_MathDouble.c,2356 :: 		
0x0628	0x0E96      	MOVLW       150
;__Lib_MathDouble.c,2357 :: 		
0x062A	0x6E03      	MOVWF       R3, 0
;__Lib_MathDouble.c,2358 :: 		
0x062C	0x6A0A      	CLRF        R10, 0
;__Lib_MathDouble.c,2360 :: 		
0x062E	0xF001C000  	MOVFF       R0, R1
;__Lib_MathDouble.c,2361 :: 		
0x0632	0xF000C008  	MOVFF       R8, R0
;__Lib_MathDouble.c,2362 :: 		
0x0636	0x6A08      	CLRF        R8, 0
;__Lib_MathDouble.c,2363 :: 		
0x0638	0x6A02      	CLRF        R2, 0
;__Lib_MathDouble.c,2365 :: 		
0x063A	0xDDA4      	RCALL       _NRM3232
;__Lib_MathDouble.c,2366 :: 		
L_end_word2double:
0x063C	0x0012      	RETURN      0
; end of _word2double
_Div_32x32_FP:
;__Lib_MathDouble.c,1325 :: 		
;__Lib_MathDouble.c,1339 :: 		
0x063E	0x5004      	MOVF        R4, 0 
0x0640	0x0A00      	XORLW       0
0x0642	0xE112      	BNZ         L_Div_32x32_FP11
;__Lib_MathDouble.c,1340 :: 		
0x0644	0x5005      	MOVF        R5, 0 
0x0646	0x0A00      	XORLW       0
0x0648	0xE10F      	BNZ         L_Div_32x32_FP12
;__Lib_MathDouble.c,1341 :: 		
0x064A	0x5006      	MOVF        R6, 0 
0x064C	0x0A00      	XORLW       0
0x064E	0xE10C      	BNZ         L_Div_32x32_FP13
;__Lib_MathDouble.c,1342 :: 		
0x0650	0x5007      	MOVF        R7, 0 
0x0652	0x0A00      	XORLW       0
0x0654	0xE109      	BNZ         L_Div_32x32_FP14
;__Lib_MathDouble.c,1343 :: 		
0x0656	0x0EFF      	MOVLW       255
0x0658	0x6E00      	MOVWF       R0 
;__Lib_MathDouble.c,1344 :: 		
0x065A	0x0EFF      	MOVLW       255
0x065C	0x6E01      	MOVWF       R1 
;__Lib_MathDouble.c,1345 :: 		
0x065E	0x0E7F      	MOVLW       127
0x0660	0x6E02      	MOVWF       R2 
;__Lib_MathDouble.c,1346 :: 		
0x0662	0x0EFF      	MOVLW       255
0x0664	0x6E03      	MOVWF       R3 
;__Lib_MathDouble.c,1347 :: 		
0x0666	0xD0A4      	BRA         L_end_Div_32x32_FP
;__Lib_MathDouble.c,1348 :: 		
L_Div_32x32_FP14:
L_Div_32x32_FP13:
L_Div_32x32_FP12:
L_Div_32x32_FP11:
;__Lib_MathDouble.c,1353 :: 		
0x0668	0x6A08      	CLRF        R8, 0
;__Lib_MathDouble.c,1354 :: 		
0x066A	0x6A09      	CLRF        R9, 0
;__Lib_MathDouble.c,1356 :: 		
0x066C	0x5007      	MOVF        R7, 0, 0
;__Lib_MathDouble.c,1357 :: 		
0x066E	0xB4D8      	BTFSC       STATUS, 2, 0
;__Lib_MathDouble.c,1358 :: 		
0x0670	0xF003EFCA  	GOTO        JPDSETFDZ32
;__Lib_MathDouble.c,1360 :: 		
0x0674	0x5003      	MOVF        R3, 0, 0
;__Lib_MathDouble.c,1361 :: 		
0x0676	0xB4D8      	BTFSC       STATUS, 2, 0
;__Lib_MathDouble.c,1362 :: 		
0x0678	0xF003EFCE  	GOTO        JPDRES032
;__Lib_MathDouble.c,1364 :: 		
0x067C	0x5002      	MOVF        R2, 0, 0
;__Lib_MathDouble.c,1365 :: 		
0x067E	0x1806      	XORWF       R6, 0, 0
;__Lib_MathDouble.c,1366 :: 		
0x0680	0x6E0A      	MOVWF       R10, 0
;__Lib_MathDouble.c,1367 :: 		
0x0682	0x8E02      	BSF         R2, 7, 0
;__Lib_MathDouble.c,1368 :: 		
0x0684	0x8E06      	BSF         R6, 7, 0
;__Lib_MathDouble.c,1370 :: 		
0x0686	0x6A0E      	CLRF        R14, 0
;__Lib_MathDouble.c,1371 :: 		
0x0688	0xF008C002  	MOVFF       R2, R8
;__Lib_MathDouble.c,1372 :: 		
0x068C	0xF00CC001  	MOVFF       R1, R12
;__Lib_MathDouble.c,1373 :: 		
0x0690	0xF00DC000  	MOVFF       R0, R13
;__Lib_MathDouble.c,1375 :: 		
0x0694	0x5004      	MOVF        R4, 0, 0
;__Lib_MathDouble.c,1376 :: 		
0x0696	0x5E0D      	SUBWF       R13, 1, 0
;__Lib_MathDouble.c,1377 :: 		
0x0698	0x5005      	MOVF        R5, 0, 0
;__Lib_MathDouble.c,1378 :: 		
0x069A	0xA0D8      	BTFSS       STATUS, 0, 0
;__Lib_MathDouble.c,1379 :: 		
0x069C	0x3C05      	INCFSZ      R5, 0, 0
;__Lib_MathDouble.c,1381 :: 		
0x069E	0x5E0C      	SUBWF       R12, 1, 0
;__Lib_MathDouble.c,1382 :: 		
0x06A0	0x5006      	MOVF        R6, 0, 0
;__Lib_MathDouble.c,1383 :: 		
0x06A2	0xA0D8      	BTFSS       STATUS, 0, 0
;__Lib_MathDouble.c,1384 :: 		
0x06A4	0x3C06      	INCFSZ      R6, 0, 0
;__Lib_MathDouble.c,1386 :: 		
0x06A6	0x5E08      	SUBWF       R8, 1, 0
;__Lib_MathDouble.c,1387 :: 		
0x06A8	0x6A08      	CLRF        R8, 0
;__Lib_MathDouble.c,1388 :: 		
0x06AA	0x6A0C      	CLRF        R12, 0
;__Lib_MathDouble.c,1389 :: 		
0x06AC	0x6A0D      	CLRF        R13, 0
;__Lib_MathDouble.c,1390 :: 		
0x06AE	0xA0D8      	BTFSS       STATUS, 0, 0
;__Lib_MathDouble.c,1391 :: 		
0x06B0	0xF003EF61  	GOTO        DALIGN32OK
;__Lib_MathDouble.c,1393 :: 		
0x06B4	0x90D8      	BCF         STATUS, 0, 0
;__Lib_MathDouble.c,1394 :: 		
0x06B6	0x3202      	RRCF        R2, 1, 0
;__Lib_MathDouble.c,1395 :: 		
0x06B8	0x3201      	RRCF        R1, 1, 0
;__Lib_MathDouble.c,1396 :: 		
0x06BA	0x3200      	RRCF        R0, 1, 0
;__Lib_MathDouble.c,1397 :: 		
0x06BC	0x3208      	RRCF        R8, 1, 0
;__Lib_MathDouble.c,1398 :: 		
0x06BE	0x0E01      	MOVLW       1
;__Lib_MathDouble.c,1399 :: 		
0x06C0	0x6E0E      	MOVWF       R14, 0
;__Lib_MathDouble.c,1400 :: 		
DALIGN32OK:
;__Lib_MathDouble.c,1401 :: 		
0x06C2	0x5007      	MOVF        R7, 0, 0
;__Lib_MathDouble.c,1402 :: 		
0x06C4	0x5E03      	SUBWF       R3, 1, 0
;__Lib_MathDouble.c,1403 :: 		
0x06C6	0xA0D8      	BTFSS       STATUS, 0, 0
;__Lib_MathDouble.c,1404 :: 		
0x06C8	0xF003EF6E  	GOTO        ALTB32
;__Lib_MathDouble.c,1406 :: 		
0x06CC	0x0E7E      	MOVLW       126
;__Lib_MathDouble.c,1407 :: 		
0x06CE	0x240E      	ADDWF       R14, 0, 0
;__Lib_MathDouble.c,1408 :: 		
0x06D0	0x2603      	ADDWF       R3, 1, 0
;__Lib_MathDouble.c,1409 :: 		
0x06D2	0xB0D8      	BTFSC       STATUS, 0, 0
;__Lib_MathDouble.c,1410 :: 		
0x06D4	0xF003EFD2  	GOTO        JPDSETFOV32
;__Lib_MathDouble.c,1411 :: 		
0x06D8	0xF003EF74  	GOTO        DARGOK32
;__Lib_MathDouble.c,1412 :: 		
ALTB32:
;__Lib_MathDouble.c,1413 :: 		
0x06DC	0x0E7E      	MOVLW       126
;__Lib_MathDouble.c,1414 :: 		
0x06DE	0x240E      	ADDWF       R14, 0, 0
;__Lib_MathDouble.c,1415 :: 		
0x06E0	0x2603      	ADDWF       R3, 1, 0
;__Lib_MathDouble.c,1416 :: 		
0x06E2	0xA0D8      	BTFSS       STATUS, 0, 0
;__Lib_MathDouble.c,1417 :: 		
0x06E4	0xF003EFD6  	GOTO        JPDSETFUN32
;__Lib_MathDouble.c,1418 :: 		
DARGOK32:
;__Lib_MathDouble.c,1419 :: 		
0x06E8	0x0E18      	MOVLW       24
;__Lib_MathDouble.c,1420 :: 		
0x06EA	0x6E0B      	MOVWF       R11, 0
;__Lib_MathDouble.c,1421 :: 		
DLOOP32:
;__Lib_MathDouble.c,1422 :: 		
0x06EC	0x360D      	RLCF        R13, 1, 0
;__Lib_MathDouble.c,1423 :: 		
0x06EE	0x360C      	RLCF        R12, 1, 0
;__Lib_MathDouble.c,1424 :: 		
0x06F0	0x3608      	RLCF        R8, 1, 0
;__Lib_MathDouble.c,1425 :: 		
0x06F2	0x3600      	RLCF        R0, 1, 0
;__Lib_MathDouble.c,1426 :: 		
0x06F4	0x3601      	RLCF        R1, 1, 0
;__Lib_MathDouble.c,1427 :: 		
0x06F6	0x3602      	RLCF        R2, 1, 0
;__Lib_MathDouble.c,1428 :: 		
0x06F8	0x360E      	RLCF        R14, 1, 0
;__Lib_MathDouble.c,1430 :: 		
0x06FA	0x5004      	MOVF        R4, 0, 0
;__Lib_MathDouble.c,1431 :: 		
0x06FC	0x5E00      	SUBWF       R0, 1, 0
;__Lib_MathDouble.c,1432 :: 		
0x06FE	0x5005      	MOVF        R5, 0, 0
;__Lib_MathDouble.c,1433 :: 		
0x0700	0xA0D8      	BTFSS       STATUS, 0, 0
;__Lib_MathDouble.c,1434 :: 		
0x0702	0x3C05      	INCFSZ      R5, 0, 0
;__Lib_MathDouble.c,1436 :: 		
0x0704	0x5E01      	SUBWF       R1, 1, 0
;__Lib_MathDouble.c,1437 :: 		
0x0706	0x5006      	MOVF        R6, 0, 0
;__Lib_MathDouble.c,1438 :: 		
0x0708	0xA0D8      	BTFSS       STATUS, 0, 0
;__Lib_MathDouble.c,1439 :: 		
0x070A	0x3C06      	INCFSZ      R6, 0, 0
;__Lib_MathDouble.c,1441 :: 		
0x070C	0x5E02      	SUBWF       R2, 1, 0
;__Lib_MathDouble.c,1442 :: 		
0x070E	0x3406      	RLCF        R6, 0, 0
;__Lib_MathDouble.c,1443 :: 		
0x0710	0x120E      	IORWF       R14, 1, 0
;__Lib_MathDouble.c,1444 :: 		
0x0712	0xA00E      	BTFSS       R14, 0, 0
;__Lib_MathDouble.c,1445 :: 		
0x0714	0xF003EF8F  	GOTO        DREST32
;__Lib_MathDouble.c,1446 :: 		
0x0718	0x800D      	BSF         R13, 0, 0
;__Lib_MathDouble.c,1447 :: 		
0x071A	0xF003EF9A  	GOTO        DOK32
;__Lib_MathDouble.c,1448 :: 		
DREST32:
;__Lib_MathDouble.c,1449 :: 		
0x071E	0x5004      	MOVF        R4, 0, 0
;__Lib_MathDouble.c,1450 :: 		
0x0720	0x2600      	ADDWF       R0, 1, 0
;__Lib_MathDouble.c,1451 :: 		
0x0722	0x5005      	MOVF        R5, 0, 0
;__Lib_MathDouble.c,1452 :: 		
0x0724	0xB0D8      	BTFSC       STATUS, 0, 0
;__Lib_MathDouble.c,1453 :: 		
0x0726	0x3C05      	INCFSZ      R5, 0, 0
;__Lib_MathDouble.c,1455 :: 		
0x0728	0x2601      	ADDWF       R1, 1, 0
;__Lib_MathDouble.c,1456 :: 		
0x072A	0x5006      	MOVF        R6, 0, 0
;__Lib_MathDouble.c,1457 :: 		
0x072C	0xB0D8      	BTFSC       STATUS, 0, 0
;__Lib_MathDouble.c,1458 :: 		
0x072E	0x2806      	INCF        R6, 0, 0
;__Lib_MathDouble.c,1459 :: 		
0x0730	0x2602      	ADDWF       R2, 1, 0
;__Lib_MathDouble.c,1460 :: 		
0x0732	0x900D      	BCF         R13, 0, 0
;__Lib_MathDouble.c,1461 :: 		
DOK32:
;__Lib_MathDouble.c,1462 :: 		
0x0734	0x2E0B      	DECFSZ      R11, 1, 0
;__Lib_MathDouble.c,1463 :: 		
0x0736	0xF003EF76  	GOTO        DLOOP32
;__Lib_MathDouble.c,1467 :: 		
0x073A	0xF003EFC0  	GOTO        DIV32OK
;__Lib_MathDouble.c,1468 :: 		
0x073E	0x90D8      	BCF         STATUS, 0, 0
;__Lib_MathDouble.c,1469 :: 		
0x0740	0x3600      	RLCF        R0, 1, 0
;__Lib_MathDouble.c,1470 :: 		
0x0742	0x3601      	RLCF        R1, 1, 0
;__Lib_MathDouble.c,1471 :: 		
0x0744	0x3602      	RLCF        R2, 1, 0
;__Lib_MathDouble.c,1472 :: 		
0x0746	0x360E      	RLCF        R14, 1, 0
;__Lib_MathDouble.c,1474 :: 		
0x0748	0x5004      	MOVF        R4, 0, 0
;__Lib_MathDouble.c,1475 :: 		
0x074A	0x5E00      	SUBWF       R0, 1, 0
;__Lib_MathDouble.c,1476 :: 		
0x074C	0x5005      	MOVF        R5, 0, 0
;__Lib_MathDouble.c,1477 :: 		
0x074E	0xA0D8      	BTFSS       STATUS, 0, 0
;__Lib_MathDouble.c,1478 :: 		
0x0750	0x3C05      	INCFSZ      R5, 0, 0
;__Lib_MathDouble.c,1479 :: 		
0x0752	0x5E01      	SUBWF       R1, 1, 0
;__Lib_MathDouble.c,1480 :: 		
0x0754	0x5006      	MOVF        R6, 0, 0
;__Lib_MathDouble.c,1481 :: 		
0x0756	0xA0D8      	BTFSS       STATUS, 0, 0
;__Lib_MathDouble.c,1482 :: 		
0x0758	0x3C06      	INCFSZ      R6, 0, 0
;__Lib_MathDouble.c,1483 :: 		
0x075A	0x5E02      	SUBWF       R2, 1, 0
;__Lib_MathDouble.c,1484 :: 		
0x075C	0x3406      	RLCF        R6, 0, 0
;__Lib_MathDouble.c,1485 :: 		
0x075E	0x100E      	IORWF       R14, 0, 0
;__Lib_MathDouble.c,1486 :: 		
0x0760	0x0B01      	ANDLW       1
;__Lib_MathDouble.c,1487 :: 		
0x0762	0x260D      	ADDWF       R13, 1, 0
;__Lib_MathDouble.c,1488 :: 		
0x0764	0xB0D8      	BTFSC       STATUS, 0, 0
;__Lib_MathDouble.c,1489 :: 		
0x0766	0x2A0C      	INCF        R12, 1, 0
;__Lib_MathDouble.c,1490 :: 		
0x0768	0xB4D8      	BTFSC       STATUS, 2, 0
;__Lib_MathDouble.c,1491 :: 		
0x076A	0x2A08      	INCF        R8, 1, 0
;__Lib_MathDouble.c,1492 :: 		
0x076C	0xA4D8      	BTFSS       STATUS, 2, 0
;__Lib_MathDouble.c,1493 :: 		
0x076E	0xF003EFC0  	GOTO        DIV32OK
;__Lib_MathDouble.c,1494 :: 		
0x0772	0x3208      	RRCF        R8, 1, 0
;__Lib_MathDouble.c,1495 :: 		
0x0774	0x320C      	RRCF        R12, 1, 0
;__Lib_MathDouble.c,1496 :: 		
0x0776	0x320D      	RRCF        R13, 1, 0
;__Lib_MathDouble.c,1497 :: 		
0x0778	0x2A03      	INCF        R3, 1, 0
;__Lib_MathDouble.c,1498 :: 		
0x077A	0xB4D8      	BTFSC       STATUS, 2, 0
;__Lib_MathDouble.c,1499 :: 		
0x077C	0xF003EFD2  	GOTO        JPDSETFOV32
;__Lib_MathDouble.c,1500 :: 		
DIV32OK:
;__Lib_MathDouble.c,1501 :: 		
0x0780	0xAE0A      	BTFSS       R10, 7, 0
;__Lib_MathDouble.c,1502 :: 		
0x0782	0x9E08      	BCF         R8, 7, 0
;__Lib_MathDouble.c,1503 :: 		
0x0784	0x5008      	MOVF        R8, 0, 0
;__Lib_MathDouble.c,1504 :: 		
0x0786	0x6E02      	MOVWF       R2, 0
;__Lib_MathDouble.c,1505 :: 		
0x0788	0x500C      	MOVF        R12, 0, 0
;__Lib_MathDouble.c,1506 :: 		
0x078A	0x6E01      	MOVWF       R1, 0
;__Lib_MathDouble.c,1507 :: 		
0x078C	0x500D      	MOVF        R13, 0, 0
;__Lib_MathDouble.c,1508 :: 		
0x078E	0x6E00      	MOVWF       R0, 0
;__Lib_MathDouble.c,1511 :: 		
0x0790	0xF003EFD8  	GOTO        DIV32EEE
;__Lib_MathDouble.c,1512 :: 		
JPDSETFDZ32:
;__Lib_MathDouble.c,1513 :: 		
0x0794	0x0E01      	MOVLW       1
;__Lib_MathDouble.c,1516 :: 		
0x0796	0xDD41      	RCALL       _SETFDZ32
;__Lib_MathDouble.c,1518 :: 		
0x0798	0xF003EFD8  	GOTO        DIV32EEE
;__Lib_MathDouble.c,1519 :: 		
JPDRES032:
;__Lib_MathDouble.c,1520 :: 		
0x079C	0x0E02      	MOVLW       2
;__Lib_MathDouble.c,1523 :: 		
0x079E	0xDCD0      	RCALL       _RES032
;__Lib_MathDouble.c,1525 :: 		
0x07A0	0xF003EFD8  	GOTO        DIV32EEE
;__Lib_MathDouble.c,1526 :: 		
JPDSETFOV32:
;__Lib_MathDouble.c,1527 :: 		
0x07A4	0x0E04      	MOVLW       4
;__Lib_MathDouble.c,1530 :: 		
0x07A6	0xDD27      	RCALL       _SETFOV32
;__Lib_MathDouble.c,1532 :: 		
0x07A8	0xF003EFD8  	GOTO        DIV32EEE
;__Lib_MathDouble.c,1533 :: 		
JPDSETFUN32:
;__Lib_MathDouble.c,1534 :: 		
0x07AC	0x0E08      	MOVLW       8
;__Lib_MathDouble.c,1537 :: 		
0x07AE	0xDC79      	RCALL       _SETFUN32
;__Lib_MathDouble.c,1539 :: 		
DIV32EEE:
;__Lib_MathDouble.c,1547 :: 		
L_end_Div_32x32_FP:
0x07B0	0x0012      	RETURN      0
; end of _Div_32x32_FP
_main:
0x07B2	0x0E44      	MOVLW       68
0x07B4	0x6E16      	MOVWF       ?lstr1_unit06_04_captureDutyCycle 
0x07B6	0x0E3A      	MOVLW       58
0x07B8	0x6E17      	MOVWF       23 
0x07BA	0x6A18      	CLRF        24 
0x07BC	0x0E50      	MOVLW       80
0x07BE	0x6E19      	MOVWF       ?lstr3_unit06_04_captureDutyCycle 
0x07C0	0x0E3A      	MOVLW       58
0x07C2	0x6E1A      	MOVWF       26 
0x07C4	0x6A1B      	CLRF        27 
0x07C6	0x6A1C      	CLRF        unit06_04_captureDutyCycle_m_state 
0x07C8	0x0E57      	MOVLW       87
0x07CA	0x6E1D      	MOVWF       ?lstr2_unit06_04_captureDutyCycle 
0x07CC	0x0E3A      	MOVLW       58
0x07CE	0x6E1E      	MOVWF       30 
0x07D0	0x6A1F      	CLRF        31 
;unit06_04_captureDutyCycle.c,195 :: 		void main() {
;unit06_04_captureDutyCycle.c,198 :: 		unsigned int p = 0;                  // p = t2 - t1 (period time)
0x07D2	0x6A3F      	CLRF        main_p_L0 
0x07D4	0x6A40      	CLRF        main_p_L0+1 
;unit06_04_captureDutyCycle.c,201 :: 		configMcu();                         // call all subroutine above
0x07D6	0xDD4C      	RCALL       _ConfigMCU
;unit06_04_captureDutyCycle.c,202 :: 		configGlobalInterruption();
0x07D8	0xDD3A      	RCALL       _configGlobalInterruption
;unit06_04_captureDutyCycle.c,203 :: 		configIndividualVctCAPT();
0x07DA	0xDD3D      	RCALL       _configIndividualVctCAPT
;unit06_04_captureDutyCycle.c,205 :: 		Lcd_Init();                          // Init LCD, 4-bit Mode
0x07DC	0xDD4F      	RCALL       _Lcd_Init
;unit06_04_captureDutyCycle.c,206 :: 		Lcd_Cmd(_LCD_CLEAR);                 // Screen clear
0x07DE	0x0E01      	MOVLW       1
0x07E0	0x6E4F      	MOVWF       FARG_Lcd_Cmd_out_char 
0x07E2	0xDC70      	RCALL       _Lcd_Cmd
;unit06_04_captureDutyCycle.c,207 :: 		Lcd_Cmd(_LCD_CURSOR_OFF);            // Cursor off
0x07E4	0x0E0C      	MOVLW       12
0x07E6	0x6E4F      	MOVWF       FARG_Lcd_Cmd_out_char 
0x07E8	0xDC6D      	RCALL       _Lcd_Cmd
;unit06_04_captureDutyCycle.c,208 :: 		Lcd_Out(1,1,"D:");                   // Duty Cycle
0x07EA	0x0E01      	MOVLW       1
0x07EC	0x6E47      	MOVWF       FARG_Lcd_Out_row 
0x07EE	0x0E01      	MOVLW       1
0x07F0	0x6E48      	MOVWF       FARG_Lcd_Out_column 
0x07F2	0x0E16      	MOVLW       ?lstr1_unit06_04_captureDutyCycle
0x07F4	0x6E49      	MOVWF       FARG_Lcd_Out_text 
0x07F6	0x0E00      	MOVLW       hi_addr(?lstr1_unit06_04_captureDutyCycle)
0x07F8	0x6E4A      	MOVWF       FARG_Lcd_Out_text+1 
0x07FA	0xDD8B      	RCALL       _Lcd_Out
;unit06_04_captureDutyCycle.c,209 :: 		Lcd_Out(1,9,"W:");                   // Width
0x07FC	0x0E01      	MOVLW       1
0x07FE	0x6E47      	MOVWF       FARG_Lcd_Out_row 
0x0800	0x0E09      	MOVLW       9
0x0802	0x6E48      	MOVWF       FARG_Lcd_Out_column 
0x0804	0x0E1D      	MOVLW       ?lstr2_unit06_04_captureDutyCycle
0x0806	0x6E49      	MOVWF       FARG_Lcd_Out_text 
0x0808	0x0E00      	MOVLW       hi_addr(?lstr2_unit06_04_captureDutyCycle)
0x080A	0x6E4A      	MOVWF       FARG_Lcd_Out_text+1 
0x080C	0xDD82      	RCALL       _Lcd_Out
;unit06_04_captureDutyCycle.c,210 :: 		Lcd_Out(2,9,"P:");                   // Period
0x080E	0x0E02      	MOVLW       2
0x0810	0x6E47      	MOVWF       FARG_Lcd_Out_row 
0x0812	0x0E09      	MOVLW       9
0x0814	0x6E48      	MOVWF       FARG_Lcd_Out_column 
0x0816	0x0E19      	MOVLW       ?lstr3_unit06_04_captureDutyCycle
0x0818	0x6E49      	MOVWF       FARG_Lcd_Out_text 
0x081A	0x0E00      	MOVLW       hi_addr(?lstr3_unit06_04_captureDutyCycle)
0x081C	0x6E4A      	MOVWF       FARG_Lcd_Out_text+1 
0x081E	0xDD79      	RCALL       _Lcd_Out
;unit06_04_captureDutyCycle.c,212 :: 		while (TRUE)
L_main6:
;unit06_04_captureDutyCycle.c,214 :: 		if(PIE1.CCP1IE == 0)
0x0820	0xB49D      	BTFSC       PIE1, 2 
0x0822	0xD082      	BRA         L_main8
;unit06_04_captureDutyCycle.c,216 :: 		w = t2 - t1;
0x0824	0x5023      	MOVF        _t1, 0 
0x0826	0x5C25      	SUBWF       _t2, 0 
0x0828	0x6E00      	MOVWF       R0 
0x082A	0x5024      	MOVF        _t1+1, 0 
0x082C	0x5826      	SUBWFB      _t2+1, 0 
0x082E	0x6E01      	MOVWF       R1 
0x0830	0xF029C000  	MOVFF       R0, main_w_L0
0x0834	0xF02AC001  	MOVFF       R1, main_w_L0+1
;unit06_04_captureDutyCycle.c,217 :: 		p = t3 - t1;
0x0838	0x5023      	MOVF        _t1, 0 
0x083A	0x5C27      	SUBWF       _t3, 0 
0x083C	0x6E45      	MOVWF       FLOC__main+4 
0x083E	0x5024      	MOVF        _t1+1, 0 
0x0840	0x5828      	SUBWFB      _t3+1, 0 
0x0842	0x6E46      	MOVWF       FLOC__main+5 
0x0844	0xF03FC045  	MOVFF       FLOC__main+4, main_p_L0
0x0848	0xF040C046  	MOVFF       FLOC__main+5, main_p_L0+1
;unit06_04_captureDutyCycle.c,218 :: 		duty = 100*((float)w/(float)p);
0x084C	0xDEE4      	RCALL       _word2double
0x084E	0xF041C000  	MOVFF       R0, FLOC__main
0x0852	0xF042C001  	MOVFF       R1, FLOC__main+1
0x0856	0xF043C002  	MOVFF       R2, FLOC__main+2
0x085A	0xF044C003  	MOVFF       R3, FLOC__main+3
0x085E	0xF000C045  	MOVFF       FLOC__main+4, R0
0x0862	0xF001C046  	MOVFF       FLOC__main+5, R1
0x0866	0xDED7      	RCALL       _word2double
0x0868	0xF004C000  	MOVFF       R0, R4
0x086C	0xF005C001  	MOVFF       R1, R5
0x0870	0xF006C002  	MOVFF       R2, R6
0x0874	0xF007C003  	MOVFF       R3, R7
0x0878	0xF000C041  	MOVFF       FLOC__main, R0
0x087C	0xF001C042  	MOVFF       FLOC__main+1, R1
0x0880	0xF002C043  	MOVFF       FLOC__main+2, R2
0x0884	0xF003C044  	MOVFF       FLOC__main+3, R3
0x0888	0xDEDA      	RCALL       _Div_32x32_FP
0x088A	0x0E00      	MOVLW       0
0x088C	0x6E04      	MOVWF       R4 
0x088E	0x0E00      	MOVLW       0
0x0890	0x6E05      	MOVWF       R5 
0x0892	0x0E48      	MOVLW       72
0x0894	0x6E06      	MOVWF       R6 
0x0896	0x0E85      	MOVLW       133
0x0898	0x6E07      	MOVWF       R7 
0x089A	0xDE2D      	RCALL       _Mul_32x32_FP
0x089C	0xDD77      	RCALL       _double2word
;unit06_04_captureDutyCycle.c,220 :: 		WordToStr(duty, txt);
0x089E	0xF047C000  	MOVFF       R0, FARG_WordToStr_input
0x08A2	0xF048C001  	MOVFF       R1, FARG_WordToStr_input+1
0x08A6	0x0E2B      	MOVLW       main_txt_L0
0x08A8	0x6E49      	MOVWF       FARG_WordToStr_output 
0x08AA	0x0E00      	MOVLW       hi_addr(main_txt_L0)
0x08AC	0x6E4A      	MOVWF       FARG_WordToStr_output+1 
0x08AE	0xDDDB      	RCALL       _WordToStr
;unit06_04_captureDutyCycle.c,221 :: 		LCD_Out(1,3,txt);
0x08B0	0x0E01      	MOVLW       1
0x08B2	0x6E47      	MOVWF       FARG_Lcd_Out_row 
0x08B4	0x0E03      	MOVLW       3
0x08B6	0x6E48      	MOVWF       FARG_Lcd_Out_column 
0x08B8	0x0E2B      	MOVLW       main_txt_L0
0x08BA	0x6E49      	MOVWF       FARG_Lcd_Out_text 
0x08BC	0x0E00      	MOVLW       hi_addr(main_txt_L0)
0x08BE	0x6E4A      	MOVWF       FARG_Lcd_Out_text+1 
0x08C0	0xDD28      	RCALL       _Lcd_Out
;unit06_04_captureDutyCycle.c,224 :: 		WordToStr(w, txt);
0x08C2	0xF047C029  	MOVFF       main_w_L0, FARG_WordToStr_input
0x08C6	0xF048C02A  	MOVFF       main_w_L0+1, FARG_WordToStr_input+1
0x08CA	0x0E2B      	MOVLW       main_txt_L0
0x08CC	0x6E49      	MOVWF       FARG_WordToStr_output 
0x08CE	0x0E00      	MOVLW       hi_addr(main_txt_L0)
0x08D0	0x6E4A      	MOVWF       FARG_WordToStr_output+1 
0x08D2	0xDDC9      	RCALL       _WordToStr
;unit06_04_captureDutyCycle.c,225 :: 		LCD_Out(1,11,txt);
0x08D4	0x0E01      	MOVLW       1
0x08D6	0x6E47      	MOVWF       FARG_Lcd_Out_row 
0x08D8	0x0E0B      	MOVLW       11
0x08DA	0x6E48      	MOVWF       FARG_Lcd_Out_column 
0x08DC	0x0E2B      	MOVLW       main_txt_L0
0x08DE	0x6E49      	MOVWF       FARG_Lcd_Out_text 
0x08E0	0x0E00      	MOVLW       hi_addr(main_txt_L0)
0x08E2	0x6E4A      	MOVWF       FARG_Lcd_Out_text+1 
0x08E4	0xDD16      	RCALL       _Lcd_Out
;unit06_04_captureDutyCycle.c,228 :: 		WordToStr(p, txt);
0x08E6	0xF047C03F  	MOVFF       main_p_L0, FARG_WordToStr_input
0x08EA	0xF048C040  	MOVFF       main_p_L0+1, FARG_WordToStr_input+1
0x08EE	0x0E2B      	MOVLW       main_txt_L0
0x08F0	0x6E49      	MOVWF       FARG_WordToStr_output 
0x08F2	0x0E00      	MOVLW       hi_addr(main_txt_L0)
0x08F4	0x6E4A      	MOVWF       FARG_WordToStr_output+1 
0x08F6	0xDDB7      	RCALL       _WordToStr
;unit06_04_captureDutyCycle.c,229 :: 		LCD_Out(2,11,txt);
0x08F8	0x0E02      	MOVLW       2
0x08FA	0x6E47      	MOVWF       FARG_Lcd_Out_row 
0x08FC	0x0E0B      	MOVLW       11
0x08FE	0x6E48      	MOVWF       FARG_Lcd_Out_column 
0x0900	0x0E2B      	MOVLW       main_txt_L0
0x0902	0x6E49      	MOVWF       FARG_Lcd_Out_text 
0x0904	0x0E00      	MOVLW       hi_addr(main_txt_L0)
0x0906	0x6E4A      	MOVWF       FARG_Lcd_Out_text+1 
0x0908	0xDD04      	RCALL       _Lcd_Out
;unit06_04_captureDutyCycle.c,232 :: 		Delay_ms(300);
0x090A	0x0E04      	MOVLW       4
0x090C	0x6E0B      	MOVWF       R11, 0
0x090E	0x0E0C      	MOVLW       12
0x0910	0x6E0C      	MOVWF       R12, 0
0x0912	0x0E33      	MOVLW       51
0x0914	0x6E0D      	MOVWF       R13, 0
L_main9:
0x0916	0x2E0D      	DECFSZ      R13, 1, 0
0x0918	0xD7FE      	BRA         L_main9
0x091A	0x2E0C      	DECFSZ      R12, 1, 0
0x091C	0xD7FC      	BRA         L_main9
0x091E	0x2E0B      	DECFSZ      R11, 1, 0
0x0920	0xD7FA      	BRA         L_main9
0x0922	0x0000      	NOP
0x0924	0x0000      	NOP
;unit06_04_captureDutyCycle.c,233 :: 		PIE1.CCP1IE = 1;
0x0926	0x849D      	BSF         PIE1, 2 
;unit06_04_captureDutyCycle.c,234 :: 		}
L_main8:
;unit06_04_captureDutyCycle.c,235 :: 		}
0x0928	0xD77B      	BRA         L_main6
;unit06_04_captureDutyCycle.c,236 :: 		}
L_end_main:
0x092A	0xD7FF      	BRA         $+0
; end of _main
Symbol List:
//** Routines locations **
//ADDRESS    SIZE    PROCEDURE
//----------------------------------------------
0x0008     [116]    _INTERRUPTION_HIGH
0x007C      [22]    _Delay_5500us
0x0092      [10]    _Delay_50us
0x009C       [6]    _Delay_1us
0x00A2      [26]    _SETFUN32
0x00BC       [8]    _FIXSIGN32
0x00C4     [124]    _Lcd_Cmd
0x0140      [14]    _RES032
0x014E      [54]    _Div_16X16_U
0x0184     [114]    _NRM3232
0x01F6      [24]    _SETFOV32
0x020E      [12]    _Lcd_Chr_CP
0x021A       [8]    _SETFDZ32
0x0222      [28]    _SETIOV3224
0x023E      [16]    ___CC2DW
0x024E       [8]    _configGlobalInterruption
0x0256      [26]    _configIndividualVctCAPT
0x0270      [12]    _ConfigMCU
0x027C     [150]    _Lcd_Init
0x0312     [122]    _Lcd_Out
0x038C     [218]    _double2word
0x0466     [144]    _WordToStr
0x04F6     [288]    _Mul_32x32_FP
0x0616      [40]    _word2double
0x063E     [372]    _Div_32x32_FP
0x07B2     [378]    _main
//** Variables locations ** 
//ADDRESS    SIZE    VARIABLE
//----------------------------------------------
0x0000       [1]    R0
0x0001       [1]    R1
0x0001       [1]    __Lib_Conversions_Adjust_Hex_tmp_L0
0x0002       [2]    memcpy_dd_L0
0x0002       [1]    R2
0x0002       [2]    memchr_s_L0
0x0002       [2]    memset_pp_L0
0x0002       [2]    strlen_cp_L0
0x0003       [1]    R3
0x0003       [2]    memmove_tt_L0
0x0003       [2]    Ltrim_original_L0
0x0004       [2]    strcat_cp_L0
0x0004       [2]    strcpy_cp_L0
0x0004       [2]    strncpy_cp_L0
0x0004       [2]    memcpy_ss_L0
0x0004       [2]    strncat_cp_L0
0x0004       [1]    R4
0x0005       [2]    LongWordToHex_input_half_L0
0x0005       [2]    LongIntToHex_input_half_L0
0x0005       [2]    memmove_ff_L0
0x0005       [2]    Ltrim_p_L0
0x0005       [1]    R5
0x0006       [1]    R6
0x0007       [1]    R7
0x0008       [1]    R8
0x0009       [1]    R9
0x000A       [1]    R10
0x000B       [1]    R11
0x000C       [1]    R12
0x000D       [1]    R13
0x000E       [1]    R14
0x000F       [1]    R15
0x0010       [1]    R16
0x0011       [1]    R17
0x0012       [1]    R18
0x0013       [1]    R19
0x0014       [1]    R20
0x0016       [3]    ?lstr1_unit06_04_captureDutyCycle
0x0019       [3]    ?lstr3_unit06_04_captureDutyCycle
0x001C       [1]    unit06_04_captureDutyCycle_m_state
0x001D       [3]    ?lstr2_unit06_04_captureDutyCycle
0x0020       [2]    _ONE
0x0022       [0]    __Lib_Lcd_cmd_status
0x0023       [2]    _t1
0x0025       [2]    _t2
0x0027       [2]    _t3
0x0029       [2]    main_w_L0
0x002B      [20]    main_txt_L0
0x003F       [2]    main_p_L0
0x0041       [6]    FLOC__main
0x0047       [1]    FARG_Lcd_Out_row
0x0047       [2]    FARG_WordToStr_input
0x0048       [1]    FARG_Lcd_Out_column
0x0049       [2]    FARG_Lcd_Out_text
0x0049       [2]    FARG_WordToStr_output
0x004B       [1]    WordToStr_len_L0
0x004B       [1]    Lcd_Out_i_L0
0x004C       [2]    FLOC__WordToStr
0x004E       [1]    FARG_Lcd_Chr_CP_out_char
0x004F       [1]    FARG_Lcd_Cmd_out_char
0x0F82       [1]    PORTC
0x0F8C       [0]    LCD_D7
0x0F8C       [0]    LATD6_bit
0x0F8C       [0]    LATD5_bit
0x0F8C       [0]    LATD4_bit
0x0F8C       [0]    LCD_D5
0x0F8C       [0]    LCD_D6
0x0F8C       [0]    LCD_D4
0x0F8C       [0]    LATD7_bit
0x0F8D       [0]    LATE2_bit
0x0F8D       [0]    LCD_RS
0x0F8D       [0]    LCD_EN
0x0F8D       [0]    LATE1_bit
0x0F93       [1]    TRISB
0x0F94       [1]    TRISC
0x0F95       [0]    LCD_D5_Direction
0x0F95       [0]    LCD_D6_Direction
0x0F95       [0]    LCD_D4_Direction
0x0F95       [0]    TRISD4_bit
0x0F95       [0]    TRISD7_bit
0x0F95       [0]    TRISD6_bit
0x0F95       [0]    TRISD5_bit
0x0F95       [0]    LCD_D7_Direction
0x0F96       [0]    LCD_RS_Direction
0x0F96       [0]    TRISE2_bit
0x0F96       [0]    TRISE1_bit
0x0F96       [0]    LCD_EN_Direction
0x0F9D       [1]    PIE1
0x0F9E       [1]    PIR1
0x0F9F       [1]    IPR1
0x0FBD       [1]    CCP1CON
0x0FBE       [1]    CCPR1L
0x0FBF       [1]    CCPR1H
0x0FC1       [1]    ADCON1
0x0FCD       [1]    T1CON
0x0FCE       [1]    TMR1L
0x0FCF       [1]    TMR1H
0x0FD0       [1]    RCON
0x0FD8       [1]    STATUS
0x0FD9       [1]    FSR2L
0x0FDA       [1]    FSR2H
0x0FDE       [1]    POSTINC2
0x0FE0       [1]    BSR
0x0FE1       [1]    FSR1L
0x0FE2       [1]    FSR1H
0x0FE4       [1]    PREINC1
0x0FE6       [1]    POSTINC1
0x0FE7       [1]    INDF1
0x0FE8       [1]    WREG
0x0FE9       [1]    FSR0L
0x0FEA       [1]    FSR0H
0x0FEE       [1]    POSTINC0
0x0FF2       [1]    INTCON
0x0FF3       [1]    PRODL
0x0FF4       [1]    PRODH
0x0FF5       [1]    TABLAT
0x0FF6       [1]    TBLPTRL
0x0FF6       [3]    TBLPTR
0x0FF7       [1]    TBLPTRH
0x0FF8       [1]    TBLPTRU
