;  LST file generated by mikroListExporter - v.2.0 
; Date/Time: 29/10/2019 06:12:49 PM
;----------------------------------------------

;Address Opcode 	ASM
0x0000	0xF001EF16  	GOTO        556
0x0004	0x0000      	NOP
0x0006	0x0000      	NOP
0x0008	0xF000EF00  	GOTO        0
0x000C	0x0000      	NOP
0x000E	0x0000      	NOP
0x0010	0x0000      	NOP
0x0012	0x0000      	NOP
0x0014	0x0000      	NOP
0x0016	0x0000      	NOP
0x0018	0xD7F3      	BRA         0
_Delay_1us:
;__Lib_Delays.c,7 :: 		void Delay_1us() {
;__Lib_Delays.c,8 :: 		Delay_us(1);
0x001C	0x0000      	NOP
0x001E	0x0000      	NOP
;__Lib_Delays.c,9 :: 		}
L_end_Delay_1us:
0x0020	0x0012      	RETURN      0
; end of _Delay_1us
_Delay_5500us:
;__Lib_Delays.c,31 :: 		void Delay_5500us() {
;__Lib_Delays.c,32 :: 		Delay_us(5500);
0x0022	0x0E0F      	MOVLW       15
0x0024	0x6E0C      	MOVWF       R12, 0
0x0026	0x0E47      	MOVLW       71
0x0028	0x6E0D      	MOVWF       R13, 0
L_Delay_5500us5:
0x002A	0x2E0D      	DECFSZ      R13, 1, 0
0x002C	0xD7FE      	BRA         L_Delay_5500us5
0x002E	0x2E0C      	DECFSZ      R12, 1, 0
0x0030	0xD7FC      	BRA         L_Delay_5500us5
0x0032	0x0000      	NOP
0x0034	0x0000      	NOP
;__Lib_Delays.c,33 :: 		}
L_end_Delay_5500us:
0x0036	0x0012      	RETURN      0
; end of _Delay_5500us
_Delay_50us:
;__Lib_Delays.c,19 :: 		void Delay_50us() {
;__Lib_Delays.c,20 :: 		Delay_us(50);
0x0038	0x0E21      	MOVLW       33
0x003A	0x6E0D      	MOVWF       R13, 0
L_Delay_50us2:
0x003C	0x2E0D      	DECFSZ      R13, 1, 0
0x003E	0xD7FE      	BRA         L_Delay_50us2
;__Lib_Delays.c,21 :: 		}
L_end_Delay_50us:
0x0040	0x0012      	RETURN      0
; end of _Delay_50us
_Lcd_Cmd:
;__Lib_Lcd.c,18 :: 		
;__Lib_Lcd.c,20 :: 		
0x0042	0xBE46      	BTFSC       FARG_Lcd_Cmd_out_char, 7 
0x0044	0xD002      	BRA         L__Lcd_Cmd21
0x0046	0x9E8C      	BCF         LCD_D7, BitPos(LCD_D7+0) 
0x0048	0xD001      	BRA         L__Lcd_Cmd22
L__Lcd_Cmd21:
0x004A	0x8E8C      	BSF         LCD_D7, BitPos(LCD_D7+0) 
L__Lcd_Cmd22:
;__Lib_Lcd.c,21 :: 		
0x004C	0xBC46      	BTFSC       FARG_Lcd_Cmd_out_char, 6 
0x004E	0xD002      	BRA         L__Lcd_Cmd23
0x0050	0x9C8C      	BCF         LCD_D6, BitPos(LCD_D6+0) 
0x0052	0xD001      	BRA         L__Lcd_Cmd24
L__Lcd_Cmd23:
0x0054	0x8C8C      	BSF         LCD_D6, BitPos(LCD_D6+0) 
L__Lcd_Cmd24:
;__Lib_Lcd.c,22 :: 		
0x0056	0xBA46      	BTFSC       FARG_Lcd_Cmd_out_char, 5 
0x0058	0xD002      	BRA         L__Lcd_Cmd25
0x005A	0x9A8C      	BCF         LCD_D5, BitPos(LCD_D5+0) 
0x005C	0xD001      	BRA         L__Lcd_Cmd26
L__Lcd_Cmd25:
0x005E	0x8A8C      	BSF         LCD_D5, BitPos(LCD_D5+0) 
L__Lcd_Cmd26:
;__Lib_Lcd.c,23 :: 		
0x0060	0xB846      	BTFSC       FARG_Lcd_Cmd_out_char, 4 
0x0062	0xD002      	BRA         L__Lcd_Cmd27
0x0064	0x988C      	BCF         LCD_D4, BitPos(LCD_D4+0) 
0x0066	0xD001      	BRA         L__Lcd_Cmd28
L__Lcd_Cmd27:
0x0068	0x888C      	BSF         LCD_D4, BitPos(LCD_D4+0) 
L__Lcd_Cmd28:
;__Lib_Lcd.c,25 :: 		
0x006A	0xB03B      	BTFSC       __Lib_Lcd_cmd_status, BitPos(__Lib_Lcd_cmd_status+0) 
0x006C	0xD002      	BRA         L__Lcd_Cmd29
0x006E	0x848D      	BSF         LCD_RS, BitPos(LCD_RS+0) 
0x0070	0xD001      	BRA         L__Lcd_Cmd30
L__Lcd_Cmd29:
0x0072	0x948D      	BCF         LCD_RS, BitPos(LCD_RS+0) 
L__Lcd_Cmd30:
;__Lib_Lcd.c,28 :: 		
0x0074	0x828D      	BSF         LCD_EN, BitPos(LCD_EN+0) 
;__Lib_Lcd.c,29 :: 		
0x0076	0xDFD2      	RCALL       _Delay_1us
;__Lib_Lcd.c,30 :: 		
0x0078	0x928D      	BCF         LCD_EN, BitPos(LCD_EN+0) 
;__Lib_Lcd.c,33 :: 		
0x007A	0xB646      	BTFSC       FARG_Lcd_Cmd_out_char, 3 
0x007C	0xD002      	BRA         L__Lcd_Cmd31
0x007E	0x9E8C      	BCF         LCD_D7, BitPos(LCD_D7+0) 
0x0080	0xD001      	BRA         L__Lcd_Cmd32
L__Lcd_Cmd31:
0x0082	0x8E8C      	BSF         LCD_D7, BitPos(LCD_D7+0) 
L__Lcd_Cmd32:
;__Lib_Lcd.c,34 :: 		
0x0084	0xB446      	BTFSC       FARG_Lcd_Cmd_out_char, 2 
0x0086	0xD002      	BRA         L__Lcd_Cmd33
0x0088	0x9C8C      	BCF         LCD_D6, BitPos(LCD_D6+0) 
0x008A	0xD001      	BRA         L__Lcd_Cmd34
L__Lcd_Cmd33:
0x008C	0x8C8C      	BSF         LCD_D6, BitPos(LCD_D6+0) 
L__Lcd_Cmd34:
;__Lib_Lcd.c,35 :: 		
0x008E	0xB246      	BTFSC       FARG_Lcd_Cmd_out_char, 1 
0x0090	0xD002      	BRA         L__Lcd_Cmd35
0x0092	0x9A8C      	BCF         LCD_D5, BitPos(LCD_D5+0) 
0x0094	0xD001      	BRA         L__Lcd_Cmd36
L__Lcd_Cmd35:
0x0096	0x8A8C      	BSF         LCD_D5, BitPos(LCD_D5+0) 
L__Lcd_Cmd36:
;__Lib_Lcd.c,36 :: 		
0x0098	0xB046      	BTFSC       FARG_Lcd_Cmd_out_char, 0 
0x009A	0xD002      	BRA         L__Lcd_Cmd37
0x009C	0x988C      	BCF         LCD_D4, BitPos(LCD_D4+0) 
0x009E	0xD001      	BRA         L__Lcd_Cmd38
L__Lcd_Cmd37:
0x00A0	0x888C      	BSF         LCD_D4, BitPos(LCD_D4+0) 
L__Lcd_Cmd38:
;__Lib_Lcd.c,38 :: 		
0x00A2	0xB03B      	BTFSC       __Lib_Lcd_cmd_status, BitPos(__Lib_Lcd_cmd_status+0) 
0x00A4	0xD002      	BRA         L__Lcd_Cmd39
0x00A6	0x848D      	BSF         LCD_RS, BitPos(LCD_RS+0) 
0x00A8	0xD001      	BRA         L__Lcd_Cmd40
L__Lcd_Cmd39:
0x00AA	0x948D      	BCF         LCD_RS, BitPos(LCD_RS+0) 
L__Lcd_Cmd40:
;__Lib_Lcd.c,40 :: 		
0x00AC	0x828D      	BSF         LCD_EN, BitPos(LCD_EN+0) 
;__Lib_Lcd.c,41 :: 		
0x00AE	0xDFB6      	RCALL       _Delay_1us
;__Lib_Lcd.c,42 :: 		
0x00B0	0x928D      	BCF         LCD_EN, BitPos(LCD_EN+0) 
;__Lib_Lcd.c,44 :: 		
0x00B2	0xA03B      	BTFSS       __Lib_Lcd_cmd_status, BitPos(__Lib_Lcd_cmd_status+0) 
0x00B4	0xD002      	BRA         L_Lcd_Cmd0
;__Lib_Lcd.c,45 :: 		
0x00B6	0xDFB5      	RCALL       _Delay_5500us
0x00B8	0xD001      	BRA         L_Lcd_Cmd1
L_Lcd_Cmd0:
;__Lib_Lcd.c,47 :: 		
0x00BA	0xDFBE      	RCALL       _Delay_50us
L_Lcd_Cmd1:
;__Lib_Lcd.c,48 :: 		
L_end_Lcd_Cmd:
0x00BC	0x0012      	RETURN      0
; end of _Lcd_Cmd
_Lcd_Chr_CP:
;__Lib_Lcd.c,50 :: 		
;__Lib_Lcd.c,52 :: 		
0x00BE	0x903B      	BCF         __Lib_Lcd_cmd_status, BitPos(__Lib_Lcd_cmd_status+0) 
;__Lib_Lcd.c,53 :: 		
0x00C0	0xF046C045  	MOVFF       FARG_Lcd_Chr_CP_out_char, FARG_Lcd_Cmd_out_char
0x00C4	0xDFBE      	RCALL       _Lcd_Cmd
;__Lib_Lcd.c,54 :: 		
0x00C6	0x803B      	BSF         __Lib_Lcd_cmd_status, BitPos(__Lib_Lcd_cmd_status+0) 
;__Lib_Lcd.c,55 :: 		
L_end_Lcd_Chr_CP:
0x00C8	0x0012      	RETURN      0
; end of _Lcd_Chr_CP
_Lcd_Out_CP:
;__Lib_Lcd.c,57 :: 		
;__Lib_Lcd.c,59 :: 		
0x00CA	0x6A44      	CLRF        Lcd_Out_CP_i_L0 
;__Lib_Lcd.c,60 :: 		
L_Lcd_Out_CP2:
0x00CC	0x5044      	MOVF        Lcd_Out_CP_i_L0, 0 
0x00CE	0x2442      	ADDWF       FARG_Lcd_Out_CP_text, 0 
0x00D0	0x6EE9      	MOVWF       FSR0L 
0x00D2	0x0E00      	MOVLW       0
0x00D4	0x2043      	ADDWFC      FARG_Lcd_Out_CP_text+1, 0 
0x00D6	0x6EEA      	MOVWF       FSR0L+1 
0x00D8	0x52EE      	MOVF        POSTINC0, 1 
0x00DA	0xE00B      	BZ          L_Lcd_Out_CP3
;__Lib_Lcd.c,61 :: 		
0x00DC	0x5044      	MOVF        Lcd_Out_CP_i_L0, 0 
0x00DE	0x2442      	ADDWF       FARG_Lcd_Out_CP_text, 0 
0x00E0	0x6EE9      	MOVWF       FSR0L 
0x00E2	0x0E00      	MOVLW       0
0x00E4	0x2043      	ADDWFC      FARG_Lcd_Out_CP_text+1, 0 
0x00E6	0x6EEA      	MOVWF       FSR0L+1 
0x00E8	0xF045CFEE  	MOVFF       POSTINC0, FARG_Lcd_Chr_CP_out_char
0x00EC	0xDFE8      	RCALL       _Lcd_Chr_CP
0x00EE	0x2A44      	INCF        Lcd_Out_CP_i_L0, 1 
;__Lib_Lcd.c,62 :: 		
0x00F0	0xD7ED      	BRA         L_Lcd_Out_CP2
L_Lcd_Out_CP3:
;__Lib_Lcd.c,63 :: 		
L_end_Lcd_Out_CP:
0x00F2	0x0012      	RETURN      0
; end of _Lcd_Out_CP
_Lcd_Init:
;__Lib_Lcd.c,84 :: 		
;__Lib_Lcd.c,86 :: 		
0x00F4	0x9296      	BCF         LCD_EN_Direction, BitPos(LCD_EN_Direction+0) 
;__Lib_Lcd.c,87 :: 		
0x00F6	0x9496      	BCF         LCD_RS_Direction, BitPos(LCD_RS_Direction+0) 
;__Lib_Lcd.c,88 :: 		
0x00F8	0x9895      	BCF         LCD_D4_Direction, BitPos(LCD_D4_Direction+0) 
;__Lib_Lcd.c,89 :: 		
0x00FA	0x9A95      	BCF         LCD_D5_Direction, BitPos(LCD_D5_Direction+0) 
;__Lib_Lcd.c,90 :: 		
0x00FC	0x9C95      	BCF         LCD_D6_Direction, BitPos(LCD_D6_Direction+0) 
;__Lib_Lcd.c,91 :: 		
0x00FE	0x9E95      	BCF         LCD_D7_Direction, BitPos(LCD_D7_Direction+0) 
;__Lib_Lcd.c,93 :: 		
0x0100	0x928D      	BCF         LCD_EN, BitPos(LCD_EN+0) 
;__Lib_Lcd.c,94 :: 		
0x0102	0x948D      	BCF         LCD_RS, BitPos(LCD_RS+0) 
;__Lib_Lcd.c,95 :: 		
0x0104	0x9E8C      	BCF         LCD_D7, BitPos(LCD_D7+0) 
;__Lib_Lcd.c,96 :: 		
0x0106	0x9C8C      	BCF         LCD_D6, BitPos(LCD_D6+0) 
;__Lib_Lcd.c,97 :: 		
0x0108	0x9A8C      	BCF         LCD_D5, BitPos(LCD_D5+0) 
;__Lib_Lcd.c,98 :: 		
0x010A	0x988C      	BCF         LCD_D4, BitPos(LCD_D4+0) 
;__Lib_Lcd.c,100 :: 		
0x010C	0xDF8A      	RCALL       _Delay_5500us
;__Lib_Lcd.c,101 :: 		
0x010E	0xDF89      	RCALL       _Delay_5500us
;__Lib_Lcd.c,102 :: 		
0x0110	0xDF88      	RCALL       _Delay_5500us
;__Lib_Lcd.c,105 :: 		
0x0112	0x8A8C      	BSF         LCD_D5, BitPos(LCD_D5+0) 
;__Lib_Lcd.c,106 :: 		
0x0114	0x888C      	BSF         LCD_D4, BitPos(LCD_D4+0) 
;__Lib_Lcd.c,107 :: 		
0x0116	0x828D      	BSF         LCD_EN, BitPos(LCD_EN+0) 
;__Lib_Lcd.c,108 :: 		
0x0118	0xDF81      	RCALL       _Delay_1us
;__Lib_Lcd.c,109 :: 		
0x011A	0x928D      	BCF         LCD_EN, BitPos(LCD_EN+0) 
;__Lib_Lcd.c,110 :: 		
0x011C	0xDF82      	RCALL       _Delay_5500us
;__Lib_Lcd.c,112 :: 		
0x011E	0x828D      	BSF         LCD_EN, BitPos(LCD_EN+0) 
;__Lib_Lcd.c,113 :: 		
0x0120	0xDF7D      	RCALL       _Delay_1us
;__Lib_Lcd.c,114 :: 		
0x0122	0x928D      	BCF         LCD_EN, BitPos(LCD_EN+0) 
;__Lib_Lcd.c,115 :: 		
0x0124	0xDF7E      	RCALL       _Delay_5500us
;__Lib_Lcd.c,117 :: 		
0x0126	0x828D      	BSF         LCD_EN, BitPos(LCD_EN+0) 
;__Lib_Lcd.c,118 :: 		
0x0128	0xDF79      	RCALL       _Delay_1us
;__Lib_Lcd.c,119 :: 		
0x012A	0x928D      	BCF         LCD_EN, BitPos(LCD_EN+0) 
;__Lib_Lcd.c,120 :: 		
0x012C	0xDF7A      	RCALL       _Delay_5500us
;__Lib_Lcd.c,123 :: 		
0x012E	0x988C      	BCF         LCD_D4, BitPos(LCD_D4+0) 
;__Lib_Lcd.c,124 :: 		
0x0130	0x828D      	BSF         LCD_EN, BitPos(LCD_EN+0) 
;__Lib_Lcd.c,125 :: 		
0x0132	0xDF74      	RCALL       _Delay_1us
;__Lib_Lcd.c,126 :: 		
0x0134	0x928D      	BCF         LCD_EN, BitPos(LCD_EN+0) 
;__Lib_Lcd.c,127 :: 		
0x0136	0xDF75      	RCALL       _Delay_5500us
;__Lib_Lcd.c,130 :: 		
0x0138	0x828D      	BSF         LCD_EN, BitPos(LCD_EN+0) 
;__Lib_Lcd.c,131 :: 		
0x013A	0xDF70      	RCALL       _Delay_1us
;__Lib_Lcd.c,132 :: 		
0x013C	0x928D      	BCF         LCD_EN, BitPos(LCD_EN+0) 
;__Lib_Lcd.c,134 :: 		
0x013E	0x9A8C      	BCF         LCD_D5, BitPos(LCD_D5+0) 
;__Lib_Lcd.c,135 :: 		
0x0140	0x8E8C      	BSF         LCD_D7, BitPos(LCD_D7+0) 
;__Lib_Lcd.c,136 :: 		
0x0142	0x828D      	BSF         LCD_EN, BitPos(LCD_EN+0) 
;__Lib_Lcd.c,137 :: 		
0x0144	0xDF6B      	RCALL       _Delay_1us
;__Lib_Lcd.c,138 :: 		
0x0146	0x928D      	BCF         LCD_EN, BitPos(LCD_EN+0) 
;__Lib_Lcd.c,139 :: 		
0x0148	0xDF6C      	RCALL       _Delay_5500us
;__Lib_Lcd.c,142 :: 		
0x014A	0x9E8C      	BCF         LCD_D7, BitPos(LCD_D7+0) 
;__Lib_Lcd.c,143 :: 		
0x014C	0x888C      	BSF         LCD_D4, BitPos(LCD_D4+0) 
;__Lib_Lcd.c,144 :: 		
0x014E	0x828D      	BSF         LCD_EN, BitPos(LCD_EN+0) 
;__Lib_Lcd.c,145 :: 		
0x0150	0xDF65      	RCALL       _Delay_1us
;__Lib_Lcd.c,146 :: 		
0x0152	0x928D      	BCF         LCD_EN, BitPos(LCD_EN+0) 
;__Lib_Lcd.c,148 :: 		
0x0154	0x988C      	BCF         LCD_D4, BitPos(LCD_D4+0) 
;__Lib_Lcd.c,149 :: 		
0x0156	0x828D      	BSF         LCD_EN, BitPos(LCD_EN+0) 
;__Lib_Lcd.c,150 :: 		
0x0158	0xDF61      	RCALL       _Delay_1us
;__Lib_Lcd.c,151 :: 		
0x015A	0x928D      	BCF         LCD_EN, BitPos(LCD_EN+0) 
;__Lib_Lcd.c,152 :: 		
0x015C	0xDF62      	RCALL       _Delay_5500us
;__Lib_Lcd.c,155 :: 		
0x015E	0x828D      	BSF         LCD_EN, BitPos(LCD_EN+0) 
;__Lib_Lcd.c,156 :: 		
0x0160	0xDF5D      	RCALL       _Delay_1us
;__Lib_Lcd.c,157 :: 		
0x0162	0x928D      	BCF         LCD_EN, BitPos(LCD_EN+0) 
;__Lib_Lcd.c,159 :: 		
0x0164	0x888C      	BSF         LCD_D4, BitPos(LCD_D4+0) 
;__Lib_Lcd.c,160 :: 		
0x0166	0x828D      	BSF         LCD_EN, BitPos(LCD_EN+0) 
;__Lib_Lcd.c,161 :: 		
0x0168	0xDF59      	RCALL       _Delay_1us
;__Lib_Lcd.c,162 :: 		
0x016A	0x928D      	BCF         LCD_EN, BitPos(LCD_EN+0) 
;__Lib_Lcd.c,163 :: 		
0x016C	0xDF5A      	RCALL       _Delay_5500us
;__Lib_Lcd.c,166 :: 		
0x016E	0x988C      	BCF         LCD_D4, BitPos(LCD_D4+0) 
;__Lib_Lcd.c,167 :: 		
0x0170	0x828D      	BSF         LCD_EN, BitPos(LCD_EN+0) 
;__Lib_Lcd.c,168 :: 		
0x0172	0xDF54      	RCALL       _Delay_1us
;__Lib_Lcd.c,169 :: 		
0x0174	0x928D      	BCF         LCD_EN, BitPos(LCD_EN+0) 
;__Lib_Lcd.c,171 :: 		
0x0176	0x8E8C      	BSF         LCD_D7, BitPos(LCD_D7+0) 
;__Lib_Lcd.c,172 :: 		
0x0178	0x8C8C      	BSF         LCD_D6, BitPos(LCD_D6+0) 
;__Lib_Lcd.c,173 :: 		
0x017A	0x8A8C      	BSF         LCD_D5, BitPos(LCD_D5+0) 
;__Lib_Lcd.c,174 :: 		
0x017C	0x888C      	BSF         LCD_D4, BitPos(LCD_D4+0) 
;__Lib_Lcd.c,175 :: 		
0x017E	0x828D      	BSF         LCD_EN, BitPos(LCD_EN+0) 
;__Lib_Lcd.c,176 :: 		
0x0180	0xDF4D      	RCALL       _Delay_1us
;__Lib_Lcd.c,177 :: 		
0x0182	0x928D      	BCF         LCD_EN, BitPos(LCD_EN+0) 
;__Lib_Lcd.c,179 :: 		
0x0184	0xDF4E      	RCALL       _Delay_5500us
;__Lib_Lcd.c,181 :: 		
0x0186	0x803B      	BSF         __Lib_Lcd_cmd_status, BitPos(__Lib_Lcd_cmd_status+0) 
;__Lib_Lcd.c,182 :: 		
L_end_Lcd_Init:
0x0188	0x0012      	RETURN      0
; end of _Lcd_Init
___CC2DW:
;__Lib_System.c,21 :: 		
;__Lib_System.c,23 :: 		
_CC2DL_Loop1:
;__Lib_System.c,24 :: 		
0x018A	0x0009      	TBLRD*+
;__Lib_System.c,25 :: 		
0x018C	0xFFE6CFF5  	MOVFF       TABLAT, POSTINC1
;__Lib_System.c,26 :: 		
0x0190	0x0600      	DECF        R0, 1, 0
;__Lib_System.c,27 :: 		
0x0192	0xE1FB      	BNZ         _CC2DL_Loop1
;__Lib_System.c,28 :: 		
0x0194	0x0601      	DECF        R1, 1, 0
;__Lib_System.c,29 :: 		
0x0196	0xE1F9      	BNZ         _CC2DL_Loop1
;__Lib_System.c,31 :: 		
L_end___CC2DW:
0x0198	0x0012      	RETURN      0
; end of ___CC2DW
_lcdr:
;unit02_07_keypad.c,85 :: 		void lcdr(char a[5])                  // Auxiliary Function - LCD Return (lcdr)
;unit02_07_keypad.c,87 :: 		TRISD = 0x00;
0x019A	0x6A95      	CLRF        TRISD 
;unit02_07_keypad.c,88 :: 		Lcd_Cmd(_LCD_CLEAR);
0x019C	0x0E01      	MOVLW       1
0x019E	0x6E46      	MOVWF       FARG_Lcd_Cmd_out_char 
0x01A0	0xDF50      	RCALL       _Lcd_Cmd
;unit02_07_keypad.c,89 :: 		LCD_out_cp(a);
0x01A2	0xF042C03D  	MOVFF       FARG_lcdr_a, FARG_Lcd_Out_CP_text
0x01A6	0xF043C03E  	MOVFF       FARG_lcdr_a+1, FARG_Lcd_Out_CP_text+1
0x01AA	0xDF8F      	RCALL       _Lcd_Out_CP
;unit02_07_keypad.c,90 :: 		TRISD = 0XFF;
0x01AC	0x0EFF      	MOVLW       255
0x01AE	0x6E95      	MOVWF       TRISD 
;unit02_07_keypad.c,91 :: 		}
L_end_lcdr:
0x01B0	0x0012      	RETURN      0
; end of _lcdr
_Lcd_Out:
;__Lib_Lcd.c,184 :: 		
;__Lib_Lcd.c,187 :: 		
0x01B2	0xD00F      	BRA         L_Lcd_Out11
;__Lib_Lcd.c,188 :: 		
L_Lcd_Out13:
0x01B4	0x0E80      	MOVLW       128
0x01B6	0x6E3D      	MOVWF       FARG_Lcd_Out_row 
0x01B8	0xD019      	BRA         L_Lcd_Out12
;__Lib_Lcd.c,189 :: 		
L_Lcd_Out14:
0x01BA	0x0EC0      	MOVLW       192
0x01BC	0x6E3D      	MOVWF       FARG_Lcd_Out_row 
0x01BE	0xD016      	BRA         L_Lcd_Out12
;__Lib_Lcd.c,190 :: 		
L_Lcd_Out15:
0x01C0	0x0E94      	MOVLW       148
0x01C2	0x6E3D      	MOVWF       FARG_Lcd_Out_row 
0x01C4	0xD013      	BRA         L_Lcd_Out12
;__Lib_Lcd.c,191 :: 		
L_Lcd_Out16:
0x01C6	0x0ED4      	MOVLW       212
0x01C8	0x6E3D      	MOVWF       FARG_Lcd_Out_row 
0x01CA	0xD010      	BRA         L_Lcd_Out12
;__Lib_Lcd.c,192 :: 		
L_Lcd_Out17:
0x01CC	0x0E80      	MOVLW       128
0x01CE	0x6E3D      	MOVWF       FARG_Lcd_Out_row 
;__Lib_Lcd.c,193 :: 		
0x01D0	0xD00D      	BRA         L_Lcd_Out12
L_Lcd_Out11:
0x01D2	0x503D      	MOVF        FARG_Lcd_Out_row, 0 
0x01D4	0x0A01      	XORLW       1
0x01D6	0xE0EE      	BZ          L_Lcd_Out13
0x01D8	0x503D      	MOVF        FARG_Lcd_Out_row, 0 
0x01DA	0x0A02      	XORLW       2
0x01DC	0xE0EE      	BZ          L_Lcd_Out14
0x01DE	0x503D      	MOVF        FARG_Lcd_Out_row, 0 
0x01E0	0x0A03      	XORLW       3
0x01E2	0xE0EE      	BZ          L_Lcd_Out15
0x01E4	0x503D      	MOVF        FARG_Lcd_Out_row, 0 
0x01E6	0x0A04      	XORLW       4
0x01E8	0xE0EE      	BZ          L_Lcd_Out16
0x01EA	0xD7F0      	BRA         L_Lcd_Out17
L_Lcd_Out12:
;__Lib_Lcd.c,194 :: 		
0x01EC	0x043E      	DECF        FARG_Lcd_Out_column, 0 
0x01EE	0x6E00      	MOVWF       R0 
0x01F0	0x503D      	MOVF        FARG_Lcd_Out_row, 0 
0x01F2	0x2600      	ADDWF       R0, 1 
0x01F4	0xF03DC000  	MOVFF       R0, FARG_Lcd_Out_row
;__Lib_Lcd.c,196 :: 		
0x01F8	0xF046C000  	MOVFF       R0, FARG_Lcd_Cmd_out_char
0x01FC	0xDF22      	RCALL       _Lcd_Cmd
;__Lib_Lcd.c,197 :: 		
0x01FE	0x903B      	BCF         __Lib_Lcd_cmd_status, BitPos(__Lib_Lcd_cmd_status+0) 
;__Lib_Lcd.c,198 :: 		
0x0200	0x6A41      	CLRF        Lcd_Out_i_L0 
;__Lib_Lcd.c,199 :: 		
L_Lcd_Out18:
0x0202	0x5041      	MOVF        Lcd_Out_i_L0, 0 
0x0204	0x243F      	ADDWF       FARG_Lcd_Out_text, 0 
0x0206	0x6EE9      	MOVWF       FSR0L 
0x0208	0x0E00      	MOVLW       0
0x020A	0x2040      	ADDWFC      FARG_Lcd_Out_text+1, 0 
0x020C	0x6EEA      	MOVWF       FSR0L+1 
0x020E	0x52EE      	MOVF        POSTINC0, 1 
0x0210	0xE00B      	BZ          L_Lcd_Out19
;__Lib_Lcd.c,200 :: 		
0x0212	0x5041      	MOVF        Lcd_Out_i_L0, 0 
0x0214	0x243F      	ADDWF       FARG_Lcd_Out_text, 0 
0x0216	0x6EE9      	MOVWF       FSR0L 
0x0218	0x0E00      	MOVLW       0
0x021A	0x2040      	ADDWFC      FARG_Lcd_Out_text+1, 0 
0x021C	0x6EEA      	MOVWF       FSR0L+1 
0x021E	0xF045CFEE  	MOVFF       POSTINC0, FARG_Lcd_Chr_CP_out_char
0x0222	0xDF4D      	RCALL       _Lcd_Chr_CP
0x0224	0x2A41      	INCF        Lcd_Out_i_L0, 1 
0x0226	0xD7ED      	BRA         L_Lcd_Out18
L_Lcd_Out19:
;__Lib_Lcd.c,201 :: 		
0x0228	0x803B      	BSF         __Lib_Lcd_cmd_status, BitPos(__Lib_Lcd_cmd_status+0) 
;__Lib_Lcd.c,202 :: 		
L_end_Lcd_Out:
0x022A	0x0012      	RETURN      0
; end of _Lcd_Out
_main:
0x022C	0xF001ECC2  	CALL        900, 0
;unit02_07_keypad.c,93 :: 		void main(){                          // KEYPAD 4X3 Matrix -> 4 LINE X 3 COLUMN
;unit02_07_keypad.c,101 :: 		ADCON1 |= 0X0F;                // Config all ADC's pins as digital
0x0230	0x0E0F      	MOVLW       15
0x0232	0x12C1      	IORWF       ADCON1, 1 
;unit02_07_keypad.c,104 :: 		ADCON1 = 0x06;                      // Define AD's pin as general I/O
0x0234	0x0E06      	MOVLW       6
0x0236	0x6EC1      	MOVWF       ADCON1 
;unit02_07_keypad.c,105 :: 		TRISE = 0;
0x0238	0x6A96      	CLRF        TRISE 
;unit02_07_keypad.c,106 :: 		TRISD = 0;                          // Configure PORTA as output
0x023A	0x6A95      	CLRF        TRISD 
;unit02_07_keypad.c,108 :: 		Lcd_Init();                         // Initialize LCD
0x023C	0xDF5B      	RCALL       _Lcd_Init
;unit02_07_keypad.c,110 :: 		Lcd_Cmd(_LCD_CLEAR);                // Clear display
0x023E	0x0E01      	MOVLW       1
0x0240	0x6E46      	MOVWF       FARG_Lcd_Cmd_out_char 
0x0242	0xDEFF      	RCALL       _Lcd_Cmd
;unit02_07_keypad.c,111 :: 		Lcd_Cmd(_LCD_CURSOR_OFF);           // Cursor off
0x0244	0x0E0C      	MOVLW       12
0x0246	0x6E46      	MOVWF       FARG_Lcd_Cmd_out_char 
0x0248	0xDEFC      	RCALL       _Lcd_Cmd
;unit02_07_keypad.c,113 :: 		Lcd_Out(1,1,"Keypad V1");           // Write text in first row
0x024A	0x0E01      	MOVLW       1
0x024C	0x6E3D      	MOVWF       FARG_Lcd_Out_row 
0x024E	0x0E01      	MOVLW       1
0x0250	0x6E3E      	MOVWF       FARG_Lcd_Out_column 
0x0252	0x0E1D      	MOVLW       ?lstr1_unit02_07_keypad
0x0254	0x6E3F      	MOVWF       FARG_Lcd_Out_text 
0x0256	0x0E00      	MOVLW       hi_addr(?lstr1_unit02_07_keypad)
0x0258	0x6E40      	MOVWF       FARG_Lcd_Out_text+1 
0x025A	0xDFAB      	RCALL       _Lcd_Out
;unit02_07_keypad.c,116 :: 		PORTB = 0XFF;                       // PORTB as FF
0x025C	0x0EFF      	MOVLW       255
0x025E	0x6E81      	MOVWF       PORTB 
;unit02_07_keypad.c,117 :: 		TRISB = 0;                          // Configure PORTB as output
0x0260	0x6A93      	CLRF        TRISB 
;unit02_07_keypad.c,119 :: 		TRISD = 0XFF;                       // TRISD as FF
0x0262	0x0EFF      	MOVLW       255
0x0264	0x6E95      	MOVWF       TRISD 
;unit02_07_keypad.c,120 :: 		PORTD = 0XFF;                       // PORTD as FF
0x0266	0x0EFF      	MOVLW       255
0x0268	0x6E83      	MOVWF       PORTD 
;unit02_07_keypad.c,121 :: 		TRISD = 0XFF;                       // Configure PORTD as input
0x026A	0x0EFF      	MOVLW       255
0x026C	0x6E95      	MOVWF       TRISD 
;unit02_07_keypad.c,123 :: 		do                                  // Routine's init for keypad scanning
L_main0:
;unit02_07_keypad.c,126 :: 		PORTB.RB0 = 0;
0x026E	0x9081      	BCF         PORTB, 0 
;unit02_07_keypad.c,127 :: 		line = PORTD;
0x0270	0xF03CCF83  	MOVFF       PORTD, main_line_L0
;unit02_07_keypad.c,128 :: 		if (line.RD0 == 0) lcdr("<--");
0x0274	0xB03C      	BTFSC       main_line_L0, 0 
0x0276	0xD006      	BRA         L_main3
0x0278	0x0E27      	MOVLW       ?lstr2_unit02_07_keypad
0x027A	0x6E3D      	MOVWF       FARG_lcdr_a 
0x027C	0x0E00      	MOVLW       hi_addr(?lstr2_unit02_07_keypad)
0x027E	0x6E3E      	MOVWF       FARG_lcdr_a+1 
0x0280	0xDF8C      	RCALL       _lcdr
0x0282	0xD017      	BRA         L_main4
L_main3:
;unit02_07_keypad.c,129 :: 		else if (line.RD1 == 0) lcdr("7");
0x0284	0xB23C      	BTFSC       main_line_L0, 1 
0x0286	0xD006      	BRA         L_main5
0x0288	0x0E1B      	MOVLW       ?lstr3_unit02_07_keypad
0x028A	0x6E3D      	MOVWF       FARG_lcdr_a 
0x028C	0x0E00      	MOVLW       hi_addr(?lstr3_unit02_07_keypad)
0x028E	0x6E3E      	MOVWF       FARG_lcdr_a+1 
0x0290	0xDF84      	RCALL       _lcdr
0x0292	0xD00F      	BRA         L_main6
L_main5:
;unit02_07_keypad.c,130 :: 		else if (line.RD2 == 0) lcdr("4");
0x0294	0xB43C      	BTFSC       main_line_L0, 2 
0x0296	0xD006      	BRA         L_main7
0x0298	0x0E15      	MOVLW       ?lstr4_unit02_07_keypad
0x029A	0x6E3D      	MOVWF       FARG_lcdr_a 
0x029C	0x0E00      	MOVLW       hi_addr(?lstr4_unit02_07_keypad)
0x029E	0x6E3E      	MOVWF       FARG_lcdr_a+1 
0x02A0	0xDF7C      	RCALL       _lcdr
0x02A2	0xD007      	BRA         L_main8
L_main7:
;unit02_07_keypad.c,131 :: 		else if (line.RD3 == 0) lcdr("1");
0x02A4	0xB63C      	BTFSC       main_line_L0, 3 
0x02A6	0xD005      	BRA         L_main9
0x02A8	0x0E17      	MOVLW       ?lstr5_unit02_07_keypad
0x02AA	0x6E3D      	MOVWF       FARG_lcdr_a 
0x02AC	0x0E00      	MOVLW       hi_addr(?lstr5_unit02_07_keypad)
0x02AE	0x6E3E      	MOVWF       FARG_lcdr_a+1 
0x02B0	0xDF74      	RCALL       _lcdr
L_main9:
L_main8:
L_main6:
L_main4:
;unit02_07_keypad.c,132 :: 		PORTB.RB0 = 1;                    // Disable keypad's first column
0x02B2	0x8081      	BSF         PORTB, 0 
;unit02_07_keypad.c,135 :: 		PORTB.RB1 = 0;
0x02B4	0x9281      	BCF         PORTB, 1 
;unit02_07_keypad.c,136 :: 		line = PORTD;
0x02B6	0xF03CCF83  	MOVFF       PORTD, main_line_L0
;unit02_07_keypad.c,137 :: 		if (line.RD0 == 0) lcdr("0");
0x02BA	0xB03C      	BTFSC       main_line_L0, 0 
0x02BC	0xD006      	BRA         L_main10
0x02BE	0x0E19      	MOVLW       ?lstr6_unit02_07_keypad
0x02C0	0x6E3D      	MOVWF       FARG_lcdr_a 
0x02C2	0x0E00      	MOVLW       hi_addr(?lstr6_unit02_07_keypad)
0x02C4	0x6E3E      	MOVWF       FARG_lcdr_a+1 
0x02C6	0xDF69      	RCALL       _lcdr
0x02C8	0xD017      	BRA         L_main11
L_main10:
;unit02_07_keypad.c,138 :: 		else if (line.RD1 == 0) lcdr("8");
0x02CA	0xB23C      	BTFSC       main_line_L0, 1 
0x02CC	0xD006      	BRA         L_main12
0x02CE	0x0E35      	MOVLW       ?lstr7_unit02_07_keypad
0x02D0	0x6E3D      	MOVWF       FARG_lcdr_a 
0x02D2	0x0E00      	MOVLW       hi_addr(?lstr7_unit02_07_keypad)
0x02D4	0x6E3E      	MOVWF       FARG_lcdr_a+1 
0x02D6	0xDF61      	RCALL       _lcdr
0x02D8	0xD00F      	BRA         L_main13
L_main12:
;unit02_07_keypad.c,139 :: 		else if (line.RD2 == 0) lcdr("5");
0x02DA	0xB43C      	BTFSC       main_line_L0, 2 
0x02DC	0xD006      	BRA         L_main14
0x02DE	0x0E37      	MOVLW       ?lstr8_unit02_07_keypad
0x02E0	0x6E3D      	MOVWF       FARG_lcdr_a 
0x02E2	0x0E00      	MOVLW       hi_addr(?lstr8_unit02_07_keypad)
0x02E4	0x6E3E      	MOVWF       FARG_lcdr_a+1 
0x02E6	0xDF59      	RCALL       _lcdr
0x02E8	0xD007      	BRA         L_main15
L_main14:
;unit02_07_keypad.c,140 :: 		else if (line.RD3 == 0) lcdr("2");
0x02EA	0xB63C      	BTFSC       main_line_L0, 3 
0x02EC	0xD005      	BRA         L_main16
0x02EE	0x0E39      	MOVLW       ?lstr9_unit02_07_keypad
0x02F0	0x6E3D      	MOVWF       FARG_lcdr_a 
0x02F2	0x0E00      	MOVLW       hi_addr(?lstr9_unit02_07_keypad)
0x02F4	0x6E3E      	MOVWF       FARG_lcdr_a+1 
0x02F6	0xDF51      	RCALL       _lcdr
L_main16:
L_main15:
L_main13:
L_main11:
;unit02_07_keypad.c,141 :: 		PORTB.RB1 = 1;                    // Disable keypad's second column
0x02F8	0x8281      	BSF         PORTB, 1 
;unit02_07_keypad.c,144 :: 		PORTB.RB2 = 0;
0x02FA	0x9481      	BCF         PORTB, 2 
;unit02_07_keypad.c,145 :: 		line = PORTD;
0x02FC	0xF03CCF83  	MOVFF       PORTD, main_line_L0
;unit02_07_keypad.c,146 :: 		if (line.RD0 == 0) lcdr("-->");
0x0300	0xB03C      	BTFSC       main_line_L0, 0 
0x0302	0xD006      	BRA         L_main17
0x0304	0x0E31      	MOVLW       ?lstr10_unit02_07_keypad
0x0306	0x6E3D      	MOVWF       FARG_lcdr_a 
0x0308	0x0E00      	MOVLW       hi_addr(?lstr10_unit02_07_keypad)
0x030A	0x6E3E      	MOVWF       FARG_lcdr_a+1 
0x030C	0xDF46      	RCALL       _lcdr
0x030E	0xD017      	BRA         L_main18
L_main17:
;unit02_07_keypad.c,147 :: 		else if (line.RD1 == 0) lcdr("9");
0x0310	0xB23C      	BTFSC       main_line_L0, 1 
0x0312	0xD006      	BRA         L_main19
0x0314	0x0E2B      	MOVLW       ?lstr11_unit02_07_keypad
0x0316	0x6E3D      	MOVWF       FARG_lcdr_a 
0x0318	0x0E00      	MOVLW       hi_addr(?lstr11_unit02_07_keypad)
0x031A	0x6E3E      	MOVWF       FARG_lcdr_a+1 
0x031C	0xDF3E      	RCALL       _lcdr
0x031E	0xD00F      	BRA         L_main20
L_main19:
;unit02_07_keypad.c,148 :: 		else if (line.RD2 == 0) lcdr("6");
0x0320	0xB43C      	BTFSC       main_line_L0, 2 
0x0322	0xD006      	BRA         L_main21
0x0324	0x0E2D      	MOVLW       ?lstr12_unit02_07_keypad
0x0326	0x6E3D      	MOVWF       FARG_lcdr_a 
0x0328	0x0E00      	MOVLW       hi_addr(?lstr12_unit02_07_keypad)
0x032A	0x6E3E      	MOVWF       FARG_lcdr_a+1 
0x032C	0xDF36      	RCALL       _lcdr
0x032E	0xD007      	BRA         L_main22
L_main21:
;unit02_07_keypad.c,149 :: 		else if (line.RD3 == 0) lcdr("3");
0x0330	0xB63C      	BTFSC       main_line_L0, 3 
0x0332	0xD005      	BRA         L_main23
0x0334	0x0E2F      	MOVLW       ?lstr13_unit02_07_keypad
0x0336	0x6E3D      	MOVWF       FARG_lcdr_a 
0x0338	0x0E00      	MOVLW       hi_addr(?lstr13_unit02_07_keypad)
0x033A	0x6E3E      	MOVWF       FARG_lcdr_a+1 
0x033C	0xDF2E      	RCALL       _lcdr
L_main23:
L_main22:
L_main20:
L_main18:
;unit02_07_keypad.c,150 :: 		PORTB.RB2 = 1;                    // Disable keypad's third column
0x033E	0x8481      	BSF         PORTB, 2 
;unit02_07_keypad.c,152 :: 		delay_ms(100);
0x0340	0x0E02      	MOVLW       2
0x0342	0x6E0B      	MOVWF       R11, 0
0x0344	0x0E04      	MOVLW       4
0x0346	0x6E0C      	MOVWF       R12, 0
0x0348	0x0EBA      	MOVLW       186
0x034A	0x6E0D      	MOVWF       R13, 0
L_main24:
0x034C	0x2E0D      	DECFSZ      R13, 1, 0
0x034E	0xD7FE      	BRA         L_main24
0x0350	0x2E0C      	DECFSZ      R12, 1, 0
0x0352	0xD7FC      	BRA         L_main24
0x0354	0x2E0B      	DECFSZ      R11, 1, 0
0x0356	0xD7FA      	BRA         L_main24
0x0358	0x0000      	NOP
;unit02_07_keypad.c,155 :: 		while(1);
0x035A	0xD789      	BRA         L_main0
;unit02_07_keypad.c,157 :: 		}
L_end_main:
0x035C	0xD7FF      	BRA         $+0
; end of _main
0x0384	0xF015EE10  	LFSR        1, 21
0x0388	0x0E26      	MOVLW       38
0x038A	0x6E00      	MOVWF       R0 
0x038C	0x0E01      	MOVLW       1
0x038E	0x6E01      	MOVWF       R1 
0x0390	0x0E5E      	MOVLW       94
0x0392	0x6EF6      	MOVWF       4086 
0x0394	0x0E03      	MOVLW       3
0x0396	0x6EF7      	MOVWF       TBLPTRH 
0x0398	0x0E00      	MOVLW       0
0x039A	0x6EF8      	MOVWF       TBLPTRU 
0x039C	0xF000ECC5  	CALL        394, 0
0x03A0	0x0012      	RETURN      0
;unit02_07_keypad.c,0 :: ?ICS?lstr4_unit02_07_keypad
0x035E	0x0034 ;?ICS?lstr4_unit02_07_keypad+0
; end of ?ICS?lstr4_unit02_07_keypad
;unit02_07_keypad.c,0 :: ?ICS?lstr5_unit02_07_keypad
0x0360	0x0031 ;?ICS?lstr5_unit02_07_keypad+0
; end of ?ICS?lstr5_unit02_07_keypad
;unit02_07_keypad.c,0 :: ?ICS?lstr6_unit02_07_keypad
0x0362	0x0030 ;?ICS?lstr6_unit02_07_keypad+0
; end of ?ICS?lstr6_unit02_07_keypad
;unit02_07_keypad.c,0 :: ?ICS?lstr3_unit02_07_keypad
0x0364	0x0037 ;?ICS?lstr3_unit02_07_keypad+0
; end of ?ICS?lstr3_unit02_07_keypad
;unit02_07_keypad.c,0 :: ?ICS?lstr1_unit02_07_keypad
0x0366	0x654B ;?ICS?lstr1_unit02_07_keypad+0
0x0368	0x7079 ;?ICS?lstr1_unit02_07_keypad+2
0x036A	0x6461 ;?ICS?lstr1_unit02_07_keypad+4
0x036C	0x5620 ;?ICS?lstr1_unit02_07_keypad+6
0x036E	0x0031 ;?ICS?lstr1_unit02_07_keypad+8
; end of ?ICS?lstr1_unit02_07_keypad
;unit02_07_keypad.c,0 :: ?ICS?lstr2_unit02_07_keypad
0x0370	0x2D3C ;?ICS?lstr2_unit02_07_keypad+0
0x0372	0x002D ;?ICS?lstr2_unit02_07_keypad+2
; end of ?ICS?lstr2_unit02_07_keypad
;unit02_07_keypad.c,0 :: ?ICS?lstr11_unit02_07_keypad
0x0374	0x0039 ;?ICS?lstr11_unit02_07_keypad+0
; end of ?ICS?lstr11_unit02_07_keypad
;unit02_07_keypad.c,0 :: ?ICS?lstr12_unit02_07_keypad
0x0376	0x0036 ;?ICS?lstr12_unit02_07_keypad+0
; end of ?ICS?lstr12_unit02_07_keypad
;unit02_07_keypad.c,0 :: ?ICS?lstr13_unit02_07_keypad
0x0378	0x0033 ;?ICS?lstr13_unit02_07_keypad+0
; end of ?ICS?lstr13_unit02_07_keypad
;unit02_07_keypad.c,0 :: ?ICS?lstr10_unit02_07_keypad
0x037A	0x2D2D ;?ICS?lstr10_unit02_07_keypad+0
0x037C	0x003E ;?ICS?lstr10_unit02_07_keypad+2
; end of ?ICS?lstr10_unit02_07_keypad
;unit02_07_keypad.c,0 :: ?ICS?lstr7_unit02_07_keypad
0x037E	0x0038 ;?ICS?lstr7_unit02_07_keypad+0
; end of ?ICS?lstr7_unit02_07_keypad
;unit02_07_keypad.c,0 :: ?ICS?lstr8_unit02_07_keypad
0x0380	0x0035 ;?ICS?lstr8_unit02_07_keypad+0
; end of ?ICS?lstr8_unit02_07_keypad
;unit02_07_keypad.c,0 :: ?ICS?lstr9_unit02_07_keypad
0x0382	0x0032 ;?ICS?lstr9_unit02_07_keypad+0
; end of ?ICS?lstr9_unit02_07_keypad
Symbol List:
//** Routines locations **
//ADDRESS    SIZE    PROCEDURE
//----------------------------------------------
0x001C       [6]    _Delay_1us
0x0022      [22]    _Delay_5500us
0x0038      [10]    _Delay_50us
0x0042     [124]    _Lcd_Cmd
0x00BE      [12]    _Lcd_Chr_CP
0x00CA      [42]    _Lcd_Out_CP
0x00F4     [150]    _Lcd_Init
0x018A      [16]    ___CC2DW
0x019A      [24]    _lcdr
0x01B2     [122]    _Lcd_Out
0x022C     [306]    _main
//** Variables locations ** 
//ADDRESS    SIZE    VARIABLE
//----------------------------------------------
0x0000       [1]    R0
0x0001       [1]    R1
0x0002       [1]    R2
0x0003       [1]    R3
0x0004       [1]    R4
0x0005       [1]    R5
0x0006       [1]    R6
0x0007       [1]    R7
0x0008       [1]    R8
0x0009       [1]    R9
0x000A       [1]    R10
0x000B       [1]    R11
0x000C       [1]    R12
0x000D       [1]    R13
0x000E       [1]    R14
0x000F       [1]    R15
0x0010       [1]    R16
0x0011       [1]    R17
0x0012       [1]    R18
0x0013       [1]    R19
0x0014       [1]    R20
0x0015       [2]    ?lstr4_unit02_07_keypad
0x0017       [2]    ?lstr5_unit02_07_keypad
0x0019       [2]    ?lstr6_unit02_07_keypad
0x001B       [2]    ?lstr3_unit02_07_keypad
0x001D      [10]    ?lstr1_unit02_07_keypad
0x0027       [4]    ?lstr2_unit02_07_keypad
0x002B       [2]    ?lstr11_unit02_07_keypad
0x002D       [2]    ?lstr12_unit02_07_keypad
0x002F       [2]    ?lstr13_unit02_07_keypad
0x0031       [4]    ?lstr10_unit02_07_keypad
0x0035       [2]    ?lstr7_unit02_07_keypad
0x0037       [2]    ?lstr8_unit02_07_keypad
0x0039       [2]    ?lstr9_unit02_07_keypad
0x003B       [0]    __Lib_Lcd_cmd_status
0x003C       [1]    main_line_L0
0x003D       [1]    FARG_Lcd_Out_row
0x003D       [2]    FARG_lcdr_a
0x003E       [1]    FARG_Lcd_Out_column
0x003F       [2]    FARG_Lcd_Out_text
0x0041       [1]    Lcd_Out_i_L0
0x0042       [2]    FARG_Lcd_Out_CP_text
0x0044       [1]    Lcd_Out_CP_i_L0
0x0045       [1]    FARG_Lcd_Chr_CP_out_char
0x0046       [1]    FARG_Lcd_Cmd_out_char
0x0F81       [1]    PORTB
0x0F83       [1]    PORTD
0x0F8C       [0]    LATD6_bit
0x0F8C       [0]    LATD5_bit
0x0F8C       [0]    LATD7_bit
0x0F8C       [0]    LCD_D5
0x0F8C       [0]    LCD_D7
0x0F8C       [0]    LATD4_bit
0x0F8C       [0]    LCD_D6
0x0F8C       [0]    LCD_D4
0x0F8D       [0]    LCD_RS
0x0F8D       [0]    LATE2_bit
0x0F8D       [0]    LATE1_bit
0x0F8D       [0]    LCD_EN
0x0F93       [1]    TRISB
0x0F95       [0]    LCD_D6_Direction
0x0F95       [0]    TRISD4_bit
0x0F95       [0]    LCD_D7_Direction
0x0F95       [0]    TRISD7_bit
0x0F95       [0]    TRISD6_bit
0x0F95       [0]    TRISD5_bit
0x0F95       [1]    TRISD
0x0F95       [0]    LCD_D4_Direction
0x0F95       [0]    LCD_D5_Direction
0x0F96       [0]    TRISE2_bit
0x0F96       [0]    LCD_RS_Direction
0x0F96       [1]    TRISE
0x0F96       [0]    TRISE1_bit
0x0F96       [0]    LCD_EN_Direction
0x0FC1       [1]    ADCON1
0x0FD8       [1]    STATUS
0x0FD9       [1]    FSR2L
0x0FDA       [1]    FSR2H
0x0FDE       [1]    POSTINC2
0x0FE0       [1]    BSR
0x0FE1       [1]    FSR1L
0x0FE2       [1]    FSR1H
0x0FE4       [1]    PREINC1
0x0FE6       [1]    POSTINC1
0x0FE7       [1]    INDF1
0x0FE8       [1]    WREG
0x0FE9       [1]    FSR0L
0x0FEA       [1]    FSR0H
0x0FEE       [1]    POSTINC0
0x0FF3       [1]    PRODL
0x0FF4       [1]    PRODH
0x0FF5       [1]    TABLAT
0x0FF6       [1]    TBLPTRL
0x0FF7       [1]    TBLPTRH
0x0FF8       [1]    TBLPTRU
//** Constants locations ** 
//ADDRESS    SIZE    CONSTANT
//----------------------------------------------
0x035E       [2]    ?ICS?lstr4_unit02_07_keypad
0x0360       [2]    ?ICS?lstr5_unit02_07_keypad
0x0362       [2]    ?ICS?lstr6_unit02_07_keypad
0x0364       [2]    ?ICS?lstr3_unit02_07_keypad
0x0366      [10]    ?ICS?lstr1_unit02_07_keypad
0x0370       [4]    ?ICS?lstr2_unit02_07_keypad
0x0374       [2]    ?ICS?lstr11_unit02_07_keypad
0x0376       [2]    ?ICS?lstr12_unit02_07_keypad
0x0378       [2]    ?ICS?lstr13_unit02_07_keypad
0x037A       [4]    ?ICS?lstr10_unit02_07_keypad
0x037E       [2]    ?ICS?lstr7_unit02_07_keypad
0x0380       [2]    ?ICS?lstr8_unit02_07_keypad
0x0382       [2]    ?ICS?lstr9_unit02_07_keypad
