;  LST file generated by mikroListExporter - v.2.0 
; Date/Time: 30/10/2019 12:13:44 PM
;----------------------------------------------

;Address Opcode 	ASM
0x0000	0xF003EFF6  	GOTO        2028
0x0004	0x0000      	NOP
0x0006	0x0000      	NOP
0x0008	0xF000EF00  	GOTO        0
0x000C	0x0000      	NOP
0x000E	0x0000      	NOP
0x0010	0x0000      	NOP
0x0012	0x0000      	NOP
0x0014	0x0000      	NOP
0x0016	0x0000      	NOP
0x0018	0xD7F3      	BRA         0
_Delay_50us:
;__Lib_Delays.c,19 :: 		void Delay_50us() {
;__Lib_Delays.c,20 :: 		Delay_us(50);
0x001C	0x0E21      	MOVLW       33
0x001E	0x6E0D      	MOVWF       R13, 0
L_Delay_50us2:
0x0020	0x2E0D      	DECFSZ      R13, 1, 0
0x0022	0xD7FE      	BRA         L_Delay_50us2
;__Lib_Delays.c,21 :: 		}
L_end_Delay_50us:
0x0024	0x0012      	RETURN      0
; end of _Delay_50us
_Delay_5500us:
;__Lib_Delays.c,31 :: 		void Delay_5500us() {
;__Lib_Delays.c,32 :: 		Delay_us(5500);
0x0026	0x0E0F      	MOVLW       15
0x0028	0x6E0C      	MOVWF       R12, 0
0x002A	0x0E47      	MOVLW       71
0x002C	0x6E0D      	MOVWF       R13, 0
L_Delay_5500us5:
0x002E	0x2E0D      	DECFSZ      R13, 1, 0
0x0030	0xD7FE      	BRA         L_Delay_5500us5
0x0032	0x2E0C      	DECFSZ      R12, 1, 0
0x0034	0xD7FC      	BRA         L_Delay_5500us5
0x0036	0x0000      	NOP
0x0038	0x0000      	NOP
;__Lib_Delays.c,33 :: 		}
L_end_Delay_5500us:
0x003A	0x0012      	RETURN      0
; end of _Delay_5500us
_Delay_1us:
;__Lib_Delays.c,7 :: 		void Delay_1us() {
;__Lib_Delays.c,8 :: 		Delay_us(1);
0x003C	0x0000      	NOP
0x003E	0x0000      	NOP
;__Lib_Delays.c,9 :: 		}
L_end_Delay_1us:
0x0040	0x0012      	RETURN      0
; end of _Delay_1us
_Div_32x32_U:
;__Lib_Math.c,1162 :: 		
;__Lib_Math.c,1173 :: 		
0x0042	0x6A0B      	CLRF        R11, 0
;__Lib_Math.c,1174 :: 		
0x0044	0x6A0A      	CLRF        R10, 0
;__Lib_Math.c,1175 :: 		
0x0046	0x6A09      	CLRF        R9, 0
;__Lib_Math.c,1176 :: 		
0x0048	0x6A08      	CLRF        R8, 0
;__Lib_Math.c,1178 :: 		
0x004A	0x6A0E      	CLRF        R14, 0
;__Lib_Math.c,1180 :: 		
0x004C	0x3403      	RLCF        R3, 0, 0
;__Lib_Math.c,1181 :: 		
0x004E	0x3608      	RLCF        R8, 1, 0
;__Lib_Math.c,1182 :: 		
0x0050	0x5004      	MOVF        R4, 0, 0
;__Lib_Math.c,1183 :: 		
0x0052	0x5E08      	SUBWF       R8, 1, 0
;__Lib_Math.c,1184 :: 		
0x0054	0x5005      	MOVF        R5, 0, 0
;__Lib_Math.c,1185 :: 		
0x0056	0xA0D8      	BTFSS       STATUS, 0, 0
;__Lib_Math.c,1186 :: 		
0x0058	0x3C05      	INCFSZ      R5, 0, 0
;__Lib_Math.c,1187 :: 		
0x005A	0x5E09      	SUBWF       R9, 1, 0
;__Lib_Math.c,1188 :: 		
0x005C	0x5006      	MOVF        R6, 0, 0
;__Lib_Math.c,1189 :: 		
0x005E	0xA0D8      	BTFSS       STATUS, 0, 0
;__Lib_Math.c,1190 :: 		
0x0060	0x3C06      	INCFSZ      R6, 0, 0
;__Lib_Math.c,1191 :: 		
0x0062	0x5E0A      	SUBWF       R10, 1, 0
;__Lib_Math.c,1192 :: 		
0x0064	0x5007      	MOVF        R7, 0, 0
;__Lib_Math.c,1193 :: 		
0x0066	0xA0D8      	BTFSS       STATUS, 0, 0
;__Lib_Math.c,1194 :: 		
0x0068	0x3C07      	INCFSZ      R7, 0, 0
;__Lib_Math.c,1195 :: 		
0x006A	0x5E0B      	SUBWF       R11, 1, 0
;__Lib_Math.c,1197 :: 		
0x006C	0x6AE8      	CLRF        WREG, 0
;__Lib_Math.c,1198 :: 		
0x006E	0xA0D8      	BTFSS       STATUS, 0, 0
;__Lib_Math.c,1199 :: 		
0x0070	0x0E01      	MOVLW       1
;__Lib_Math.c,1200 :: 		
0x0072	0x5E0E      	SUBWF       R14, 1, 0
;__Lib_Math.c,1201 :: 		
0x0074	0x3603      	RLCF        R3, 1, 0
;__Lib_Math.c,1203 :: 		
0x0076	0x0E07      	MOVLW       7
;__Lib_Math.c,1204 :: 		
0x0078	0x6E0C      	MOVWF       R12, 0
;__Lib_Math.c,1206 :: 		
LOOPU3232A:
;__Lib_Math.c,1207 :: 		
0x007A	0x3403      	RLCF        R3, 0, 0
;__Lib_Math.c,1208 :: 		
0x007C	0x3608      	RLCF        R8, 1, 0
;__Lib_Math.c,1209 :: 		
0x007E	0x3609      	RLCF        R9, 1, 0
;__Lib_Math.c,1210 :: 		
0x0080	0x360A      	RLCF        R10, 1, 0
;__Lib_Math.c,1211 :: 		
0x0082	0x360B      	RLCF        R11, 1, 0
;__Lib_Math.c,1212 :: 		
0x0084	0x360E      	RLCF        R14, 1, 0
;__Lib_Math.c,1213 :: 		
0x0086	0x5004      	MOVF        R4, 0, 0
;__Lib_Math.c,1214 :: 		
0x0088	0xA003      	BTFSS       R3, 0, 0
;__Lib_Math.c,1215 :: 		
0x008A	0xD012      	BRA         UADD22LA
;__Lib_Math.c,1217 :: 		
0x008C	0x5E08      	SUBWF       R8, 1, 0
;__Lib_Math.c,1218 :: 		
0x008E	0x5005      	MOVF        R5, 0, 0
;__Lib_Math.c,1219 :: 		
0x0090	0xA0D8      	BTFSS       STATUS, 0, 0
;__Lib_Math.c,1220 :: 		
0x0092	0x3C05      	INCFSZ      R5, 0, 0
;__Lib_Math.c,1221 :: 		
0x0094	0x5E09      	SUBWF       R9, 1, 0
;__Lib_Math.c,1222 :: 		
0x0096	0x5006      	MOVF        R6, 0, 0
;__Lib_Math.c,1223 :: 		
0x0098	0xA0D8      	BTFSS       STATUS, 0, 0
;__Lib_Math.c,1224 :: 		
0x009A	0x3C06      	INCFSZ      R6, 0, 0
;__Lib_Math.c,1225 :: 		
0x009C	0x5E0A      	SUBWF       R10, 1, 0
;__Lib_Math.c,1226 :: 		
0x009E	0x5007      	MOVF        R7, 0, 0
;__Lib_Math.c,1227 :: 		
0x00A0	0xA0D8      	BTFSS       STATUS, 0, 0
;__Lib_Math.c,1228 :: 		
0x00A2	0x3C07      	INCFSZ      R7, 0, 0
;__Lib_Math.c,1229 :: 		
0x00A4	0x5E0B      	SUBWF       R11, 1, 0
;__Lib_Math.c,1230 :: 		
0x00A6	0x6AE8      	CLRF        WREG, 0
;__Lib_Math.c,1231 :: 		
0x00A8	0xA0D8      	BTFSS       STATUS, 0, 0
;__Lib_Math.c,1232 :: 		
0x00AA	0x0E01      	MOVLW       1
;__Lib_Math.c,1233 :: 		
0x00AC	0x5E0E      	SUBWF       R14, 1, 0
;__Lib_Math.c,1234 :: 		
0x00AE	0xD011      	BRA         UOK22LA
;__Lib_Math.c,1236 :: 		
UADD22LA:
;__Lib_Math.c,1237 :: 		
0x00B0	0x2608      	ADDWF       R8, 1, 0
;__Lib_Math.c,1238 :: 		
0x00B2	0x5005      	MOVF        R5, 0, 0
;__Lib_Math.c,1239 :: 		
0x00B4	0xB0D8      	BTFSC       STATUS, 0, 0
;__Lib_Math.c,1240 :: 		
0x00B6	0x3C05      	INCFSZ      R5, 0, 0
;__Lib_Math.c,1241 :: 		
0x00B8	0x2609      	ADDWF       R9, 1, 0
;__Lib_Math.c,1242 :: 		
0x00BA	0x5006      	MOVF        R6, 0, 0
;__Lib_Math.c,1243 :: 		
0x00BC	0xB0D8      	BTFSC       STATUS, 0, 0
;__Lib_Math.c,1244 :: 		
0x00BE	0x3C06      	INCFSZ      R6, 0, 0
;__Lib_Math.c,1245 :: 		
0x00C0	0x260A      	ADDWF       R10, 1, 0
;__Lib_Math.c,1246 :: 		
0x00C2	0x5007      	MOVF        R7, 0, 0
;__Lib_Math.c,1247 :: 		
0x00C4	0xB0D8      	BTFSC       STATUS, 0, 0
;__Lib_Math.c,1248 :: 		
0x00C6	0x3C07      	INCFSZ      R7, 0, 0
;__Lib_Math.c,1249 :: 		
0x00C8	0x260B      	ADDWF       R11, 1, 0
;__Lib_Math.c,1250 :: 		
0x00CA	0x6AE8      	CLRF        WREG, 0
;__Lib_Math.c,1251 :: 		
0x00CC	0xB0D8      	BTFSC       STATUS, 0, 0
;__Lib_Math.c,1252 :: 		
0x00CE	0x0E01      	MOVLW       1
;__Lib_Math.c,1253 :: 		
0x00D0	0x260E      	ADDWF       R14, 1, 0
;__Lib_Math.c,1255 :: 		
UOK22LA:
;__Lib_Math.c,1256 :: 		
0x00D2	0x3603      	RLCF        R3, 1, 0
;__Lib_Math.c,1258 :: 		
0x00D4	0x2E0C      	DECFSZ      R12, 1, 0
;__Lib_Math.c,1259 :: 		
0x00D6	0xD7D1      	BRA         LOOPU3232A
;__Lib_Math.c,1261 :: 		
0x00D8	0x3402      	RLCF        R2, 0, 0
;__Lib_Math.c,1262 :: 		
0x00DA	0x3608      	RLCF        R8, 1, 0
;__Lib_Math.c,1263 :: 		
0x00DC	0x3609      	RLCF        R9, 1, 0
;__Lib_Math.c,1264 :: 		
0x00DE	0x360A      	RLCF        R10, 1, 0
;__Lib_Math.c,1265 :: 		
0x00E0	0x360B      	RLCF        R11, 1, 0
;__Lib_Math.c,1266 :: 		
0x00E2	0x360E      	RLCF        R14, 1, 0
;__Lib_Math.c,1267 :: 		
0x00E4	0x5004      	MOVF        R4, 0, 0
;__Lib_Math.c,1268 :: 		
0x00E6	0xA003      	BTFSS       R3, 0, 0
;__Lib_Math.c,1269 :: 		
0x00E8	0xD012      	BRA         UADD22L8
;__Lib_Math.c,1271 :: 		
0x00EA	0x5E08      	SUBWF       R8, 1, 0
;__Lib_Math.c,1272 :: 		
0x00EC	0x5005      	MOVF        R5, 0, 0
;__Lib_Math.c,1273 :: 		
0x00EE	0xA0D8      	BTFSS       STATUS, 0, 0
;__Lib_Math.c,1274 :: 		
0x00F0	0x3C05      	INCFSZ      R5, 0, 0
;__Lib_Math.c,1275 :: 		
0x00F2	0x5E09      	SUBWF       R9, 1, 0
;__Lib_Math.c,1276 :: 		
0x00F4	0x5006      	MOVF        R6, 0, 0
;__Lib_Math.c,1277 :: 		
0x00F6	0xA0D8      	BTFSS       STATUS, 0, 0
;__Lib_Math.c,1278 :: 		
0x00F8	0x3C06      	INCFSZ      R6, 0, 0
;__Lib_Math.c,1279 :: 		
0x00FA	0x5E0A      	SUBWF       R10, 1, 0
;__Lib_Math.c,1280 :: 		
0x00FC	0x5007      	MOVF        R7, 0, 0
;__Lib_Math.c,1281 :: 		
0x00FE	0xA0D8      	BTFSS       STATUS, 0, 0
;__Lib_Math.c,1282 :: 		
0x0100	0x3C07      	INCFSZ      R7, 0, 0
;__Lib_Math.c,1283 :: 		
0x0102	0x5E0B      	SUBWF       R11, 1, 0
;__Lib_Math.c,1284 :: 		
0x0104	0x6AE8      	CLRF        WREG, 0
;__Lib_Math.c,1285 :: 		
0x0106	0xA0D8      	BTFSS       STATUS, 0, 0
;__Lib_Math.c,1286 :: 		
0x0108	0x0E01      	MOVLW       1
;__Lib_Math.c,1287 :: 		
0x010A	0x5E0E      	SUBWF       R14, 1, 0
;__Lib_Math.c,1288 :: 		
0x010C	0xD011      	BRA         UOK22L8
;__Lib_Math.c,1290 :: 		
UADD22L8:
;__Lib_Math.c,1291 :: 		
0x010E	0x2608      	ADDWF       R8, 1, 0
;__Lib_Math.c,1292 :: 		
0x0110	0x5005      	MOVF        R5, 0, 0
;__Lib_Math.c,1293 :: 		
0x0112	0xB0D8      	BTFSC       STATUS, 0, 0
;__Lib_Math.c,1294 :: 		
0x0114	0x3C05      	INCFSZ      R5, 0, 0
;__Lib_Math.c,1295 :: 		
0x0116	0x2609      	ADDWF       R9, 1, 0
;__Lib_Math.c,1296 :: 		
0x0118	0x5006      	MOVF        R6, 0, 0
;__Lib_Math.c,1297 :: 		
0x011A	0xB0D8      	BTFSC       STATUS, 0, 0
;__Lib_Math.c,1298 :: 		
0x011C	0x3C06      	INCFSZ      R6, 0, 0
;__Lib_Math.c,1299 :: 		
0x011E	0x260A      	ADDWF       R10, 1, 0
;__Lib_Math.c,1300 :: 		
0x0120	0x5007      	MOVF        R7, 0, 0
;__Lib_Math.c,1301 :: 		
0x0122	0xB0D8      	BTFSC       STATUS, 0, 0
;__Lib_Math.c,1302 :: 		
0x0124	0x3C07      	INCFSZ      R7, 0, 0
;__Lib_Math.c,1303 :: 		
0x0126	0x260B      	ADDWF       R11, 1, 0
;__Lib_Math.c,1304 :: 		
0x0128	0x6AE8      	CLRF        WREG, 0
;__Lib_Math.c,1305 :: 		
0x012A	0xB0D8      	BTFSC       STATUS, 0, 0
;__Lib_Math.c,1306 :: 		
0x012C	0x0E01      	MOVLW       1
;__Lib_Math.c,1307 :: 		
0x012E	0x260E      	ADDWF       R14, 1, 0
;__Lib_Math.c,1309 :: 		
UOK22L8:
;__Lib_Math.c,1310 :: 		
0x0130	0x3602      	RLCF        R2, 1, 0
;__Lib_Math.c,1312 :: 		
0x0132	0x0E07      	MOVLW       7
;__Lib_Math.c,1313 :: 		
0x0134	0x6E0C      	MOVWF       R12, 0
;__Lib_Math.c,1315 :: 		
LOOPU3232B:
;__Lib_Math.c,1316 :: 		
0x0136	0x3402      	RLCF        R2, 0, 0
;__Lib_Math.c,1317 :: 		
0x0138	0x3608      	RLCF        R8, 1, 0
;__Lib_Math.c,1318 :: 		
0x013A	0x3609      	RLCF        R9, 1, 0
;__Lib_Math.c,1319 :: 		
0x013C	0x360A      	RLCF        R10, 1, 0
;__Lib_Math.c,1320 :: 		
0x013E	0x360B      	RLCF        R11, 1, 0
;__Lib_Math.c,1321 :: 		
0x0140	0x360E      	RLCF        R14, 1, 0
;__Lib_Math.c,1322 :: 		
0x0142	0x5004      	MOVF        R4, 0, 0
;__Lib_Math.c,1323 :: 		
0x0144	0xA002      	BTFSS       R2, 0, 0
;__Lib_Math.c,1324 :: 		
0x0146	0xD012      	BRA         UADD22LB
;__Lib_Math.c,1326 :: 		
0x0148	0x5E08      	SUBWF       R8, 1, 0
;__Lib_Math.c,1327 :: 		
0x014A	0x5005      	MOVF        R5, 0, 0
;__Lib_Math.c,1328 :: 		
0x014C	0xA0D8      	BTFSS       STATUS, 0, 0
;__Lib_Math.c,1329 :: 		
0x014E	0x3C05      	INCFSZ      R5, 0, 0
;__Lib_Math.c,1330 :: 		
0x0150	0x5E09      	SUBWF       R9, 1, 0
;__Lib_Math.c,1331 :: 		
0x0152	0x5006      	MOVF        R6, 0, 0
;__Lib_Math.c,1332 :: 		
0x0154	0xA0D8      	BTFSS       STATUS, 0, 0
;__Lib_Math.c,1333 :: 		
0x0156	0x3C06      	INCFSZ      R6, 0, 0
;__Lib_Math.c,1334 :: 		
0x0158	0x5E0A      	SUBWF       R10, 1, 0
;__Lib_Math.c,1335 :: 		
0x015A	0x5007      	MOVF        R7, 0, 0
;__Lib_Math.c,1336 :: 		
0x015C	0xA0D8      	BTFSS       STATUS, 0, 0
;__Lib_Math.c,1337 :: 		
0x015E	0x3C07      	INCFSZ      R7, 0, 0
;__Lib_Math.c,1338 :: 		
0x0160	0x5E0B      	SUBWF       R11, 1, 0
;__Lib_Math.c,1339 :: 		
0x0162	0x6AE8      	CLRF        WREG, 0
;__Lib_Math.c,1340 :: 		
0x0164	0xA0D8      	BTFSS       STATUS, 0, 0
;__Lib_Math.c,1341 :: 		
0x0166	0x0E01      	MOVLW       1
;__Lib_Math.c,1342 :: 		
0x0168	0x5E0E      	SUBWF       R14, 1, 0
;__Lib_Math.c,1343 :: 		
0x016A	0xD011      	BRA         UOK22LB
;__Lib_Math.c,1345 :: 		
UADD22LB:
;__Lib_Math.c,1346 :: 		
0x016C	0x2608      	ADDWF       R8, 1, 0
;__Lib_Math.c,1347 :: 		
0x016E	0x5005      	MOVF        R5, 0, 0
;__Lib_Math.c,1348 :: 		
0x0170	0xB0D8      	BTFSC       STATUS, 0, 0
;__Lib_Math.c,1349 :: 		
0x0172	0x3C05      	INCFSZ      R5, 0, 0
;__Lib_Math.c,1350 :: 		
0x0174	0x2609      	ADDWF       R9, 1, 0
;__Lib_Math.c,1351 :: 		
0x0176	0x5006      	MOVF        R6, 0, 0
;__Lib_Math.c,1352 :: 		
0x0178	0xB0D8      	BTFSC       STATUS, 0, 0
;__Lib_Math.c,1353 :: 		
0x017A	0x3C06      	INCFSZ      R6, 0, 0
;__Lib_Math.c,1354 :: 		
0x017C	0x260A      	ADDWF       R10, 1, 0
;__Lib_Math.c,1355 :: 		
0x017E	0x5007      	MOVF        R7, 0, 0
;__Lib_Math.c,1356 :: 		
0x0180	0xB0D8      	BTFSC       STATUS, 0, 0
;__Lib_Math.c,1357 :: 		
0x0182	0x3C07      	INCFSZ      R7, 0, 0
;__Lib_Math.c,1358 :: 		
0x0184	0x260B      	ADDWF       R11, 1, 0
;__Lib_Math.c,1359 :: 		
0x0186	0x6AE8      	CLRF        WREG, 0
;__Lib_Math.c,1360 :: 		
0x0188	0xB0D8      	BTFSC       STATUS, 0, 0
;__Lib_Math.c,1361 :: 		
0x018A	0x0E01      	MOVLW       1
;__Lib_Math.c,1362 :: 		
0x018C	0x260E      	ADDWF       R14, 1, 0
;__Lib_Math.c,1364 :: 		
UOK22LB:
;__Lib_Math.c,1365 :: 		
0x018E	0x3602      	RLCF        R2, 1, 0
;__Lib_Math.c,1367 :: 		
0x0190	0x2E0C      	DECFSZ      R12, 1, 0
;__Lib_Math.c,1368 :: 		
0x0192	0xD7D1      	BRA         LOOPU3232B
;__Lib_Math.c,1370 :: 		
0x0194	0x3401      	RLCF        R1, 0, 0
;__Lib_Math.c,1371 :: 		
0x0196	0x3608      	RLCF        R8, 1, 0
;__Lib_Math.c,1372 :: 		
0x0198	0x3609      	RLCF        R9, 1, 0
;__Lib_Math.c,1373 :: 		
0x019A	0x360A      	RLCF        R10, 1, 0
;__Lib_Math.c,1374 :: 		
0x019C	0x360B      	RLCF        R11, 1, 0
;__Lib_Math.c,1375 :: 		
0x019E	0x360E      	RLCF        R14, 1, 0
;__Lib_Math.c,1376 :: 		
0x01A0	0x5004      	MOVF        R4, 0, 0
;__Lib_Math.c,1377 :: 		
0x01A2	0xA002      	BTFSS       R2, 0, 0
;__Lib_Math.c,1378 :: 		
0x01A4	0xD012      	BRA         UADD22L16
;__Lib_Math.c,1380 :: 		
0x01A6	0x5E08      	SUBWF       R8, 1, 0
;__Lib_Math.c,1381 :: 		
0x01A8	0x5005      	MOVF        R5, 0, 0
;__Lib_Math.c,1382 :: 		
0x01AA	0xA0D8      	BTFSS       STATUS, 0, 0
;__Lib_Math.c,1383 :: 		
0x01AC	0x3C05      	INCFSZ      R5, 0, 0
;__Lib_Math.c,1384 :: 		
0x01AE	0x5E09      	SUBWF       R9, 1, 0
;__Lib_Math.c,1385 :: 		
0x01B0	0x5006      	MOVF        R6, 0, 0
;__Lib_Math.c,1386 :: 		
0x01B2	0xA0D8      	BTFSS       STATUS, 0, 0
;__Lib_Math.c,1387 :: 		
0x01B4	0x3C06      	INCFSZ      R6, 0, 0
;__Lib_Math.c,1388 :: 		
0x01B6	0x5E0A      	SUBWF       R10, 1, 0
;__Lib_Math.c,1389 :: 		
0x01B8	0x5007      	MOVF        R7, 0, 0
;__Lib_Math.c,1390 :: 		
0x01BA	0xA0D8      	BTFSS       STATUS, 0, 0
;__Lib_Math.c,1391 :: 		
0x01BC	0x3C07      	INCFSZ      R7, 0, 0
;__Lib_Math.c,1392 :: 		
0x01BE	0x5E0B      	SUBWF       R11, 1, 0
;__Lib_Math.c,1393 :: 		
0x01C0	0x6AE8      	CLRF        WREG, 0
;__Lib_Math.c,1394 :: 		
0x01C2	0xA0D8      	BTFSS       STATUS, 0, 0
;__Lib_Math.c,1395 :: 		
0x01C4	0x0E01      	MOVLW       1
;__Lib_Math.c,1396 :: 		
0x01C6	0x5E0E      	SUBWF       R14, 1, 0
;__Lib_Math.c,1397 :: 		
0x01C8	0xD011      	BRA         UOK22L16
;__Lib_Math.c,1399 :: 		
UADD22L16:
;__Lib_Math.c,1400 :: 		
0x01CA	0x2608      	ADDWF       R8, 1, 0
;__Lib_Math.c,1401 :: 		
0x01CC	0x5005      	MOVF        R5, 0, 0
;__Lib_Math.c,1402 :: 		
0x01CE	0xB0D8      	BTFSC       STATUS, 0, 0
;__Lib_Math.c,1403 :: 		
0x01D0	0x3C05      	INCFSZ      R5, 0, 0
;__Lib_Math.c,1404 :: 		
0x01D2	0x2609      	ADDWF       R9, 1, 0
;__Lib_Math.c,1405 :: 		
0x01D4	0x5006      	MOVF        R6, 0, 0
;__Lib_Math.c,1406 :: 		
0x01D6	0xB0D8      	BTFSC       STATUS, 0, 0
;__Lib_Math.c,1407 :: 		
0x01D8	0x3C06      	INCFSZ      R6, 0, 0
;__Lib_Math.c,1408 :: 		
0x01DA	0x260A      	ADDWF       R10, 1, 0
;__Lib_Math.c,1409 :: 		
0x01DC	0x5007      	MOVF        R7, 0, 0
;__Lib_Math.c,1410 :: 		
0x01DE	0xB0D8      	BTFSC       STATUS, 0, 0
;__Lib_Math.c,1411 :: 		
0x01E0	0x3C07      	INCFSZ      R7, 0, 0
;__Lib_Math.c,1412 :: 		
0x01E2	0x260B      	ADDWF       R11, 1, 0
;__Lib_Math.c,1413 :: 		
0x01E4	0x6AE8      	CLRF        WREG, 0
;__Lib_Math.c,1414 :: 		
0x01E6	0xB0D8      	BTFSC       STATUS, 0, 0
;__Lib_Math.c,1415 :: 		
0x01E8	0x0E01      	MOVLW       1
;__Lib_Math.c,1416 :: 		
0x01EA	0x260E      	ADDWF       R14, 1, 0
;__Lib_Math.c,1418 :: 		
UOK22L16:
;__Lib_Math.c,1419 :: 		
0x01EC	0x3601      	RLCF        R1, 1, 0
;__Lib_Math.c,1421 :: 		
0x01EE	0x0E07      	MOVLW       7
;__Lib_Math.c,1422 :: 		
0x01F0	0x6E0C      	MOVWF       R12, 0
;__Lib_Math.c,1424 :: 		
LOOPU3232C:
;__Lib_Math.c,1425 :: 		
0x01F2	0x3401      	RLCF        R1, 0, 0
;__Lib_Math.c,1426 :: 		
0x01F4	0x3608      	RLCF        R8, 1, 0
;__Lib_Math.c,1427 :: 		
0x01F6	0x3609      	RLCF        R9, 1, 0
;__Lib_Math.c,1428 :: 		
0x01F8	0x360A      	RLCF        R10, 1, 0
;__Lib_Math.c,1429 :: 		
0x01FA	0x360B      	RLCF        R11, 1, 0
;__Lib_Math.c,1430 :: 		
0x01FC	0x360E      	RLCF        R14, 1, 0
;__Lib_Math.c,1431 :: 		
0x01FE	0x5004      	MOVF        R4, 0, 0
;__Lib_Math.c,1432 :: 		
0x0200	0xA001      	BTFSS       R1, 0, 0
;__Lib_Math.c,1433 :: 		
0x0202	0xD012      	BRA         UADD22LC
;__Lib_Math.c,1435 :: 		
0x0204	0x5E08      	SUBWF       R8, 1, 0
;__Lib_Math.c,1436 :: 		
0x0206	0x5005      	MOVF        R5, 0, 0
;__Lib_Math.c,1437 :: 		
0x0208	0xA0D8      	BTFSS       STATUS, 0, 0
;__Lib_Math.c,1438 :: 		
0x020A	0x3C05      	INCFSZ      R5, 0, 0
;__Lib_Math.c,1439 :: 		
0x020C	0x5E09      	SUBWF       R9, 1, 0
;__Lib_Math.c,1440 :: 		
0x020E	0x5006      	MOVF        R6, 0, 0
;__Lib_Math.c,1441 :: 		
0x0210	0xA0D8      	BTFSS       STATUS, 0, 0
;__Lib_Math.c,1442 :: 		
0x0212	0x3C06      	INCFSZ      R6, 0, 0
;__Lib_Math.c,1443 :: 		
0x0214	0x5E0A      	SUBWF       R10, 1, 0
;__Lib_Math.c,1444 :: 		
0x0216	0x5007      	MOVF        R7, 0, 0
;__Lib_Math.c,1445 :: 		
0x0218	0xA0D8      	BTFSS       STATUS, 0, 0
;__Lib_Math.c,1446 :: 		
0x021A	0x3C07      	INCFSZ      R7, 0, 0
;__Lib_Math.c,1447 :: 		
0x021C	0x5E0B      	SUBWF       R11, 1, 0
;__Lib_Math.c,1448 :: 		
0x021E	0x6AE8      	CLRF        WREG, 0
;__Lib_Math.c,1449 :: 		
0x0220	0xA0D8      	BTFSS       STATUS, 0, 0
;__Lib_Math.c,1450 :: 		
0x0222	0x0E01      	MOVLW       1
;__Lib_Math.c,1451 :: 		
0x0224	0x5E0E      	SUBWF       R14, 1, 0
;__Lib_Math.c,1452 :: 		
0x0226	0xD011      	BRA         UOK22LC
;__Lib_Math.c,1454 :: 		
UADD22LC:
;__Lib_Math.c,1455 :: 		
0x0228	0x2608      	ADDWF       R8, 1, 0
;__Lib_Math.c,1456 :: 		
0x022A	0x5005      	MOVF        R5, 0, 0
;__Lib_Math.c,1457 :: 		
0x022C	0xB0D8      	BTFSC       STATUS, 0, 0
;__Lib_Math.c,1458 :: 		
0x022E	0x3C05      	INCFSZ      R5, 0, 0
;__Lib_Math.c,1459 :: 		
0x0230	0x2609      	ADDWF       R9, 1, 0
;__Lib_Math.c,1460 :: 		
0x0232	0x5006      	MOVF        R6, 0, 0
;__Lib_Math.c,1461 :: 		
0x0234	0xB0D8      	BTFSC       STATUS, 0, 0
;__Lib_Math.c,1462 :: 		
0x0236	0x3C06      	INCFSZ      R6, 0, 0
;__Lib_Math.c,1463 :: 		
0x0238	0x260A      	ADDWF       R10, 1, 0
;__Lib_Math.c,1464 :: 		
0x023A	0x5007      	MOVF        R7, 0, 0
;__Lib_Math.c,1465 :: 		
0x023C	0xB0D8      	BTFSC       STATUS, 0, 0
;__Lib_Math.c,1466 :: 		
0x023E	0x3C07      	INCFSZ      R7, 0, 0
;__Lib_Math.c,1467 :: 		
0x0240	0x260B      	ADDWF       R11, 1, 0
;__Lib_Math.c,1468 :: 		
0x0242	0x6AE8      	CLRF        WREG, 0
;__Lib_Math.c,1469 :: 		
0x0244	0xB0D8      	BTFSC       STATUS, 0, 0
;__Lib_Math.c,1470 :: 		
0x0246	0x0E01      	MOVLW       1
;__Lib_Math.c,1471 :: 		
0x0248	0x260E      	ADDWF       R14, 1, 0
;__Lib_Math.c,1473 :: 		
UOK22LC:
;__Lib_Math.c,1474 :: 		
0x024A	0x3601      	RLCF        R1, 1, 0
;__Lib_Math.c,1476 :: 		
0x024C	0x2E0C      	DECFSZ      R12, 1, 0
;__Lib_Math.c,1477 :: 		
0x024E	0xD7D1      	BRA         LOOPU3232C
;__Lib_Math.c,1479 :: 		
0x0250	0x3400      	RLCF        R0, 0, 0
;__Lib_Math.c,1480 :: 		
0x0252	0x3608      	RLCF        R8, 1, 0
;__Lib_Math.c,1481 :: 		
0x0254	0x3609      	RLCF        R9, 1, 0
;__Lib_Math.c,1482 :: 		
0x0256	0x360A      	RLCF        R10, 1, 0
;__Lib_Math.c,1483 :: 		
0x0258	0x360B      	RLCF        R11, 1, 0
;__Lib_Math.c,1484 :: 		
0x025A	0x360E      	RLCF        R14, 1, 0
;__Lib_Math.c,1485 :: 		
0x025C	0x5004      	MOVF        R4, 0, 0
;__Lib_Math.c,1486 :: 		
0x025E	0xA001      	BTFSS       R1, 0, 0
;__Lib_Math.c,1487 :: 		
0x0260	0xD012      	BRA         UADD22L24
;__Lib_Math.c,1489 :: 		
0x0262	0x5E08      	SUBWF       R8, 1, 0
;__Lib_Math.c,1490 :: 		
0x0264	0x5005      	MOVF        R5, 0, 0
;__Lib_Math.c,1491 :: 		
0x0266	0xA0D8      	BTFSS       STATUS, 0, 0
;__Lib_Math.c,1492 :: 		
0x0268	0x3C05      	INCFSZ      R5, 0, 0
;__Lib_Math.c,1493 :: 		
0x026A	0x5E09      	SUBWF       R9, 1, 0
;__Lib_Math.c,1494 :: 		
0x026C	0x5006      	MOVF        R6, 0, 0
;__Lib_Math.c,1495 :: 		
0x026E	0xA0D8      	BTFSS       STATUS, 0, 0
;__Lib_Math.c,1496 :: 		
0x0270	0x3C06      	INCFSZ      R6, 0, 0
;__Lib_Math.c,1497 :: 		
0x0272	0x5E0A      	SUBWF       R10, 1, 0
;__Lib_Math.c,1498 :: 		
0x0274	0x5007      	MOVF        R7, 0, 0
;__Lib_Math.c,1499 :: 		
0x0276	0xA0D8      	BTFSS       STATUS, 0, 0
;__Lib_Math.c,1500 :: 		
0x0278	0x3C07      	INCFSZ      R7, 0, 0
;__Lib_Math.c,1501 :: 		
0x027A	0x5E0B      	SUBWF       R11, 1, 0
;__Lib_Math.c,1502 :: 		
0x027C	0x6AE8      	CLRF        WREG, 0
;__Lib_Math.c,1503 :: 		
0x027E	0xA0D8      	BTFSS       STATUS, 0, 0
;__Lib_Math.c,1504 :: 		
0x0280	0x0E01      	MOVLW       1
;__Lib_Math.c,1505 :: 		
0x0282	0x5E0E      	SUBWF       R14, 1, 0
;__Lib_Math.c,1506 :: 		
0x0284	0xD011      	BRA         UOK22L24
;__Lib_Math.c,1508 :: 		
UADD22L24:
;__Lib_Math.c,1509 :: 		
0x0286	0x2608      	ADDWF       R8, 1, 0
;__Lib_Math.c,1510 :: 		
0x0288	0x5005      	MOVF        R5, 0, 0
;__Lib_Math.c,1511 :: 		
0x028A	0xB0D8      	BTFSC       STATUS, 0, 0
;__Lib_Math.c,1512 :: 		
0x028C	0x3C05      	INCFSZ      R5, 0, 0
;__Lib_Math.c,1513 :: 		
0x028E	0x2609      	ADDWF       R9, 1, 0
;__Lib_Math.c,1514 :: 		
0x0290	0x5006      	MOVF        R6, 0, 0
;__Lib_Math.c,1515 :: 		
0x0292	0xB0D8      	BTFSC       STATUS, 0, 0
;__Lib_Math.c,1516 :: 		
0x0294	0x3C06      	INCFSZ      R6, 0, 0
;__Lib_Math.c,1517 :: 		
0x0296	0x260A      	ADDWF       R10, 1, 0
;__Lib_Math.c,1518 :: 		
0x0298	0x5007      	MOVF        R7, 0, 0
;__Lib_Math.c,1519 :: 		
0x029A	0xB0D8      	BTFSC       STATUS, 0, 0
;__Lib_Math.c,1520 :: 		
0x029C	0x3C07      	INCFSZ      R7, 0, 0
;__Lib_Math.c,1521 :: 		
0x029E	0x260B      	ADDWF       R11, 1, 0
;__Lib_Math.c,1522 :: 		
0x02A0	0x6AE8      	CLRF        WREG, 0
;__Lib_Math.c,1523 :: 		
0x02A2	0xB0D8      	BTFSC       STATUS, 0, 0
;__Lib_Math.c,1524 :: 		
0x02A4	0x0E01      	MOVLW       1
;__Lib_Math.c,1525 :: 		
0x02A6	0x260E      	ADDWF       R14, 1, 0
;__Lib_Math.c,1527 :: 		
UOK22L24:
;__Lib_Math.c,1528 :: 		
0x02A8	0x3600      	RLCF        R0, 1, 0
;__Lib_Math.c,1530 :: 		
0x02AA	0x0E07      	MOVLW       7
;__Lib_Math.c,1531 :: 		
0x02AC	0x6E0C      	MOVWF       R12, 0
;__Lib_Math.c,1533 :: 		
LOOPU3232D:
;__Lib_Math.c,1534 :: 		
0x02AE	0x3400      	RLCF        R0, 0, 0
;__Lib_Math.c,1535 :: 		
0x02B0	0x3608      	RLCF        R8, 1, 0
;__Lib_Math.c,1536 :: 		
0x02B2	0x3609      	RLCF        R9, 1, 0
;__Lib_Math.c,1537 :: 		
0x02B4	0x360A      	RLCF        R10, 1, 0
;__Lib_Math.c,1538 :: 		
0x02B6	0x360B      	RLCF        R11, 1, 0
;__Lib_Math.c,1539 :: 		
0x02B8	0x360E      	RLCF        R14, 1, 0
;__Lib_Math.c,1540 :: 		
0x02BA	0x5004      	MOVF        R4, 0, 0
;__Lib_Math.c,1541 :: 		
0x02BC	0xA000      	BTFSS       R0, 0, 0
;__Lib_Math.c,1542 :: 		
0x02BE	0xD012      	BRA         UADD22LD
;__Lib_Math.c,1544 :: 		
0x02C0	0x5E08      	SUBWF       R8, 1, 0
;__Lib_Math.c,1545 :: 		
0x02C2	0x5005      	MOVF        R5, 0, 0
;__Lib_Math.c,1546 :: 		
0x02C4	0xA0D8      	BTFSS       STATUS, 0, 0
;__Lib_Math.c,1547 :: 		
0x02C6	0x3C05      	INCFSZ      R5, 0, 0
;__Lib_Math.c,1548 :: 		
0x02C8	0x5E09      	SUBWF       R9, 1, 0
;__Lib_Math.c,1549 :: 		
0x02CA	0x5006      	MOVF        R6, 0, 0
;__Lib_Math.c,1550 :: 		
0x02CC	0xA0D8      	BTFSS       STATUS, 0, 0
;__Lib_Math.c,1551 :: 		
0x02CE	0x3C06      	INCFSZ      R6, 0, 0
;__Lib_Math.c,1552 :: 		
0x02D0	0x5E0A      	SUBWF       R10, 1, 0
;__Lib_Math.c,1553 :: 		
0x02D2	0x5007      	MOVF        R7, 0, 0
;__Lib_Math.c,1554 :: 		
0x02D4	0xA0D8      	BTFSS       STATUS, 0, 0
;__Lib_Math.c,1555 :: 		
0x02D6	0x3C07      	INCFSZ      R7, 0, 0
;__Lib_Math.c,1556 :: 		
0x02D8	0x5E0B      	SUBWF       R11, 1, 0
;__Lib_Math.c,1557 :: 		
0x02DA	0x6AE8      	CLRF        WREG, 0
;__Lib_Math.c,1558 :: 		
0x02DC	0xA0D8      	BTFSS       STATUS, 0, 0
;__Lib_Math.c,1559 :: 		
0x02DE	0x0E01      	MOVLW       1
;__Lib_Math.c,1560 :: 		
0x02E0	0x5E0E      	SUBWF       R14, 1, 0
;__Lib_Math.c,1561 :: 		
0x02E2	0xD011      	BRA         UOK22LD
;__Lib_Math.c,1563 :: 		
UADD22LD:
;__Lib_Math.c,1564 :: 		
0x02E4	0x2608      	ADDWF       R8, 1, 0
;__Lib_Math.c,1565 :: 		
0x02E6	0x5005      	MOVF        R5, 0, 0
;__Lib_Math.c,1566 :: 		
0x02E8	0xB0D8      	BTFSC       STATUS, 0, 0
;__Lib_Math.c,1567 :: 		
0x02EA	0x3C05      	INCFSZ      R5, 0, 0
;__Lib_Math.c,1568 :: 		
0x02EC	0x2609      	ADDWF       R9, 1, 0
;__Lib_Math.c,1569 :: 		
0x02EE	0x5006      	MOVF        R6, 0, 0
;__Lib_Math.c,1570 :: 		
0x02F0	0xB0D8      	BTFSC       STATUS, 0, 0
;__Lib_Math.c,1571 :: 		
0x02F2	0x3C06      	INCFSZ      R6, 0, 0
;__Lib_Math.c,1572 :: 		
0x02F4	0x260A      	ADDWF       R10, 1, 0
;__Lib_Math.c,1573 :: 		
0x02F6	0x5007      	MOVF        R7, 0, 0
;__Lib_Math.c,1574 :: 		
0x02F8	0xB0D8      	BTFSC       STATUS, 0, 0
;__Lib_Math.c,1575 :: 		
0x02FA	0x3C07      	INCFSZ      R7, 0, 0
;__Lib_Math.c,1576 :: 		
0x02FC	0x260B      	ADDWF       R11, 1, 0
;__Lib_Math.c,1577 :: 		
0x02FE	0x6AE8      	CLRF        WREG, 0
;__Lib_Math.c,1578 :: 		
0x0300	0xB0D8      	BTFSC       STATUS, 0, 0
;__Lib_Math.c,1579 :: 		
0x0302	0x0E01      	MOVLW       1
;__Lib_Math.c,1580 :: 		
0x0304	0x260E      	ADDWF       R14, 1, 0
;__Lib_Math.c,1582 :: 		
UOK22LD:
;__Lib_Math.c,1583 :: 		
0x0306	0x3600      	RLCF        R0, 1, 0
;__Lib_Math.c,1585 :: 		
0x0308	0x2E0C      	DECFSZ      R12, 1, 0
;__Lib_Math.c,1586 :: 		
0x030A	0xD7D1      	BRA         LOOPU3232D
;__Lib_Math.c,1588 :: 		
0x030C	0xB000      	BTFSC       R0, 0, 0
;__Lib_Math.c,1589 :: 		
0x030E	0xD00E      	BRA         UOK22L
;__Lib_Math.c,1590 :: 		
0x0310	0x5004      	MOVF        R4, 0, 0
;__Lib_Math.c,1591 :: 		
0x0312	0x2608      	ADDWF       R8, 1, 0
;__Lib_Math.c,1592 :: 		
0x0314	0x5005      	MOVF        R5, 0, 0
;__Lib_Math.c,1593 :: 		
0x0316	0xB0D8      	BTFSC       STATUS, 0, 0
;__Lib_Math.c,1594 :: 		
0x0318	0x3C05      	INCFSZ      R5, 0, 0
;__Lib_Math.c,1595 :: 		
0x031A	0x2609      	ADDWF       R9, 1, 0
;__Lib_Math.c,1596 :: 		
0x031C	0x5006      	MOVF        R6, 0, 0
;__Lib_Math.c,1597 :: 		
0x031E	0xB0D8      	BTFSC       STATUS, 0, 0
;__Lib_Math.c,1598 :: 		
0x0320	0x3C06      	INCFSZ      R6, 0, 0
;__Lib_Math.c,1599 :: 		
0x0322	0x260A      	ADDWF       R10, 1, 0
;__Lib_Math.c,1600 :: 		
0x0324	0x5007      	MOVF        R7, 0, 0
;__Lib_Math.c,1601 :: 		
0x0326	0xB0D8      	BTFSC       STATUS, 0, 0
;__Lib_Math.c,1602 :: 		
0x0328	0x3C07      	INCFSZ      R7, 0, 0
;__Lib_Math.c,1603 :: 		
0x032A	0x260B      	ADDWF       R11, 1, 0
;__Lib_Math.c,1605 :: 		
UOK22L:
;__Lib_Math.c,1607 :: 		
L_end_Div_32x32_U:
0x032C	0x0012      	RETURN      0
; end of _Div_32x32_U
_Lcd_Cmd:
;__Lib_Lcd.c,18 :: 		
;__Lib_Lcd.c,20 :: 		
0x032E	0xBE57      	BTFSC       FARG_Lcd_Cmd_out_char, 7 
0x0330	0xD002      	BRA         L__Lcd_Cmd21
0x0332	0x9E8C      	BCF         LCD_D7, BitPos(LCD_D7+0) 
0x0334	0xD001      	BRA         L__Lcd_Cmd22
L__Lcd_Cmd21:
0x0336	0x8E8C      	BSF         LCD_D7, BitPos(LCD_D7+0) 
L__Lcd_Cmd22:
;__Lib_Lcd.c,21 :: 		
0x0338	0xBC57      	BTFSC       FARG_Lcd_Cmd_out_char, 6 
0x033A	0xD002      	BRA         L__Lcd_Cmd23
0x033C	0x9C8C      	BCF         LCD_D6, BitPos(LCD_D6+0) 
0x033E	0xD001      	BRA         L__Lcd_Cmd24
L__Lcd_Cmd23:
0x0340	0x8C8C      	BSF         LCD_D6, BitPos(LCD_D6+0) 
L__Lcd_Cmd24:
;__Lib_Lcd.c,22 :: 		
0x0342	0xBA57      	BTFSC       FARG_Lcd_Cmd_out_char, 5 
0x0344	0xD002      	BRA         L__Lcd_Cmd25
0x0346	0x9A8C      	BCF         LCD_D5, BitPos(LCD_D5+0) 
0x0348	0xD001      	BRA         L__Lcd_Cmd26
L__Lcd_Cmd25:
0x034A	0x8A8C      	BSF         LCD_D5, BitPos(LCD_D5+0) 
L__Lcd_Cmd26:
;__Lib_Lcd.c,23 :: 		
0x034C	0xB857      	BTFSC       FARG_Lcd_Cmd_out_char, 4 
0x034E	0xD002      	BRA         L__Lcd_Cmd27
0x0350	0x988C      	BCF         LCD_D4, BitPos(LCD_D4+0) 
0x0352	0xD001      	BRA         L__Lcd_Cmd28
L__Lcd_Cmd27:
0x0354	0x888C      	BSF         LCD_D4, BitPos(LCD_D4+0) 
L__Lcd_Cmd28:
;__Lib_Lcd.c,25 :: 		
0x0356	0xB02A      	BTFSC       __Lib_Lcd_cmd_status, BitPos(__Lib_Lcd_cmd_status+0) 
0x0358	0xD002      	BRA         L__Lcd_Cmd29
0x035A	0x848D      	BSF         LCD_RS, BitPos(LCD_RS+0) 
0x035C	0xD001      	BRA         L__Lcd_Cmd30
L__Lcd_Cmd29:
0x035E	0x948D      	BCF         LCD_RS, BitPos(LCD_RS+0) 
L__Lcd_Cmd30:
;__Lib_Lcd.c,28 :: 		
0x0360	0x828D      	BSF         LCD_EN, BitPos(LCD_EN+0) 
;__Lib_Lcd.c,29 :: 		
0x0362	0xDE6C      	RCALL       _Delay_1us
;__Lib_Lcd.c,30 :: 		
0x0364	0x928D      	BCF         LCD_EN, BitPos(LCD_EN+0) 
;__Lib_Lcd.c,33 :: 		
0x0366	0xB657      	BTFSC       FARG_Lcd_Cmd_out_char, 3 
0x0368	0xD002      	BRA         L__Lcd_Cmd31
0x036A	0x9E8C      	BCF         LCD_D7, BitPos(LCD_D7+0) 
0x036C	0xD001      	BRA         L__Lcd_Cmd32
L__Lcd_Cmd31:
0x036E	0x8E8C      	BSF         LCD_D7, BitPos(LCD_D7+0) 
L__Lcd_Cmd32:
;__Lib_Lcd.c,34 :: 		
0x0370	0xB457      	BTFSC       FARG_Lcd_Cmd_out_char, 2 
0x0372	0xD002      	BRA         L__Lcd_Cmd33
0x0374	0x9C8C      	BCF         LCD_D6, BitPos(LCD_D6+0) 
0x0376	0xD001      	BRA         L__Lcd_Cmd34
L__Lcd_Cmd33:
0x0378	0x8C8C      	BSF         LCD_D6, BitPos(LCD_D6+0) 
L__Lcd_Cmd34:
;__Lib_Lcd.c,35 :: 		
0x037A	0xB257      	BTFSC       FARG_Lcd_Cmd_out_char, 1 
0x037C	0xD002      	BRA         L__Lcd_Cmd35
0x037E	0x9A8C      	BCF         LCD_D5, BitPos(LCD_D5+0) 
0x0380	0xD001      	BRA         L__Lcd_Cmd36
L__Lcd_Cmd35:
0x0382	0x8A8C      	BSF         LCD_D5, BitPos(LCD_D5+0) 
L__Lcd_Cmd36:
;__Lib_Lcd.c,36 :: 		
0x0384	0xB057      	BTFSC       FARG_Lcd_Cmd_out_char, 0 
0x0386	0xD002      	BRA         L__Lcd_Cmd37
0x0388	0x988C      	BCF         LCD_D4, BitPos(LCD_D4+0) 
0x038A	0xD001      	BRA         L__Lcd_Cmd38
L__Lcd_Cmd37:
0x038C	0x888C      	BSF         LCD_D4, BitPos(LCD_D4+0) 
L__Lcd_Cmd38:
;__Lib_Lcd.c,38 :: 		
0x038E	0xB02A      	BTFSC       __Lib_Lcd_cmd_status, BitPos(__Lib_Lcd_cmd_status+0) 
0x0390	0xD002      	BRA         L__Lcd_Cmd39
0x0392	0x848D      	BSF         LCD_RS, BitPos(LCD_RS+0) 
0x0394	0xD001      	BRA         L__Lcd_Cmd40
L__Lcd_Cmd39:
0x0396	0x948D      	BCF         LCD_RS, BitPos(LCD_RS+0) 
L__Lcd_Cmd40:
;__Lib_Lcd.c,40 :: 		
0x0398	0x828D      	BSF         LCD_EN, BitPos(LCD_EN+0) 
;__Lib_Lcd.c,41 :: 		
0x039A	0xDE50      	RCALL       _Delay_1us
;__Lib_Lcd.c,42 :: 		
0x039C	0x928D      	BCF         LCD_EN, BitPos(LCD_EN+0) 
;__Lib_Lcd.c,44 :: 		
0x039E	0xA02A      	BTFSS       __Lib_Lcd_cmd_status, BitPos(__Lib_Lcd_cmd_status+0) 
0x03A0	0xD002      	BRA         L_Lcd_Cmd0
;__Lib_Lcd.c,45 :: 		
0x03A2	0xDE41      	RCALL       _Delay_5500us
0x03A4	0xD001      	BRA         L_Lcd_Cmd1
L_Lcd_Cmd0:
;__Lib_Lcd.c,47 :: 		
0x03A6	0xDE3A      	RCALL       _Delay_50us
L_Lcd_Cmd1:
;__Lib_Lcd.c,48 :: 		
L_end_Lcd_Cmd:
0x03A8	0x0012      	RETURN      0
; end of _Lcd_Cmd
_LongWordToStr:
;__Lib_Conversions.c,258 :: 		
;__Lib_Conversions.c,261 :: 		
0x03AA	0x6A53      	CLRF        LongWordToStr_len_L0 
0x03AC	0x6A54      	CLRF        LongWordToStr_len_L0+1 
L_LongWordToStr52:
0x03AE	0x0E00      	MOVLW       0
0x03B0	0x5C54      	SUBWF       LongWordToStr_len_L0+1, 0 
0x03B2	0xE102      	BNZ         L__LongWordToStr174
0x03B4	0x0E0A      	MOVLW       10
0x03B6	0x5C53      	SUBWF       LongWordToStr_len_L0, 0 
L__LongWordToStr174:
0x03B8	0xE20B      	BC          L_LongWordToStr53
;__Lib_Conversions.c,262 :: 		
0x03BA	0x5053      	MOVF        LongWordToStr_len_L0, 0 
0x03BC	0x2451      	ADDWF       FARG_LongWordToStr_output, 0 
0x03BE	0x6EE1      	MOVWF       FSR1L 
0x03C0	0x5054      	MOVF        LongWordToStr_len_L0+1, 0 
0x03C2	0x2052      	ADDWFC      FARG_LongWordToStr_output+1, 0 
0x03C4	0x6EE2      	MOVWF       FSR1L+1 
0x03C6	0x0E20      	MOVLW       32
0x03C8	0x6EE6      	MOVWF       POSTINC1 
;__Lib_Conversions.c,261 :: 		
0x03CA	0x4A53      	INFSNZ      LongWordToStr_len_L0, 1 
0x03CC	0x2A54      	INCF        LongWordToStr_len_L0+1, 1 
;__Lib_Conversions.c,262 :: 		
0x03CE	0xD7EF      	BRA         L_LongWordToStr52
L_LongWordToStr53:
;__Lib_Conversions.c,263 :: 		
0x03D0	0x5053      	MOVF        LongWordToStr_len_L0, 0 
0x03D2	0x2451      	ADDWF       FARG_LongWordToStr_output, 0 
0x03D4	0x6EE1      	MOVWF       FSR1L 
0x03D6	0x5054      	MOVF        LongWordToStr_len_L0+1, 0 
0x03D8	0x2052      	ADDWFC      FARG_LongWordToStr_output+1, 0 
0x03DA	0x6EE2      	MOVWF       FSR1L+1 
0x03DC	0x6AE6      	CLRF        POSTINC1 
0x03DE	0x0E01      	MOVLW       1
0x03E0	0x5E53      	SUBWF       LongWordToStr_len_L0, 1 
0x03E2	0x0E00      	MOVLW       0
0x03E4	0x5A54      	SUBWFB      LongWordToStr_len_L0+1, 1 
;__Lib_Conversions.c,265 :: 		
L_LongWordToStr55:
;__Lib_Conversions.c,266 :: 		
0x03E6	0x5053      	MOVF        LongWordToStr_len_L0, 0 
0x03E8	0x2451      	ADDWF       FARG_LongWordToStr_output, 0 
0x03EA	0x6E55      	MOVWF       FLOC__LongWordToStr 
0x03EC	0x5054      	MOVF        LongWordToStr_len_L0+1, 0 
0x03EE	0x2052      	ADDWFC      FARG_LongWordToStr_output+1, 0 
0x03F0	0x6E56      	MOVWF       FLOC__LongWordToStr+1 
0x03F2	0x0E0A      	MOVLW       10
0x03F4	0x6E04      	MOVWF       R4 
0x03F6	0x0E00      	MOVLW       0
0x03F8	0x6E05      	MOVWF       R5 
0x03FA	0x6E06      	MOVWF       R6 
0x03FC	0x6E07      	MOVWF       R7 
0x03FE	0xF000C04D  	MOVFF       FARG_LongWordToStr_input, R0
0x0402	0xF001C04E  	MOVFF       FARG_LongWordToStr_input+1, R1
0x0406	0xF002C04F  	MOVFF       FARG_LongWordToStr_input+2, R2
0x040A	0xF003C050  	MOVFF       FARG_LongWordToStr_input+3, R3
0x040E	0xDE19      	RCALL       _Div_32x32_U
0x0410	0xF000C008  	MOVFF       R8, R0
0x0414	0xF001C009  	MOVFF       R9, R1
0x0418	0xF002C00A  	MOVFF       R10, R2
0x041C	0xF003C00B  	MOVFF       R11, R3
0x0420	0x0E30      	MOVLW       48
0x0422	0x2600      	ADDWF       R0, 1 
0x0424	0xFFE1C055  	MOVFF       FLOC__LongWordToStr, FSR1L
0x0428	0xFFE2C056  	MOVFF       FLOC__LongWordToStr+1, FSR1H
0x042C	0xFFE6C000  	MOVFF       R0, POSTINC1
;__Lib_Conversions.c,267 :: 		
0x0430	0x0E0A      	MOVLW       10
0x0432	0x6E04      	MOVWF       R4 
0x0434	0x0E00      	MOVLW       0
0x0436	0x6E05      	MOVWF       R5 
0x0438	0x6E06      	MOVWF       R6 
0x043A	0x6E07      	MOVWF       R7 
0x043C	0xF000C04D  	MOVFF       FARG_LongWordToStr_input, R0
0x0440	0xF001C04E  	MOVFF       FARG_LongWordToStr_input+1, R1
0x0444	0xF002C04F  	MOVFF       FARG_LongWordToStr_input+2, R2
0x0448	0xF003C050  	MOVFF       FARG_LongWordToStr_input+3, R3
0x044C	0xDDFA      	RCALL       _Div_32x32_U
0x044E	0xF04DC000  	MOVFF       R0, FARG_LongWordToStr_input
0x0452	0xF04EC001  	MOVFF       R1, FARG_LongWordToStr_input+1
0x0456	0xF04FC002  	MOVFF       R2, FARG_LongWordToStr_input+2
0x045A	0xF050C003  	MOVFF       R3, FARG_LongWordToStr_input+3
;__Lib_Conversions.c,268 :: 		
0x045E	0x0E00      	MOVLW       0
0x0460	0x6E04      	MOVWF       R4 
0x0462	0x1803      	XORWF       R3, 0 
0x0464	0xE108      	BNZ         L__LongWordToStr175
0x0466	0x5004      	MOVF        R4, 0 
0x0468	0x1802      	XORWF       R2, 0 
0x046A	0xE105      	BNZ         L__LongWordToStr175
0x046C	0x5004      	MOVF        R4, 0 
0x046E	0x1801      	XORWF       R1, 0 
0x0470	0xE102      	BNZ         L__LongWordToStr175
0x0472	0x5000      	MOVF        R0, 0 
0x0474	0x0A00      	XORLW       0
L__LongWordToStr175:
0x0476	0xE101      	BNZ         L_LongWordToStr57
;__Lib_Conversions.c,269 :: 		
0x0478	0xD005      	BRA         L_LongWordToStr56
L_LongWordToStr57:
;__Lib_Conversions.c,270 :: 		
0x047A	0x0E01      	MOVLW       1
0x047C	0x5E53      	SUBWF       LongWordToStr_len_L0, 1 
0x047E	0x0E00      	MOVLW       0
0x0480	0x5A54      	SUBWFB      LongWordToStr_len_L0+1, 1 
;__Lib_Conversions.c,271 :: 		
0x0482	0xD7B1      	BRA         L_LongWordToStr55
L_LongWordToStr56:
;__Lib_Conversions.c,272 :: 		
L_end_LongWordToStr:
0x0484	0x0012      	RETURN      0
; end of _LongWordToStr
_Lcd_Chr_CP:
;__Lib_Lcd.c,50 :: 		
;__Lib_Lcd.c,52 :: 		
0x0486	0x902A      	BCF         __Lib_Lcd_cmd_status, BitPos(__Lib_Lcd_cmd_status+0) 
;__Lib_Lcd.c,53 :: 		
0x0488	0xF057C04D  	MOVFF       FARG_Lcd_Chr_CP_out_char, FARG_Lcd_Cmd_out_char
0x048C	0xDF50      	RCALL       _Lcd_Cmd
;__Lib_Lcd.c,54 :: 		
0x048E	0x802A      	BSF         __Lib_Lcd_cmd_status, BitPos(__Lib_Lcd_cmd_status+0) 
;__Lib_Lcd.c,55 :: 		
L_end_Lcd_Chr_CP:
0x0490	0x0012      	RETURN      0
; end of _Lcd_Chr_CP
_Delay_22us:
;__Lib_Delays.c,15 :: 		void Delay_22us() {
;__Lib_Delays.c,16 :: 		Delay_us(22);
0x0492	0x0E0E      	MOVLW       14
0x0494	0x6E0D      	MOVWF       R13, 0
L_Delay_22us1:
0x0496	0x2E0D      	DECFSZ      R13, 1, 0
0x0498	0xD7FE      	BRA         L_Delay_22us1
0x049A	0x0000      	NOP
;__Lib_Delays.c,17 :: 		}
L_end_Delay_22us:
0x049C	0x0012      	RETURN      0
; end of _Delay_22us
_ADC_Read:
;__Lib_ADC_A_D.c,51 :: 		
;__Lib_ADC_A_D.c,54 :: 		
0x049E	0x6AC2      	CLRF        ADCON0 
;__Lib_ADC_A_D.c,55 :: 		
0x04A0	0x1C29      	COMF        _vref_mask, 0 
0x04A2	0x6E00      	MOVWF       R0 
0x04A4	0x5000      	MOVF        R0, 0 
0x04A6	0x16C1      	ANDWF       ADCON1, 1 
;__Lib_ADC_A_D.c,56 :: 		
0x04A8	0x0E07      	MOVLW       7
0x04AA	0x12C0      	IORWF       ADCON2, 1 
;__Lib_ADC_A_D.c,57 :: 		
0x04AC	0x8EC0      	BSF         ADCON2, 7 
;__Lib_ADC_A_D.c,58 :: 		
0x04AE	0xF000C03F  	MOVFF       FARG_ADC_Read_channel, R0
0x04B2	0x3600      	RLCF        R0, 1 
0x04B4	0x9000      	BCF         R0, 0 
0x04B6	0x3600      	RLCF        R0, 1 
0x04B8	0x9000      	BCF         R0, 0 
0x04BA	0x5000      	MOVF        R0, 0 
0x04BC	0x12C2      	IORWF       ADCON0, 1 
;__Lib_ADC_A_D.c,59 :: 		
0x04BE	0x80C2      	BSF         ADCON0, 0 
;__Lib_ADC_A_D.c,60 :: 		
0x04C0	0xDFE8      	RCALL       _Delay_22us
;__Lib_ADC_A_D.c,61 :: 		
0x04C2	0x82C2      	BSF         ADCON0, 1 
;__Lib_ADC_A_D.c,62 :: 		
L_ADC_Read2:
0x04C4	0xA2C2      	BTFSS       ADCON0, 1 
0x04C6	0xD001      	BRA         L_ADC_Read3
;__Lib_ADC_A_D.c,63 :: 		
0x04C8	0xD7FD      	BRA         L_ADC_Read2
L_ADC_Read3:
;__Lib_ADC_A_D.c,64 :: 		
0x04CA	0xF001CFC4  	MOVFF       ADRESH, R1
0x04CE	0x6A00      	CLRF        R0 
;__Lib_ADC_A_D.c,65 :: 		
0x04D0	0x50C3      	MOVF        ADRESL, 0 
0x04D2	0x1200      	IORWF       R0, 1 
0x04D4	0x0E00      	MOVLW       0
0x04D6	0x1201      	IORWF       R1, 1 
;__Lib_ADC_A_D.c,66 :: 		
0x04D8	0x90C2      	BCF         ADCON0, 0 
;__Lib_ADC_A_D.c,68 :: 		
;__Lib_ADC_A_D.c,69 :: 		
L_end_ADC_Read:
0x04DA	0x0012      	RETURN      0
; end of _ADC_Read
_ConfigMCU:
;unit03_04_voltimeter.c,108 :: 		void ConfigMCU()                     // Config MCU's PORTS
;unit03_04_voltimeter.c,115 :: 		ADCON1 |= 0B00001101;              // AN0 e AN1 see datasheet
0x04DC	0x0E0D      	MOVLW       13
0x04DE	0x12C1      	IORWF       ADCON1, 1 
;unit03_04_voltimeter.c,118 :: 		TRISA.RA0 = 1;
0x04E0	0x8092      	BSF         TRISA, 0 
;unit03_04_voltimeter.c,119 :: 		PORTA.RA0 = 1;
0x04E2	0x8080      	BSF         PORTA, 0 
;unit03_04_voltimeter.c,121 :: 		TRISA.RA1 = 1;
0x04E4	0x8292      	BSF         TRISA, 1 
;unit03_04_voltimeter.c,122 :: 		PORTA.RA1 = 1;
0x04E6	0x8280      	BSF         PORTA, 1 
;unit03_04_voltimeter.c,124 :: 		}
L_end_ConfigMCU:
0x04E8	0x0012      	RETURN      0
; end of _ConfigMCU
___CC2DW:
;__Lib_System.c,21 :: 		
;__Lib_System.c,23 :: 		
_CC2DL_Loop1:
;__Lib_System.c,24 :: 		
0x04EA	0x0009      	TBLRD*+
;__Lib_System.c,25 :: 		
0x04EC	0xFFE6CFF5  	MOVFF       TABLAT, POSTINC1
;__Lib_System.c,26 :: 		
0x04F0	0x0600      	DECF        R0, 1, 0
;__Lib_System.c,27 :: 		
0x04F2	0xE1FB      	BNZ         _CC2DL_Loop1
;__Lib_System.c,28 :: 		
0x04F4	0x0601      	DECF        R1, 1, 0
;__Lib_System.c,29 :: 		
0x04F6	0xE1F9      	BNZ         _CC2DL_Loop1
;__Lib_System.c,31 :: 		
L_end___CC2DW:
0x04F8	0x0012      	RETURN      0
; end of ___CC2DW
_Lcd_Out:
;__Lib_Lcd.c,184 :: 		
;__Lib_Lcd.c,187 :: 		
0x04FA	0xD00F      	BRA         L_Lcd_Out11
;__Lib_Lcd.c,188 :: 		
L_Lcd_Out13:
0x04FC	0x0E80      	MOVLW       128
0x04FE	0x6E3F      	MOVWF       FARG_Lcd_Out_row 
0x0500	0xD019      	BRA         L_Lcd_Out12
;__Lib_Lcd.c,189 :: 		
L_Lcd_Out14:
0x0502	0x0EC0      	MOVLW       192
0x0504	0x6E3F      	MOVWF       FARG_Lcd_Out_row 
0x0506	0xD016      	BRA         L_Lcd_Out12
;__Lib_Lcd.c,190 :: 		
L_Lcd_Out15:
0x0508	0x0E94      	MOVLW       148
0x050A	0x6E3F      	MOVWF       FARG_Lcd_Out_row 
0x050C	0xD013      	BRA         L_Lcd_Out12
;__Lib_Lcd.c,191 :: 		
L_Lcd_Out16:
0x050E	0x0ED4      	MOVLW       212
0x0510	0x6E3F      	MOVWF       FARG_Lcd_Out_row 
0x0512	0xD010      	BRA         L_Lcd_Out12
;__Lib_Lcd.c,192 :: 		
L_Lcd_Out17:
0x0514	0x0E80      	MOVLW       128
0x0516	0x6E3F      	MOVWF       FARG_Lcd_Out_row 
;__Lib_Lcd.c,193 :: 		
0x0518	0xD00D      	BRA         L_Lcd_Out12
L_Lcd_Out11:
0x051A	0x503F      	MOVF        FARG_Lcd_Out_row, 0 
0x051C	0x0A01      	XORLW       1
0x051E	0xE0EE      	BZ          L_Lcd_Out13
0x0520	0x503F      	MOVF        FARG_Lcd_Out_row, 0 
0x0522	0x0A02      	XORLW       2
0x0524	0xE0EE      	BZ          L_Lcd_Out14
0x0526	0x503F      	MOVF        FARG_Lcd_Out_row, 0 
0x0528	0x0A03      	XORLW       3
0x052A	0xE0EE      	BZ          L_Lcd_Out15
0x052C	0x503F      	MOVF        FARG_Lcd_Out_row, 0 
0x052E	0x0A04      	XORLW       4
0x0530	0xE0EE      	BZ          L_Lcd_Out16
0x0532	0xD7F0      	BRA         L_Lcd_Out17
L_Lcd_Out12:
;__Lib_Lcd.c,194 :: 		
0x0534	0x0440      	DECF        FARG_Lcd_Out_column, 0 
0x0536	0x6E00      	MOVWF       R0 
0x0538	0x503F      	MOVF        FARG_Lcd_Out_row, 0 
0x053A	0x2600      	ADDWF       R0, 1 
0x053C	0xF03FC000  	MOVFF       R0, FARG_Lcd_Out_row
;__Lib_Lcd.c,196 :: 		
0x0540	0xF057C000  	MOVFF       R0, FARG_Lcd_Cmd_out_char
0x0544	0xDEF4      	RCALL       _Lcd_Cmd
;__Lib_Lcd.c,197 :: 		
0x0546	0x902A      	BCF         __Lib_Lcd_cmd_status, BitPos(__Lib_Lcd_cmd_status+0) 
;__Lib_Lcd.c,198 :: 		
0x0548	0x6A43      	CLRF        Lcd_Out_i_L0 
;__Lib_Lcd.c,199 :: 		
L_Lcd_Out18:
0x054A	0x5043      	MOVF        Lcd_Out_i_L0, 0 
0x054C	0x2441      	ADDWF       FARG_Lcd_Out_text, 0 
0x054E	0x6EE9      	MOVWF       FSR0L 
0x0550	0x0E00      	MOVLW       0
0x0552	0x2042      	ADDWFC      FARG_Lcd_Out_text+1, 0 
0x0554	0x6EEA      	MOVWF       FSR0L+1 
0x0556	0x52EE      	MOVF        POSTINC0, 1 
0x0558	0xE00B      	BZ          L_Lcd_Out19
;__Lib_Lcd.c,200 :: 		
0x055A	0x5043      	MOVF        Lcd_Out_i_L0, 0 
0x055C	0x2441      	ADDWF       FARG_Lcd_Out_text, 0 
0x055E	0x6EE9      	MOVWF       FSR0L 
0x0560	0x0E00      	MOVLW       0
0x0562	0x2042      	ADDWFC      FARG_Lcd_Out_text+1, 0 
0x0564	0x6EEA      	MOVWF       FSR0L+1 
0x0566	0xF04DCFEE  	MOVFF       POSTINC0, FARG_Lcd_Chr_CP_out_char
0x056A	0xDF8D      	RCALL       _Lcd_Chr_CP
0x056C	0x2A43      	INCF        Lcd_Out_i_L0, 1 
0x056E	0xD7ED      	BRA         L_Lcd_Out18
L_Lcd_Out19:
;__Lib_Lcd.c,201 :: 		
0x0570	0x802A      	BSF         __Lib_Lcd_cmd_status, BitPos(__Lib_Lcd_cmd_status+0) 
;__Lib_Lcd.c,202 :: 		
L_end_Lcd_Out:
0x0572	0x0012      	RETURN      0
; end of _Lcd_Out
_Lcd_Init:
;__Lib_Lcd.c,84 :: 		
;__Lib_Lcd.c,86 :: 		
0x0574	0x9296      	BCF         LCD_EN_Direction, BitPos(LCD_EN_Direction+0) 
;__Lib_Lcd.c,87 :: 		
0x0576	0x9496      	BCF         LCD_RS_Direction, BitPos(LCD_RS_Direction+0) 
;__Lib_Lcd.c,88 :: 		
0x0578	0x9895      	BCF         LCD_D4_Direction, BitPos(LCD_D4_Direction+0) 
;__Lib_Lcd.c,89 :: 		
0x057A	0x9A95      	BCF         LCD_D5_Direction, BitPos(LCD_D5_Direction+0) 
;__Lib_Lcd.c,90 :: 		
0x057C	0x9C95      	BCF         LCD_D6_Direction, BitPos(LCD_D6_Direction+0) 
;__Lib_Lcd.c,91 :: 		
0x057E	0x9E95      	BCF         LCD_D7_Direction, BitPos(LCD_D7_Direction+0) 
;__Lib_Lcd.c,93 :: 		
0x0580	0x928D      	BCF         LCD_EN, BitPos(LCD_EN+0) 
;__Lib_Lcd.c,94 :: 		
0x0582	0x948D      	BCF         LCD_RS, BitPos(LCD_RS+0) 
;__Lib_Lcd.c,95 :: 		
0x0584	0x9E8C      	BCF         LCD_D7, BitPos(LCD_D7+0) 
;__Lib_Lcd.c,96 :: 		
0x0586	0x9C8C      	BCF         LCD_D6, BitPos(LCD_D6+0) 
;__Lib_Lcd.c,97 :: 		
0x0588	0x9A8C      	BCF         LCD_D5, BitPos(LCD_D5+0) 
;__Lib_Lcd.c,98 :: 		
0x058A	0x988C      	BCF         LCD_D4, BitPos(LCD_D4+0) 
;__Lib_Lcd.c,100 :: 		
0x058C	0xDD4C      	RCALL       _Delay_5500us
;__Lib_Lcd.c,101 :: 		
0x058E	0xDD4B      	RCALL       _Delay_5500us
;__Lib_Lcd.c,102 :: 		
0x0590	0xDD4A      	RCALL       _Delay_5500us
;__Lib_Lcd.c,105 :: 		
0x0592	0x8A8C      	BSF         LCD_D5, BitPos(LCD_D5+0) 
;__Lib_Lcd.c,106 :: 		
0x0594	0x888C      	BSF         LCD_D4, BitPos(LCD_D4+0) 
;__Lib_Lcd.c,107 :: 		
0x0596	0x828D      	BSF         LCD_EN, BitPos(LCD_EN+0) 
;__Lib_Lcd.c,108 :: 		
0x0598	0xDD51      	RCALL       _Delay_1us
;__Lib_Lcd.c,109 :: 		
0x059A	0x928D      	BCF         LCD_EN, BitPos(LCD_EN+0) 
;__Lib_Lcd.c,110 :: 		
0x059C	0xDD44      	RCALL       _Delay_5500us
;__Lib_Lcd.c,112 :: 		
0x059E	0x828D      	BSF         LCD_EN, BitPos(LCD_EN+0) 
;__Lib_Lcd.c,113 :: 		
0x05A0	0xDD4D      	RCALL       _Delay_1us
;__Lib_Lcd.c,114 :: 		
0x05A2	0x928D      	BCF         LCD_EN, BitPos(LCD_EN+0) 
;__Lib_Lcd.c,115 :: 		
0x05A4	0xDD40      	RCALL       _Delay_5500us
;__Lib_Lcd.c,117 :: 		
0x05A6	0x828D      	BSF         LCD_EN, BitPos(LCD_EN+0) 
;__Lib_Lcd.c,118 :: 		
0x05A8	0xDD49      	RCALL       _Delay_1us
;__Lib_Lcd.c,119 :: 		
0x05AA	0x928D      	BCF         LCD_EN, BitPos(LCD_EN+0) 
;__Lib_Lcd.c,120 :: 		
0x05AC	0xDD3C      	RCALL       _Delay_5500us
;__Lib_Lcd.c,123 :: 		
0x05AE	0x988C      	BCF         LCD_D4, BitPos(LCD_D4+0) 
;__Lib_Lcd.c,124 :: 		
0x05B0	0x828D      	BSF         LCD_EN, BitPos(LCD_EN+0) 
;__Lib_Lcd.c,125 :: 		
0x05B2	0xDD44      	RCALL       _Delay_1us
;__Lib_Lcd.c,126 :: 		
0x05B4	0x928D      	BCF         LCD_EN, BitPos(LCD_EN+0) 
;__Lib_Lcd.c,127 :: 		
0x05B6	0xDD37      	RCALL       _Delay_5500us
;__Lib_Lcd.c,130 :: 		
0x05B8	0x828D      	BSF         LCD_EN, BitPos(LCD_EN+0) 
;__Lib_Lcd.c,131 :: 		
0x05BA	0xDD40      	RCALL       _Delay_1us
;__Lib_Lcd.c,132 :: 		
0x05BC	0x928D      	BCF         LCD_EN, BitPos(LCD_EN+0) 
;__Lib_Lcd.c,134 :: 		
0x05BE	0x9A8C      	BCF         LCD_D5, BitPos(LCD_D5+0) 
;__Lib_Lcd.c,135 :: 		
0x05C0	0x8E8C      	BSF         LCD_D7, BitPos(LCD_D7+0) 
;__Lib_Lcd.c,136 :: 		
0x05C2	0x828D      	BSF         LCD_EN, BitPos(LCD_EN+0) 
;__Lib_Lcd.c,137 :: 		
0x05C4	0xDD3B      	RCALL       _Delay_1us
;__Lib_Lcd.c,138 :: 		
0x05C6	0x928D      	BCF         LCD_EN, BitPos(LCD_EN+0) 
;__Lib_Lcd.c,139 :: 		
0x05C8	0xDD2E      	RCALL       _Delay_5500us
;__Lib_Lcd.c,142 :: 		
0x05CA	0x9E8C      	BCF         LCD_D7, BitPos(LCD_D7+0) 
;__Lib_Lcd.c,143 :: 		
0x05CC	0x888C      	BSF         LCD_D4, BitPos(LCD_D4+0) 
;__Lib_Lcd.c,144 :: 		
0x05CE	0x828D      	BSF         LCD_EN, BitPos(LCD_EN+0) 
;__Lib_Lcd.c,145 :: 		
0x05D0	0xDD35      	RCALL       _Delay_1us
;__Lib_Lcd.c,146 :: 		
0x05D2	0x928D      	BCF         LCD_EN, BitPos(LCD_EN+0) 
;__Lib_Lcd.c,148 :: 		
0x05D4	0x988C      	BCF         LCD_D4, BitPos(LCD_D4+0) 
;__Lib_Lcd.c,149 :: 		
0x05D6	0x828D      	BSF         LCD_EN, BitPos(LCD_EN+0) 
;__Lib_Lcd.c,150 :: 		
0x05D8	0xDD31      	RCALL       _Delay_1us
;__Lib_Lcd.c,151 :: 		
0x05DA	0x928D      	BCF         LCD_EN, BitPos(LCD_EN+0) 
;__Lib_Lcd.c,152 :: 		
0x05DC	0xDD24      	RCALL       _Delay_5500us
;__Lib_Lcd.c,155 :: 		
0x05DE	0x828D      	BSF         LCD_EN, BitPos(LCD_EN+0) 
;__Lib_Lcd.c,156 :: 		
0x05E0	0xDD2D      	RCALL       _Delay_1us
;__Lib_Lcd.c,157 :: 		
0x05E2	0x928D      	BCF         LCD_EN, BitPos(LCD_EN+0) 
;__Lib_Lcd.c,159 :: 		
0x05E4	0x888C      	BSF         LCD_D4, BitPos(LCD_D4+0) 
;__Lib_Lcd.c,160 :: 		
0x05E6	0x828D      	BSF         LCD_EN, BitPos(LCD_EN+0) 
;__Lib_Lcd.c,161 :: 		
0x05E8	0xDD29      	RCALL       _Delay_1us
;__Lib_Lcd.c,162 :: 		
0x05EA	0x928D      	BCF         LCD_EN, BitPos(LCD_EN+0) 
;__Lib_Lcd.c,163 :: 		
0x05EC	0xDD1C      	RCALL       _Delay_5500us
;__Lib_Lcd.c,166 :: 		
0x05EE	0x988C      	BCF         LCD_D4, BitPos(LCD_D4+0) 
;__Lib_Lcd.c,167 :: 		
0x05F0	0x828D      	BSF         LCD_EN, BitPos(LCD_EN+0) 
;__Lib_Lcd.c,168 :: 		
0x05F2	0xDD24      	RCALL       _Delay_1us
;__Lib_Lcd.c,169 :: 		
0x05F4	0x928D      	BCF         LCD_EN, BitPos(LCD_EN+0) 
;__Lib_Lcd.c,171 :: 		
0x05F6	0x8E8C      	BSF         LCD_D7, BitPos(LCD_D7+0) 
;__Lib_Lcd.c,172 :: 		
0x05F8	0x8C8C      	BSF         LCD_D6, BitPos(LCD_D6+0) 
;__Lib_Lcd.c,173 :: 		
0x05FA	0x8A8C      	BSF         LCD_D5, BitPos(LCD_D5+0) 
;__Lib_Lcd.c,174 :: 		
0x05FC	0x888C      	BSF         LCD_D4, BitPos(LCD_D4+0) 
;__Lib_Lcd.c,175 :: 		
0x05FE	0x828D      	BSF         LCD_EN, BitPos(LCD_EN+0) 
;__Lib_Lcd.c,176 :: 		
0x0600	0xDD1D      	RCALL       _Delay_1us
;__Lib_Lcd.c,177 :: 		
0x0602	0x928D      	BCF         LCD_EN, BitPos(LCD_EN+0) 
;__Lib_Lcd.c,179 :: 		
0x0604	0xDD10      	RCALL       _Delay_5500us
;__Lib_Lcd.c,181 :: 		
0x0606	0x802A      	BSF         __Lib_Lcd_cmd_status, BitPos(__Lib_Lcd_cmd_status+0) 
;__Lib_Lcd.c,182 :: 		
L_end_Lcd_Init:
0x0608	0x0012      	RETURN      0
; end of _Lcd_Init
_ADC_Init:
;__Lib_ADC_A_D.c,13 :: 		
;__Lib_ADC_A_D.c,14 :: 		
0x060A	0x0EFF      	MOVLW       _ADC_Get_Sample
0x060C	0x6E2B      	MOVWF       _ADC_Get_Sample_Ptr 
0x060E	0x0EFF      	MOVLW       hi_addr(_ADC_Get_Sample)
0x0610	0x6E2C      	MOVWF       _ADC_Get_Sample_Ptr+1 
0x0612	0x0EFF      	MOVLW       FARG_ADC_Get_Sample_channel
0x0614	0x6E2D      	MOVWF       _ADC_Get_Sample_Ptr+2 
0x0616	0x0EFF      	MOVLW       hi_addr(FARG_ADC_Get_Sample_channel)
0x0618	0x6E2E      	MOVWF       _ADC_Get_Sample_Ptr+3 
;__Lib_ADC_A_D.c,16 :: 		
0x061A	0x6AC2      	CLRF        ADCON0 
;__Lib_ADC_A_D.c,17 :: 		
0x061C	0x1C29      	COMF        _vref_mask, 0 
0x061E	0x6E00      	MOVWF       R0 
0x0620	0x5000      	MOVF        R0, 0 
0x0622	0x16C1      	ANDWF       ADCON1, 1 
;__Lib_ADC_A_D.c,18 :: 		
0x0624	0x0E07      	MOVLW       7
0x0626	0x12C0      	IORWF       ADCON2, 1 
;__Lib_ADC_A_D.c,19 :: 		
0x0628	0x8EC0      	BSF         ADCON2, 7 
;__Lib_ADC_A_D.c,20 :: 		
0x062A	0x80C2      	BSF         ADCON0, 0 
;__Lib_ADC_A_D.c,21 :: 		
L_end_ADC_Init:
0x062C	0x0012      	RETURN      0
; end of _ADC_Init
_LongToStr:
;__Lib_Conversions.c,289 :: 		
;__Lib_Conversions.c,295 :: 		
0x062E	0x6A47      	CLRF        LongToStr_negative_L0 
0x0630	0x6A48      	CLRF        LongToStr_negative_L0+1 
;__Lib_Conversions.c,296 :: 		
0x0632	0xF049C03F  	MOVFF       FARG_LongToStr_input, LongToStr_inword_L0
0x0636	0xF04AC040  	MOVFF       FARG_LongToStr_input+1, LongToStr_inword_L0+1
0x063A	0xF04BC041  	MOVFF       FARG_LongToStr_input+2, LongToStr_inword_L0+2
0x063E	0xF04CC042  	MOVFF       FARG_LongToStr_input+3, LongToStr_inword_L0+3
;__Lib_Conversions.c,297 :: 		
0x0642	0x0E80      	MOVLW       128
0x0644	0x1842      	XORWF       FARG_LongToStr_input+3, 0 
0x0646	0x6E00      	MOVWF       R0 
0x0648	0x0E80      	MOVLW       128
0x064A	0x5C00      	SUBWF       R0, 0 
0x064C	0xE108      	BNZ         L__LongToStr179
0x064E	0x0E00      	MOVLW       0
0x0650	0x5C41      	SUBWF       FARG_LongToStr_input+2, 0 
0x0652	0xE105      	BNZ         L__LongToStr179
0x0654	0x0E00      	MOVLW       0
0x0656	0x5C40      	SUBWF       FARG_LongToStr_input+1, 0 
0x0658	0xE102      	BNZ         L__LongToStr179
0x065A	0x0E00      	MOVLW       0
0x065C	0x5C3F      	SUBWF       FARG_LongToStr_input, 0 
L__LongToStr179:
0x065E	0xE210      	BC          L_LongToStr63
;__Lib_Conversions.c,298 :: 		
0x0660	0x0E01      	MOVLW       1
0x0662	0x6E47      	MOVWF       LongToStr_negative_L0 
0x0664	0x0E00      	MOVLW       0
0x0666	0x6E48      	MOVWF       LongToStr_negative_L0+1 
;__Lib_Conversions.c,299 :: 		
0x0668	0x6A49      	CLRF        LongToStr_inword_L0 
0x066A	0x6A4A      	CLRF        LongToStr_inword_L0+1 
0x066C	0x6A4B      	CLRF        LongToStr_inword_L0+2 
0x066E	0x6A4C      	CLRF        LongToStr_inword_L0+3 
0x0670	0x503F      	MOVF        FARG_LongToStr_input, 0 
0x0672	0x5E49      	SUBWF       LongToStr_inword_L0, 1 
0x0674	0x5040      	MOVF        FARG_LongToStr_input+1, 0 
0x0676	0x5A4A      	SUBWFB      LongToStr_inword_L0+1, 1 
0x0678	0x5041      	MOVF        FARG_LongToStr_input+2, 0 
0x067A	0x5A4B      	SUBWFB      LongToStr_inword_L0+2, 1 
0x067C	0x5042      	MOVF        FARG_LongToStr_input+3, 0 
0x067E	0x5A4C      	SUBWFB      LongToStr_inword_L0+3, 1 
;__Lib_Conversions.c,300 :: 		
L_LongToStr63:
;__Lib_Conversions.c,301 :: 		
0x0680	0xF04DC049  	MOVFF       LongToStr_inword_L0, FARG_LongWordToStr_input
0x0684	0xF04EC04A  	MOVFF       LongToStr_inword_L0+1, FARG_LongWordToStr_input+1
0x0688	0xF04FC04B  	MOVFF       LongToStr_inword_L0+2, FARG_LongWordToStr_input+2
0x068C	0xF050C04C  	MOVFF       LongToStr_inword_L0+3, FARG_LongWordToStr_input+3
0x0690	0xF051C043  	MOVFF       FARG_LongToStr_output, FARG_LongWordToStr_output
0x0694	0xF052C044  	MOVFF       FARG_LongToStr_output+1, FARG_LongWordToStr_output+1
0x0698	0xDE88      	RCALL       _LongWordToStr
;__Lib_Conversions.c,303 :: 		
0x069A	0x0E0B      	MOVLW       11
0x069C	0x6E45      	MOVWF       LongToStr_i_L0 
0x069E	0x0E00      	MOVLW       0
0x06A0	0x6E46      	MOVWF       LongToStr_i_L0+1 
;__Lib_Conversions.c,304 :: 		
L_LongToStr64:
0x06A2	0x0E00      	MOVLW       0
0x06A4	0x6E00      	MOVWF       R0 
0x06A6	0x5046      	MOVF        LongToStr_i_L0+1, 0 
0x06A8	0x5C00      	SUBWF       R0, 0 
0x06AA	0xE102      	BNZ         L__LongToStr180
0x06AC	0x5045      	MOVF        LongToStr_i_L0, 0 
0x06AE	0x0800      	SUBLW       0
L__LongToStr180:
0x06B0	0xE219      	BC          L_LongToStr65
;__Lib_Conversions.c,305 :: 		
0x06B2	0x5045      	MOVF        LongToStr_i_L0, 0 
0x06B4	0x2443      	ADDWF       FARG_LongToStr_output, 0 
0x06B6	0x6EE1      	MOVWF       FSR1L 
0x06B8	0x5046      	MOVF        LongToStr_i_L0+1, 0 
0x06BA	0x2044      	ADDWFC      FARG_LongToStr_output+1, 0 
0x06BC	0x6EE2      	MOVWF       FSR1L+1 
0x06BE	0x0E01      	MOVLW       1
0x06C0	0x5C45      	SUBWF       LongToStr_i_L0, 0 
0x06C2	0x6E00      	MOVWF       R0 
0x06C4	0x0E00      	MOVLW       0
0x06C6	0x5846      	SUBWFB      LongToStr_i_L0+1, 0 
0x06C8	0x6E01      	MOVWF       R1 
0x06CA	0x5000      	MOVF        R0, 0 
0x06CC	0x2443      	ADDWF       FARG_LongToStr_output, 0 
0x06CE	0x6EE9      	MOVWF       FSR0L 
0x06D0	0x5001      	MOVF        R1, 0 
0x06D2	0x2044      	ADDWFC      FARG_LongToStr_output+1, 0 
0x06D4	0x6EEA      	MOVWF       FSR0L+1 
0x06D6	0xFFE6CFEE  	MOVFF       POSTINC0, POSTINC1
;__Lib_Conversions.c,306 :: 		
0x06DA	0x0E01      	MOVLW       1
0x06DC	0x5E45      	SUBWF       LongToStr_i_L0, 1 
0x06DE	0x0E00      	MOVLW       0
0x06E0	0x5A46      	SUBWFB      LongToStr_i_L0+1, 1 
;__Lib_Conversions.c,307 :: 		
0x06E2	0xD7DF      	BRA         L_LongToStr64
L_LongToStr65:
;__Lib_Conversions.c,308 :: 		
0x06E4	0xFFE1C043  	MOVFF       FARG_LongToStr_output, FSR1L
0x06E8	0xFFE2C044  	MOVFF       FARG_LongToStr_output+1, FSR1H
0x06EC	0x0E20      	MOVLW       32
0x06EE	0x6EE6      	MOVWF       POSTINC1 
;__Lib_Conversions.c,309 :: 		
0x06F0	0x5047      	MOVF        LongToStr_negative_L0, 0 
0x06F2	0x1048      	IORWF       LongToStr_negative_L0+1, 0 
0x06F4	0xE01A      	BZ          L_LongToStr66
;__Lib_Conversions.c,310 :: 		
0x06F6	0x6A45      	CLRF        LongToStr_i_L0 
0x06F8	0x6A46      	CLRF        LongToStr_i_L0+1 
;__Lib_Conversions.c,311 :: 		
L_LongToStr67:
0x06FA	0x5045      	MOVF        LongToStr_i_L0, 0 
0x06FC	0x2443      	ADDWF       FARG_LongToStr_output, 0 
0x06FE	0x6EE9      	MOVWF       FSR0L 
0x0700	0x5046      	MOVF        LongToStr_i_L0+1, 0 
0x0702	0x2044      	ADDWFC      FARG_LongToStr_output+1, 0 
0x0704	0x6EEA      	MOVWF       FSR0L+1 
0x0706	0x50EE      	MOVF        POSTINC0, 0 
0x0708	0x0A20      	XORLW       32
0x070A	0xE103      	BNZ         L_LongToStr68
0x070C	0x4A45      	INFSNZ      LongToStr_i_L0, 1 
0x070E	0x2A46      	INCF        LongToStr_i_L0+1, 1 
0x0710	0xD7F4      	BRA         L_LongToStr67
L_LongToStr68:
;__Lib_Conversions.c,312 :: 		
0x0712	0x0E01      	MOVLW       1
0x0714	0x5E45      	SUBWF       LongToStr_i_L0, 1 
0x0716	0x0E00      	MOVLW       0
0x0718	0x5A46      	SUBWFB      LongToStr_i_L0+1, 1 
;__Lib_Conversions.c,313 :: 		
0x071A	0x5045      	MOVF        LongToStr_i_L0, 0 
0x071C	0x2443      	ADDWF       FARG_LongToStr_output, 0 
0x071E	0x6EE1      	MOVWF       FSR1L 
0x0720	0x5046      	MOVF        LongToStr_i_L0+1, 0 
0x0722	0x2044      	ADDWFC      FARG_LongToStr_output+1, 0 
0x0724	0x6EE2      	MOVWF       FSR1L+1 
0x0726	0x0E2D      	MOVLW       45
0x0728	0x6EE6      	MOVWF       POSTINC1 
;__Lib_Conversions.c,314 :: 		
L_LongToStr66:
;__Lib_Conversions.c,315 :: 		
L_end_LongToStr:
0x072A	0x0012      	RETURN      0
; end of _LongToStr
_Mul_32x32_U:
;__Lib_Math.c,1616 :: 		
;__Lib_Math.c,1631 :: 		
0x072C	0x0E22      	MOVLW       34
;__Lib_Math.c,1632 :: 		
0x072E	0x6E0C      	MOVWF       R12, 0
;__Lib_Math.c,1633 :: 		
0x0730	0x6A08      	CLRF        R8, 0
;__Lib_Math.c,1634 :: 		
0x0732	0x6A09      	CLRF        R9, 0
;__Lib_Math.c,1635 :: 		
0x0734	0x6A0A      	CLRF        R10, 0
;__Lib_Math.c,1636 :: 		
0x0736	0x6A0B      	CLRF        R11, 0
;__Lib_Math.c,1638 :: 		
_NEXT:
;__Lib_Math.c,1642 :: 		
0x0738	0x060C      	DECF        R12, 1, 0
;__Lib_Math.c,1643 :: 		
0x073A	0xB4D8      	BTFSC       STATUS, 2, 0
;__Lib_Math.c,1644 :: 		
0x073C	0xD01F      	BRA         _EXIT2
;__Lib_Math.c,1645 :: 		
0x073E	0x90D8      	BCF         STATUS, 0, 0
;__Lib_Math.c,1647 :: 		
_LOOP:
;__Lib_Math.c,1656 :: 		
0x0740	0x320B      	RRCF        R11, 1, 0
;__Lib_Math.c,1657 :: 		
0x0742	0x320A      	RRCF        R10, 1, 0
;__Lib_Math.c,1658 :: 		
0x0744	0x3209      	RRCF        R9, 1, 0
;__Lib_Math.c,1659 :: 		
0x0746	0x3208      	RRCF        R8, 1, 0
;__Lib_Math.c,1660 :: 		
0x0748	0x3203      	RRCF        R3, 1, 0
;__Lib_Math.c,1661 :: 		
0x074A	0x3202      	RRCF        R2, 1, 0
;__Lib_Math.c,1662 :: 		
0x074C	0x3201      	RRCF        R1, 1, 0
;__Lib_Math.c,1663 :: 		
0x074E	0x3200      	RRCF        R0, 1, 0
;__Lib_Math.c,1668 :: 		
0x0750	0xA0D8      	BTFSS       STATUS, 0, 0
;__Lib_Math.c,1669 :: 		
0x0752	0xD7F2      	BRA         _NEXT
;__Lib_Math.c,1670 :: 		
0x0754	0x060C      	DECF        R12, 1, 0
;__Lib_Math.c,1671 :: 		
0x0756	0xB4D8      	BTFSC       STATUS, 2, 0
;__Lib_Math.c,1672 :: 		
0x0758	0xD009      	BRA         _EXIT1
;__Lib_Math.c,1679 :: 		
0x075A	0x5004      	MOVF        R4, 0, 0
;__Lib_Math.c,1680 :: 		
0x075C	0x2608      	ADDWF       R8, 1, 0
;__Lib_Math.c,1681 :: 		
0x075E	0x5005      	MOVF        R5, 0, 0
;__Lib_Math.c,1684 :: 		
0x0760	0x2209      	ADDWFC      R9, 1, 0
;__Lib_Math.c,1685 :: 		
0x0762	0x5006      	MOVF        R6, 0, 0
;__Lib_Math.c,1688 :: 		
0x0764	0x220A      	ADDWFC      R10, 1, 0
;__Lib_Math.c,1689 :: 		
0x0766	0x5007      	MOVF        R7, 0, 0
;__Lib_Math.c,1692 :: 		
0x0768	0x220B      	ADDWFC      R11, 1, 0
;__Lib_Math.c,1694 :: 		
0x076A	0xD7EA      	BRA         _LOOP
;__Lib_Math.c,1696 :: 		
_EXIT1:
;__Lib_Math.c,1701 :: 		
0x076C	0x5004      	MOVF        R4, 0, 0
;__Lib_Math.c,1702 :: 		
0x076E	0x2608      	ADDWF       R8, 1, 0
;__Lib_Math.c,1703 :: 		
0x0770	0x5005      	MOVF        R5, 0, 0
;__Lib_Math.c,1706 :: 		
0x0772	0x2209      	ADDWFC      R9, 1, 0
;__Lib_Math.c,1707 :: 		
0x0774	0x5006      	MOVF        R6, 0, 0
;__Lib_Math.c,1710 :: 		
0x0776	0x220A      	ADDWFC      R10, 1, 0
;__Lib_Math.c,1711 :: 		
0x0778	0x5007      	MOVF        R7, 0, 0
;__Lib_Math.c,1714 :: 		
0x077A	0x220B      	ADDWFC      R11, 1, 0
;__Lib_Math.c,1717 :: 		
_EXIT2:
;__Lib_Math.c,1719 :: 		
L_end_Mul_32x32_U:
0x077C	0x0012      	RETURN      0
; end of _Mul_32x32_U
_Ltrim:
;__Lib_Conversions.c,421 :: 		
;__Lib_Conversions.c,425 :: 		
0x077E	0x6A41      	CLRF        Ltrim_trimmed_L0 
0x0780	0x6A42      	CLRF        Ltrim_trimmed_L0+1 
;__Lib_Conversions.c,426 :: 		
0x0782	0xF003C03F  	MOVFF       FARG_Ltrim_string, R3
0x0786	0xF004C040  	MOVFF       FARG_Ltrim_string+1, R4
;__Lib_Conversions.c,427 :: 		
0x078A	0xF005C03F  	MOVFF       FARG_Ltrim_string, R5
0x078E	0xF006C040  	MOVFF       FARG_Ltrim_string+1, R6
;__Lib_Conversions.c,428 :: 		
L_Ltrim84:
;__Lib_Conversions.c,429 :: 		
0x0792	0xFFE9C003  	MOVFF       R3, FSR0L
0x0796	0xFFEAC004  	MOVFF       R4, FSR0H
0x079A	0x50EE      	MOVF        POSTINC0, 0 
0x079C	0x0A20      	XORLW       32
0x079E	0xE104      	BNZ         L__Ltrim147
0x07A0	0x5041      	MOVF        Ltrim_trimmed_L0, 0 
0x07A2	0x1042      	IORWF       Ltrim_trimmed_L0+1, 0 
0x07A4	0xE101      	BNZ         L__Ltrim147
0x07A6	0xD010      	BRA         L_Ltrim89
L__Ltrim147:
;__Lib_Conversions.c,430 :: 		
0x07A8	0x0E01      	MOVLW       1
0x07AA	0x6E41      	MOVWF       Ltrim_trimmed_L0 
0x07AC	0x0E00      	MOVLW       0
0x07AE	0x6E42      	MOVWF       Ltrim_trimmed_L0+1 
;__Lib_Conversions.c,431 :: 		
0x07B0	0xFFE9C003  	MOVFF       R3, FSR0L
0x07B4	0xFFEAC004  	MOVFF       R4, FSR0H
0x07B8	0xFFE1C005  	MOVFF       R5, FSR1L
0x07BC	0xFFE2C006  	MOVFF       R6, FSR1H
0x07C0	0xFFE6CFEE  	MOVFF       POSTINC0, POSTINC1
0x07C4	0x4A05      	INFSNZ      R5, 1 
0x07C6	0x2A06      	INCF        R6, 1 
;__Lib_Conversions.c,432 :: 		
L_Ltrim89:
;__Lib_Conversions.c,434 :: 		
0x07C8	0xF001C003  	MOVFF       R3, R1
0x07CC	0xF002C004  	MOVFF       R4, R2
0x07D0	0x4A03      	INFSNZ      R3, 1 
0x07D2	0x2A04      	INCF        R4, 1 
0x07D4	0xFFE9C001  	MOVFF       R1, FSR0L
0x07D8	0xFFEAC002  	MOVFF       R2, FSR0H
0x07DC	0x50EE      	MOVF        POSTINC0, 0 
0x07DE	0x0A00      	XORLW       0
0x07E0	0xE1D8      	BNZ         L_Ltrim84
;__Lib_Conversions.c,435 :: 		
0x07E2	0xF000C03F  	MOVFF       FARG_Ltrim_string, R0
0x07E6	0xF001C040  	MOVFF       FARG_Ltrim_string+1, R1
;__Lib_Conversions.c,436 :: 		
L_end_Ltrim:
0x07EA	0x0012      	RETURN      0
; end of _Ltrim
_main:
0x07EC	0xF004EC7E  	CALL        2300, 0
;unit03_04_voltimeter.c,125 :: 		void main(){
;unit03_04_voltimeter.c,130 :: 		ConfigMCU();                       // Init MCU
0x07F0	0xDE75      	RCALL       _ConfigMCU
;unit03_04_voltimeter.c,132 :: 		Lcd_Init();                        // Init display Mode 4 bits
0x07F2	0xDEC0      	RCALL       _Lcd_Init
;unit03_04_voltimeter.c,133 :: 		Lcd_Cmd(_LCD_CLEAR);               // Display clear
0x07F4	0x0E01      	MOVLW       1
0x07F6	0x6E57      	MOVWF       FARG_Lcd_Cmd_out_char 
0x07F8	0xDD9A      	RCALL       _Lcd_Cmd
;unit03_04_voltimeter.c,134 :: 		Lcd_Cmd(_LCD_CURSOR_OFF);          // Cursor off
0x07FA	0x0E0C      	MOVLW       12
0x07FC	0x6E57      	MOVWF       FARG_Lcd_Cmd_out_char 
0x07FE	0xDD97      	RCALL       _Lcd_Cmd
;unit03_04_voltimeter.c,135 :: 		Lcd_Out(1,1,"Voltimeter v1");         // Line x Column
0x0800	0x0E01      	MOVLW       1
0x0802	0x6E3F      	MOVWF       FARG_Lcd_Out_row 
0x0804	0x0E01      	MOVLW       1
0x0806	0x6E40      	MOVWF       FARG_Lcd_Out_column 
0x0808	0x0E1B      	MOVLW       ?lstr1_unit03_04_voltimeter
0x080A	0x6E41      	MOVWF       FARG_Lcd_Out_text 
0x080C	0x0E00      	MOVLW       hi_addr(?lstr1_unit03_04_voltimeter)
0x080E	0x6E42      	MOVWF       FARG_Lcd_Out_text+1 
0x0810	0xDE74      	RCALL       _Lcd_Out
;unit03_04_voltimeter.c,136 :: 		Delay_ms(2000);
0x0812	0x0E15      	MOVLW       21
0x0814	0x6E0B      	MOVWF       R11, 0
0x0816	0x0E4B      	MOVLW       75
0x0818	0x6E0C      	MOVWF       R12, 0
0x081A	0x0EBE      	MOVLW       190
0x081C	0x6E0D      	MOVWF       R13, 0
L_main0:
0x081E	0x2E0D      	DECFSZ      R13, 1, 0
0x0820	0xD7FE      	BRA         L_main0
0x0822	0x2E0C      	DECFSZ      R12, 1, 0
0x0824	0xD7FC      	BRA         L_main0
0x0826	0x2E0B      	DECFSZ      R11, 1, 0
0x0828	0xD7FA      	BRA         L_main0
0x082A	0x0000      	NOP
;unit03_04_voltimeter.c,138 :: 		ADC_Init();
0x082C	0xDEEE      	RCALL       _ADC_Init
;unit03_04_voltimeter.c,140 :: 		while(TRUE)
L_main1:
;unit03_04_voltimeter.c,142 :: 		Lcd_Cmd(_LCD_CLEAR);
0x082E	0x0E01      	MOVLW       1
0x0830	0x6E57      	MOVWF       FARG_Lcd_Cmd_out_char 
0x0832	0xDD7D      	RCALL       _Lcd_Cmd
;unit03_04_voltimeter.c,144 :: 		Vin = ADC_Read(1);                // S1 -> AN0
0x0834	0x0E01      	MOVLW       1
0x0836	0x6E3F      	MOVWF       FARG_ADC_Read_channel 
0x0838	0xDE32      	RCALL       _ADC_Read
0x083A	0xF02FC000  	MOVFF       R0, main_Vin_L0
0x083E	0xF030C001  	MOVFF       R1, main_Vin_L0+1
0x0842	0x0E00      	MOVLW       0
0x0844	0x6E31      	MOVWF       main_Vin_L0+2 
0x0846	0x6E32      	MOVWF       main_Vin_L0+3 
;unit03_04_voltimeter.c,147 :: 		Lcd_Out(1,1,"mV = ");             // Display "mV = "
0x0848	0x0E01      	MOVLW       1
0x084A	0x6E3F      	MOVWF       FARG_Lcd_Out_row 
0x084C	0x0E01      	MOVLW       1
0x084E	0x6E40      	MOVWF       FARG_Lcd_Out_column 
0x0850	0x0E15      	MOVLW       ?lstr2_unit03_04_voltimeter
0x0852	0x6E41      	MOVWF       FARG_Lcd_Out_text 
0x0854	0x0E00      	MOVLW       hi_addr(?lstr2_unit03_04_voltimeter)
0x0856	0x6E42      	MOVWF       FARG_Lcd_Out_text+1 
0x0858	0xDE50      	RCALL       _Lcd_Out
;unit03_04_voltimeter.c,148 :: 		mV = (Vin * 5000) >> 10;          // mv = Vin x 5000/1024
0x085A	0xF000C02F  	MOVFF       main_Vin_L0, R0
0x085E	0xF001C030  	MOVFF       main_Vin_L0+1, R1
0x0862	0xF002C031  	MOVFF       main_Vin_L0+2, R2
0x0866	0xF003C032  	MOVFF       main_Vin_L0+3, R3
0x086A	0x0E88      	MOVLW       136
0x086C	0x6E04      	MOVWF       R4 
0x086E	0x0E13      	MOVLW       19
0x0870	0x6E05      	MOVWF       R5 
0x0872	0x0E00      	MOVLW       0
0x0874	0x6E06      	MOVWF       R6 
0x0876	0x6E07      	MOVWF       R7 
0x0878	0xDF59      	RCALL       _Mul_32x32_U
0x087A	0x0E0A      	MOVLW       10
0x087C	0x6E04      	MOVWF       R4 
0x087E	0xF03FC000  	MOVFF       R0, FARG_LongToStr_input
0x0882	0xF040C001  	MOVFF       R1, FARG_LongToStr_input+1
0x0886	0xF041C002  	MOVFF       R2, FARG_LongToStr_input+2
0x088A	0xF042C003  	MOVFF       R3, FARG_LongToStr_input+3
0x088E	0x5004      	MOVF        R4, 0 
L__main6:
0x0890	0xE007      	BZ          L__main7
0x0892	0x3242      	RRCF        FARG_LongToStr_input+3, 1 
0x0894	0x3241      	RRCF        FARG_LongToStr_input+2, 1 
0x0896	0x3240      	RRCF        FARG_LongToStr_input+1, 1 
0x0898	0x323F      	RRCF        FARG_LongToStr_input, 1 
0x089A	0x9E42      	BCF         FARG_LongToStr_input+3, 7 
0x089C	0x0FFF      	ADDLW       255
0x089E	0xD7F8      	BRA         L__main6
L__main7:
;unit03_04_voltimeter.c,149 :: 		LongToStr(mV,txt);                // Convert to string in "op"
0x08A0	0x0E33      	MOVLW       main_txt_L0
0x08A2	0x6E43      	MOVWF       FARG_LongToStr_output 
0x08A4	0x0E00      	MOVLW       hi_addr(main_txt_L0)
0x08A6	0x6E44      	MOVWF       FARG_LongToStr_output+1 
0x08A8	0xDEC2      	RCALL       _LongToStr
;unit03_04_voltimeter.c,150 :: 		str = Ltrim(txt);                 // Remove leading spaces
0x08AA	0x0E33      	MOVLW       main_txt_L0
0x08AC	0x6E3F      	MOVWF       FARG_Ltrim_string 
0x08AE	0x0E00      	MOVLW       hi_addr(main_txt_L0)
0x08B0	0x6E40      	MOVWF       FARG_Ltrim_string+1 
0x08B2	0xDF65      	RCALL       _Ltrim
;unit03_04_voltimeter.c,153 :: 		Lcd_Out(1,6,str);                 // Output to LCD
0x08B4	0x0E01      	MOVLW       1
0x08B6	0x6E3F      	MOVWF       FARG_Lcd_Out_row 
0x08B8	0x0E06      	MOVLW       6
0x08BA	0x6E40      	MOVWF       FARG_Lcd_Out_column 
0x08BC	0xF041C000  	MOVFF       R0, FARG_Lcd_Out_text
0x08C0	0xF042C001  	MOVFF       R1, FARG_Lcd_Out_text+1
0x08C4	0xDE1A      	RCALL       _Lcd_Out
;unit03_04_voltimeter.c,154 :: 		Delay_ms(1000);                   // Wait 1 s
0x08C6	0x0E0B      	MOVLW       11
0x08C8	0x6E0B      	MOVWF       R11, 0
0x08CA	0x0E26      	MOVLW       38
0x08CC	0x6E0C      	MOVWF       R12, 0
0x08CE	0x0E5D      	MOVLW       93
0x08D0	0x6E0D      	MOVWF       R13, 0
L_main3:
0x08D2	0x2E0D      	DECFSZ      R13, 1, 0
0x08D4	0xD7FE      	BRA         L_main3
0x08D6	0x2E0C      	DECFSZ      R12, 1, 0
0x08D8	0xD7FC      	BRA         L_main3
0x08DA	0x2E0B      	DECFSZ      R11, 1, 0
0x08DC	0xD7FA      	BRA         L_main3
0x08DE	0x0000      	NOP
0x08E0	0x0000      	NOP
;unit03_04_voltimeter.c,155 :: 		}
0x08E2	0xD7A5      	BRA         L_main1
;unit03_04_voltimeter.c,156 :: 		}
L_end_main:
0x08E4	0xD7FF      	BRA         $+0
; end of _main
0x08FC	0xF015EE10  	LFSR        1, 21
0x0900	0x0E15      	MOVLW       21
0x0902	0x6E00      	MOVWF       R0 
0x0904	0x0E01      	MOVLW       1
0x0906	0x6E01      	MOVWF       R1 
0x0908	0x0EE6      	MOVLW       230
0x090A	0x6EF6      	MOVWF       TBLPTR 
0x090C	0x0E08      	MOVLW       8
0x090E	0x6EF7      	MOVWF       TBLPTRH 
0x0910	0x0E00      	MOVLW       0
0x0912	0x6EF8      	MOVWF       TBLPTRU 
0x0914	0xF002EC75  	CALL        1258, 0
0x0918	0x0012      	RETURN      0
;unit03_04_voltimeter.c,0 :: ?ICS?lstr2_unit03_04_voltimeter
0x08E6	0x566D ;?ICS?lstr2_unit03_04_voltimeter+0
0x08E8	0x3D20 ;?ICS?lstr2_unit03_04_voltimeter+2
0x08EA	0x0020 ;?ICS?lstr2_unit03_04_voltimeter+4
; end of ?ICS?lstr2_unit03_04_voltimeter
;unit03_04_voltimeter.c,0 :: ?ICS?lstr1_unit03_04_voltimeter
0x08EC	0x6F56 ;?ICS?lstr1_unit03_04_voltimeter+0
0x08EE	0x746C ;?ICS?lstr1_unit03_04_voltimeter+2
0x08F0	0x6D69 ;?ICS?lstr1_unit03_04_voltimeter+4
0x08F2	0x7465 ;?ICS?lstr1_unit03_04_voltimeter+6
0x08F4	0x7265 ;?ICS?lstr1_unit03_04_voltimeter+8
0x08F6	0x7620 ;?ICS?lstr1_unit03_04_voltimeter+10
0x08F8	0x0031 ;?ICS?lstr1_unit03_04_voltimeter+12
; end of ?ICS?lstr1_unit03_04_voltimeter
;__Lib_ADC_A_D.c,0 :: ?ICS_vref_mask
0x08FA	0x30 ;?ICS_vref_mask+0
; end of ?ICS_vref_mask
Symbol List:
//** Routines locations **
//ADDRESS    SIZE    PROCEDURE
//----------------------------------------------
0x001C      [10]    _Delay_50us
0x0026      [22]    _Delay_5500us
0x003C       [6]    _Delay_1us
0x0042     [748]    _Div_32x32_U
0x032E     [124]    _Lcd_Cmd
0x03AA     [220]    _LongWordToStr
0x0486      [12]    _Lcd_Chr_CP
0x0492      [12]    _Delay_22us
0x049E      [62]    _ADC_Read
0x04DC      [14]    _ConfigMCU
0x04EA      [16]    ___CC2DW
0x04FA     [122]    _Lcd_Out
0x0574     [150]    _Lcd_Init
0x060A      [36]    _ADC_Init
0x062E     [254]    _LongToStr
0x072C      [82]    _Mul_32x32_U
0x077E     [110]    _Ltrim
0x07EC     [250]    _main
//** Variables locations ** 
//ADDRESS    SIZE    VARIABLE
//----------------------------------------------
0x0000       [1]    R0
0x0001       [1]    R1
0x0002       [1]    R2
0x0002       [2]    memchr_s_L0
0x0002       [2]    strlen_cp_L0
0x0002       [2]    memset_pp_L0
0x0002       [2]    memcpy_dd_L0
0x0003       [2]    Ltrim_original_L0
0x0003       [1]    R3
0x0003       [2]    memmove_tt_L0
0x0004       [2]    memcpy_ss_L0
0x0004       [1]    R4
0x0004       [2]    strncpy_cp_L0
0x0004       [2]    strcat_cp_L0
0x0004       [2]    strncat_cp_L0
0x0004       [2]    strcpy_cp_L0
0x0005       [2]    memmove_ff_L0
0x0005       [2]    Ltrim_p_L0
0x0005       [2]    LongWordToHex_input_half_L0
0x0005       [2]    LongIntToHex_input_half_L0
0x0005       [1]    R5
0x0006       [1]    R6
0x0007       [1]    R7
0x0008       [1]    R8
0x0009       [1]    R9
0x000A       [1]    R10
0x000B       [1]    R11
0x000C       [1]    R12
0x000D       [1]    R13
0x000E       [1]    R14
0x000F       [1]    R15
0x0010       [1]    R16
0x0011       [1]    R17
0x0012       [1]    R18
0x0013       [1]    R19
0x0014       [1]    R20
0x0015       [6]    ?lstr2_unit03_04_voltimeter
0x001B      [14]    ?lstr1_unit03_04_voltimeter
0x0029       [1]    _vref_mask
0x002A       [0]    __Lib_Lcd_cmd_status
0x002B       [4]    _ADC_Get_Sample_Ptr
0x002F       [4]    main_Vin_L0
0x0033      [12]    main_txt_L0
0x003F       [1]    FARG_ADC_Read_channel
0x003F       [4]    FARG_LongToStr_input
0x003F       [1]    FARG_Lcd_Out_row
0x003F       [2]    FARG_Ltrim_string
0x0040       [1]    FARG_Lcd_Out_column
0x0041       [2]    Ltrim_trimmed_L0
0x0041       [2]    FARG_Lcd_Out_text
0x0043       [1]    Lcd_Out_i_L0
0x0043       [2]    FARG_LongToStr_output
0x0045       [2]    LongToStr_i_L0
0x0047       [2]    LongToStr_negative_L0
0x0049       [4]    LongToStr_inword_L0
0x004D       [1]    FARG_Lcd_Chr_CP_out_char
0x004D       [4]    FARG_LongWordToStr_input
0x0051       [2]    FARG_LongWordToStr_output
0x0053       [2]    LongWordToStr_len_L0
0x0055       [2]    FLOC__LongWordToStr
0x0057       [1]    FARG_Lcd_Cmd_out_char
0x0F80       [1]    PORTA
0x0F8C       [0]    LATD5_bit
0x0F8C       [0]    LCD_D4
0x0F8C       [0]    LCD_D7
0x0F8C       [0]    LATD4_bit
0x0F8C       [0]    LCD_D6
0x0F8C       [0]    LATD6_bit
0x0F8C       [0]    LCD_D5
0x0F8C       [0]    LATD7_bit
0x0F8D       [0]    LATE1_bit
0x0F8D       [0]    LATE2_bit
0x0F8D       [0]    LCD_EN
0x0F8D       [0]    LCD_RS
0x0F92       [1]    TRISA
0x0F95       [0]    LCD_D7_Direction
0x0F95       [0]    TRISD7_bit
0x0F95       [0]    LCD_D5_Direction
0x0F95       [0]    LCD_D4_Direction
0x0F95       [0]    LCD_D6_Direction
0x0F95       [0]    TRISD5_bit
0x0F95       [0]    TRISD6_bit
0x0F95       [0]    TRISD4_bit
0x0F96       [0]    LCD_EN_Direction
0x0F96       [0]    LCD_RS_Direction
0x0F96       [0]    TRISE2_bit
0x0F96       [0]    TRISE1_bit
0x0FC0       [1]    ADCON2
0x0FC1       [1]    ADCON1
0x0FC2       [1]    ADCON0
0x0FC3       [1]    ADRESL
0x0FC4       [1]    ADRESH
0x0FD8       [1]    STATUS
0x0FD9       [1]    FSR2L
0x0FDA       [1]    FSR2H
0x0FDE       [1]    POSTINC2
0x0FE0       [1]    BSR
0x0FE1       [1]    FSR1L
0x0FE2       [1]    FSR1H
0x0FE4       [1]    PREINC1
0x0FE6       [1]    POSTINC1
0x0FE7       [1]    INDF1
0x0FE8       [1]    WREG
0x0FE9       [1]    FSR0L
0x0FEA       [1]    FSR0H
0x0FEE       [1]    POSTINC0
0x0FF3       [1]    PRODL
0x0FF4       [1]    PRODH
0x0FF5       [1]    TABLAT
0x0FF6       [1]    TBLPTRL
0x0FF6       [3]    TBLPTR
0x0FF7       [1]    TBLPTRH
0x0FF8       [1]    TBLPTRU
//** Constants locations ** 
//ADDRESS    SIZE    CONSTANT
//----------------------------------------------
0x08E6       [6]    ?ICS?lstr2_unit03_04_voltimeter
0x08EC      [14]    ?ICS?lstr1_unit03_04_voltimeter
0x08FA       [1]    ?ICS_vref_mask
