;  LST file generated by mikroListExporter - v.2.0 
; Date/Time: 30/11/2019 08:44:04 AM
;----------------------------------------------

;Address Opcode 	ASM
0x0000	0xF000EF1C  	GOTO        56
0x0004	0x0000      	NOP
0x0006	0x0000      	NOP
0x0008	0xF000EF00  	GOTO        0
0x000C	0x0000      	NOP
0x000E	0x0000      	NOP
0x0010	0x0000      	NOP
0x0012	0x0000      	NOP
0x0014	0x0000      	NOP
0x0016	0x0000      	NOP
0x0018	0xD7F3      	BRA         0
_ConfigTimer:
;unit04_02_timer0Extended.c,94 :: 		void ConfigTimer()
;unit04_02_timer0Extended.c,96 :: 		T0CON = 0B00000110;                 // prescale 1:128, mode 16-bit
0x001C	0x0E06      	MOVLW       6
0x001E	0x6ED5      	MOVWF       T0CON 
;unit04_02_timer0Extended.c,97 :: 		TMR0L = 0XF7;
0x0020	0x0EF7      	MOVLW       247
0x0022	0x6ED6      	MOVWF       TMR0L 
;unit04_02_timer0Extended.c,98 :: 		TMR0H = 0XC7;                       // Recharge initial counter &
0x0024	0x0EC7      	MOVLW       199
0x0026	0x6ED7      	MOVWF       TMR0H 
;unit04_02_timer0Extended.c,99 :: 		INTCON.TMR0IF = 0;                  // clean overflow Timer0's flag
0x0028	0x94F2      	BCF         INTCON, 2 
;unit04_02_timer0Extended.c,101 :: 		T0CON.TMR0ON = 1;                   // Timer0 on
0x002A	0x8ED5      	BSF         T0CON, 7 
;unit04_02_timer0Extended.c,102 :: 		}
L_end_ConfigTimer:
0x002C	0x0012      	RETURN      0
; end of _ConfigTimer
_ConfigMCU:
;unit04_02_timer0Extended.c,82 :: 		void ConfigMCU()
;unit04_02_timer0Extended.c,87 :: 		ADCON1 |= 0X0F;
0x002E	0x0E0F      	MOVLW       15
0x0030	0x12C1      	IORWF       ADCON1, 1 
;unit04_02_timer0Extended.c,90 :: 		TRISB = 0;                               // LED as output
0x0032	0x6A93      	CLRF        TRISB 
;unit04_02_timer0Extended.c,91 :: 		PORTB = 0;                               // LED off
0x0034	0x6A81      	CLRF        PORTB 
;unit04_02_timer0Extended.c,92 :: 		}
L_end_ConfigMCU:
0x0036	0x0012      	RETURN      0
; end of _ConfigMCU
_main:
;unit04_02_timer0Extended.c,105 :: 		void main() {
;unit04_02_timer0Extended.c,106 :: 		unsigned char counter = 0;                // variable used for extend overflow time for TMR0
0x0038	0x6A15      	CLRF        main_counter_L0 
;unit04_02_timer0Extended.c,108 :: 		ConfigMCU();
0x003A	0xDFF9      	RCALL       _ConfigMCU
;unit04_02_timer0Extended.c,109 :: 		ConfigTimer();
0x003C	0xDFEF      	RCALL       _ConfigTimer
;unit04_02_timer0Extended.c,111 :: 		while (TRUE)
L_main0:
;unit04_02_timer0Extended.c,113 :: 		if(INTCON.TMR0IF == 1)
0x003E	0xA4F2      	BTFSS       INTCON, 2 
0x0040	0xD00F      	BRA         L_main2
;unit04_02_timer0Extended.c,115 :: 		counter++;                          // By using counter you can make this
0x0042	0x2A15      	INCF        main_counter_L0, 1 
;unit04_02_timer0Extended.c,117 :: 		if(counter == 5)
0x0044	0x5015      	MOVF        main_counter_L0, 0 
0x0046	0x0A05      	XORLW       5
0x0048	0xE106      	BNZ         L_main3
;unit04_02_timer0Extended.c,119 :: 		PORTB.RB0 = ~LATB.RB0;          // toggle LED's logic signal
0x004A	0xB08A      	BTFSC       LATB, 0 
0x004C	0xD002      	BRA         L__main7
0x004E	0x8081      	BSF         PORTB, 0 
0x0050	0xD001      	BRA         L__main8
L__main7:
0x0052	0x9081      	BCF         PORTB, 0 
L__main8:
;unit04_02_timer0Extended.c,120 :: 		counter = 0;
0x0054	0x6A15      	CLRF        main_counter_L0 
;unit04_02_timer0Extended.c,121 :: 		}
L_main3:
;unit04_02_timer0Extended.c,123 :: 		TMR0L = 0XF7;
0x0056	0x0EF7      	MOVLW       247
0x0058	0x6ED6      	MOVWF       TMR0L 
;unit04_02_timer0Extended.c,124 :: 		TMR0H = 0XC7;                       // initial recharged default values
0x005A	0x0EC7      	MOVLW       199
0x005C	0x6ED7      	MOVWF       TMR0H 
;unit04_02_timer0Extended.c,125 :: 		INTCON.TMR0IF = 0;                  // Flag Timer0's overflow signal
0x005E	0x94F2      	BCF         INTCON, 2 
;unit04_02_timer0Extended.c,126 :: 		}
L_main2:
;unit04_02_timer0Extended.c,128 :: 		}
0x0060	0xD7EE      	BRA         L_main0
;unit04_02_timer0Extended.c,133 :: 		}
L_end_main:
0x0062	0xD7FF      	BRA         $+0
; end of _main
Symbol List:
//** Routines locations **
//ADDRESS    SIZE    PROCEDURE
//----------------------------------------------
0x001C      [18]    _ConfigTimer
0x002E      [10]    _ConfigMCU
0x0038      [44]    _main
//** Variables locations ** 
//ADDRESS    SIZE    VARIABLE
//----------------------------------------------
0x0000       [1]    R0
0x0001       [1]    R1
0x0002       [1]    R2
0x0003       [1]    R3
0x0004       [1]    R4
0x0005       [1]    R5
0x0006       [1]    R6
0x0007       [1]    R7
0x0008       [1]    R8
0x0009       [1]    R9
0x000A       [1]    R10
0x000B       [1]    R11
0x000C       [1]    R12
0x000D       [1]    R13
0x000E       [1]    R14
0x000F       [1]    R15
0x0010       [1]    R16
0x0011       [1]    R17
0x0012       [1]    R18
0x0013       [1]    R19
0x0014       [1]    R20
0x0015       [1]    main_counter_L0
0x0F81       [1]    PORTB
0x0F8A       [1]    LATB
0x0F93       [1]    TRISB
0x0FC1       [1]    ADCON1
0x0FD5       [1]    T0CON
0x0FD6       [1]    TMR0L
0x0FD7       [1]    TMR0H
0x0FD8       [1]    STATUS
0x0FD9       [1]    FSR2L
0x0FDA       [1]    FSR2H
0x0FDE       [1]    POSTINC2
0x0FE0       [1]    BSR
0x0FE1       [1]    FSR1L
0x0FE2       [1]    FSR1H
0x0FE4       [1]    PREINC1
0x0FE6       [1]    POSTINC1
0x0FE7       [1]    INDF1
0x0FE8       [1]    WREG
0x0FE9       [1]    FSR0L
0x0FEA       [1]    FSR0H
0x0FEE       [1]    POSTINC0
0x0FF2       [1]    INTCON
0x0FF3       [1]    PRODL
0x0FF4       [1]    PRODH
0x0FF5       [1]    TABLAT
0x0FF6       [1]    TBLPTRL
0x0FF7       [1]    TBLPTRH
0x0FF8       [1]    TBLPTRU
