;  LST file generated by mikroListExporter - v.2.0 
; Date/Time: 03/11/2019 04:42:36 PM
;----------------------------------------------

;Address Opcode 	ASM
0x0000	0xF000EF76  	GOTO        236
_INTERRUPTION_HIGH:
;unid_10_2_upDownCounter7segs.c,36 :: 		void INTERRUPTION_HIGH() iv 0x0008 ics ICS_AUTO {
0x0008	0xF015C000  	MOVFF       R0, 21
;unid_10_2_upDownCounter7segs.c,53 :: 		if(INTCON.TMR0IF == 1)
0x000C	0xA4F2      	BTFSS       INTCON, 2 
0x000E	0xD027      	BRA         L_INTERRUPTION_HIGH0
;unid_10_2_upDownCounter7segs.c,55 :: 		PORTA &= 0B11000011;  //picGenios: Apaga RA2/RA3/RA4/RA5 display pins
0x0010	0x0EC3      	MOVLW       195
0x0012	0x1680      	ANDWF       PORTA, 1 
;unid_10_2_upDownCounter7segs.c,56 :: 		switch(state_machine)
0x0014	0xD018      	BRA         L_INTERRUPTION_HIGH1
;unid_10_2_upDownCounter7segs.c,58 :: 		case d1: {
L_INTERRUPTION_HIGH3:
;unid_10_2_upDownCounter7segs.c,59 :: 		PORTD = Dta[0];
0x0016	0xFF83C021  	MOVFF       _Dta, PORTD
;unid_10_2_upDownCounter7segs.c,60 :: 		PORTA.RA5 = 1;
0x001A	0x8A80      	BSF         PORTA, 5 
;unid_10_2_upDownCounter7segs.c,61 :: 		state_machine = d2;
0x001C	0x0E02      	MOVLW       2
0x001E	0x6E20      	MOVWF       INTERRUPTION_HIGH_state_machine_L0 
;unid_10_2_upDownCounter7segs.c,62 :: 		break;
0x0020	0xD01E      	BRA         L_INTERRUPTION_HIGH2
;unid_10_2_upDownCounter7segs.c,64 :: 		case d2: {
L_INTERRUPTION_HIGH4:
;unid_10_2_upDownCounter7segs.c,65 :: 		PORTD = Dta[1];
0x0022	0xFF83C022  	MOVFF       _Dta+1, PORTD
;unid_10_2_upDownCounter7segs.c,66 :: 		PORTA.RA4 = 1;
0x0026	0x8880      	BSF         PORTA, 4 
;unid_10_2_upDownCounter7segs.c,67 :: 		state_machine = d3;
0x0028	0x0E03      	MOVLW       3
0x002A	0x6E20      	MOVWF       INTERRUPTION_HIGH_state_machine_L0 
;unid_10_2_upDownCounter7segs.c,68 :: 		break;
0x002C	0xD018      	BRA         L_INTERRUPTION_HIGH2
;unid_10_2_upDownCounter7segs.c,70 :: 		case d3: {
L_INTERRUPTION_HIGH5:
;unid_10_2_upDownCounter7segs.c,71 :: 		PORTD = Dta[2];
0x002E	0xFF83C023  	MOVFF       _Dta+2, PORTD
;unid_10_2_upDownCounter7segs.c,72 :: 		PORTA.RA3 = 1;
0x0032	0x8680      	BSF         PORTA, 3 
;unid_10_2_upDownCounter7segs.c,73 :: 		state_machine = d4;
0x0034	0x0E04      	MOVLW       4
0x0036	0x6E20      	MOVWF       INTERRUPTION_HIGH_state_machine_L0 
;unid_10_2_upDownCounter7segs.c,74 :: 		break;
0x0038	0xD012      	BRA         L_INTERRUPTION_HIGH2
;unid_10_2_upDownCounter7segs.c,76 :: 		case d4: {
L_INTERRUPTION_HIGH6:
;unid_10_2_upDownCounter7segs.c,77 :: 		PORTD = Dta[3];
0x003A	0xFF83C024  	MOVFF       _Dta+3, PORTD
;unid_10_2_upDownCounter7segs.c,78 :: 		PORTA.RA2 = 1;
0x003E	0x8480      	BSF         PORTA, 2 
;unid_10_2_upDownCounter7segs.c,79 :: 		state_machine = d1;
0x0040	0x0E01      	MOVLW       1
0x0042	0x6E20      	MOVWF       INTERRUPTION_HIGH_state_machine_L0 
;unid_10_2_upDownCounter7segs.c,80 :: 		break;
0x0044	0xD00C      	BRA         L_INTERRUPTION_HIGH2
;unid_10_2_upDownCounter7segs.c,82 :: 		}
L_INTERRUPTION_HIGH1:
0x0046	0x5020      	MOVF        INTERRUPTION_HIGH_state_machine_L0, 0 
0x0048	0x0A01      	XORLW       1
0x004A	0xE0E5      	BZ          L_INTERRUPTION_HIGH3
0x004C	0x5020      	MOVF        INTERRUPTION_HIGH_state_machine_L0, 0 
0x004E	0x0A02      	XORLW       2
0x0050	0xE0E8      	BZ          L_INTERRUPTION_HIGH4
0x0052	0x5020      	MOVF        INTERRUPTION_HIGH_state_machine_L0, 0 
0x0054	0x0A03      	XORLW       3
0x0056	0xE0EB      	BZ          L_INTERRUPTION_HIGH5
0x0058	0x5020      	MOVF        INTERRUPTION_HIGH_state_machine_L0, 0 
0x005A	0x0A04      	XORLW       4
0x005C	0xE0EE      	BZ          L_INTERRUPTION_HIGH6
L_INTERRUPTION_HIGH2:
;unid_10_2_upDownCounter7segs.c,83 :: 		}
L_INTERRUPTION_HIGH0:
;unid_10_2_upDownCounter7segs.c,86 :: 		TMR0H = 0XFE;
0x005E	0x0EFE      	MOVLW       254
0x0060	0x6ED7      	MOVWF       TMR0H 
;unid_10_2_upDownCounter7segs.c,87 :: 		TMR0L = 0X06;
0x0062	0x0E06      	MOVLW       6
0x0064	0x6ED6      	MOVWF       TMR0L 
;unid_10_2_upDownCounter7segs.c,88 :: 		INTCON.TMR0IF = 0;              // Clear flag & reset interruption cycle
0x0066	0x94F2      	BCF         INTCON, 2 
;unid_10_2_upDownCounter7segs.c,90 :: 		}
L_end_INTERRUPTION_HIGH:
L__INTERRUPTION_HIGH21:
0x0068	0xF000C015  	MOVFF       21, R0
0x006C	0x0011      	RETFIE      1
; end of _INTERRUPTION_HIGH
_configGlobalInterruption:
;unid_10_2_upDownCounter7segs.c,131 :: 		void configGlobalInterruption()     // Interruptions's master keys
;unid_10_2_upDownCounter7segs.c,133 :: 		INTCON.GIEH = 1;                  // High priority enabled
0x006E	0x8EF2      	BSF         INTCON, 7 
;unid_10_2_upDownCounter7segs.c,134 :: 		INTCON.GIEL = 1;                  // Low prioritY enabled
0x0070	0x8CF2      	BSF         INTCON, 6 
;unid_10_2_upDownCounter7segs.c,135 :: 		RCON.IPEN =   1;                  // Compatibility family 16F (just one level)
0x0072	0x8ED0      	BSF         RCON, 7 
;unid_10_2_upDownCounter7segs.c,138 :: 		}
L_end_configGlobalInterruption:
0x0074	0x0012      	RETURN      0
; end of _configGlobalInterruption
_configIndividualVctTMR0:
;unid_10_2_upDownCounter7segs.c,139 :: 		void configIndividualVctTMR0()
;unid_10_2_upDownCounter7segs.c,142 :: 		INTCON.TMR0IF  = 0;               // Overflow flag; please init zero
0x0076	0x94F2      	BCF         INTCON, 2 
;unid_10_2_upDownCounter7segs.c,143 :: 		INTCON2.TMR0IP = 1;               // Interruption priority vector: HIGH
0x0078	0x84F1      	BSF         INTCON2, 2 
;unid_10_2_upDownCounter7segs.c,144 :: 		INTCON.TMR0IE  = 1;               // TIMER0's interruption enabled
0x007A	0x8AF2      	BSF         INTCON, 5 
;unid_10_2_upDownCounter7segs.c,145 :: 		}
L_end_configIndividualVctTMR0:
0x007C	0x0012      	RETURN      0
; end of _configIndividualVctTMR0
_Div_16X16_U:
;__Lib_Math.c,102 :: 		
;__Lib_Math.c,109 :: 		
0x007E	0x6A08      	CLRF        R8, 0
;__Lib_Math.c,110 :: 		
0x0080	0x6A09      	CLRF        R9, 0
;__Lib_Math.c,111 :: 		
0x0082	0x0E10      	MOVLW       16
;__Lib_Math.c,112 :: 		
0x0084	0x6E0C      	MOVWF       R12, 0
;__Lib_Math.c,113 :: 		
0x0086	0x3401      	RLCF        R1, 0, 0
;__Lib_Math.c,114 :: 		
0x0088	0x3608      	RLCF        R8, 1, 0
;__Lib_Math.c,115 :: 		
0x008A	0x3609      	RLCF        R9, 1, 0
;__Lib_Math.c,116 :: 		
0x008C	0x5004      	MOVF        R4, 0, 0
;__Lib_Math.c,117 :: 		
0x008E	0x5E08      	SUBWF       R8, 1, 0
;__Lib_Math.c,118 :: 		
0x0090	0x5005      	MOVF        R5, 0, 0
;__Lib_Math.c,119 :: 		
0x0092	0xA0D8      	BTFSS       STATUS, 0, 0
;__Lib_Math.c,120 :: 		
0x0094	0x3C05      	INCFSZ      R5, 0, 0
;__Lib_Math.c,121 :: 		
0x0096	0x5E09      	SUBWF       R9, 1, 0
;__Lib_Math.c,122 :: 		
0x0098	0xB0D8      	BTFSC       STATUS, 0, 0
;__Lib_Math.c,123 :: 		
0x009A	0xD007      	BRA         $+16
;__Lib_Math.c,124 :: 		
0x009C	0x5004      	MOVF        R4, 0, 0
;__Lib_Math.c,125 :: 		
0x009E	0x2608      	ADDWF       R8, 1, 0
;__Lib_Math.c,126 :: 		
0x00A0	0x5005      	MOVF        R5, 0, 0
;__Lib_Math.c,127 :: 		
0x00A2	0xB0D8      	BTFSC       STATUS, 0, 0
;__Lib_Math.c,128 :: 		
0x00A4	0x3C05      	INCFSZ      R5, 0, 0
;__Lib_Math.c,129 :: 		
0x00A6	0x2609      	ADDWF       R9, 1, 0
;__Lib_Math.c,130 :: 		
0x00A8	0x90D8      	BCF         STATUS, 0, 0
;__Lib_Math.c,131 :: 		
0x00AA	0x3600      	RLCF        R0, 1, 0
;__Lib_Math.c,132 :: 		
0x00AC	0x3601      	RLCF        R1, 1, 0
;__Lib_Math.c,133 :: 		
0x00AE	0x2E0C      	DECFSZ      R12, 1, 0
;__Lib_Math.c,134 :: 		
0x00B0	0xD7EA      	BRA         $-42
;__Lib_Math.c,136 :: 		
L_end_Div_16X16_U:
0x00B2	0x0012      	RETURN      0
; end of _Div_16X16_U
_configTimer0:
;unid_10_2_upDownCounter7segs.c,116 :: 		void configTimer0()
;unid_10_2_upDownCounter7segs.c,122 :: 		T0CON = 0B00000010;
0x00B4	0x0E02      	MOVLW       2
0x00B6	0x6ED5      	MOVWF       T0CON 
;unid_10_2_upDownCounter7segs.c,124 :: 		TMR0L = 0XFE;
0x00B8	0x0EFE      	MOVLW       254
0x00BA	0x6ED6      	MOVWF       TMR0L 
;unid_10_2_upDownCounter7segs.c,125 :: 		TMR0H = 0X0C;                       // Recharge initial counter &
0x00BC	0x0E0C      	MOVLW       12
0x00BE	0x6ED7      	MOVWF       TMR0H 
;unid_10_2_upDownCounter7segs.c,126 :: 		INTCON.TMR0IF = 0;                  // clean overflow Timer0's flag
0x00C0	0x94F2      	BCF         INTCON, 2 
;unid_10_2_upDownCounter7segs.c,128 :: 		T0CON.TMR0ON = 1;                   // Timer0 on
0x00C2	0x8ED5      	BSF         T0CON, 7 
;unid_10_2_upDownCounter7segs.c,129 :: 		}
L_end_configTimer0:
0x00C4	0x0012      	RETURN      0
; end of _configTimer0
___CC2DW:
;__Lib_System.c,21 :: 		
;__Lib_System.c,23 :: 		
_CC2DL_Loop1:
;__Lib_System.c,24 :: 		
0x00C6	0x0009      	TBLRD*+
;__Lib_System.c,25 :: 		
0x00C8	0xFFE6CFF5  	MOVFF       TABLAT, POSTINC1
;__Lib_System.c,26 :: 		
0x00CC	0x0600      	DECF        R0, 1, 0
;__Lib_System.c,27 :: 		
0x00CE	0xE1FB      	BNZ         _CC2DL_Loop1
;__Lib_System.c,28 :: 		
0x00D0	0x0601      	DECF        R1, 1, 0
;__Lib_System.c,29 :: 		
0x00D2	0xE1F9      	BNZ         _CC2DL_Loop1
;__Lib_System.c,31 :: 		
L_end___CC2DW:
0x00D4	0x0012      	RETURN      0
; end of ___CC2DW
_configMCU:
;unid_10_2_upDownCounter7segs.c,92 :: 		void configMCU()                   // Timer0 Port & Directions
;unid_10_2_upDownCounter7segs.c,99 :: 		ADCON1 |= 0X0F;                    // Analog pinouts
0x00D6	0x0E0F      	MOVLW       15
0x00D8	0x12C1      	IORWF       ADCON1, 1 
;unid_10_2_upDownCounter7segs.c,102 :: 		TRISA = 0;
0x00DA	0x6A92      	CLRF        TRISA 
;unid_10_2_upDownCounter7segs.c,103 :: 		PORTA = 0;                         // LEDs' control pins
0x00DC	0x6A80      	CLRF        PORTA 
;unid_10_2_upDownCounter7segs.c,104 :: 		TRISD = 0;
0x00DE	0x6A95      	CLRF        TRISD 
;unid_10_2_upDownCounter7segs.c,105 :: 		PORTD = 0;                         // LEDs' control pins
0x00E0	0x6A83      	CLRF        PORTD 
;unid_10_2_upDownCounter7segs.c,109 :: 		TRISB.RB0 = 1;   //COUNT = UP
0x00E2	0x8093      	BSF         TRISB, 0 
;unid_10_2_upDownCounter7segs.c,110 :: 		PORTB.RB0 = 1;
0x00E4	0x8081      	BSF         PORTB, 0 
;unid_10_2_upDownCounter7segs.c,112 :: 		TRISB.RB1 = 1;  //COUNT = DOWN
0x00E6	0x8293      	BSF         TRISB, 1 
;unid_10_2_upDownCounter7segs.c,113 :: 		PORTB.RB1 = 1;
0x00E8	0x8281      	BSF         PORTB, 1 
;unid_10_2_upDownCounter7segs.c,114 :: 		}
L_end_configMCU:
0x00EA	0x0012      	RETURN      0
; end of _configMCU
_main:
0x00EC	0x0E3F      	MOVLW       63
0x00EE	0x6E16      	MOVWF       _DMatriz 
0x00F0	0x0E06      	MOVLW       6
0x00F2	0x6E17      	MOVWF       23 
0x00F4	0x0E5B      	MOVLW       91
0x00F6	0x6E18      	MOVWF       24 
0x00F8	0x0E4F      	MOVLW       79
0x00FA	0x6E19      	MOVWF       25 
0x00FC	0x0E66      	MOVLW       102
0x00FE	0x6E1A      	MOVWF       26 
0x0100	0x0E6D      	MOVLW       109
0x0102	0x6E1B      	MOVWF       27 
0x0104	0x0E7D      	MOVLW       125
0x0106	0x6E1C      	MOVWF       28 
0x0108	0x0E07      	MOVLW       7
0x010A	0x6E1D      	MOVWF       29 
0x010C	0x0E7F      	MOVLW       127
0x010E	0x6E1E      	MOVWF       30 
0x0110	0x0E6F      	MOVLW       111
0x0112	0x6E1F      	MOVWF       31 
0x0114	0x0E01      	MOVLW       1
0x0116	0x6E20      	MOVWF       INTERRUPTION_HIGH_state_machine_L0 
;unid_10_2_upDownCounter7segs.c,147 :: 		void main()
;unid_10_2_upDownCounter7segs.c,149 :: 		unsigned int Count = 0;
0x0118	0x6A25      	CLRF        main_Count_L0 
0x011A	0x6A26      	CLRF        main_Count_L0+1 
;unid_10_2_upDownCounter7segs.c,151 :: 		configMCU();
0x011C	0xDFDC      	RCALL       _configMCU
;unid_10_2_upDownCounter7segs.c,152 :: 		configTimer0();
0x011E	0xDFCA      	RCALL       _configTimer0
;unid_10_2_upDownCounter7segs.c,153 :: 		configGlobalInterruption();
0x0120	0xDFA6      	RCALL       _configGlobalInterruption
;unid_10_2_upDownCounter7segs.c,154 :: 		configIndividualVctTMR0();
0x0122	0xDFA9      	RCALL       _configIndividualVctTMR0
;unid_10_2_upDownCounter7segs.c,163 :: 		while(TRUE)
L_main7:
;unid_10_2_upDownCounter7segs.c,165 :: 		if(PORTB.RB0 == 0 && Count < 9999)    //UP
0x0124	0xB081      	BTFSC       PORTB, 0 
0x0126	0xD016      	BRA         L_main11
0x0128	0x0E27      	MOVLW       39
0x012A	0x5C26      	SUBWF       main_Count_L0+1, 0 
0x012C	0xE102      	BNZ         L__main27
0x012E	0x0E0F      	MOVLW       15
0x0130	0x5C25      	SUBWF       main_Count_L0, 0 
L__main27:
0x0132	0xE210      	BC          L_main11
L__main19:
;unid_10_2_upDownCounter7segs.c,167 :: 		Count++;
0x0134	0x4A25      	INFSNZ      main_Count_L0, 1 
0x0136	0x2A26      	INCF        main_Count_L0+1, 1 
;unid_10_2_upDownCounter7segs.c,168 :: 		Delay_ms(300);
0x0138	0x0E04      	MOVLW       4
0x013A	0x6E0B      	MOVWF       R11, 0
0x013C	0x0E0C      	MOVLW       12
0x013E	0x6E0C      	MOVWF       R12, 0
0x0140	0x0E33      	MOVLW       51
0x0142	0x6E0D      	MOVWF       R13, 0
L_main12:
0x0144	0x2E0D      	DECFSZ      R13, 1, 0
0x0146	0xD7FE      	BRA         L_main12
0x0148	0x2E0C      	DECFSZ      R12, 1, 0
0x014A	0xD7FC      	BRA         L_main12
0x014C	0x2E0B      	DECFSZ      R11, 1, 0
0x014E	0xD7FA      	BRA         L_main12
0x0150	0x0000      	NOP
0x0152	0x0000      	NOP
;unid_10_2_upDownCounter7segs.c,169 :: 		}
L_main11:
;unid_10_2_upDownCounter7segs.c,171 :: 		if(PORTB.RB1 == 0 && Count > 0)
0x0154	0xB281      	BTFSC       PORTB, 1 
0x0156	0xD01A      	BRA         L_main15
0x0158	0x0E00      	MOVLW       0
0x015A	0x6E00      	MOVWF       R0 
0x015C	0x5026      	MOVF        main_Count_L0+1, 0 
0x015E	0x5C00      	SUBWF       R0, 0 
0x0160	0xE102      	BNZ         L__main28
0x0162	0x5025      	MOVF        main_Count_L0, 0 
0x0164	0x0800      	SUBLW       0
L__main28:
0x0166	0xE212      	BC          L_main15
L__main18:
;unid_10_2_upDownCounter7segs.c,173 :: 		Count--;
0x0168	0x0E01      	MOVLW       1
0x016A	0x5E25      	SUBWF       main_Count_L0, 1 
0x016C	0x0E00      	MOVLW       0
0x016E	0x5A26      	SUBWFB      main_Count_L0+1, 1 
;unid_10_2_upDownCounter7segs.c,174 :: 		Delay_ms(300);
0x0170	0x0E04      	MOVLW       4
0x0172	0x6E0B      	MOVWF       R11, 0
0x0174	0x0E0C      	MOVLW       12
0x0176	0x6E0C      	MOVWF       R12, 0
0x0178	0x0E33      	MOVLW       51
0x017A	0x6E0D      	MOVWF       R13, 0
L_main16:
0x017C	0x2E0D      	DECFSZ      R13, 1, 0
0x017E	0xD7FE      	BRA         L_main16
0x0180	0x2E0C      	DECFSZ      R12, 1, 0
0x0182	0xD7FC      	BRA         L_main16
0x0184	0x2E0B      	DECFSZ      R11, 1, 0
0x0186	0xD7FA      	BRA         L_main16
0x0188	0x0000      	NOP
0x018A	0x0000      	NOP
;unid_10_2_upDownCounter7segs.c,175 :: 		}
L_main15:
;unid_10_2_upDownCounter7segs.c,180 :: 		Dta[0] = DMatriz[varAux%10];
0x018C	0x0E0A      	MOVLW       10
0x018E	0x6E04      	MOVWF       R4 
0x0190	0x0E00      	MOVLW       0
0x0192	0x6E05      	MOVWF       R5 
0x0194	0xF000C025  	MOVFF       main_Count_L0, R0
0x0198	0xF001C026  	MOVFF       main_Count_L0+1, R1
0x019C	0xDF70      	RCALL       _Div_16X16_U
0x019E	0xF000C008  	MOVFF       R8, R0
0x01A2	0xF001C009  	MOVFF       R9, R1
0x01A6	0x0E16      	MOVLW       _DMatriz
0x01A8	0x2400      	ADDWF       R0, 0 
0x01AA	0x6EE9      	MOVWF       FSR0L 
0x01AC	0x0E00      	MOVLW       hi_addr(_DMatriz)
0x01AE	0x2001      	ADDWFC      R1, 0 
0x01B0	0x6EEA      	MOVWF       FSR0L+1 
0x01B2	0xF021CFEE  	MOVFF       POSTINC0, _Dta
;unid_10_2_upDownCounter7segs.c,181 :: 		varAux /= 10;
0x01B6	0x0E0A      	MOVLW       10
0x01B8	0x6E04      	MOVWF       R4 
0x01BA	0x0E00      	MOVLW       0
0x01BC	0x6E05      	MOVWF       R5 
0x01BE	0xF000C025  	MOVFF       main_Count_L0, R0
0x01C2	0xF001C026  	MOVFF       main_Count_L0+1, R1
0x01C6	0xDF5B      	RCALL       _Div_16X16_U
0x01C8	0xF027C000  	MOVFF       R0, FLOC__main
0x01CC	0xF028C001  	MOVFF       R1, FLOC__main+1
0x01D0	0x0E0A      	MOVLW       10
0x01D2	0x6E04      	MOVWF       R4 
0x01D4	0x0E00      	MOVLW       0
0x01D6	0x6E05      	MOVWF       R5 
0x01D8	0xF000C027  	MOVFF       FLOC__main, R0
0x01DC	0xF001C028  	MOVFF       FLOC__main+1, R1
0x01E0	0xDF4E      	RCALL       _Div_16X16_U
0x01E2	0xF000C008  	MOVFF       R8, R0
0x01E6	0xF001C009  	MOVFF       R9, R1
;unid_10_2_upDownCounter7segs.c,182 :: 		Dta[1] = DMatriz[varAux%10];
0x01EA	0x0E16      	MOVLW       _DMatriz
0x01EC	0x2400      	ADDWF       R0, 0 
0x01EE	0x6EE9      	MOVWF       FSR0L 
0x01F0	0x0E00      	MOVLW       hi_addr(_DMatriz)
0x01F2	0x2001      	ADDWFC      R1, 0 
0x01F4	0x6EEA      	MOVWF       FSR0L+1 
0x01F6	0xF022CFEE  	MOVFF       POSTINC0, _Dta+1
;unid_10_2_upDownCounter7segs.c,183 :: 		varAux /= 10;
0x01FA	0x0E0A      	MOVLW       10
0x01FC	0x6E04      	MOVWF       R4 
0x01FE	0x0E00      	MOVLW       0
0x0200	0x6E05      	MOVWF       R5 
0x0202	0xF000C027  	MOVFF       FLOC__main, R0
0x0206	0xF001C028  	MOVFF       FLOC__main+1, R1
0x020A	0xDF39      	RCALL       _Div_16X16_U
0x020C	0xF027C000  	MOVFF       R0, FLOC__main
0x0210	0xF028C001  	MOVFF       R1, FLOC__main+1
0x0214	0x0E0A      	MOVLW       10
0x0216	0x6E04      	MOVWF       R4 
0x0218	0x0E00      	MOVLW       0
0x021A	0x6E05      	MOVWF       R5 
0x021C	0xF000C027  	MOVFF       FLOC__main, R0
0x0220	0xF001C028  	MOVFF       FLOC__main+1, R1
0x0224	0xDF2C      	RCALL       _Div_16X16_U
0x0226	0xF000C008  	MOVFF       R8, R0
0x022A	0xF001C009  	MOVFF       R9, R1
;unid_10_2_upDownCounter7segs.c,184 :: 		Dta[2] = DMatriz[varAux%10];
0x022E	0x0E16      	MOVLW       _DMatriz
0x0230	0x2400      	ADDWF       R0, 0 
0x0232	0x6EE9      	MOVWF       FSR0L 
0x0234	0x0E00      	MOVLW       hi_addr(_DMatriz)
0x0236	0x2001      	ADDWFC      R1, 0 
0x0238	0x6EEA      	MOVWF       FSR0L+1 
0x023A	0xF023CFEE  	MOVFF       POSTINC0, _Dta+2
;unid_10_2_upDownCounter7segs.c,185 :: 		varAux /= 10;
0x023E	0x0E0A      	MOVLW       10
0x0240	0x6E04      	MOVWF       R4 
0x0242	0x0E00      	MOVLW       0
0x0244	0x6E05      	MOVWF       R5 
0x0246	0xF000C027  	MOVFF       FLOC__main, R0
0x024A	0xF001C028  	MOVFF       FLOC__main+1, R1
0x024E	0xDF17      	RCALL       _Div_16X16_U
;unid_10_2_upDownCounter7segs.c,186 :: 		Dta[3] = DMatriz[varAux%10];
0x0250	0x0E0A      	MOVLW       10
0x0252	0x6E04      	MOVWF       R4 
0x0254	0x0E00      	MOVLW       0
0x0256	0x6E05      	MOVWF       R5 
0x0258	0xDF12      	RCALL       _Div_16X16_U
0x025A	0xF000C008  	MOVFF       R8, R0
0x025E	0xF001C009  	MOVFF       R9, R1
0x0262	0x0E16      	MOVLW       _DMatriz
0x0264	0x2400      	ADDWF       R0, 0 
0x0266	0x6EE9      	MOVWF       FSR0L 
0x0268	0x0E00      	MOVLW       hi_addr(_DMatriz)
0x026A	0x2001      	ADDWFC      R1, 0 
0x026C	0x6EEA      	MOVWF       FSR0L+1 
0x026E	0xF024CFEE  	MOVFF       POSTINC0, _Dta+3
;unid_10_2_upDownCounter7segs.c,187 :: 		Delay_ms(10);
0x0272	0x0E1A      	MOVLW       26
0x0274	0x6E0C      	MOVWF       R12, 0
0x0276	0x0EF8      	MOVLW       248
0x0278	0x6E0D      	MOVWF       R13, 0
L_main17:
0x027A	0x2E0D      	DECFSZ      R13, 1, 0
0x027C	0xD7FE      	BRA         L_main17
0x027E	0x2E0C      	DECFSZ      R12, 1, 0
0x0280	0xD7FC      	BRA         L_main17
0x0282	0x0000      	NOP
;unid_10_2_upDownCounter7segs.c,190 :: 		}
0x0284	0xD74F      	BRA         L_main7
;unid_10_2_upDownCounter7segs.c,191 :: 		}
L_end_main:
0x0286	0xD7FF      	BRA         $+0
; end of _main
Symbol List:
//** Routines locations **
//ADDRESS    SIZE    PROCEDURE
//----------------------------------------------
0x0008     [102]    _INTERRUPTION_HIGH
0x006E       [8]    _configGlobalInterruption
0x0076       [8]    _configIndividualVctTMR0
0x007E      [54]    _Div_16X16_U
0x00B4      [18]    _configTimer0
0x00C6      [16]    ___CC2DW
0x00D6      [22]    _configMCU
0x00EC     [412]    _main
//** Variables locations ** 
//ADDRESS    SIZE    VARIABLE
//----------------------------------------------
0x0000       [1]    R0
0x0001       [1]    R1
0x0002       [1]    R2
0x0003       [1]    R3
0x0004       [1]    R4
0x0005       [1]    R5
0x0006       [1]    R6
0x0007       [1]    R7
0x0008       [1]    R8
0x0009       [1]    R9
0x000A       [1]    R10
0x000B       [1]    R11
0x000C       [1]    R12
0x000D       [1]    R13
0x000E       [1]    R14
0x000F       [1]    R15
0x0010       [1]    R16
0x0011       [1]    R17
0x0012       [1]    R18
0x0013       [1]    R19
0x0014       [1]    R20
0x0016      [10]    _DMatriz
0x0020       [1]    INTERRUPTION_HIGH_state_machine_L0
0x0021       [4]    _Dta
0x0025       [2]    main_Count_L0
0x0027       [2]    FLOC__main
0x0F80       [1]    PORTA
0x0F81       [1]    PORTB
0x0F83       [1]    PORTD
0x0F92       [1]    TRISA
0x0F93       [1]    TRISB
0x0F95       [1]    TRISD
0x0FC1       [1]    ADCON1
0x0FD0       [1]    RCON
0x0FD5       [1]    T0CON
0x0FD6       [1]    TMR0L
0x0FD7       [1]    TMR0H
0x0FD8       [1]    STATUS
0x0FD9       [1]    FSR2L
0x0FDA       [1]    FSR2H
0x0FDE       [1]    POSTINC2
0x0FE0       [1]    BSR
0x0FE1       [1]    FSR1L
0x0FE2       [1]    FSR1H
0x0FE4       [1]    PREINC1
0x0FE6       [1]    POSTINC1
0x0FE7       [1]    INDF1
0x0FE8       [1]    WREG
0x0FE9       [1]    FSR0L
0x0FEA       [1]    FSR0H
0x0FEE       [1]    POSTINC0
0x0FF1       [1]    INTCON2
0x0FF2       [1]    INTCON
0x0FF3       [1]    PRODL
0x0FF4       [1]    PRODH
0x0FF5       [1]    TABLAT
0x0FF6       [1]    TBLPTRL
0x0FF7       [1]    TBLPTRH
0x0FF8       [1]    TBLPTRU
