;  LST file generated by mikroListExporter - v.2.0 
; Date/Time: 03/11/2019 04:06:02 PM
;----------------------------------------------

;Address Opcode 	ASM
0x0000	0xF000EF57  	GOTO        174
_INTERRUPTION_HIGH:
;unid_10_1_7segsScan.c,34 :: 		void INTERRUPTION_HIGH() iv 0x0008 ics ICS_AUTO {
0x0008	0xF015C000  	MOVFF       R0, 21
;unid_10_1_7segsScan.c,51 :: 		if(INTCON.TMR0IF == 1)
0x000C	0xA4F2      	BTFSS       INTCON, 2 
0x000E	0xD027      	BRA         L_INTERRUPTION_HIGH0
;unid_10_1_7segsScan.c,53 :: 		PORTA &= 0B11000011;  //picGenios: Apaga RA2/RA3/RA4/RA5 display pins
0x0010	0x0EC3      	MOVLW       195
0x0012	0x1680      	ANDWF       PORTA, 1 
;unid_10_1_7segsScan.c,54 :: 		switch(state_machine)
0x0014	0xD018      	BRA         L_INTERRUPTION_HIGH1
;unid_10_1_7segsScan.c,56 :: 		case d1: {
L_INTERRUPTION_HIGH3:
;unid_10_1_7segsScan.c,57 :: 		PORTD = 102;
0x0016	0x0E66      	MOVLW       102
0x0018	0x6E83      	MOVWF       PORTD 
;unid_10_1_7segsScan.c,58 :: 		PORTA.RA5 = 1;
0x001A	0x8A80      	BSF         PORTA, 5 
;unid_10_1_7segsScan.c,59 :: 		state_machine = d2;
0x001C	0x0E02      	MOVLW       2
0x001E	0x6E16      	MOVWF       INTERRUPTION_HIGH_state_machine_L0 
;unid_10_1_7segsScan.c,60 :: 		break;
0x0020	0xD01E      	BRA         L_INTERRUPTION_HIGH2
;unid_10_1_7segsScan.c,62 :: 		case d2: {
L_INTERRUPTION_HIGH4:
;unid_10_1_7segsScan.c,63 :: 		PORTD = 79;
0x0022	0x0E4F      	MOVLW       79
0x0024	0x6E83      	MOVWF       PORTD 
;unid_10_1_7segsScan.c,64 :: 		PORTA.RA4 = 1;
0x0026	0x8880      	BSF         PORTA, 4 
;unid_10_1_7segsScan.c,65 :: 		state_machine = d3;
0x0028	0x0E03      	MOVLW       3
0x002A	0x6E16      	MOVWF       INTERRUPTION_HIGH_state_machine_L0 
;unid_10_1_7segsScan.c,66 :: 		break;
0x002C	0xD018      	BRA         L_INTERRUPTION_HIGH2
;unid_10_1_7segsScan.c,68 :: 		case d3: {
L_INTERRUPTION_HIGH5:
;unid_10_1_7segsScan.c,69 :: 		PORTD = 91;
0x002E	0x0E5B      	MOVLW       91
0x0030	0x6E83      	MOVWF       PORTD 
;unid_10_1_7segsScan.c,70 :: 		PORTA.RA3 = 1;
0x0032	0x8680      	BSF         PORTA, 3 
;unid_10_1_7segsScan.c,71 :: 		state_machine = d4;
0x0034	0x0E04      	MOVLW       4
0x0036	0x6E16      	MOVWF       INTERRUPTION_HIGH_state_machine_L0 
;unid_10_1_7segsScan.c,72 :: 		break;
0x0038	0xD012      	BRA         L_INTERRUPTION_HIGH2
;unid_10_1_7segsScan.c,74 :: 		case d4: {
L_INTERRUPTION_HIGH6:
;unid_10_1_7segsScan.c,75 :: 		PORTD = 6;
0x003A	0x0E06      	MOVLW       6
0x003C	0x6E83      	MOVWF       PORTD 
;unid_10_1_7segsScan.c,76 :: 		PORTA.RA2 = 1;
0x003E	0x8480      	BSF         PORTA, 2 
;unid_10_1_7segsScan.c,77 :: 		state_machine = d1;
0x0040	0x0E01      	MOVLW       1
0x0042	0x6E16      	MOVWF       INTERRUPTION_HIGH_state_machine_L0 
;unid_10_1_7segsScan.c,78 :: 		break;
0x0044	0xD00C      	BRA         L_INTERRUPTION_HIGH2
;unid_10_1_7segsScan.c,80 :: 		}
L_INTERRUPTION_HIGH1:
0x0046	0x5016      	MOVF        INTERRUPTION_HIGH_state_machine_L0, 0 
0x0048	0x0A01      	XORLW       1
0x004A	0xE0E5      	BZ          L_INTERRUPTION_HIGH3
0x004C	0x5016      	MOVF        INTERRUPTION_HIGH_state_machine_L0, 0 
0x004E	0x0A02      	XORLW       2
0x0050	0xE0E8      	BZ          L_INTERRUPTION_HIGH4
0x0052	0x5016      	MOVF        INTERRUPTION_HIGH_state_machine_L0, 0 
0x0054	0x0A03      	XORLW       3
0x0056	0xE0EB      	BZ          L_INTERRUPTION_HIGH5
0x0058	0x5016      	MOVF        INTERRUPTION_HIGH_state_machine_L0, 0 
0x005A	0x0A04      	XORLW       4
0x005C	0xE0EE      	BZ          L_INTERRUPTION_HIGH6
L_INTERRUPTION_HIGH2:
;unid_10_1_7segsScan.c,81 :: 		}
L_INTERRUPTION_HIGH0:
;unid_10_1_7segsScan.c,84 :: 		TMR0H = 0XFE;
0x005E	0x0EFE      	MOVLW       254
0x0060	0x6ED7      	MOVWF       TMR0H 
;unid_10_1_7segsScan.c,85 :: 		TMR0L = 0X06;
0x0062	0x0E06      	MOVLW       6
0x0064	0x6ED6      	MOVWF       TMR0L 
;unid_10_1_7segsScan.c,86 :: 		INTCON.TMR0IF = 0;              // Clear flag & reset interruption cycle
0x0066	0x94F2      	BCF         INTCON, 2 
;unid_10_1_7segsScan.c,88 :: 		}
L_end_INTERRUPTION_HIGH:
L__INTERRUPTION_HIGH10:
0x0068	0xF000C015  	MOVFF       21, R0
0x006C	0x0011      	RETFIE      1
; end of _INTERRUPTION_HIGH
_configTimer0:
;unid_10_1_7segsScan.c,105 :: 		void configTimer0()
;unid_10_1_7segsScan.c,111 :: 		T0CON = 0B00000010;
0x006E	0x0E02      	MOVLW       2
0x0070	0x6ED5      	MOVWF       T0CON 
;unid_10_1_7segsScan.c,113 :: 		TMR0L = 0XFE;
0x0072	0x0EFE      	MOVLW       254
0x0074	0x6ED6      	MOVWF       TMR0L 
;unid_10_1_7segsScan.c,114 :: 		TMR0H = 0X0C;                       // Recharge initial counter &
0x0076	0x0E0C      	MOVLW       12
0x0078	0x6ED7      	MOVWF       TMR0H 
;unid_10_1_7segsScan.c,115 :: 		INTCON.TMR0IF = 0;                  // clean overflow Timer0's flag
0x007A	0x94F2      	BCF         INTCON, 2 
;unid_10_1_7segsScan.c,117 :: 		T0CON.TMR0ON = 1;                   // Timer0 on
0x007C	0x8ED5      	BSF         T0CON, 7 
;unid_10_1_7segsScan.c,118 :: 		}
L_end_configTimer0:
0x007E	0x0012      	RETURN      0
; end of _configTimer0
_configGlobalInterruption:
;unid_10_1_7segsScan.c,120 :: 		void configGlobalInterruption()     // Interruptions's master keys
;unid_10_1_7segsScan.c,122 :: 		INTCON.GIEH = 1;                  // High priority enabled
0x0080	0x8EF2      	BSF         INTCON, 7 
;unid_10_1_7segsScan.c,123 :: 		INTCON.GIEL = 1;                  // Low prioritY enabled
0x0082	0x8CF2      	BSF         INTCON, 6 
;unid_10_1_7segsScan.c,124 :: 		RCON.IPEN =   1;                  // Compatibility family 16F (just one level)
0x0084	0x8ED0      	BSF         RCON, 7 
;unid_10_1_7segsScan.c,127 :: 		}
L_end_configGlobalInterruption:
0x0086	0x0012      	RETURN      0
; end of _configGlobalInterruption
_configIndividualVctTMR0:
;unid_10_1_7segsScan.c,128 :: 		void configIndividualVctTMR0()
;unid_10_1_7segsScan.c,131 :: 		INTCON.TMR0IF  = 0;               // Overflow flag; please init zero
0x0088	0x94F2      	BCF         INTCON, 2 
;unid_10_1_7segsScan.c,132 :: 		INTCON2.TMR0IP = 1;               // Interruption priority vector: HIGH
0x008A	0x84F1      	BSF         INTCON2, 2 
;unid_10_1_7segsScan.c,133 :: 		INTCON.TMR0IE  = 1;               // TIMER0's interruption enabled
0x008C	0x8AF2      	BSF         INTCON, 5 
;unid_10_1_7segsScan.c,134 :: 		}
L_end_configIndividualVctTMR0:
0x008E	0x0012      	RETURN      0
; end of _configIndividualVctTMR0
___CC2DW:
;__Lib_System.c,21 :: 		
;__Lib_System.c,23 :: 		
_CC2DL_Loop1:
;__Lib_System.c,24 :: 		
0x0090	0x0009      	TBLRD*+
;__Lib_System.c,25 :: 		
0x0092	0xFFE6CFF5  	MOVFF       TABLAT, POSTINC1
;__Lib_System.c,26 :: 		
0x0096	0x0600      	DECF        R0, 1, 0
;__Lib_System.c,27 :: 		
0x0098	0xE1FB      	BNZ         _CC2DL_Loop1
;__Lib_System.c,28 :: 		
0x009A	0x0601      	DECF        R1, 1, 0
;__Lib_System.c,29 :: 		
0x009C	0xE1F9      	BNZ         _CC2DL_Loop1
;__Lib_System.c,31 :: 		
L_end___CC2DW:
0x009E	0x0012      	RETURN      0
; end of ___CC2DW
_configMCU:
;unid_10_1_7segsScan.c,90 :: 		void configMCU()                   // Timer0 Port & Directions
;unid_10_1_7segsScan.c,96 :: 		ADCON1 |= 0X0F;                    // Analog pinouts
0x00A0	0x0E0F      	MOVLW       15
0x00A2	0x12C1      	IORWF       ADCON1, 1 
;unid_10_1_7segsScan.c,99 :: 		TRISA = 0;
0x00A4	0x6A92      	CLRF        TRISA 
;unid_10_1_7segsScan.c,100 :: 		PORTA = 0;                         // LEDs' control pins
0x00A6	0x6A80      	CLRF        PORTA 
;unid_10_1_7segsScan.c,101 :: 		TRISD = 0;
0x00A8	0x6A95      	CLRF        TRISD 
;unid_10_1_7segsScan.c,102 :: 		PORTD = 0;                         // LEDs' control pins
0x00AA	0x6A83      	CLRF        PORTD 
;unid_10_1_7segsScan.c,103 :: 		}
L_end_configMCU:
0x00AC	0x0012      	RETURN      0
; end of _configMCU
_main:
0x00AE	0x0E01      	MOVLW       1
0x00B0	0x6E16      	MOVWF       INTERRUPTION_HIGH_state_machine_L0 
;unid_10_1_7segsScan.c,136 :: 		void main()
;unid_10_1_7segsScan.c,138 :: 		configMCU();
0x00B2	0xDFF6      	RCALL       _configMCU
;unid_10_1_7segsScan.c,139 :: 		configTimer0();
0x00B4	0xDFDC      	RCALL       _configTimer0
;unid_10_1_7segsScan.c,140 :: 		configGlobalInterruption();
0x00B6	0xDFE4      	RCALL       _configGlobalInterruption
;unid_10_1_7segsScan.c,141 :: 		configIndividualVctTMR0();
0x00B8	0xDFE7      	RCALL       _configIndividualVctTMR0
;unid_10_1_7segsScan.c,150 :: 		while(TRUE)
L_main7:
;unid_10_1_7segsScan.c,154 :: 		}
0x00BA	0xD7FF      	BRA         L_main7
;unid_10_1_7segsScan.c,158 :: 		}
L_end_main:
0x00BC	0xD7FF      	BRA         $+0
; end of _main
Symbol List:
//** Routines locations **
//ADDRESS    SIZE    PROCEDURE
//----------------------------------------------
0x0008     [102]    _INTERRUPTION_HIGH
0x006E      [18]    _configTimer0
0x0080       [8]    _configGlobalInterruption
0x0088       [8]    _configIndividualVctTMR0
0x0090      [16]    ___CC2DW
0x00A0      [14]    _configMCU
0x00AE      [16]    _main
//** Variables locations ** 
//ADDRESS    SIZE    VARIABLE
//----------------------------------------------
0x0000       [1]    R0
0x0001       [1]    R1
0x0002       [1]    R2
0x0003       [1]    R3
0x0004       [1]    R4
0x0005       [1]    R5
0x0006       [1]    R6
0x0007       [1]    R7
0x0008       [1]    R8
0x0009       [1]    R9
0x000A       [1]    R10
0x000B       [1]    R11
0x000C       [1]    R12
0x000D       [1]    R13
0x000E       [1]    R14
0x000F       [1]    R15
0x0010       [1]    R16
0x0011       [1]    R17
0x0012       [1]    R18
0x0013       [1]    R19
0x0014       [1]    R20
0x0016       [1]    INTERRUPTION_HIGH_state_machine_L0
0x0F80       [1]    PORTA
0x0F83       [1]    PORTD
0x0F92       [1]    TRISA
0x0F95       [1]    TRISD
0x0FC1       [1]    ADCON1
0x0FD0       [1]    RCON
0x0FD5       [1]    T0CON
0x0FD6       [1]    TMR0L
0x0FD7       [1]    TMR0H
0x0FD8       [1]    STATUS
0x0FD9       [1]    FSR2L
0x0FDA       [1]    FSR2H
0x0FDE       [1]    POSTINC2
0x0FE0       [1]    BSR
0x0FE1       [1]    FSR1L
0x0FE2       [1]    FSR1H
0x0FE4       [1]    PREINC1
0x0FE6       [1]    POSTINC1
0x0FE7       [1]    INDF1
0x0FE8       [1]    WREG
0x0FE9       [1]    FSR0L
0x0FEA       [1]    FSR0H
0x0FEE       [1]    POSTINC0
0x0FF1       [1]    INTCON2
0x0FF2       [1]    INTCON
0x0FF3       [1]    PRODL
0x0FF4       [1]    PRODH
0x0FF5       [1]    TABLAT
0x0FF6       [1]    TBLPTRL
0x0FF7       [1]    TBLPTRH
0x0FF8       [1]    TBLPTRU
