;  LST file generated by mikroListExporter - v.2.0 
; Date/Time: 03/11/2019 05:52:19 PM
;----------------------------------------------

;Address Opcode 	ASM
0x0000	0xF000EF34  	GOTO        104
0x0004	0x0000      	NOP
0x0006	0x0000      	NOP
0x0008	0xF000EF00  	GOTO        0
0x000C	0x0000      	NOP
0x000E	0x0000      	NOP
0x0010	0x0000      	NOP
0x0012	0x0000      	NOP
0x0014	0x0000      	NOP
0x0016	0x0000      	NOP
0x0018	0xD7F3      	BRA         0
_EEPROM_Read_byte:
;unid_11_1_eeprom.c,20 :: 		unsigned char EEPROM_Read_byte(unsigned char address)
;unid_11_1_eeprom.c,22 :: 		EEADR        = address;   //Endereço da EEPROM a ser Lido
0x001C	0xFFA9C015  	MOVFF       FARG_EEPROM_Read_byte_address, EEADR
;unid_11_1_eeprom.c,23 :: 		EECON1.CFGS  = 0;    //Acesso ao controle da memória EEPROM
0x0020	0x9CA6      	BCF         EECON1, 6 
;unid_11_1_eeprom.c,24 :: 		EECON1.EEPGD = 0;    //Aponta para a memória EEPROM
0x0022	0x9EA6      	BCF         EECON1, 7 
;unid_11_1_eeprom.c,25 :: 		EECON1.RD    = 1;    //Inicia a Leitura da EEPROM
0x0024	0x80A6      	BSF         EECON1, 0 
;unid_11_1_eeprom.c,26 :: 		asm nop;             //Recomenda-se aguardar 2 ciclos
0x0026	0x0000      	NOP
;unid_11_1_eeprom.c,27 :: 		asm nop;             // de máquina antes de ler EEDATA
0x0028	0x0000      	NOP
;unid_11_1_eeprom.c,29 :: 		return EEDATA;       //O valor da leitura está em EEDATA
0x002A	0xF000CFA8  	MOVFF       EEDATA, R0
;unid_11_1_eeprom.c,30 :: 		}
L_end_EEPROM_Read_byte:
0x002E	0x0012      	RETURN      0
; end of _EEPROM_Read_byte
_EEPROM_Write_byte:
;unid_11_1_eeprom.c,1 :: 		void EEPROM_Write_byte(unsigned char address, unsigned char dta)
;unid_11_1_eeprom.c,3 :: 		char  STATUS_GIE  = 0;
0x0030	0x6A17      	CLRF        EEPROM_Write_byte_STATUS_GIE_L0 
;unid_11_1_eeprom.c,4 :: 		EEADR        = address; //Endereço a ser gravado
0x0032	0xFFA9C015  	MOVFF       FARG_EEPROM_Write_byte_address, EEADR
;unid_11_1_eeprom.c,5 :: 		EEDATA       = dta;     //Byte a ser gravado
0x0036	0xFFA8C016  	MOVFF       FARG_EEPROM_Write_byte_dta, EEDATA
;unid_11_1_eeprom.c,6 :: 		EECON1.EEPGD = 0;   //Aponta para a memória EEPROM
0x003A	0x9EA6      	BCF         EECON1, 7 
;unid_11_1_eeprom.c,7 :: 		EECON1.CFGS  = 0;   //Acesso ao controle da EEPROM
0x003C	0x9CA6      	BCF         EECON1, 6 
;unid_11_1_eeprom.c,8 :: 		EECON1.WREN  = 1;   //Habilita modo de gravação da EEPROM
0x003E	0x84A6      	BSF         EECON1, 2 
;unid_11_1_eeprom.c,9 :: 		STATUS_GIE = INTCON.GIEH;
0x0040	0x0E00      	MOVLW       0
0x0042	0xBEF2      	BTFSC       INTCON, 7 
0x0044	0x0E01      	MOVLW       1
0x0046	0x6E17      	MOVWF       EEPROM_Write_byte_STATUS_GIE_L0 
;unid_11_1_eeprom.c,10 :: 		INTCON.GIEH = 0;
0x0048	0x9EF2      	BCF         INTCON, 7 
;unid_11_1_eeprom.c,11 :: 		EECON2 = 0x55;      //procedimento obrigatório p/ escrita
0x004A	0x0E55      	MOVLW       85
0x004C	0x6EA7      	MOVWF       EECON2 
;unid_11_1_eeprom.c,12 :: 		EECON2 = 0xAA;      //procedimento obrigatório p/ escrita
0x004E	0x0EAA      	MOVLW       170
0x0050	0x6EA7      	MOVWF       EECON2 
;unid_11_1_eeprom.c,13 :: 		EECON1.WR = 1;      //Realiza a gravação da EEPROM
0x0052	0x82A6      	BSF         EECON1, 1 
;unid_11_1_eeprom.c,14 :: 		while(EECON1.WR == 1); //Aguarda o término da gravação
L_EEPROM_Write_byte0:
0x0054	0xA2A6      	BTFSS       EECON1, 1 
0x0056	0xD001      	BRA         L_EEPROM_Write_byte1
0x0058	0xD7FD      	BRA         L_EEPROM_Write_byte0
L_EEPROM_Write_byte1:
;unid_11_1_eeprom.c,15 :: 		INTCON.GIEH = STATUS_GIE;
0x005A	0xB017      	BTFSC       EEPROM_Write_byte_STATUS_GIE_L0, 0 
0x005C	0xD002      	BRA         L__EEPROM_Write_byte6
0x005E	0x9EF2      	BCF         INTCON, 7 
0x0060	0xD001      	BRA         L__EEPROM_Write_byte7
L__EEPROM_Write_byte6:
0x0062	0x8EF2      	BSF         INTCON, 7 
L__EEPROM_Write_byte7:
;unid_11_1_eeprom.c,16 :: 		EECON1.WREN = 0;    //Desabilita o modo de gravação
0x0064	0x94A6      	BCF         EECON1, 2 
;unid_11_1_eeprom.c,18 :: 		}
L_end_EEPROM_Write_byte:
0x0066	0x0012      	RETURN      0
; end of _EEPROM_Write_byte
_main:
;unid_11_1_eeprom.c,32 :: 		void main() {
;unid_11_1_eeprom.c,37 :: 		TRISD = 0;
0x0068	0x6A95      	CLRF        TRISD 
;unid_11_1_eeprom.c,38 :: 		PORTD = 0;
0x006A	0x6A83      	CLRF        PORTD 
;unid_11_1_eeprom.c,39 :: 		EEPROM_Write_byte(0,0B1010101);
0x006C	0x6A15      	CLRF        FARG_EEPROM_Write_byte_address 
0x006E	0x0E55      	MOVLW       85
0x0070	0x6E16      	MOVWF       FARG_EEPROM_Write_byte_dta 
0x0072	0xDFDE      	RCALL       _EEPROM_Write_byte
;unid_11_1_eeprom.c,40 :: 		Delay_ms(5);
0x0074	0x0E0D      	MOVLW       13
0x0076	0x6E0C      	MOVWF       R12, 0
0x0078	0x0EFB      	MOVLW       251
0x007A	0x6E0D      	MOVWF       R13, 0
L_main2:
0x007C	0x2E0D      	DECFSZ      R13, 1, 0
0x007E	0xD7FE      	BRA         L_main2
0x0080	0x2E0C      	DECFSZ      R12, 1, 0
0x0082	0xD7FC      	BRA         L_main2
0x0084	0x0000      	NOP
0x0086	0x0000      	NOP
;unid_11_1_eeprom.c,41 :: 		PORTD = EEPROM_Read_byte(0);
0x0088	0x6A15      	CLRF        FARG_EEPROM_Read_byte_address 
0x008A	0xDFC8      	RCALL       _EEPROM_Read_byte
0x008C	0xFF83C000  	MOVFF       R0, PORTD
;unid_11_1_eeprom.c,42 :: 		while(1);
L_main3:
0x0090	0xD7FF      	BRA         L_main3
;unid_11_1_eeprom.c,44 :: 		}
L_end_main:
0x0092	0xD7FF      	BRA         $+0
; end of _main
Symbol List:
//** Routines locations **
//ADDRESS    SIZE    PROCEDURE
//----------------------------------------------
0x001C      [20]    _EEPROM_Read_byte
0x0030      [56]    _EEPROM_Write_byte
0x0068      [44]    _main
//** Variables locations ** 
//ADDRESS    SIZE    VARIABLE
//----------------------------------------------
0x0000       [1]    R0
0x0001       [1]    R1
0x0002       [1]    R2
0x0003       [1]    R3
0x0004       [1]    R4
0x0005       [1]    R5
0x0006       [1]    R6
0x0007       [1]    R7
0x0008       [1]    R8
0x0009       [1]    R9
0x000A       [1]    R10
0x000B       [1]    R11
0x000C       [1]    R12
0x000D       [1]    R13
0x000E       [1]    R14
0x000F       [1]    R15
0x0010       [1]    R16
0x0011       [1]    R17
0x0012       [1]    R18
0x0013       [1]    R19
0x0014       [1]    R20
0x0015       [1]    FARG_EEPROM_Write_byte_address
0x0015       [1]    FARG_EEPROM_Read_byte_address
0x0016       [1]    FARG_EEPROM_Write_byte_dta
0x0017       [1]    EEPROM_Write_byte_STATUS_GIE_L0
0x0F83       [1]    PORTD
0x0F95       [1]    TRISD
0x0FA6       [1]    EECON1
0x0FA7       [1]    EECON2
0x0FA8       [1]    EEDATA
0x0FA9       [1]    EEADR
0x0FD8       [1]    STATUS
0x0FD9       [1]    FSR2L
0x0FDA       [1]    FSR2H
0x0FDE       [1]    POSTINC2
0x0FE0       [1]    BSR
0x0FE1       [1]    FSR1L
0x0FE2       [1]    FSR1H
0x0FE4       [1]    PREINC1
0x0FE6       [1]    POSTINC1
0x0FE7       [1]    INDF1
0x0FE8       [1]    WREG
0x0FE9       [1]    FSR0L
0x0FEA       [1]    FSR0H
0x0FEE       [1]    POSTINC0
0x0FF2       [1]    INTCON
0x0FF3       [1]    PRODL
0x0FF4       [1]    PRODH
0x0FF5       [1]    TABLAT
0x0FF6       [1]    TBLPTRL
0x0FF7       [1]    TBLPTRH
0x0FF8       [1]    TBLPTRU
