;  LST file generated by mikroListExporter - v.2.0 
; Date/Time: 29/10/2019 04:47:24 PM
;----------------------------------------------

;Address Opcode 	ASM
0x0000	0xF004EF15  	GOTO        2090
0x0004	0x0000      	NOP
0x0006	0x0000      	NOP
0x0008	0xF000EF00  	GOTO        0
0x000C	0x0000      	NOP
0x000E	0x0000      	NOP
0x0010	0x0000      	NOP
0x0012	0x0000      	NOP
0x0014	0x0000      	NOP
0x0016	0x0000      	NOP
0x0018	0xD7F3      	BRA         0
_Delay_50us:
;__Lib_Delays.c,19 :: 		void Delay_50us() {
;__Lib_Delays.c,20 :: 		Delay_us(50);
0x001C	0x0E21      	MOVLW       33
0x001E	0x6E0D      	MOVWF       R13, 0
L_Delay_50us2:
0x0020	0x2E0D      	DECFSZ      R13, 1, 0
0x0022	0xD7FE      	BRA         L_Delay_50us2
;__Lib_Delays.c,21 :: 		}
L_end_Delay_50us:
0x0024	0x0012      	RETURN      0
; end of _Delay_50us
_Delay_5500us:
;__Lib_Delays.c,31 :: 		void Delay_5500us() {
;__Lib_Delays.c,32 :: 		Delay_us(5500);
0x0026	0x0E0F      	MOVLW       15
0x0028	0x6E0C      	MOVWF       R12, 0
0x002A	0x0E47      	MOVLW       71
0x002C	0x6E0D      	MOVWF       R13, 0
L_Delay_5500us5:
0x002E	0x2E0D      	DECFSZ      R13, 1, 0
0x0030	0xD7FE      	BRA         L_Delay_5500us5
0x0032	0x2E0C      	DECFSZ      R12, 1, 0
0x0034	0xD7FC      	BRA         L_Delay_5500us5
0x0036	0x0000      	NOP
0x0038	0x0000      	NOP
;__Lib_Delays.c,33 :: 		}
L_end_Delay_5500us:
0x003A	0x0012      	RETURN      0
; end of _Delay_5500us
_Delay_1us:
;__Lib_Delays.c,7 :: 		void Delay_1us() {
;__Lib_Delays.c,8 :: 		Delay_us(1);
0x003C	0x0000      	NOP
0x003E	0x0000      	NOP
;__Lib_Delays.c,9 :: 		}
L_end_Delay_1us:
0x0040	0x0012      	RETURN      0
; end of _Delay_1us
_Lcd_Cmd:
;__Lib_Lcd.c,18 :: 		
;__Lib_Lcd.c,20 :: 		
0x0042	0xBE68      	BTFSC       FARG_Lcd_Cmd_out_char, 7 
0x0044	0xD002      	BRA         L__Lcd_Cmd21
0x0046	0x9E8C      	BCF         LCD_D7, BitPos(LCD_D7+0) 
0x0048	0xD001      	BRA         L__Lcd_Cmd22
L__Lcd_Cmd21:
0x004A	0x8E8C      	BSF         LCD_D7, BitPos(LCD_D7+0) 
L__Lcd_Cmd22:
;__Lib_Lcd.c,21 :: 		
0x004C	0xBC68      	BTFSC       FARG_Lcd_Cmd_out_char, 6 
0x004E	0xD002      	BRA         L__Lcd_Cmd23
0x0050	0x9C8C      	BCF         LCD_D6, BitPos(LCD_D6+0) 
0x0052	0xD001      	BRA         L__Lcd_Cmd24
L__Lcd_Cmd23:
0x0054	0x8C8C      	BSF         LCD_D6, BitPos(LCD_D6+0) 
L__Lcd_Cmd24:
;__Lib_Lcd.c,22 :: 		
0x0056	0xBA68      	BTFSC       FARG_Lcd_Cmd_out_char, 5 
0x0058	0xD002      	BRA         L__Lcd_Cmd25
0x005A	0x9A8C      	BCF         LCD_D5, BitPos(LCD_D5+0) 
0x005C	0xD001      	BRA         L__Lcd_Cmd26
L__Lcd_Cmd25:
0x005E	0x8A8C      	BSF         LCD_D5, BitPos(LCD_D5+0) 
L__Lcd_Cmd26:
;__Lib_Lcd.c,23 :: 		
0x0060	0xB868      	BTFSC       FARG_Lcd_Cmd_out_char, 4 
0x0062	0xD002      	BRA         L__Lcd_Cmd27
0x0064	0x988C      	BCF         LCD_D4, BitPos(LCD_D4+0) 
0x0066	0xD001      	BRA         L__Lcd_Cmd28
L__Lcd_Cmd27:
0x0068	0x888C      	BSF         LCD_D4, BitPos(LCD_D4+0) 
L__Lcd_Cmd28:
;__Lib_Lcd.c,25 :: 		
0x006A	0xB036      	BTFSC       __Lib_Lcd_cmd_status, BitPos(__Lib_Lcd_cmd_status+0) 
0x006C	0xD002      	BRA         L__Lcd_Cmd29
0x006E	0x848D      	BSF         LCD_RS, BitPos(LCD_RS+0) 
0x0070	0xD001      	BRA         L__Lcd_Cmd30
L__Lcd_Cmd29:
0x0072	0x948D      	BCF         LCD_RS, BitPos(LCD_RS+0) 
L__Lcd_Cmd30:
;__Lib_Lcd.c,28 :: 		
0x0074	0x828D      	BSF         LCD_EN, BitPos(LCD_EN+0) 
;__Lib_Lcd.c,29 :: 		
0x0076	0xDFE2      	RCALL       _Delay_1us
;__Lib_Lcd.c,30 :: 		
0x0078	0x928D      	BCF         LCD_EN, BitPos(LCD_EN+0) 
;__Lib_Lcd.c,33 :: 		
0x007A	0xB668      	BTFSC       FARG_Lcd_Cmd_out_char, 3 
0x007C	0xD002      	BRA         L__Lcd_Cmd31
0x007E	0x9E8C      	BCF         LCD_D7, BitPos(LCD_D7+0) 
0x0080	0xD001      	BRA         L__Lcd_Cmd32
L__Lcd_Cmd31:
0x0082	0x8E8C      	BSF         LCD_D7, BitPos(LCD_D7+0) 
L__Lcd_Cmd32:
;__Lib_Lcd.c,34 :: 		
0x0084	0xB468      	BTFSC       FARG_Lcd_Cmd_out_char, 2 
0x0086	0xD002      	BRA         L__Lcd_Cmd33
0x0088	0x9C8C      	BCF         LCD_D6, BitPos(LCD_D6+0) 
0x008A	0xD001      	BRA         L__Lcd_Cmd34
L__Lcd_Cmd33:
0x008C	0x8C8C      	BSF         LCD_D6, BitPos(LCD_D6+0) 
L__Lcd_Cmd34:
;__Lib_Lcd.c,35 :: 		
0x008E	0xB268      	BTFSC       FARG_Lcd_Cmd_out_char, 1 
0x0090	0xD002      	BRA         L__Lcd_Cmd35
0x0092	0x9A8C      	BCF         LCD_D5, BitPos(LCD_D5+0) 
0x0094	0xD001      	BRA         L__Lcd_Cmd36
L__Lcd_Cmd35:
0x0096	0x8A8C      	BSF         LCD_D5, BitPos(LCD_D5+0) 
L__Lcd_Cmd36:
;__Lib_Lcd.c,36 :: 		
0x0098	0xB068      	BTFSC       FARG_Lcd_Cmd_out_char, 0 
0x009A	0xD002      	BRA         L__Lcd_Cmd37
0x009C	0x988C      	BCF         LCD_D4, BitPos(LCD_D4+0) 
0x009E	0xD001      	BRA         L__Lcd_Cmd38
L__Lcd_Cmd37:
0x00A0	0x888C      	BSF         LCD_D4, BitPos(LCD_D4+0) 
L__Lcd_Cmd38:
;__Lib_Lcd.c,38 :: 		
0x00A2	0xB036      	BTFSC       __Lib_Lcd_cmd_status, BitPos(__Lib_Lcd_cmd_status+0) 
0x00A4	0xD002      	BRA         L__Lcd_Cmd39
0x00A6	0x848D      	BSF         LCD_RS, BitPos(LCD_RS+0) 
0x00A8	0xD001      	BRA         L__Lcd_Cmd40
L__Lcd_Cmd39:
0x00AA	0x948D      	BCF         LCD_RS, BitPos(LCD_RS+0) 
L__Lcd_Cmd40:
;__Lib_Lcd.c,40 :: 		
0x00AC	0x828D      	BSF         LCD_EN, BitPos(LCD_EN+0) 
;__Lib_Lcd.c,41 :: 		
0x00AE	0xDFC6      	RCALL       _Delay_1us
;__Lib_Lcd.c,42 :: 		
0x00B0	0x928D      	BCF         LCD_EN, BitPos(LCD_EN+0) 
;__Lib_Lcd.c,44 :: 		
0x00B2	0xA036      	BTFSS       __Lib_Lcd_cmd_status, BitPos(__Lib_Lcd_cmd_status+0) 
0x00B4	0xD002      	BRA         L_Lcd_Cmd0
;__Lib_Lcd.c,45 :: 		
0x00B6	0xDFB7      	RCALL       _Delay_5500us
0x00B8	0xD001      	BRA         L_Lcd_Cmd1
L_Lcd_Cmd0:
;__Lib_Lcd.c,47 :: 		
0x00BA	0xDFB0      	RCALL       _Delay_50us
L_Lcd_Cmd1:
;__Lib_Lcd.c,48 :: 		
L_end_Lcd_Cmd:
0x00BC	0x0012      	RETURN      0
; end of _Lcd_Cmd
_Div_32x32_U:
;__Lib_Math.c,1162 :: 		
;__Lib_Math.c,1173 :: 		
0x00BE	0x6A0B      	CLRF        R11, 0
;__Lib_Math.c,1174 :: 		
0x00C0	0x6A0A      	CLRF        R10, 0
;__Lib_Math.c,1175 :: 		
0x00C2	0x6A09      	CLRF        R9, 0
;__Lib_Math.c,1176 :: 		
0x00C4	0x6A08      	CLRF        R8, 0
;__Lib_Math.c,1178 :: 		
0x00C6	0x6A0E      	CLRF        R14, 0
;__Lib_Math.c,1180 :: 		
0x00C8	0x3403      	RLCF        R3, 0, 0
;__Lib_Math.c,1181 :: 		
0x00CA	0x3608      	RLCF        R8, 1, 0
;__Lib_Math.c,1182 :: 		
0x00CC	0x5004      	MOVF        R4, 0, 0
;__Lib_Math.c,1183 :: 		
0x00CE	0x5E08      	SUBWF       R8, 1, 0
;__Lib_Math.c,1184 :: 		
0x00D0	0x5005      	MOVF        R5, 0, 0
;__Lib_Math.c,1185 :: 		
0x00D2	0xA0D8      	BTFSS       STATUS, 0, 0
;__Lib_Math.c,1186 :: 		
0x00D4	0x3C05      	INCFSZ      R5, 0, 0
;__Lib_Math.c,1187 :: 		
0x00D6	0x5E09      	SUBWF       R9, 1, 0
;__Lib_Math.c,1188 :: 		
0x00D8	0x5006      	MOVF        R6, 0, 0
;__Lib_Math.c,1189 :: 		
0x00DA	0xA0D8      	BTFSS       STATUS, 0, 0
;__Lib_Math.c,1190 :: 		
0x00DC	0x3C06      	INCFSZ      R6, 0, 0
;__Lib_Math.c,1191 :: 		
0x00DE	0x5E0A      	SUBWF       R10, 1, 0
;__Lib_Math.c,1192 :: 		
0x00E0	0x5007      	MOVF        R7, 0, 0
;__Lib_Math.c,1193 :: 		
0x00E2	0xA0D8      	BTFSS       STATUS, 0, 0
;__Lib_Math.c,1194 :: 		
0x00E4	0x3C07      	INCFSZ      R7, 0, 0
;__Lib_Math.c,1195 :: 		
0x00E6	0x5E0B      	SUBWF       R11, 1, 0
;__Lib_Math.c,1197 :: 		
0x00E8	0x6AE8      	CLRF        WREG, 0
;__Lib_Math.c,1198 :: 		
0x00EA	0xA0D8      	BTFSS       STATUS, 0, 0
;__Lib_Math.c,1199 :: 		
0x00EC	0x0E01      	MOVLW       1
;__Lib_Math.c,1200 :: 		
0x00EE	0x5E0E      	SUBWF       R14, 1, 0
;__Lib_Math.c,1201 :: 		
0x00F0	0x3603      	RLCF        R3, 1, 0
;__Lib_Math.c,1203 :: 		
0x00F2	0x0E07      	MOVLW       7
;__Lib_Math.c,1204 :: 		
0x00F4	0x6E0C      	MOVWF       R12, 0
;__Lib_Math.c,1206 :: 		
LOOPU3232A:
;__Lib_Math.c,1207 :: 		
0x00F6	0x3403      	RLCF        R3, 0, 0
;__Lib_Math.c,1208 :: 		
0x00F8	0x3608      	RLCF        R8, 1, 0
;__Lib_Math.c,1209 :: 		
0x00FA	0x3609      	RLCF        R9, 1, 0
;__Lib_Math.c,1210 :: 		
0x00FC	0x360A      	RLCF        R10, 1, 0
;__Lib_Math.c,1211 :: 		
0x00FE	0x360B      	RLCF        R11, 1, 0
;__Lib_Math.c,1212 :: 		
0x0100	0x360E      	RLCF        R14, 1, 0
;__Lib_Math.c,1213 :: 		
0x0102	0x5004      	MOVF        R4, 0, 0
;__Lib_Math.c,1214 :: 		
0x0104	0xA003      	BTFSS       R3, 0, 0
;__Lib_Math.c,1215 :: 		
0x0106	0xD012      	BRA         UADD22LA
;__Lib_Math.c,1217 :: 		
0x0108	0x5E08      	SUBWF       R8, 1, 0
;__Lib_Math.c,1218 :: 		
0x010A	0x5005      	MOVF        R5, 0, 0
;__Lib_Math.c,1219 :: 		
0x010C	0xA0D8      	BTFSS       STATUS, 0, 0
;__Lib_Math.c,1220 :: 		
0x010E	0x3C05      	INCFSZ      R5, 0, 0
;__Lib_Math.c,1221 :: 		
0x0110	0x5E09      	SUBWF       R9, 1, 0
;__Lib_Math.c,1222 :: 		
0x0112	0x5006      	MOVF        R6, 0, 0
;__Lib_Math.c,1223 :: 		
0x0114	0xA0D8      	BTFSS       STATUS, 0, 0
;__Lib_Math.c,1224 :: 		
0x0116	0x3C06      	INCFSZ      R6, 0, 0
;__Lib_Math.c,1225 :: 		
0x0118	0x5E0A      	SUBWF       R10, 1, 0
;__Lib_Math.c,1226 :: 		
0x011A	0x5007      	MOVF        R7, 0, 0
;__Lib_Math.c,1227 :: 		
0x011C	0xA0D8      	BTFSS       STATUS, 0, 0
;__Lib_Math.c,1228 :: 		
0x011E	0x3C07      	INCFSZ      R7, 0, 0
;__Lib_Math.c,1229 :: 		
0x0120	0x5E0B      	SUBWF       R11, 1, 0
;__Lib_Math.c,1230 :: 		
0x0122	0x6AE8      	CLRF        WREG, 0
;__Lib_Math.c,1231 :: 		
0x0124	0xA0D8      	BTFSS       STATUS, 0, 0
;__Lib_Math.c,1232 :: 		
0x0126	0x0E01      	MOVLW       1
;__Lib_Math.c,1233 :: 		
0x0128	0x5E0E      	SUBWF       R14, 1, 0
;__Lib_Math.c,1234 :: 		
0x012A	0xD011      	BRA         UOK22LA
;__Lib_Math.c,1236 :: 		
UADD22LA:
;__Lib_Math.c,1237 :: 		
0x012C	0x2608      	ADDWF       R8, 1, 0
;__Lib_Math.c,1238 :: 		
0x012E	0x5005      	MOVF        R5, 0, 0
;__Lib_Math.c,1239 :: 		
0x0130	0xB0D8      	BTFSC       STATUS, 0, 0
;__Lib_Math.c,1240 :: 		
0x0132	0x3C05      	INCFSZ      R5, 0, 0
;__Lib_Math.c,1241 :: 		
0x0134	0x2609      	ADDWF       R9, 1, 0
;__Lib_Math.c,1242 :: 		
0x0136	0x5006      	MOVF        R6, 0, 0
;__Lib_Math.c,1243 :: 		
0x0138	0xB0D8      	BTFSC       STATUS, 0, 0
;__Lib_Math.c,1244 :: 		
0x013A	0x3C06      	INCFSZ      R6, 0, 0
;__Lib_Math.c,1245 :: 		
0x013C	0x260A      	ADDWF       R10, 1, 0
;__Lib_Math.c,1246 :: 		
0x013E	0x5007      	MOVF        R7, 0, 0
;__Lib_Math.c,1247 :: 		
0x0140	0xB0D8      	BTFSC       STATUS, 0, 0
;__Lib_Math.c,1248 :: 		
0x0142	0x3C07      	INCFSZ      R7, 0, 0
;__Lib_Math.c,1249 :: 		
0x0144	0x260B      	ADDWF       R11, 1, 0
;__Lib_Math.c,1250 :: 		
0x0146	0x6AE8      	CLRF        WREG, 0
;__Lib_Math.c,1251 :: 		
0x0148	0xB0D8      	BTFSC       STATUS, 0, 0
;__Lib_Math.c,1252 :: 		
0x014A	0x0E01      	MOVLW       1
;__Lib_Math.c,1253 :: 		
0x014C	0x260E      	ADDWF       R14, 1, 0
;__Lib_Math.c,1255 :: 		
UOK22LA:
;__Lib_Math.c,1256 :: 		
0x014E	0x3603      	RLCF        R3, 1, 0
;__Lib_Math.c,1258 :: 		
0x0150	0x2E0C      	DECFSZ      R12, 1, 0
;__Lib_Math.c,1259 :: 		
0x0152	0xD7D1      	BRA         LOOPU3232A
;__Lib_Math.c,1261 :: 		
0x0154	0x3402      	RLCF        R2, 0, 0
;__Lib_Math.c,1262 :: 		
0x0156	0x3608      	RLCF        R8, 1, 0
;__Lib_Math.c,1263 :: 		
0x0158	0x3609      	RLCF        R9, 1, 0
;__Lib_Math.c,1264 :: 		
0x015A	0x360A      	RLCF        R10, 1, 0
;__Lib_Math.c,1265 :: 		
0x015C	0x360B      	RLCF        R11, 1, 0
;__Lib_Math.c,1266 :: 		
0x015E	0x360E      	RLCF        R14, 1, 0
;__Lib_Math.c,1267 :: 		
0x0160	0x5004      	MOVF        R4, 0, 0
;__Lib_Math.c,1268 :: 		
0x0162	0xA003      	BTFSS       R3, 0, 0
;__Lib_Math.c,1269 :: 		
0x0164	0xD012      	BRA         UADD22L8
;__Lib_Math.c,1271 :: 		
0x0166	0x5E08      	SUBWF       R8, 1, 0
;__Lib_Math.c,1272 :: 		
0x0168	0x5005      	MOVF        R5, 0, 0
;__Lib_Math.c,1273 :: 		
0x016A	0xA0D8      	BTFSS       STATUS, 0, 0
;__Lib_Math.c,1274 :: 		
0x016C	0x3C05      	INCFSZ      R5, 0, 0
;__Lib_Math.c,1275 :: 		
0x016E	0x5E09      	SUBWF       R9, 1, 0
;__Lib_Math.c,1276 :: 		
0x0170	0x5006      	MOVF        R6, 0, 0
;__Lib_Math.c,1277 :: 		
0x0172	0xA0D8      	BTFSS       STATUS, 0, 0
;__Lib_Math.c,1278 :: 		
0x0174	0x3C06      	INCFSZ      R6, 0, 0
;__Lib_Math.c,1279 :: 		
0x0176	0x5E0A      	SUBWF       R10, 1, 0
;__Lib_Math.c,1280 :: 		
0x0178	0x5007      	MOVF        R7, 0, 0
;__Lib_Math.c,1281 :: 		
0x017A	0xA0D8      	BTFSS       STATUS, 0, 0
;__Lib_Math.c,1282 :: 		
0x017C	0x3C07      	INCFSZ      R7, 0, 0
;__Lib_Math.c,1283 :: 		
0x017E	0x5E0B      	SUBWF       R11, 1, 0
;__Lib_Math.c,1284 :: 		
0x0180	0x6AE8      	CLRF        WREG, 0
;__Lib_Math.c,1285 :: 		
0x0182	0xA0D8      	BTFSS       STATUS, 0, 0
;__Lib_Math.c,1286 :: 		
0x0184	0x0E01      	MOVLW       1
;__Lib_Math.c,1287 :: 		
0x0186	0x5E0E      	SUBWF       R14, 1, 0
;__Lib_Math.c,1288 :: 		
0x0188	0xD011      	BRA         UOK22L8
;__Lib_Math.c,1290 :: 		
UADD22L8:
;__Lib_Math.c,1291 :: 		
0x018A	0x2608      	ADDWF       R8, 1, 0
;__Lib_Math.c,1292 :: 		
0x018C	0x5005      	MOVF        R5, 0, 0
;__Lib_Math.c,1293 :: 		
0x018E	0xB0D8      	BTFSC       STATUS, 0, 0
;__Lib_Math.c,1294 :: 		
0x0190	0x3C05      	INCFSZ      R5, 0, 0
;__Lib_Math.c,1295 :: 		
0x0192	0x2609      	ADDWF       R9, 1, 0
;__Lib_Math.c,1296 :: 		
0x0194	0x5006      	MOVF        R6, 0, 0
;__Lib_Math.c,1297 :: 		
0x0196	0xB0D8      	BTFSC       STATUS, 0, 0
;__Lib_Math.c,1298 :: 		
0x0198	0x3C06      	INCFSZ      R6, 0, 0
;__Lib_Math.c,1299 :: 		
0x019A	0x260A      	ADDWF       R10, 1, 0
;__Lib_Math.c,1300 :: 		
0x019C	0x5007      	MOVF        R7, 0, 0
;__Lib_Math.c,1301 :: 		
0x019E	0xB0D8      	BTFSC       STATUS, 0, 0
;__Lib_Math.c,1302 :: 		
0x01A0	0x3C07      	INCFSZ      R7, 0, 0
;__Lib_Math.c,1303 :: 		
0x01A2	0x260B      	ADDWF       R11, 1, 0
;__Lib_Math.c,1304 :: 		
0x01A4	0x6AE8      	CLRF        WREG, 0
;__Lib_Math.c,1305 :: 		
0x01A6	0xB0D8      	BTFSC       STATUS, 0, 0
;__Lib_Math.c,1306 :: 		
0x01A8	0x0E01      	MOVLW       1
;__Lib_Math.c,1307 :: 		
0x01AA	0x260E      	ADDWF       R14, 1, 0
;__Lib_Math.c,1309 :: 		
UOK22L8:
;__Lib_Math.c,1310 :: 		
0x01AC	0x3602      	RLCF        R2, 1, 0
;__Lib_Math.c,1312 :: 		
0x01AE	0x0E07      	MOVLW       7
;__Lib_Math.c,1313 :: 		
0x01B0	0x6E0C      	MOVWF       R12, 0
;__Lib_Math.c,1315 :: 		
LOOPU3232B:
;__Lib_Math.c,1316 :: 		
0x01B2	0x3402      	RLCF        R2, 0, 0
;__Lib_Math.c,1317 :: 		
0x01B4	0x3608      	RLCF        R8, 1, 0
;__Lib_Math.c,1318 :: 		
0x01B6	0x3609      	RLCF        R9, 1, 0
;__Lib_Math.c,1319 :: 		
0x01B8	0x360A      	RLCF        R10, 1, 0
;__Lib_Math.c,1320 :: 		
0x01BA	0x360B      	RLCF        R11, 1, 0
;__Lib_Math.c,1321 :: 		
0x01BC	0x360E      	RLCF        R14, 1, 0
;__Lib_Math.c,1322 :: 		
0x01BE	0x5004      	MOVF        R4, 0, 0
;__Lib_Math.c,1323 :: 		
0x01C0	0xA002      	BTFSS       R2, 0, 0
;__Lib_Math.c,1324 :: 		
0x01C2	0xD012      	BRA         UADD22LB
;__Lib_Math.c,1326 :: 		
0x01C4	0x5E08      	SUBWF       R8, 1, 0
;__Lib_Math.c,1327 :: 		
0x01C6	0x5005      	MOVF        R5, 0, 0
;__Lib_Math.c,1328 :: 		
0x01C8	0xA0D8      	BTFSS       STATUS, 0, 0
;__Lib_Math.c,1329 :: 		
0x01CA	0x3C05      	INCFSZ      R5, 0, 0
;__Lib_Math.c,1330 :: 		
0x01CC	0x5E09      	SUBWF       R9, 1, 0
;__Lib_Math.c,1331 :: 		
0x01CE	0x5006      	MOVF        R6, 0, 0
;__Lib_Math.c,1332 :: 		
0x01D0	0xA0D8      	BTFSS       STATUS, 0, 0
;__Lib_Math.c,1333 :: 		
0x01D2	0x3C06      	INCFSZ      R6, 0, 0
;__Lib_Math.c,1334 :: 		
0x01D4	0x5E0A      	SUBWF       R10, 1, 0
;__Lib_Math.c,1335 :: 		
0x01D6	0x5007      	MOVF        R7, 0, 0
;__Lib_Math.c,1336 :: 		
0x01D8	0xA0D8      	BTFSS       STATUS, 0, 0
;__Lib_Math.c,1337 :: 		
0x01DA	0x3C07      	INCFSZ      R7, 0, 0
;__Lib_Math.c,1338 :: 		
0x01DC	0x5E0B      	SUBWF       R11, 1, 0
;__Lib_Math.c,1339 :: 		
0x01DE	0x6AE8      	CLRF        WREG, 0
;__Lib_Math.c,1340 :: 		
0x01E0	0xA0D8      	BTFSS       STATUS, 0, 0
;__Lib_Math.c,1341 :: 		
0x01E2	0x0E01      	MOVLW       1
;__Lib_Math.c,1342 :: 		
0x01E4	0x5E0E      	SUBWF       R14, 1, 0
;__Lib_Math.c,1343 :: 		
0x01E6	0xD011      	BRA         UOK22LB
;__Lib_Math.c,1345 :: 		
UADD22LB:
;__Lib_Math.c,1346 :: 		
0x01E8	0x2608      	ADDWF       R8, 1, 0
;__Lib_Math.c,1347 :: 		
0x01EA	0x5005      	MOVF        R5, 0, 0
;__Lib_Math.c,1348 :: 		
0x01EC	0xB0D8      	BTFSC       STATUS, 0, 0
;__Lib_Math.c,1349 :: 		
0x01EE	0x3C05      	INCFSZ      R5, 0, 0
;__Lib_Math.c,1350 :: 		
0x01F0	0x2609      	ADDWF       R9, 1, 0
;__Lib_Math.c,1351 :: 		
0x01F2	0x5006      	MOVF        R6, 0, 0
;__Lib_Math.c,1352 :: 		
0x01F4	0xB0D8      	BTFSC       STATUS, 0, 0
;__Lib_Math.c,1353 :: 		
0x01F6	0x3C06      	INCFSZ      R6, 0, 0
;__Lib_Math.c,1354 :: 		
0x01F8	0x260A      	ADDWF       R10, 1, 0
;__Lib_Math.c,1355 :: 		
0x01FA	0x5007      	MOVF        R7, 0, 0
;__Lib_Math.c,1356 :: 		
0x01FC	0xB0D8      	BTFSC       STATUS, 0, 0
;__Lib_Math.c,1357 :: 		
0x01FE	0x3C07      	INCFSZ      R7, 0, 0
;__Lib_Math.c,1358 :: 		
0x0200	0x260B      	ADDWF       R11, 1, 0
;__Lib_Math.c,1359 :: 		
0x0202	0x6AE8      	CLRF        WREG, 0
;__Lib_Math.c,1360 :: 		
0x0204	0xB0D8      	BTFSC       STATUS, 0, 0
;__Lib_Math.c,1361 :: 		
0x0206	0x0E01      	MOVLW       1
;__Lib_Math.c,1362 :: 		
0x0208	0x260E      	ADDWF       R14, 1, 0
;__Lib_Math.c,1364 :: 		
UOK22LB:
;__Lib_Math.c,1365 :: 		
0x020A	0x3602      	RLCF        R2, 1, 0
;__Lib_Math.c,1367 :: 		
0x020C	0x2E0C      	DECFSZ      R12, 1, 0
;__Lib_Math.c,1368 :: 		
0x020E	0xD7D1      	BRA         LOOPU3232B
;__Lib_Math.c,1370 :: 		
0x0210	0x3401      	RLCF        R1, 0, 0
;__Lib_Math.c,1371 :: 		
0x0212	0x3608      	RLCF        R8, 1, 0
;__Lib_Math.c,1372 :: 		
0x0214	0x3609      	RLCF        R9, 1, 0
;__Lib_Math.c,1373 :: 		
0x0216	0x360A      	RLCF        R10, 1, 0
;__Lib_Math.c,1374 :: 		
0x0218	0x360B      	RLCF        R11, 1, 0
;__Lib_Math.c,1375 :: 		
0x021A	0x360E      	RLCF        R14, 1, 0
;__Lib_Math.c,1376 :: 		
0x021C	0x5004      	MOVF        R4, 0, 0
;__Lib_Math.c,1377 :: 		
0x021E	0xA002      	BTFSS       R2, 0, 0
;__Lib_Math.c,1378 :: 		
0x0220	0xD012      	BRA         UADD22L16
;__Lib_Math.c,1380 :: 		
0x0222	0x5E08      	SUBWF       R8, 1, 0
;__Lib_Math.c,1381 :: 		
0x0224	0x5005      	MOVF        R5, 0, 0
;__Lib_Math.c,1382 :: 		
0x0226	0xA0D8      	BTFSS       STATUS, 0, 0
;__Lib_Math.c,1383 :: 		
0x0228	0x3C05      	INCFSZ      R5, 0, 0
;__Lib_Math.c,1384 :: 		
0x022A	0x5E09      	SUBWF       R9, 1, 0
;__Lib_Math.c,1385 :: 		
0x022C	0x5006      	MOVF        R6, 0, 0
;__Lib_Math.c,1386 :: 		
0x022E	0xA0D8      	BTFSS       STATUS, 0, 0
;__Lib_Math.c,1387 :: 		
0x0230	0x3C06      	INCFSZ      R6, 0, 0
;__Lib_Math.c,1388 :: 		
0x0232	0x5E0A      	SUBWF       R10, 1, 0
;__Lib_Math.c,1389 :: 		
0x0234	0x5007      	MOVF        R7, 0, 0
;__Lib_Math.c,1390 :: 		
0x0236	0xA0D8      	BTFSS       STATUS, 0, 0
;__Lib_Math.c,1391 :: 		
0x0238	0x3C07      	INCFSZ      R7, 0, 0
;__Lib_Math.c,1392 :: 		
0x023A	0x5E0B      	SUBWF       R11, 1, 0
;__Lib_Math.c,1393 :: 		
0x023C	0x6AE8      	CLRF        WREG, 0
;__Lib_Math.c,1394 :: 		
0x023E	0xA0D8      	BTFSS       STATUS, 0, 0
;__Lib_Math.c,1395 :: 		
0x0240	0x0E01      	MOVLW       1
;__Lib_Math.c,1396 :: 		
0x0242	0x5E0E      	SUBWF       R14, 1, 0
;__Lib_Math.c,1397 :: 		
0x0244	0xD011      	BRA         UOK22L16
;__Lib_Math.c,1399 :: 		
UADD22L16:
;__Lib_Math.c,1400 :: 		
0x0246	0x2608      	ADDWF       R8, 1, 0
;__Lib_Math.c,1401 :: 		
0x0248	0x5005      	MOVF        R5, 0, 0
;__Lib_Math.c,1402 :: 		
0x024A	0xB0D8      	BTFSC       STATUS, 0, 0
;__Lib_Math.c,1403 :: 		
0x024C	0x3C05      	INCFSZ      R5, 0, 0
;__Lib_Math.c,1404 :: 		
0x024E	0x2609      	ADDWF       R9, 1, 0
;__Lib_Math.c,1405 :: 		
0x0250	0x5006      	MOVF        R6, 0, 0
;__Lib_Math.c,1406 :: 		
0x0252	0xB0D8      	BTFSC       STATUS, 0, 0
;__Lib_Math.c,1407 :: 		
0x0254	0x3C06      	INCFSZ      R6, 0, 0
;__Lib_Math.c,1408 :: 		
0x0256	0x260A      	ADDWF       R10, 1, 0
;__Lib_Math.c,1409 :: 		
0x0258	0x5007      	MOVF        R7, 0, 0
;__Lib_Math.c,1410 :: 		
0x025A	0xB0D8      	BTFSC       STATUS, 0, 0
;__Lib_Math.c,1411 :: 		
0x025C	0x3C07      	INCFSZ      R7, 0, 0
;__Lib_Math.c,1412 :: 		
0x025E	0x260B      	ADDWF       R11, 1, 0
;__Lib_Math.c,1413 :: 		
0x0260	0x6AE8      	CLRF        WREG, 0
;__Lib_Math.c,1414 :: 		
0x0262	0xB0D8      	BTFSC       STATUS, 0, 0
;__Lib_Math.c,1415 :: 		
0x0264	0x0E01      	MOVLW       1
;__Lib_Math.c,1416 :: 		
0x0266	0x260E      	ADDWF       R14, 1, 0
;__Lib_Math.c,1418 :: 		
UOK22L16:
;__Lib_Math.c,1419 :: 		
0x0268	0x3601      	RLCF        R1, 1, 0
;__Lib_Math.c,1421 :: 		
0x026A	0x0E07      	MOVLW       7
;__Lib_Math.c,1422 :: 		
0x026C	0x6E0C      	MOVWF       R12, 0
;__Lib_Math.c,1424 :: 		
LOOPU3232C:
;__Lib_Math.c,1425 :: 		
0x026E	0x3401      	RLCF        R1, 0, 0
;__Lib_Math.c,1426 :: 		
0x0270	0x3608      	RLCF        R8, 1, 0
;__Lib_Math.c,1427 :: 		
0x0272	0x3609      	RLCF        R9, 1, 0
;__Lib_Math.c,1428 :: 		
0x0274	0x360A      	RLCF        R10, 1, 0
;__Lib_Math.c,1429 :: 		
0x0276	0x360B      	RLCF        R11, 1, 0
;__Lib_Math.c,1430 :: 		
0x0278	0x360E      	RLCF        R14, 1, 0
;__Lib_Math.c,1431 :: 		
0x027A	0x5004      	MOVF        R4, 0, 0
;__Lib_Math.c,1432 :: 		
0x027C	0xA001      	BTFSS       R1, 0, 0
;__Lib_Math.c,1433 :: 		
0x027E	0xD012      	BRA         UADD22LC
;__Lib_Math.c,1435 :: 		
0x0280	0x5E08      	SUBWF       R8, 1, 0
;__Lib_Math.c,1436 :: 		
0x0282	0x5005      	MOVF        R5, 0, 0
;__Lib_Math.c,1437 :: 		
0x0284	0xA0D8      	BTFSS       STATUS, 0, 0
;__Lib_Math.c,1438 :: 		
0x0286	0x3C05      	INCFSZ      R5, 0, 0
;__Lib_Math.c,1439 :: 		
0x0288	0x5E09      	SUBWF       R9, 1, 0
;__Lib_Math.c,1440 :: 		
0x028A	0x5006      	MOVF        R6, 0, 0
;__Lib_Math.c,1441 :: 		
0x028C	0xA0D8      	BTFSS       STATUS, 0, 0
;__Lib_Math.c,1442 :: 		
0x028E	0x3C06      	INCFSZ      R6, 0, 0
;__Lib_Math.c,1443 :: 		
0x0290	0x5E0A      	SUBWF       R10, 1, 0
;__Lib_Math.c,1444 :: 		
0x0292	0x5007      	MOVF        R7, 0, 0
;__Lib_Math.c,1445 :: 		
0x0294	0xA0D8      	BTFSS       STATUS, 0, 0
;__Lib_Math.c,1446 :: 		
0x0296	0x3C07      	INCFSZ      R7, 0, 0
;__Lib_Math.c,1447 :: 		
0x0298	0x5E0B      	SUBWF       R11, 1, 0
;__Lib_Math.c,1448 :: 		
0x029A	0x6AE8      	CLRF        WREG, 0
;__Lib_Math.c,1449 :: 		
0x029C	0xA0D8      	BTFSS       STATUS, 0, 0
;__Lib_Math.c,1450 :: 		
0x029E	0x0E01      	MOVLW       1
;__Lib_Math.c,1451 :: 		
0x02A0	0x5E0E      	SUBWF       R14, 1, 0
;__Lib_Math.c,1452 :: 		
0x02A2	0xD011      	BRA         UOK22LC
;__Lib_Math.c,1454 :: 		
UADD22LC:
;__Lib_Math.c,1455 :: 		
0x02A4	0x2608      	ADDWF       R8, 1, 0
;__Lib_Math.c,1456 :: 		
0x02A6	0x5005      	MOVF        R5, 0, 0
;__Lib_Math.c,1457 :: 		
0x02A8	0xB0D8      	BTFSC       STATUS, 0, 0
;__Lib_Math.c,1458 :: 		
0x02AA	0x3C05      	INCFSZ      R5, 0, 0
;__Lib_Math.c,1459 :: 		
0x02AC	0x2609      	ADDWF       R9, 1, 0
;__Lib_Math.c,1460 :: 		
0x02AE	0x5006      	MOVF        R6, 0, 0
;__Lib_Math.c,1461 :: 		
0x02B0	0xB0D8      	BTFSC       STATUS, 0, 0
;__Lib_Math.c,1462 :: 		
0x02B2	0x3C06      	INCFSZ      R6, 0, 0
;__Lib_Math.c,1463 :: 		
0x02B4	0x260A      	ADDWF       R10, 1, 0
;__Lib_Math.c,1464 :: 		
0x02B6	0x5007      	MOVF        R7, 0, 0
;__Lib_Math.c,1465 :: 		
0x02B8	0xB0D8      	BTFSC       STATUS, 0, 0
;__Lib_Math.c,1466 :: 		
0x02BA	0x3C07      	INCFSZ      R7, 0, 0
;__Lib_Math.c,1467 :: 		
0x02BC	0x260B      	ADDWF       R11, 1, 0
;__Lib_Math.c,1468 :: 		
0x02BE	0x6AE8      	CLRF        WREG, 0
;__Lib_Math.c,1469 :: 		
0x02C0	0xB0D8      	BTFSC       STATUS, 0, 0
;__Lib_Math.c,1470 :: 		
0x02C2	0x0E01      	MOVLW       1
;__Lib_Math.c,1471 :: 		
0x02C4	0x260E      	ADDWF       R14, 1, 0
;__Lib_Math.c,1473 :: 		
UOK22LC:
;__Lib_Math.c,1474 :: 		
0x02C6	0x3601      	RLCF        R1, 1, 0
;__Lib_Math.c,1476 :: 		
0x02C8	0x2E0C      	DECFSZ      R12, 1, 0
;__Lib_Math.c,1477 :: 		
0x02CA	0xD7D1      	BRA         LOOPU3232C
;__Lib_Math.c,1479 :: 		
0x02CC	0x3400      	RLCF        R0, 0, 0
;__Lib_Math.c,1480 :: 		
0x02CE	0x3608      	RLCF        R8, 1, 0
;__Lib_Math.c,1481 :: 		
0x02D0	0x3609      	RLCF        R9, 1, 0
;__Lib_Math.c,1482 :: 		
0x02D2	0x360A      	RLCF        R10, 1, 0
;__Lib_Math.c,1483 :: 		
0x02D4	0x360B      	RLCF        R11, 1, 0
;__Lib_Math.c,1484 :: 		
0x02D6	0x360E      	RLCF        R14, 1, 0
;__Lib_Math.c,1485 :: 		
0x02D8	0x5004      	MOVF        R4, 0, 0
;__Lib_Math.c,1486 :: 		
0x02DA	0xA001      	BTFSS       R1, 0, 0
;__Lib_Math.c,1487 :: 		
0x02DC	0xD012      	BRA         UADD22L24
;__Lib_Math.c,1489 :: 		
0x02DE	0x5E08      	SUBWF       R8, 1, 0
;__Lib_Math.c,1490 :: 		
0x02E0	0x5005      	MOVF        R5, 0, 0
;__Lib_Math.c,1491 :: 		
0x02E2	0xA0D8      	BTFSS       STATUS, 0, 0
;__Lib_Math.c,1492 :: 		
0x02E4	0x3C05      	INCFSZ      R5, 0, 0
;__Lib_Math.c,1493 :: 		
0x02E6	0x5E09      	SUBWF       R9, 1, 0
;__Lib_Math.c,1494 :: 		
0x02E8	0x5006      	MOVF        R6, 0, 0
;__Lib_Math.c,1495 :: 		
0x02EA	0xA0D8      	BTFSS       STATUS, 0, 0
;__Lib_Math.c,1496 :: 		
0x02EC	0x3C06      	INCFSZ      R6, 0, 0
;__Lib_Math.c,1497 :: 		
0x02EE	0x5E0A      	SUBWF       R10, 1, 0
;__Lib_Math.c,1498 :: 		
0x02F0	0x5007      	MOVF        R7, 0, 0
;__Lib_Math.c,1499 :: 		
0x02F2	0xA0D8      	BTFSS       STATUS, 0, 0
;__Lib_Math.c,1500 :: 		
0x02F4	0x3C07      	INCFSZ      R7, 0, 0
;__Lib_Math.c,1501 :: 		
0x02F6	0x5E0B      	SUBWF       R11, 1, 0
;__Lib_Math.c,1502 :: 		
0x02F8	0x6AE8      	CLRF        WREG, 0
;__Lib_Math.c,1503 :: 		
0x02FA	0xA0D8      	BTFSS       STATUS, 0, 0
;__Lib_Math.c,1504 :: 		
0x02FC	0x0E01      	MOVLW       1
;__Lib_Math.c,1505 :: 		
0x02FE	0x5E0E      	SUBWF       R14, 1, 0
;__Lib_Math.c,1506 :: 		
0x0300	0xD011      	BRA         UOK22L24
;__Lib_Math.c,1508 :: 		
UADD22L24:
;__Lib_Math.c,1509 :: 		
0x0302	0x2608      	ADDWF       R8, 1, 0
;__Lib_Math.c,1510 :: 		
0x0304	0x5005      	MOVF        R5, 0, 0
;__Lib_Math.c,1511 :: 		
0x0306	0xB0D8      	BTFSC       STATUS, 0, 0
;__Lib_Math.c,1512 :: 		
0x0308	0x3C05      	INCFSZ      R5, 0, 0
;__Lib_Math.c,1513 :: 		
0x030A	0x2609      	ADDWF       R9, 1, 0
;__Lib_Math.c,1514 :: 		
0x030C	0x5006      	MOVF        R6, 0, 0
;__Lib_Math.c,1515 :: 		
0x030E	0xB0D8      	BTFSC       STATUS, 0, 0
;__Lib_Math.c,1516 :: 		
0x0310	0x3C06      	INCFSZ      R6, 0, 0
;__Lib_Math.c,1517 :: 		
0x0312	0x260A      	ADDWF       R10, 1, 0
;__Lib_Math.c,1518 :: 		
0x0314	0x5007      	MOVF        R7, 0, 0
;__Lib_Math.c,1519 :: 		
0x0316	0xB0D8      	BTFSC       STATUS, 0, 0
;__Lib_Math.c,1520 :: 		
0x0318	0x3C07      	INCFSZ      R7, 0, 0
;__Lib_Math.c,1521 :: 		
0x031A	0x260B      	ADDWF       R11, 1, 0
;__Lib_Math.c,1522 :: 		
0x031C	0x6AE8      	CLRF        WREG, 0
;__Lib_Math.c,1523 :: 		
0x031E	0xB0D8      	BTFSC       STATUS, 0, 0
;__Lib_Math.c,1524 :: 		
0x0320	0x0E01      	MOVLW       1
;__Lib_Math.c,1525 :: 		
0x0322	0x260E      	ADDWF       R14, 1, 0
;__Lib_Math.c,1527 :: 		
UOK22L24:
;__Lib_Math.c,1528 :: 		
0x0324	0x3600      	RLCF        R0, 1, 0
;__Lib_Math.c,1530 :: 		
0x0326	0x0E07      	MOVLW       7
;__Lib_Math.c,1531 :: 		
0x0328	0x6E0C      	MOVWF       R12, 0
;__Lib_Math.c,1533 :: 		
LOOPU3232D:
;__Lib_Math.c,1534 :: 		
0x032A	0x3400      	RLCF        R0, 0, 0
;__Lib_Math.c,1535 :: 		
0x032C	0x3608      	RLCF        R8, 1, 0
;__Lib_Math.c,1536 :: 		
0x032E	0x3609      	RLCF        R9, 1, 0
;__Lib_Math.c,1537 :: 		
0x0330	0x360A      	RLCF        R10, 1, 0
;__Lib_Math.c,1538 :: 		
0x0332	0x360B      	RLCF        R11, 1, 0
;__Lib_Math.c,1539 :: 		
0x0334	0x360E      	RLCF        R14, 1, 0
;__Lib_Math.c,1540 :: 		
0x0336	0x5004      	MOVF        R4, 0, 0
;__Lib_Math.c,1541 :: 		
0x0338	0xA000      	BTFSS       R0, 0, 0
;__Lib_Math.c,1542 :: 		
0x033A	0xD012      	BRA         UADD22LD
;__Lib_Math.c,1544 :: 		
0x033C	0x5E08      	SUBWF       R8, 1, 0
;__Lib_Math.c,1545 :: 		
0x033E	0x5005      	MOVF        R5, 0, 0
;__Lib_Math.c,1546 :: 		
0x0340	0xA0D8      	BTFSS       STATUS, 0, 0
;__Lib_Math.c,1547 :: 		
0x0342	0x3C05      	INCFSZ      R5, 0, 0
;__Lib_Math.c,1548 :: 		
0x0344	0x5E09      	SUBWF       R9, 1, 0
;__Lib_Math.c,1549 :: 		
0x0346	0x5006      	MOVF        R6, 0, 0
;__Lib_Math.c,1550 :: 		
0x0348	0xA0D8      	BTFSS       STATUS, 0, 0
;__Lib_Math.c,1551 :: 		
0x034A	0x3C06      	INCFSZ      R6, 0, 0
;__Lib_Math.c,1552 :: 		
0x034C	0x5E0A      	SUBWF       R10, 1, 0
;__Lib_Math.c,1553 :: 		
0x034E	0x5007      	MOVF        R7, 0, 0
;__Lib_Math.c,1554 :: 		
0x0350	0xA0D8      	BTFSS       STATUS, 0, 0
;__Lib_Math.c,1555 :: 		
0x0352	0x3C07      	INCFSZ      R7, 0, 0
;__Lib_Math.c,1556 :: 		
0x0354	0x5E0B      	SUBWF       R11, 1, 0
;__Lib_Math.c,1557 :: 		
0x0356	0x6AE8      	CLRF        WREG, 0
;__Lib_Math.c,1558 :: 		
0x0358	0xA0D8      	BTFSS       STATUS, 0, 0
;__Lib_Math.c,1559 :: 		
0x035A	0x0E01      	MOVLW       1
;__Lib_Math.c,1560 :: 		
0x035C	0x5E0E      	SUBWF       R14, 1, 0
;__Lib_Math.c,1561 :: 		
0x035E	0xD011      	BRA         UOK22LD
;__Lib_Math.c,1563 :: 		
UADD22LD:
;__Lib_Math.c,1564 :: 		
0x0360	0x2608      	ADDWF       R8, 1, 0
;__Lib_Math.c,1565 :: 		
0x0362	0x5005      	MOVF        R5, 0, 0
;__Lib_Math.c,1566 :: 		
0x0364	0xB0D8      	BTFSC       STATUS, 0, 0
;__Lib_Math.c,1567 :: 		
0x0366	0x3C05      	INCFSZ      R5, 0, 0
;__Lib_Math.c,1568 :: 		
0x0368	0x2609      	ADDWF       R9, 1, 0
;__Lib_Math.c,1569 :: 		
0x036A	0x5006      	MOVF        R6, 0, 0
;__Lib_Math.c,1570 :: 		
0x036C	0xB0D8      	BTFSC       STATUS, 0, 0
;__Lib_Math.c,1571 :: 		
0x036E	0x3C06      	INCFSZ      R6, 0, 0
;__Lib_Math.c,1572 :: 		
0x0370	0x260A      	ADDWF       R10, 1, 0
;__Lib_Math.c,1573 :: 		
0x0372	0x5007      	MOVF        R7, 0, 0
;__Lib_Math.c,1574 :: 		
0x0374	0xB0D8      	BTFSC       STATUS, 0, 0
;__Lib_Math.c,1575 :: 		
0x0376	0x3C07      	INCFSZ      R7, 0, 0
;__Lib_Math.c,1576 :: 		
0x0378	0x260B      	ADDWF       R11, 1, 0
;__Lib_Math.c,1577 :: 		
0x037A	0x6AE8      	CLRF        WREG, 0
;__Lib_Math.c,1578 :: 		
0x037C	0xB0D8      	BTFSC       STATUS, 0, 0
;__Lib_Math.c,1579 :: 		
0x037E	0x0E01      	MOVLW       1
;__Lib_Math.c,1580 :: 		
0x0380	0x260E      	ADDWF       R14, 1, 0
;__Lib_Math.c,1582 :: 		
UOK22LD:
;__Lib_Math.c,1583 :: 		
0x0382	0x3600      	RLCF        R0, 1, 0
;__Lib_Math.c,1585 :: 		
0x0384	0x2E0C      	DECFSZ      R12, 1, 0
;__Lib_Math.c,1586 :: 		
0x0386	0xD7D1      	BRA         LOOPU3232D
;__Lib_Math.c,1588 :: 		
0x0388	0xB000      	BTFSC       R0, 0, 0
;__Lib_Math.c,1589 :: 		
0x038A	0xD00E      	BRA         UOK22L
;__Lib_Math.c,1590 :: 		
0x038C	0x5004      	MOVF        R4, 0, 0
;__Lib_Math.c,1591 :: 		
0x038E	0x2608      	ADDWF       R8, 1, 0
;__Lib_Math.c,1592 :: 		
0x0390	0x5005      	MOVF        R5, 0, 0
;__Lib_Math.c,1593 :: 		
0x0392	0xB0D8      	BTFSC       STATUS, 0, 0
;__Lib_Math.c,1594 :: 		
0x0394	0x3C05      	INCFSZ      R5, 0, 0
;__Lib_Math.c,1595 :: 		
0x0396	0x2609      	ADDWF       R9, 1, 0
;__Lib_Math.c,1596 :: 		
0x0398	0x5006      	MOVF        R6, 0, 0
;__Lib_Math.c,1597 :: 		
0x039A	0xB0D8      	BTFSC       STATUS, 0, 0
;__Lib_Math.c,1598 :: 		
0x039C	0x3C06      	INCFSZ      R6, 0, 0
;__Lib_Math.c,1599 :: 		
0x039E	0x260A      	ADDWF       R10, 1, 0
;__Lib_Math.c,1600 :: 		
0x03A0	0x5007      	MOVF        R7, 0, 0
;__Lib_Math.c,1601 :: 		
0x03A2	0xB0D8      	BTFSC       STATUS, 0, 0
;__Lib_Math.c,1602 :: 		
0x03A4	0x3C07      	INCFSZ      R7, 0, 0
;__Lib_Math.c,1603 :: 		
0x03A6	0x260B      	ADDWF       R11, 1, 0
;__Lib_Math.c,1605 :: 		
UOK22L:
;__Lib_Math.c,1607 :: 		
L_end_Div_32x32_U:
0x03A8	0x0012      	RETURN      0
; end of _Div_32x32_U
_Lcd_Chr_CP:
;__Lib_Lcd.c,50 :: 		
;__Lib_Lcd.c,52 :: 		
0x03AA	0x9036      	BCF         __Lib_Lcd_cmd_status, BitPos(__Lib_Lcd_cmd_status+0) 
;__Lib_Lcd.c,53 :: 		
0x03AC	0xF068C05E  	MOVFF       FARG_Lcd_Chr_CP_out_char, FARG_Lcd_Cmd_out_char
0x03B0	0xDE48      	RCALL       _Lcd_Cmd
;__Lib_Lcd.c,54 :: 		
0x03B2	0x8036      	BSF         __Lib_Lcd_cmd_status, BitPos(__Lib_Lcd_cmd_status+0) 
;__Lib_Lcd.c,55 :: 		
L_end_Lcd_Chr_CP:
0x03B4	0x0012      	RETURN      0
; end of _Lcd_Chr_CP
_LongWordToStr:
;__Lib_Conversions.c,258 :: 		
;__Lib_Conversions.c,261 :: 		
0x03B6	0x6A64      	CLRF        LongWordToStr_len_L0 
0x03B8	0x6A65      	CLRF        LongWordToStr_len_L0+1 
L_LongWordToStr52:
0x03BA	0x0E00      	MOVLW       0
0x03BC	0x5C65      	SUBWF       LongWordToStr_len_L0+1, 0 
0x03BE	0xE102      	BNZ         L__LongWordToStr174
0x03C0	0x0E0A      	MOVLW       10
0x03C2	0x5C64      	SUBWF       LongWordToStr_len_L0, 0 
L__LongWordToStr174:
0x03C4	0xE20B      	BC          L_LongWordToStr53
;__Lib_Conversions.c,262 :: 		
0x03C6	0x5064      	MOVF        LongWordToStr_len_L0, 0 
0x03C8	0x2462      	ADDWF       FARG_LongWordToStr_output, 0 
0x03CA	0x6EE1      	MOVWF       FSR1L 
0x03CC	0x5065      	MOVF        LongWordToStr_len_L0+1, 0 
0x03CE	0x2063      	ADDWFC      FARG_LongWordToStr_output+1, 0 
0x03D0	0x6EE2      	MOVWF       FSR1L+1 
0x03D2	0x0E20      	MOVLW       32
0x03D4	0x6EE6      	MOVWF       POSTINC1 
;__Lib_Conversions.c,261 :: 		
0x03D6	0x4A64      	INFSNZ      LongWordToStr_len_L0, 1 
0x03D8	0x2A65      	INCF        LongWordToStr_len_L0+1, 1 
;__Lib_Conversions.c,262 :: 		
0x03DA	0xD7EF      	BRA         L_LongWordToStr52
L_LongWordToStr53:
;__Lib_Conversions.c,263 :: 		
0x03DC	0x5064      	MOVF        LongWordToStr_len_L0, 0 
0x03DE	0x2462      	ADDWF       FARG_LongWordToStr_output, 0 
0x03E0	0x6EE1      	MOVWF       FSR1L 
0x03E2	0x5065      	MOVF        LongWordToStr_len_L0+1, 0 
0x03E4	0x2063      	ADDWFC      FARG_LongWordToStr_output+1, 0 
0x03E6	0x6EE2      	MOVWF       FSR1L+1 
0x03E8	0x6AE6      	CLRF        POSTINC1 
0x03EA	0x0E01      	MOVLW       1
0x03EC	0x5E64      	SUBWF       LongWordToStr_len_L0, 1 
0x03EE	0x0E00      	MOVLW       0
0x03F0	0x5A65      	SUBWFB      LongWordToStr_len_L0+1, 1 
;__Lib_Conversions.c,265 :: 		
L_LongWordToStr55:
;__Lib_Conversions.c,266 :: 		
0x03F2	0x5064      	MOVF        LongWordToStr_len_L0, 0 
0x03F4	0x2462      	ADDWF       FARG_LongWordToStr_output, 0 
0x03F6	0x6E66      	MOVWF       FLOC__LongWordToStr 
0x03F8	0x5065      	MOVF        LongWordToStr_len_L0+1, 0 
0x03FA	0x2063      	ADDWFC      FARG_LongWordToStr_output+1, 0 
0x03FC	0x6E67      	MOVWF       FLOC__LongWordToStr+1 
0x03FE	0x0E0A      	MOVLW       10
0x0400	0x6E04      	MOVWF       R4 
0x0402	0x0E00      	MOVLW       0
0x0404	0x6E05      	MOVWF       R5 
0x0406	0x6E06      	MOVWF       R6 
0x0408	0x6E07      	MOVWF       R7 
0x040A	0xF000C05E  	MOVFF       FARG_LongWordToStr_input, R0
0x040E	0xF001C05F  	MOVFF       FARG_LongWordToStr_input+1, R1
0x0412	0xF002C060  	MOVFF       FARG_LongWordToStr_input+2, R2
0x0416	0xF003C061  	MOVFF       FARG_LongWordToStr_input+3, R3
0x041A	0xDE51      	RCALL       _Div_32x32_U
0x041C	0xF000C008  	MOVFF       R8, R0
0x0420	0xF001C009  	MOVFF       R9, R1
0x0424	0xF002C00A  	MOVFF       R10, R2
0x0428	0xF003C00B  	MOVFF       R11, R3
0x042C	0x0E30      	MOVLW       48
0x042E	0x2600      	ADDWF       R0, 1 
0x0430	0xFFE1C066  	MOVFF       FLOC__LongWordToStr, FSR1L
0x0434	0xFFE2C067  	MOVFF       FLOC__LongWordToStr+1, FSR1H
0x0438	0xFFE6C000  	MOVFF       R0, POSTINC1
;__Lib_Conversions.c,267 :: 		
0x043C	0x0E0A      	MOVLW       10
0x043E	0x6E04      	MOVWF       R4 
0x0440	0x0E00      	MOVLW       0
0x0442	0x6E05      	MOVWF       R5 
0x0444	0x6E06      	MOVWF       R6 
0x0446	0x6E07      	MOVWF       R7 
0x0448	0xF000C05E  	MOVFF       FARG_LongWordToStr_input, R0
0x044C	0xF001C05F  	MOVFF       FARG_LongWordToStr_input+1, R1
0x0450	0xF002C060  	MOVFF       FARG_LongWordToStr_input+2, R2
0x0454	0xF003C061  	MOVFF       FARG_LongWordToStr_input+3, R3
0x0458	0xDE32      	RCALL       _Div_32x32_U
0x045A	0xF05EC000  	MOVFF       R0, FARG_LongWordToStr_input
0x045E	0xF05FC001  	MOVFF       R1, FARG_LongWordToStr_input+1
0x0462	0xF060C002  	MOVFF       R2, FARG_LongWordToStr_input+2
0x0466	0xF061C003  	MOVFF       R3, FARG_LongWordToStr_input+3
;__Lib_Conversions.c,268 :: 		
0x046A	0x0E00      	MOVLW       0
0x046C	0x6E04      	MOVWF       R4 
0x046E	0x1803      	XORWF       R3, 0 
0x0470	0xE108      	BNZ         L__LongWordToStr175
0x0472	0x5004      	MOVF        R4, 0 
0x0474	0x1802      	XORWF       R2, 0 
0x0476	0xE105      	BNZ         L__LongWordToStr175
0x0478	0x5004      	MOVF        R4, 0 
0x047A	0x1801      	XORWF       R1, 0 
0x047C	0xE102      	BNZ         L__LongWordToStr175
0x047E	0x5000      	MOVF        R0, 0 
0x0480	0x0A00      	XORLW       0
L__LongWordToStr175:
0x0482	0xE101      	BNZ         L_LongWordToStr57
;__Lib_Conversions.c,269 :: 		
0x0484	0xD005      	BRA         L_LongWordToStr56
L_LongWordToStr57:
;__Lib_Conversions.c,270 :: 		
0x0486	0x0E01      	MOVLW       1
0x0488	0x5E64      	SUBWF       LongWordToStr_len_L0, 1 
0x048A	0x0E00      	MOVLW       0
0x048C	0x5A65      	SUBWFB      LongWordToStr_len_L0+1, 1 
;__Lib_Conversions.c,271 :: 		
0x048E	0xD7B1      	BRA         L_LongWordToStr55
L_LongWordToStr56:
;__Lib_Conversions.c,272 :: 		
L_end_LongWordToStr:
0x0490	0x0012      	RETURN      0
; end of _LongWordToStr
_getkeypad:
;unit02_06_calculator.c,92 :: 		unsigned char getkeypad()
;unit02_06_calculator.c,94 :: 		unsigned char i,  Key = 0;
0x0492	0x6A50      	CLRF        getkeypad_Key_L0 
;unit02_06_calculator.c,95 :: 		PORTC = 0x01;                            // Start with column 1
0x0494	0x0E01      	MOVLW       1
0x0496	0x6E82      	MOVWF       PORTC 
;unit02_06_calculator.c,97 :: 		while((PORTC & MASK) == 0)         // While no key pressed
L_getkeypad0:
0x0498	0x0EF0      	MOVLW       240
0x049A	0x1482      	ANDWF       PORTC, 0 
0x049C	0x6E01      	MOVWF       R1 
0x049E	0x5001      	MOVF        R1, 0 
0x04A0	0x0A00      	XORLW       0
0x04A2	0xE10E      	BNZ         L_getkeypad1
;unit02_06_calculator.c,99 :: 		PORTC = (PORTC << 1);               // next column
0x04A4	0xF000CF82  	MOVFF       PORTC, R0
0x04A8	0x3600      	RLCF        R0, 1 
0x04AA	0x9000      	BCF         R0, 0 
0x04AC	0xFF82C000  	MOVFF       R0, PORTC
;unit02_06_calculator.c,100 :: 		Key++;                               // column number
0x04B0	0x2A50      	INCF        getkeypad_Key_L0, 1 
;unit02_06_calculator.c,101 :: 		if(Key == 4)
0x04B2	0x5050      	MOVF        getkeypad_Key_L0, 0 
0x04B4	0x0A04      	XORLW       4
0x04B6	0xE103      	BNZ         L_getkeypad2
;unit02_06_calculator.c,103 :: 		PORTC = 0x01;                   // Back to column 1
0x04B8	0x0E01      	MOVLW       1
0x04BA	0x6E82      	MOVWF       PORTC 
;unit02_06_calculator.c,104 :: 		Key = 0;
0x04BC	0x6A50      	CLRF        getkeypad_Key_L0 
;unit02_06_calculator.c,105 :: 		}
L_getkeypad2:
;unit02_06_calculator.c,106 :: 		}
0x04BE	0xD7EC      	BRA         L_getkeypad0
L_getkeypad1:
;unit02_06_calculator.c,107 :: 		Delay_Ms(20);                            // Switch debounce
0x04C0	0x0E34      	MOVLW       52
0x04C2	0x6E0C      	MOVWF       R12, 0
0x04C4	0x0EF1      	MOVLW       241
0x04C6	0x6E0D      	MOVWF       R13, 0
L_getkeypad3:
0x04C8	0x2E0D      	DECFSZ      R13, 1, 0
0x04CA	0xD7FE      	BRA         L_getkeypad3
0x04CC	0x2E0C      	DECFSZ      R12, 1, 0
0x04CE	0xD7FC      	BRA         L_getkeypad3
0x04D0	0x0000      	NOP
0x04D2	0x0000      	NOP
;unit02_06_calculator.c,108 :: 		for(i = 0x10; i !=0; i <<=1)                     // Find the key pressed
0x04D4	0x0E10      	MOVLW       16
0x04D6	0x6E02      	MOVWF       R2 
L_getkeypad4:
0x04D8	0x5002      	MOVF        R2, 0 
0x04DA	0x0A00      	XORLW       0
0x04DC	0xE00C      	BZ          L_getkeypad5
;unit02_06_calculator.c,109 :: 		{            if((PORTC & i) != 0)break;            Key = Key + 4;         }
0x04DE	0x5002      	MOVF        R2, 0 
0x04E0	0x1482      	ANDWF       PORTC, 0 
0x04E2	0x6E01      	MOVWF       R1 
0x04E4	0x5001      	MOVF        R1, 0 
0x04E6	0x0A00      	XORLW       0
0x04E8	0xE001      	BZ          L_getkeypad7
0x04EA	0xD005      	BRA         L_getkeypad5
L_getkeypad7:
0x04EC	0x0E04      	MOVLW       4
0x04EE	0x2650      	ADDWF       getkeypad_Key_L0, 1 
;unit02_06_calculator.c,108 :: 		for(i = 0x10; i !=0; i <<=1)                     // Find the key pressed
0x04F0	0x3602      	RLCF        R2, 1 
0x04F2	0x9002      	BCF         R2, 0 
;unit02_06_calculator.c,109 :: 		{            if((PORTC & i) != 0)break;            Key = Key + 4;         }
0x04F4	0xD7F1      	BRA         L_getkeypad4
L_getkeypad5:
;unit02_06_calculator.c,110 :: 		PORTC = 0x0F;
0x04F6	0x0E0F      	MOVLW       15
0x04F8	0x6E82      	MOVWF       PORTC 
;unit02_06_calculator.c,111 :: 		while((PORTC & MASK) != 0);                // Wait unl key released
L_getkeypad8:
0x04FA	0x0EF0      	MOVLW       240
0x04FC	0x1482      	ANDWF       PORTC, 0 
0x04FE	0x6E01      	MOVWF       R1 
0x0500	0x5001      	MOVF        R1, 0 
0x0502	0x0A00      	XORLW       0
0x0504	0xE001      	BZ          L_getkeypad9
0x0506	0xD7F9      	BRA         L_getkeypad8
L_getkeypad9:
;unit02_06_calculator.c,112 :: 		Delay_Ms(20);                                      // Switch debounce
0x0508	0x0E34      	MOVLW       52
0x050A	0x6E0C      	MOVWF       R12, 0
0x050C	0x0EF1      	MOVLW       241
0x050E	0x6E0D      	MOVWF       R13, 0
L_getkeypad10:
0x0510	0x2E0D      	DECFSZ      R13, 1, 0
0x0512	0xD7FE      	BRA         L_getkeypad10
0x0514	0x2E0C      	DECFSZ      R12, 1, 0
0x0516	0xD7FC      	BRA         L_getkeypad10
0x0518	0x0000      	NOP
0x051A	0x0000      	NOP
;unit02_06_calculator.c,113 :: 		return (Key);                               // Return key number
0x051C	0xF000C050  	MOVFF       getkeypad_Key_L0, R0
;unit02_06_calculator.c,114 :: 		}
L_end_getkeypad:
0x0520	0x0012      	RETURN      0
; end of _getkeypad
___CC2DW:
;__Lib_System.c,21 :: 		
;__Lib_System.c,23 :: 		
_CC2DL_Loop1:
;__Lib_System.c,24 :: 		
0x0522	0x0009      	TBLRD*+
;__Lib_System.c,25 :: 		
0x0524	0xFFE6CFF5  	MOVFF       TABLAT, POSTINC1
;__Lib_System.c,26 :: 		
0x0528	0x0600      	DECF        R0, 1, 0
;__Lib_System.c,27 :: 		
0x052A	0xE1FB      	BNZ         _CC2DL_Loop1
;__Lib_System.c,28 :: 		
0x052C	0x0601      	DECF        R1, 1, 0
;__Lib_System.c,29 :: 		
0x052E	0xE1F9      	BNZ         _CC2DL_Loop1
;__Lib_System.c,31 :: 		
L_end___CC2DW:
0x0530	0x0012      	RETURN      0
; end of ___CC2DW
_Mul_32x32_U:
;__Lib_Math.c,1616 :: 		
;__Lib_Math.c,1631 :: 		
0x0532	0x0E22      	MOVLW       34
;__Lib_Math.c,1632 :: 		
0x0534	0x6E0C      	MOVWF       R12, 0
;__Lib_Math.c,1633 :: 		
0x0536	0x6A08      	CLRF        R8, 0
;__Lib_Math.c,1634 :: 		
0x0538	0x6A09      	CLRF        R9, 0
;__Lib_Math.c,1635 :: 		
0x053A	0x6A0A      	CLRF        R10, 0
;__Lib_Math.c,1636 :: 		
0x053C	0x6A0B      	CLRF        R11, 0
;__Lib_Math.c,1638 :: 		
_NEXT:
;__Lib_Math.c,1642 :: 		
0x053E	0x060C      	DECF        R12, 1, 0
;__Lib_Math.c,1643 :: 		
0x0540	0xB4D8      	BTFSC       STATUS, 2, 0
;__Lib_Math.c,1644 :: 		
0x0542	0xD01F      	BRA         _EXIT2
;__Lib_Math.c,1645 :: 		
0x0544	0x90D8      	BCF         STATUS, 0, 0
;__Lib_Math.c,1647 :: 		
_LOOP:
;__Lib_Math.c,1656 :: 		
0x0546	0x320B      	RRCF        R11, 1, 0
;__Lib_Math.c,1657 :: 		
0x0548	0x320A      	RRCF        R10, 1, 0
;__Lib_Math.c,1658 :: 		
0x054A	0x3209      	RRCF        R9, 1, 0
;__Lib_Math.c,1659 :: 		
0x054C	0x3208      	RRCF        R8, 1, 0
;__Lib_Math.c,1660 :: 		
0x054E	0x3203      	RRCF        R3, 1, 0
;__Lib_Math.c,1661 :: 		
0x0550	0x3202      	RRCF        R2, 1, 0
;__Lib_Math.c,1662 :: 		
0x0552	0x3201      	RRCF        R1, 1, 0
;__Lib_Math.c,1663 :: 		
0x0554	0x3200      	RRCF        R0, 1, 0
;__Lib_Math.c,1668 :: 		
0x0556	0xA0D8      	BTFSS       STATUS, 0, 0
;__Lib_Math.c,1669 :: 		
0x0558	0xD7F2      	BRA         _NEXT
;__Lib_Math.c,1670 :: 		
0x055A	0x060C      	DECF        R12, 1, 0
;__Lib_Math.c,1671 :: 		
0x055C	0xB4D8      	BTFSC       STATUS, 2, 0
;__Lib_Math.c,1672 :: 		
0x055E	0xD009      	BRA         _EXIT1
;__Lib_Math.c,1679 :: 		
0x0560	0x5004      	MOVF        R4, 0, 0
;__Lib_Math.c,1680 :: 		
0x0562	0x2608      	ADDWF       R8, 1, 0
;__Lib_Math.c,1681 :: 		
0x0564	0x5005      	MOVF        R5, 0, 0
;__Lib_Math.c,1684 :: 		
0x0566	0x2209      	ADDWFC      R9, 1, 0
;__Lib_Math.c,1685 :: 		
0x0568	0x5006      	MOVF        R6, 0, 0
;__Lib_Math.c,1688 :: 		
0x056A	0x220A      	ADDWFC      R10, 1, 0
;__Lib_Math.c,1689 :: 		
0x056C	0x5007      	MOVF        R7, 0, 0
;__Lib_Math.c,1692 :: 		
0x056E	0x220B      	ADDWFC      R11, 1, 0
;__Lib_Math.c,1694 :: 		
0x0570	0xD7EA      	BRA         _LOOP
;__Lib_Math.c,1696 :: 		
_EXIT1:
;__Lib_Math.c,1701 :: 		
0x0572	0x5004      	MOVF        R4, 0, 0
;__Lib_Math.c,1702 :: 		
0x0574	0x2608      	ADDWF       R8, 1, 0
;__Lib_Math.c,1703 :: 		
0x0576	0x5005      	MOVF        R5, 0, 0
;__Lib_Math.c,1706 :: 		
0x0578	0x2209      	ADDWFC      R9, 1, 0
;__Lib_Math.c,1707 :: 		
0x057A	0x5006      	MOVF        R6, 0, 0
;__Lib_Math.c,1710 :: 		
0x057C	0x220A      	ADDWFC      R10, 1, 0
;__Lib_Math.c,1711 :: 		
0x057E	0x5007      	MOVF        R7, 0, 0
;__Lib_Math.c,1714 :: 		
0x0580	0x220B      	ADDWFC      R11, 1, 0
;__Lib_Math.c,1717 :: 		
_EXIT2:
;__Lib_Math.c,1719 :: 		
L_end_Mul_32x32_U:
0x0582	0x0012      	RETURN      0
; end of _Mul_32x32_U
_Lcd_Out:
;__Lib_Lcd.c,184 :: 		
;__Lib_Lcd.c,187 :: 		
0x0584	0xD00F      	BRA         L_Lcd_Out11
;__Lib_Lcd.c,188 :: 		
L_Lcd_Out13:
0x0586	0x0E80      	MOVLW       128
0x0588	0x6E50      	MOVWF       FARG_Lcd_Out_row 
0x058A	0xD019      	BRA         L_Lcd_Out12
;__Lib_Lcd.c,189 :: 		
L_Lcd_Out14:
0x058C	0x0EC0      	MOVLW       192
0x058E	0x6E50      	MOVWF       FARG_Lcd_Out_row 
0x0590	0xD016      	BRA         L_Lcd_Out12
;__Lib_Lcd.c,190 :: 		
L_Lcd_Out15:
0x0592	0x0E94      	MOVLW       148
0x0594	0x6E50      	MOVWF       FARG_Lcd_Out_row 
0x0596	0xD013      	BRA         L_Lcd_Out12
;__Lib_Lcd.c,191 :: 		
L_Lcd_Out16:
0x0598	0x0ED4      	MOVLW       212
0x059A	0x6E50      	MOVWF       FARG_Lcd_Out_row 
0x059C	0xD010      	BRA         L_Lcd_Out12
;__Lib_Lcd.c,192 :: 		
L_Lcd_Out17:
0x059E	0x0E80      	MOVLW       128
0x05A0	0x6E50      	MOVWF       FARG_Lcd_Out_row 
;__Lib_Lcd.c,193 :: 		
0x05A2	0xD00D      	BRA         L_Lcd_Out12
L_Lcd_Out11:
0x05A4	0x5050      	MOVF        FARG_Lcd_Out_row, 0 
0x05A6	0x0A01      	XORLW       1
0x05A8	0xE0EE      	BZ          L_Lcd_Out13
0x05AA	0x5050      	MOVF        FARG_Lcd_Out_row, 0 
0x05AC	0x0A02      	XORLW       2
0x05AE	0xE0EE      	BZ          L_Lcd_Out14
0x05B0	0x5050      	MOVF        FARG_Lcd_Out_row, 0 
0x05B2	0x0A03      	XORLW       3
0x05B4	0xE0EE      	BZ          L_Lcd_Out15
0x05B6	0x5050      	MOVF        FARG_Lcd_Out_row, 0 
0x05B8	0x0A04      	XORLW       4
0x05BA	0xE0EE      	BZ          L_Lcd_Out16
0x05BC	0xD7F0      	BRA         L_Lcd_Out17
L_Lcd_Out12:
;__Lib_Lcd.c,194 :: 		
0x05BE	0x0451      	DECF        FARG_Lcd_Out_column, 0 
0x05C0	0x6E00      	MOVWF       R0 
0x05C2	0x5050      	MOVF        FARG_Lcd_Out_row, 0 
0x05C4	0x2600      	ADDWF       R0, 1 
0x05C6	0xF050C000  	MOVFF       R0, FARG_Lcd_Out_row
;__Lib_Lcd.c,196 :: 		
0x05CA	0xF068C000  	MOVFF       R0, FARG_Lcd_Cmd_out_char
0x05CE	0xDD39      	RCALL       _Lcd_Cmd
;__Lib_Lcd.c,197 :: 		
0x05D0	0x9036      	BCF         __Lib_Lcd_cmd_status, BitPos(__Lib_Lcd_cmd_status+0) 
;__Lib_Lcd.c,198 :: 		
0x05D2	0x6A54      	CLRF        Lcd_Out_i_L0 
;__Lib_Lcd.c,199 :: 		
L_Lcd_Out18:
0x05D4	0x5054      	MOVF        Lcd_Out_i_L0, 0 
0x05D6	0x2452      	ADDWF       FARG_Lcd_Out_text, 0 
0x05D8	0x6EE9      	MOVWF       FSR0L 
0x05DA	0x0E00      	MOVLW       0
0x05DC	0x2053      	ADDWFC      FARG_Lcd_Out_text+1, 0 
0x05DE	0x6EEA      	MOVWF       FSR0L+1 
0x05E0	0x52EE      	MOVF        POSTINC0, 1 
0x05E2	0xE00B      	BZ          L_Lcd_Out19
;__Lib_Lcd.c,200 :: 		
0x05E4	0x5054      	MOVF        Lcd_Out_i_L0, 0 
0x05E6	0x2452      	ADDWF       FARG_Lcd_Out_text, 0 
0x05E8	0x6EE9      	MOVWF       FSR0L 
0x05EA	0x0E00      	MOVLW       0
0x05EC	0x2053      	ADDWFC      FARG_Lcd_Out_text+1, 0 
0x05EE	0x6EEA      	MOVWF       FSR0L+1 
0x05F0	0xF05ECFEE  	MOVFF       POSTINC0, FARG_Lcd_Chr_CP_out_char
0x05F4	0xDEDA      	RCALL       _Lcd_Chr_CP
0x05F6	0x2A54      	INCF        Lcd_Out_i_L0, 1 
0x05F8	0xD7ED      	BRA         L_Lcd_Out18
L_Lcd_Out19:
;__Lib_Lcd.c,201 :: 		
0x05FA	0x8036      	BSF         __Lib_Lcd_cmd_status, BitPos(__Lib_Lcd_cmd_status+0) 
;__Lib_Lcd.c,202 :: 		
L_end_Lcd_Out:
0x05FC	0x0012      	RETURN      0
; end of _Lcd_Out
_Lcd_Init:
;__Lib_Lcd.c,84 :: 		
;__Lib_Lcd.c,86 :: 		
0x05FE	0x9296      	BCF         LCD_EN_Direction, BitPos(LCD_EN_Direction+0) 
;__Lib_Lcd.c,87 :: 		
0x0600	0x9496      	BCF         LCD_RS_Direction, BitPos(LCD_RS_Direction+0) 
;__Lib_Lcd.c,88 :: 		
0x0602	0x9895      	BCF         LCD_D4_Direction, BitPos(LCD_D4_Direction+0) 
;__Lib_Lcd.c,89 :: 		
0x0604	0x9A95      	BCF         LCD_D5_Direction, BitPos(LCD_D5_Direction+0) 
;__Lib_Lcd.c,90 :: 		
0x0606	0x9C95      	BCF         LCD_D6_Direction, BitPos(LCD_D6_Direction+0) 
;__Lib_Lcd.c,91 :: 		
0x0608	0x9E95      	BCF         LCD_D7_Direction, BitPos(LCD_D7_Direction+0) 
;__Lib_Lcd.c,93 :: 		
0x060A	0x928D      	BCF         LCD_EN, BitPos(LCD_EN+0) 
;__Lib_Lcd.c,94 :: 		
0x060C	0x948D      	BCF         LCD_RS, BitPos(LCD_RS+0) 
;__Lib_Lcd.c,95 :: 		
0x060E	0x9E8C      	BCF         LCD_D7, BitPos(LCD_D7+0) 
;__Lib_Lcd.c,96 :: 		
0x0610	0x9C8C      	BCF         LCD_D6, BitPos(LCD_D6+0) 
;__Lib_Lcd.c,97 :: 		
0x0612	0x9A8C      	BCF         LCD_D5, BitPos(LCD_D5+0) 
;__Lib_Lcd.c,98 :: 		
0x0614	0x988C      	BCF         LCD_D4, BitPos(LCD_D4+0) 
;__Lib_Lcd.c,100 :: 		
0x0616	0xDD07      	RCALL       _Delay_5500us
;__Lib_Lcd.c,101 :: 		
0x0618	0xDD06      	RCALL       _Delay_5500us
;__Lib_Lcd.c,102 :: 		
0x061A	0xDD05      	RCALL       _Delay_5500us
;__Lib_Lcd.c,105 :: 		
0x061C	0x8A8C      	BSF         LCD_D5, BitPos(LCD_D5+0) 
;__Lib_Lcd.c,106 :: 		
0x061E	0x888C      	BSF         LCD_D4, BitPos(LCD_D4+0) 
;__Lib_Lcd.c,107 :: 		
0x0620	0x828D      	BSF         LCD_EN, BitPos(LCD_EN+0) 
;__Lib_Lcd.c,108 :: 		
0x0622	0xDD0C      	RCALL       _Delay_1us
;__Lib_Lcd.c,109 :: 		
0x0624	0x928D      	BCF         LCD_EN, BitPos(LCD_EN+0) 
;__Lib_Lcd.c,110 :: 		
0x0626	0xDCFF      	RCALL       _Delay_5500us
;__Lib_Lcd.c,112 :: 		
0x0628	0x828D      	BSF         LCD_EN, BitPos(LCD_EN+0) 
;__Lib_Lcd.c,113 :: 		
0x062A	0xDD08      	RCALL       _Delay_1us
;__Lib_Lcd.c,114 :: 		
0x062C	0x928D      	BCF         LCD_EN, BitPos(LCD_EN+0) 
;__Lib_Lcd.c,115 :: 		
0x062E	0xDCFB      	RCALL       _Delay_5500us
;__Lib_Lcd.c,117 :: 		
0x0630	0x828D      	BSF         LCD_EN, BitPos(LCD_EN+0) 
;__Lib_Lcd.c,118 :: 		
0x0632	0xDD04      	RCALL       _Delay_1us
;__Lib_Lcd.c,119 :: 		
0x0634	0x928D      	BCF         LCD_EN, BitPos(LCD_EN+0) 
;__Lib_Lcd.c,120 :: 		
0x0636	0xDCF7      	RCALL       _Delay_5500us
;__Lib_Lcd.c,123 :: 		
0x0638	0x988C      	BCF         LCD_D4, BitPos(LCD_D4+0) 
;__Lib_Lcd.c,124 :: 		
0x063A	0x828D      	BSF         LCD_EN, BitPos(LCD_EN+0) 
;__Lib_Lcd.c,125 :: 		
0x063C	0xDCFF      	RCALL       _Delay_1us
;__Lib_Lcd.c,126 :: 		
0x063E	0x928D      	BCF         LCD_EN, BitPos(LCD_EN+0) 
;__Lib_Lcd.c,127 :: 		
0x0640	0xDCF2      	RCALL       _Delay_5500us
;__Lib_Lcd.c,130 :: 		
0x0642	0x828D      	BSF         LCD_EN, BitPos(LCD_EN+0) 
;__Lib_Lcd.c,131 :: 		
0x0644	0xDCFB      	RCALL       _Delay_1us
;__Lib_Lcd.c,132 :: 		
0x0646	0x928D      	BCF         LCD_EN, BitPos(LCD_EN+0) 
;__Lib_Lcd.c,134 :: 		
0x0648	0x9A8C      	BCF         LCD_D5, BitPos(LCD_D5+0) 
;__Lib_Lcd.c,135 :: 		
0x064A	0x8E8C      	BSF         LCD_D7, BitPos(LCD_D7+0) 
;__Lib_Lcd.c,136 :: 		
0x064C	0x828D      	BSF         LCD_EN, BitPos(LCD_EN+0) 
;__Lib_Lcd.c,137 :: 		
0x064E	0xDCF6      	RCALL       _Delay_1us
;__Lib_Lcd.c,138 :: 		
0x0650	0x928D      	BCF         LCD_EN, BitPos(LCD_EN+0) 
;__Lib_Lcd.c,139 :: 		
0x0652	0xDCE9      	RCALL       _Delay_5500us
;__Lib_Lcd.c,142 :: 		
0x0654	0x9E8C      	BCF         LCD_D7, BitPos(LCD_D7+0) 
;__Lib_Lcd.c,143 :: 		
0x0656	0x888C      	BSF         LCD_D4, BitPos(LCD_D4+0) 
;__Lib_Lcd.c,144 :: 		
0x0658	0x828D      	BSF         LCD_EN, BitPos(LCD_EN+0) 
;__Lib_Lcd.c,145 :: 		
0x065A	0xDCF0      	RCALL       _Delay_1us
;__Lib_Lcd.c,146 :: 		
0x065C	0x928D      	BCF         LCD_EN, BitPos(LCD_EN+0) 
;__Lib_Lcd.c,148 :: 		
0x065E	0x988C      	BCF         LCD_D4, BitPos(LCD_D4+0) 
;__Lib_Lcd.c,149 :: 		
0x0660	0x828D      	BSF         LCD_EN, BitPos(LCD_EN+0) 
;__Lib_Lcd.c,150 :: 		
0x0662	0xDCEC      	RCALL       _Delay_1us
;__Lib_Lcd.c,151 :: 		
0x0664	0x928D      	BCF         LCD_EN, BitPos(LCD_EN+0) 
;__Lib_Lcd.c,152 :: 		
0x0666	0xDCDF      	RCALL       _Delay_5500us
;__Lib_Lcd.c,155 :: 		
0x0668	0x828D      	BSF         LCD_EN, BitPos(LCD_EN+0) 
;__Lib_Lcd.c,156 :: 		
0x066A	0xDCE8      	RCALL       _Delay_1us
;__Lib_Lcd.c,157 :: 		
0x066C	0x928D      	BCF         LCD_EN, BitPos(LCD_EN+0) 
;__Lib_Lcd.c,159 :: 		
0x066E	0x888C      	BSF         LCD_D4, BitPos(LCD_D4+0) 
;__Lib_Lcd.c,160 :: 		
0x0670	0x828D      	BSF         LCD_EN, BitPos(LCD_EN+0) 
;__Lib_Lcd.c,161 :: 		
0x0672	0xDCE4      	RCALL       _Delay_1us
;__Lib_Lcd.c,162 :: 		
0x0674	0x928D      	BCF         LCD_EN, BitPos(LCD_EN+0) 
;__Lib_Lcd.c,163 :: 		
0x0676	0xDCD7      	RCALL       _Delay_5500us
;__Lib_Lcd.c,166 :: 		
0x0678	0x988C      	BCF         LCD_D4, BitPos(LCD_D4+0) 
;__Lib_Lcd.c,167 :: 		
0x067A	0x828D      	BSF         LCD_EN, BitPos(LCD_EN+0) 
;__Lib_Lcd.c,168 :: 		
0x067C	0xDCDF      	RCALL       _Delay_1us
;__Lib_Lcd.c,169 :: 		
0x067E	0x928D      	BCF         LCD_EN, BitPos(LCD_EN+0) 
;__Lib_Lcd.c,171 :: 		
0x0680	0x8E8C      	BSF         LCD_D7, BitPos(LCD_D7+0) 
;__Lib_Lcd.c,172 :: 		
0x0682	0x8C8C      	BSF         LCD_D6, BitPos(LCD_D6+0) 
;__Lib_Lcd.c,173 :: 		
0x0684	0x8A8C      	BSF         LCD_D5, BitPos(LCD_D5+0) 
;__Lib_Lcd.c,174 :: 		
0x0686	0x888C      	BSF         LCD_D4, BitPos(LCD_D4+0) 
;__Lib_Lcd.c,175 :: 		
0x0688	0x828D      	BSF         LCD_EN, BitPos(LCD_EN+0) 
;__Lib_Lcd.c,176 :: 		
0x068A	0xDCD8      	RCALL       _Delay_1us
;__Lib_Lcd.c,177 :: 		
0x068C	0x928D      	BCF         LCD_EN, BitPos(LCD_EN+0) 
;__Lib_Lcd.c,179 :: 		
0x068E	0xDCCB      	RCALL       _Delay_5500us
;__Lib_Lcd.c,181 :: 		
0x0690	0x8036      	BSF         __Lib_Lcd_cmd_status, BitPos(__Lib_Lcd_cmd_status+0) 
;__Lib_Lcd.c,182 :: 		
L_end_Lcd_Init:
0x0692	0x0012      	RETURN      0
; end of _Lcd_Init
_LongToStr:
;__Lib_Conversions.c,289 :: 		
;__Lib_Conversions.c,295 :: 		
0x0694	0x6A58      	CLRF        LongToStr_negative_L0 
0x0696	0x6A59      	CLRF        LongToStr_negative_L0+1 
;__Lib_Conversions.c,296 :: 		
0x0698	0xF05AC050  	MOVFF       FARG_LongToStr_input, LongToStr_inword_L0
0x069C	0xF05BC051  	MOVFF       FARG_LongToStr_input+1, LongToStr_inword_L0+1
0x06A0	0xF05CC052  	MOVFF       FARG_LongToStr_input+2, LongToStr_inword_L0+2
0x06A4	0xF05DC053  	MOVFF       FARG_LongToStr_input+3, LongToStr_inword_L0+3
;__Lib_Conversions.c,297 :: 		
0x06A8	0x0E80      	MOVLW       128
0x06AA	0x1853      	XORWF       FARG_LongToStr_input+3, 0 
0x06AC	0x6E00      	MOVWF       R0 
0x06AE	0x0E80      	MOVLW       128
0x06B0	0x5C00      	SUBWF       R0, 0 
0x06B2	0xE108      	BNZ         L__LongToStr179
0x06B4	0x0E00      	MOVLW       0
0x06B6	0x5C52      	SUBWF       FARG_LongToStr_input+2, 0 
0x06B8	0xE105      	BNZ         L__LongToStr179
0x06BA	0x0E00      	MOVLW       0
0x06BC	0x5C51      	SUBWF       FARG_LongToStr_input+1, 0 
0x06BE	0xE102      	BNZ         L__LongToStr179
0x06C0	0x0E00      	MOVLW       0
0x06C2	0x5C50      	SUBWF       FARG_LongToStr_input, 0 
L__LongToStr179:
0x06C4	0xE210      	BC          L_LongToStr63
;__Lib_Conversions.c,298 :: 		
0x06C6	0x0E01      	MOVLW       1
0x06C8	0x6E58      	MOVWF       LongToStr_negative_L0 
0x06CA	0x0E00      	MOVLW       0
0x06CC	0x6E59      	MOVWF       LongToStr_negative_L0+1 
;__Lib_Conversions.c,299 :: 		
0x06CE	0x6A5A      	CLRF        LongToStr_inword_L0 
0x06D0	0x6A5B      	CLRF        LongToStr_inword_L0+1 
0x06D2	0x6A5C      	CLRF        LongToStr_inword_L0+2 
0x06D4	0x6A5D      	CLRF        LongToStr_inword_L0+3 
0x06D6	0x5050      	MOVF        FARG_LongToStr_input, 0 
0x06D8	0x5E5A      	SUBWF       LongToStr_inword_L0, 1 
0x06DA	0x5051      	MOVF        FARG_LongToStr_input+1, 0 
0x06DC	0x5A5B      	SUBWFB      LongToStr_inword_L0+1, 1 
0x06DE	0x5052      	MOVF        FARG_LongToStr_input+2, 0 
0x06E0	0x5A5C      	SUBWFB      LongToStr_inword_L0+2, 1 
0x06E2	0x5053      	MOVF        FARG_LongToStr_input+3, 0 
0x06E4	0x5A5D      	SUBWFB      LongToStr_inword_L0+3, 1 
;__Lib_Conversions.c,300 :: 		
L_LongToStr63:
;__Lib_Conversions.c,301 :: 		
0x06E6	0xF05EC05A  	MOVFF       LongToStr_inword_L0, FARG_LongWordToStr_input
0x06EA	0xF05FC05B  	MOVFF       LongToStr_inword_L0+1, FARG_LongWordToStr_input+1
0x06EE	0xF060C05C  	MOVFF       LongToStr_inword_L0+2, FARG_LongWordToStr_input+2
0x06F2	0xF061C05D  	MOVFF       LongToStr_inword_L0+3, FARG_LongWordToStr_input+3
0x06F6	0xF062C054  	MOVFF       FARG_LongToStr_output, FARG_LongWordToStr_output
0x06FA	0xF063C055  	MOVFF       FARG_LongToStr_output+1, FARG_LongWordToStr_output+1
0x06FE	0xDE5B      	RCALL       _LongWordToStr
;__Lib_Conversions.c,303 :: 		
0x0700	0x0E0B      	MOVLW       11
0x0702	0x6E56      	MOVWF       LongToStr_i_L0 
0x0704	0x0E00      	MOVLW       0
0x0706	0x6E57      	MOVWF       LongToStr_i_L0+1 
;__Lib_Conversions.c,304 :: 		
L_LongToStr64:
0x0708	0x0E00      	MOVLW       0
0x070A	0x6E00      	MOVWF       R0 
0x070C	0x5057      	MOVF        LongToStr_i_L0+1, 0 
0x070E	0x5C00      	SUBWF       R0, 0 
0x0710	0xE102      	BNZ         L__LongToStr180
0x0712	0x5056      	MOVF        LongToStr_i_L0, 0 
0x0714	0x0800      	SUBLW       0
L__LongToStr180:
0x0716	0xE219      	BC          L_LongToStr65
;__Lib_Conversions.c,305 :: 		
0x0718	0x5056      	MOVF        LongToStr_i_L0, 0 
0x071A	0x2454      	ADDWF       FARG_LongToStr_output, 0 
0x071C	0x6EE1      	MOVWF       FSR1L 
0x071E	0x5057      	MOVF        LongToStr_i_L0+1, 0 
0x0720	0x2055      	ADDWFC      FARG_LongToStr_output+1, 0 
0x0722	0x6EE2      	MOVWF       FSR1L+1 
0x0724	0x0E01      	MOVLW       1
0x0726	0x5C56      	SUBWF       LongToStr_i_L0, 0 
0x0728	0x6E00      	MOVWF       R0 
0x072A	0x0E00      	MOVLW       0
0x072C	0x5857      	SUBWFB      LongToStr_i_L0+1, 0 
0x072E	0x6E01      	MOVWF       R1 
0x0730	0x5000      	MOVF        R0, 0 
0x0732	0x2454      	ADDWF       FARG_LongToStr_output, 0 
0x0734	0x6EE9      	MOVWF       FSR0L 
0x0736	0x5001      	MOVF        R1, 0 
0x0738	0x2055      	ADDWFC      FARG_LongToStr_output+1, 0 
0x073A	0x6EEA      	MOVWF       FSR0L+1 
0x073C	0xFFE6CFEE  	MOVFF       POSTINC0, POSTINC1
;__Lib_Conversions.c,306 :: 		
0x0740	0x0E01      	MOVLW       1
0x0742	0x5E56      	SUBWF       LongToStr_i_L0, 1 
0x0744	0x0E00      	MOVLW       0
0x0746	0x5A57      	SUBWFB      LongToStr_i_L0+1, 1 
;__Lib_Conversions.c,307 :: 		
0x0748	0xD7DF      	BRA         L_LongToStr64
L_LongToStr65:
;__Lib_Conversions.c,308 :: 		
0x074A	0xFFE1C054  	MOVFF       FARG_LongToStr_output, FSR1L
0x074E	0xFFE2C055  	MOVFF       FARG_LongToStr_output+1, FSR1H
0x0752	0x0E20      	MOVLW       32
0x0754	0x6EE6      	MOVWF       POSTINC1 
;__Lib_Conversions.c,309 :: 		
0x0756	0x5058      	MOVF        LongToStr_negative_L0, 0 
0x0758	0x1059      	IORWF       LongToStr_negative_L0+1, 0 
0x075A	0xE01A      	BZ          L_LongToStr66
;__Lib_Conversions.c,310 :: 		
0x075C	0x6A56      	CLRF        LongToStr_i_L0 
0x075E	0x6A57      	CLRF        LongToStr_i_L0+1 
;__Lib_Conversions.c,311 :: 		
L_LongToStr67:
0x0760	0x5056      	MOVF        LongToStr_i_L0, 0 
0x0762	0x2454      	ADDWF       FARG_LongToStr_output, 0 
0x0764	0x6EE9      	MOVWF       FSR0L 
0x0766	0x5057      	MOVF        LongToStr_i_L0+1, 0 
0x0768	0x2055      	ADDWFC      FARG_LongToStr_output+1, 0 
0x076A	0x6EEA      	MOVWF       FSR0L+1 
0x076C	0x50EE      	MOVF        POSTINC0, 0 
0x076E	0x0A20      	XORLW       32
0x0770	0xE103      	BNZ         L_LongToStr68
0x0772	0x4A56      	INFSNZ      LongToStr_i_L0, 1 
0x0774	0x2A57      	INCF        LongToStr_i_L0+1, 1 
0x0776	0xD7F4      	BRA         L_LongToStr67
L_LongToStr68:
;__Lib_Conversions.c,312 :: 		
0x0778	0x0E01      	MOVLW       1
0x077A	0x5E56      	SUBWF       LongToStr_i_L0, 1 
0x077C	0x0E00      	MOVLW       0
0x077E	0x5A57      	SUBWFB      LongToStr_i_L0+1, 1 
;__Lib_Conversions.c,313 :: 		
0x0780	0x5056      	MOVF        LongToStr_i_L0, 0 
0x0782	0x2454      	ADDWF       FARG_LongToStr_output, 0 
0x0784	0x6EE1      	MOVWF       FSR1L 
0x0786	0x5057      	MOVF        LongToStr_i_L0+1, 0 
0x0788	0x2055      	ADDWFC      FARG_LongToStr_output+1, 0 
0x078A	0x6EE2      	MOVWF       FSR1L+1 
0x078C	0x0E2D      	MOVLW       45
0x078E	0x6EE6      	MOVWF       POSTINC1 
;__Lib_Conversions.c,314 :: 		
L_LongToStr66:
;__Lib_Conversions.c,315 :: 		
L_end_LongToStr:
0x0790	0x0012      	RETURN      0
; end of _LongToStr
_Ltrim:
;__Lib_Conversions.c,421 :: 		
;__Lib_Conversions.c,425 :: 		
0x0792	0x6A52      	CLRF        Ltrim_trimmed_L0 
0x0794	0x6A53      	CLRF        Ltrim_trimmed_L0+1 
;__Lib_Conversions.c,426 :: 		
0x0796	0xF003C050  	MOVFF       FARG_Ltrim_string, R3
0x079A	0xF004C051  	MOVFF       FARG_Ltrim_string+1, R4
;__Lib_Conversions.c,427 :: 		
0x079E	0xF005C050  	MOVFF       FARG_Ltrim_string, R5
0x07A2	0xF006C051  	MOVFF       FARG_Ltrim_string+1, R6
;__Lib_Conversions.c,428 :: 		
L_Ltrim84:
;__Lib_Conversions.c,429 :: 		
0x07A6	0xFFE9C003  	MOVFF       R3, FSR0L
0x07AA	0xFFEAC004  	MOVFF       R4, FSR0H
0x07AE	0x50EE      	MOVF        POSTINC0, 0 
0x07B0	0x0A20      	XORLW       32
0x07B2	0xE104      	BNZ         L__Ltrim147
0x07B4	0x5052      	MOVF        Ltrim_trimmed_L0, 0 
0x07B6	0x1053      	IORWF       Ltrim_trimmed_L0+1, 0 
0x07B8	0xE101      	BNZ         L__Ltrim147
0x07BA	0xD010      	BRA         L_Ltrim89
L__Ltrim147:
;__Lib_Conversions.c,430 :: 		
0x07BC	0x0E01      	MOVLW       1
0x07BE	0x6E52      	MOVWF       Ltrim_trimmed_L0 
0x07C0	0x0E00      	MOVLW       0
0x07C2	0x6E53      	MOVWF       Ltrim_trimmed_L0+1 
;__Lib_Conversions.c,431 :: 		
0x07C4	0xFFE9C003  	MOVFF       R3, FSR0L
0x07C8	0xFFEAC004  	MOVFF       R4, FSR0H
0x07CC	0xFFE1C005  	MOVFF       R5, FSR1L
0x07D0	0xFFE2C006  	MOVFF       R6, FSR1H
0x07D4	0xFFE6CFEE  	MOVFF       POSTINC0, POSTINC1
0x07D8	0x4A05      	INFSNZ      R5, 1 
0x07DA	0x2A06      	INCF        R6, 1 
;__Lib_Conversions.c,432 :: 		
L_Ltrim89:
;__Lib_Conversions.c,434 :: 		
0x07DC	0xF001C003  	MOVFF       R3, R1
0x07E0	0xF002C004  	MOVFF       R4, R2
0x07E4	0x4A03      	INFSNZ      R3, 1 
0x07E6	0x2A04      	INCF        R4, 1 
0x07E8	0xFFE9C001  	MOVFF       R1, FSR0L
0x07EC	0xFFEAC002  	MOVFF       R2, FSR0H
0x07F0	0x50EE      	MOVF        POSTINC0, 0 
0x07F2	0x0A00      	XORLW       0
0x07F4	0xE1D8      	BNZ         L_Ltrim84
;__Lib_Conversions.c,435 :: 		
0x07F6	0xF000C050  	MOVFF       FARG_Ltrim_string, R0
0x07FA	0xF001C051  	MOVFF       FARG_Ltrim_string+1, R1
;__Lib_Conversions.c,436 :: 		
L_end_Ltrim:
0x07FE	0x0012      	RETURN      0
; end of _Ltrim
_Lcd_Out_CP:
;__Lib_Lcd.c,57 :: 		
;__Lib_Lcd.c,59 :: 		
0x0800	0x6A52      	CLRF        Lcd_Out_CP_i_L0 
;__Lib_Lcd.c,60 :: 		
L_Lcd_Out_CP2:
0x0802	0x5052      	MOVF        Lcd_Out_CP_i_L0, 0 
0x0804	0x2450      	ADDWF       FARG_Lcd_Out_CP_text, 0 
0x0806	0x6EE9      	MOVWF       FSR0L 
0x0808	0x0E00      	MOVLW       0
0x080A	0x2051      	ADDWFC      FARG_Lcd_Out_CP_text+1, 0 
0x080C	0x6EEA      	MOVWF       FSR0L+1 
0x080E	0x52EE      	MOVF        POSTINC0, 1 
0x0810	0xE00B      	BZ          L_Lcd_Out_CP3
;__Lib_Lcd.c,61 :: 		
0x0812	0x5052      	MOVF        Lcd_Out_CP_i_L0, 0 
0x0814	0x2450      	ADDWF       FARG_Lcd_Out_CP_text, 0 
0x0816	0x6EE9      	MOVWF       FSR0L 
0x0818	0x0E00      	MOVLW       0
0x081A	0x2051      	ADDWFC      FARG_Lcd_Out_CP_text+1, 0 
0x081C	0x6EEA      	MOVWF       FSR0L+1 
0x081E	0xF05ECFEE  	MOVFF       POSTINC0, FARG_Lcd_Chr_CP_out_char
0x0822	0xDDC3      	RCALL       _Lcd_Chr_CP
0x0824	0x2A52      	INCF        Lcd_Out_CP_i_L0, 1 
;__Lib_Lcd.c,62 :: 		
0x0826	0xD7ED      	BRA         L_Lcd_Out_CP2
L_Lcd_Out_CP3:
;__Lib_Lcd.c,63 :: 		
L_end_Lcd_Out_CP:
0x0828	0x0012      	RETURN      0
; end of _Lcd_Out_CP
_main:
0x082A	0xF005EC5C  	CALL        2744, 0
;unit02_06_calculator.c,116 :: 		void main(){
;unit02_06_calculator.c,125 :: 		ADCON1 |= 0X0F;                // Config all ADC's pins as digital
0x082E	0x0E0F      	MOVLW       15
0x0830	0x12C1      	IORWF       ADCON1, 1 
;unit02_06_calculator.c,128 :: 		PORTE = 0;
0x0832	0x6A84      	CLRF        PORTE 
;unit02_06_calculator.c,129 :: 		TRISE = 0;
0x0834	0x6A96      	CLRF        TRISE 
;unit02_06_calculator.c,131 :: 		PORTD = 0;
0x0836	0x6A83      	CLRF        PORTD 
;unit02_06_calculator.c,132 :: 		TRISD = 0XF0;                      // RC4RC7 are inputs
0x0838	0x0EF0      	MOVLW       240
0x083A	0x6E95      	MOVWF       TRISD 
;unit02_06_calculator.c,134 :: 		Lcd_Init();                         // Initialize LCD
0x083C	0xDEE0      	RCALL       _Lcd_Init
;unit02_06_calculator.c,136 :: 		Lcd_Cmd(_LCD_CLEAR);                // Clear display
0x083E	0x0E01      	MOVLW       1
0x0840	0x6E68      	MOVWF       FARG_Lcd_Cmd_out_char 
0x0842	0xF000EC21  	CALL        _Lcd_Cmd, 0
;unit02_06_calculator.c,137 :: 		Lcd_Cmd(_LCD_CURSOR_OFF);           // Cursor off
0x0846	0x0E0C      	MOVLW       12
0x0848	0x6E68      	MOVWF       FARG_Lcd_Cmd_out_char 
0x084A	0xF000EC21  	CALL        _Lcd_Cmd, 0
;unit02_06_calculator.c,139 :: 		Lcd_Out(1,1,"CALCULATOR");          // Write text in first row
0x084E	0x0E01      	MOVLW       1
0x0850	0x6E50      	MOVWF       FARG_Lcd_Out_row 
0x0852	0x0E01      	MOVLW       1
0x0854	0x6E51      	MOVWF       FARG_Lcd_Out_column 
0x0856	0x0E1A      	MOVLW       ?lstr1_unit02_06_calculator
0x0858	0x6E52      	MOVWF       FARG_Lcd_Out_text 
0x085A	0x0E00      	MOVLW       hi_addr(?lstr1_unit02_06_calculator)
0x085C	0x6E53      	MOVWF       FARG_Lcd_Out_text+1 
0x085E	0xDE92      	RCALL       _Lcd_Out
;unit02_06_calculator.c,142 :: 		for(;;)                                     // Endless loop
L_main11:
;unit02_06_calculator.c,144 :: 		MyKey = 0;
0x0860	0x6A37      	CLRF        main_MyKey_L0 
;unit02_06_calculator.c,145 :: 		Op1 = 0;
0x0862	0x6A48      	CLRF        main_Op1_L0 
0x0864	0x6A49      	CLRF        main_Op1_L0+1 
0x0866	0x6A4A      	CLRF        main_Op1_L0+2 
0x0868	0x6A4B      	CLRF        main_Op1_L0+3 
;unit02_06_calculator.c,146 :: 		Op2 = 0;
0x086A	0x6A4C      	CLRF        main_Op2_L0 
0x086C	0x6A4D      	CLRF        main_Op2_L0+1 
0x086E	0x6A4E      	CLRF        main_Op2_L0+2 
0x0870	0x6A4F      	CLRF        main_Op2_L0+3 
;unit02_06_calculator.c,148 :: 		Lcd_Out(1,1,"No1: ");                   // Display No1:
0x0872	0x0E01      	MOVLW       1
0x0874	0x6E50      	MOVWF       FARG_Lcd_Out_row 
0x0876	0x0E01      	MOVLW       1
0x0878	0x6E51      	MOVWF       FARG_Lcd_Out_column 
0x087A	0x0E25      	MOVLW       ?lstr2_unit02_06_calculator
0x087C	0x6E52      	MOVWF       FARG_Lcd_Out_text 
0x087E	0x0E00      	MOVLW       hi_addr(?lstr2_unit02_06_calculator)
0x0880	0x6E53      	MOVWF       FARG_Lcd_Out_text+1 
0x0882	0xDE80      	RCALL       _Lcd_Out
;unit02_06_calculator.c,150 :: 		while(1)                              // Get ?rst no
L_main14:
;unit02_06_calculator.c,152 :: 		MyKey = getkeypad();
0x0884	0xDE06      	RCALL       _getkeypad
0x0886	0xF037C000  	MOVFF       R0, main_MyKey_L0
;unit02_06_calculator.c,153 :: 		if(MyKey == Enter)break;             // If ENTER pressed
0x088A	0x5000      	MOVF        R0, 0 
0x088C	0x0A0B      	XORLW       11
0x088E	0xE101      	BNZ         L_main16
0x0890	0xD025      	BRA         L_main15
L_main16:
;unit02_06_calculator.c,154 :: 		MyKey++;
0x0892	0x2A37      	INCF        main_MyKey_L0, 1 
;unit02_06_calculator.c,155 :: 		if(MyKey == 10)MyKey = 0;            // If 0 key pressed
0x0894	0x5037      	MOVF        main_MyKey_L0, 0 
0x0896	0x0A0A      	XORLW       10
0x0898	0xB4D8      	BTFSC       STATUS, 2 
0x089A	0x6A37      	CLRF        main_MyKey_L0 
L_main17:
;unit02_06_calculator.c,156 :: 		Lcd_Chr_Cp(MyKey + '0');
0x089C	0x0E30      	MOVLW       48
0x089E	0x2437      	ADDWF       main_MyKey_L0, 0 
0x08A0	0x6E5E      	MOVWF       FARG_Lcd_Chr_CP_out_char 
0x08A2	0xDD83      	RCALL       _Lcd_Chr_CP
;unit02_06_calculator.c,157 :: 		Op1 = 10 * Op1 + MyKey;              // First number in Op1
0x08A4	0x0E0A      	MOVLW       10
0x08A6	0x6E00      	MOVWF       R0 
0x08A8	0x0E00      	MOVLW       0
0x08AA	0x6E01      	MOVWF       R1 
0x08AC	0x6E02      	MOVWF       R2 
0x08AE	0x6E03      	MOVWF       R3 
0x08B0	0xF004C048  	MOVFF       main_Op1_L0, R4
0x08B4	0xF005C049  	MOVFF       main_Op1_L0+1, R5
0x08B8	0xF006C04A  	MOVFF       main_Op1_L0+2, R6
0x08BC	0xF007C04B  	MOVFF       main_Op1_L0+3, R7
0x08C0	0xDE38      	RCALL       _Mul_32x32_U
0x08C2	0x5037      	MOVF        main_MyKey_L0, 0 
0x08C4	0x2400      	ADDWF       R0, 0 
0x08C6	0x6E48      	MOVWF       main_Op1_L0 
0x08C8	0x0E00      	MOVLW       0
0x08CA	0x2001      	ADDWFC      R1, 0 
0x08CC	0x6E49      	MOVWF       main_Op1_L0+1 
0x08CE	0x0E00      	MOVLW       0
0x08D0	0x2002      	ADDWFC      R2, 0 
0x08D2	0x6E4A      	MOVWF       main_Op1_L0+2 
0x08D4	0x0E00      	MOVLW       0
0x08D6	0x2003      	ADDWFC      R3, 0 
0x08D8	0x6E4B      	MOVWF       main_Op1_L0+3 
;unit02_06_calculator.c,158 :: 		}
0x08DA	0xD7D4      	BRA         L_main14
L_main15:
;unit02_06_calculator.c,160 :: 		Lcd_Out(2,1,"No2: ");                   // Display No2:
0x08DC	0x0E02      	MOVLW       2
0x08DE	0x6E50      	MOVWF       FARG_Lcd_Out_row 
0x08E0	0x0E01      	MOVLW       1
0x08E2	0x6E51      	MOVWF       FARG_Lcd_Out_column 
0x08E4	0x0E2B      	MOVLW       ?lstr3_unit02_06_calculator
0x08E6	0x6E52      	MOVWF       FARG_Lcd_Out_text 
0x08E8	0x0E00      	MOVLW       hi_addr(?lstr3_unit02_06_calculator)
0x08EA	0x6E53      	MOVWF       FARG_Lcd_Out_text+1 
0x08EC	0xDE4B      	RCALL       _Lcd_Out
;unit02_06_calculator.c,162 :: 		while(1)                                 // Get ?rst no
L_main18:
;unit02_06_calculator.c,164 :: 		MyKey = getkeypad();
0x08EE	0xDDD1      	RCALL       _getkeypad
0x08F0	0xF037C000  	MOVFF       R0, main_MyKey_L0
;unit02_06_calculator.c,165 :: 		if(MyKey == Enter)break;             // If ENTER pressed
0x08F4	0x5000      	MOVF        R0, 0 
0x08F6	0x0A0B      	XORLW       11
0x08F8	0xE101      	BNZ         L_main20
0x08FA	0xD025      	BRA         L_main19
L_main20:
;unit02_06_calculator.c,166 :: 		MyKey++;
0x08FC	0x2A37      	INCF        main_MyKey_L0, 1 
;unit02_06_calculator.c,167 :: 		if(MyKey == 10)MyKey = 0;            // If 0 key pressed
0x08FE	0x5037      	MOVF        main_MyKey_L0, 0 
0x0900	0x0A0A      	XORLW       10
0x0902	0xB4D8      	BTFSC       STATUS, 2 
0x0904	0x6A37      	CLRF        main_MyKey_L0 
L_main21:
;unit02_06_calculator.c,168 :: 		Lcd_Chr_Cp(MyKey + '0');
0x0906	0x0E30      	MOVLW       48
0x0908	0x2437      	ADDWF       main_MyKey_L0, 0 
0x090A	0x6E5E      	MOVWF       FARG_Lcd_Chr_CP_out_char 
0x090C	0xDD4E      	RCALL       _Lcd_Chr_CP
;unit02_06_calculator.c,169 :: 		Op2 = 10 * Op1 + MyKey;              // Second number in Op2
0x090E	0x0E0A      	MOVLW       10
0x0910	0x6E00      	MOVWF       R0 
0x0912	0x0E00      	MOVLW       0
0x0914	0x6E01      	MOVWF       R1 
0x0916	0x6E02      	MOVWF       R2 
0x0918	0x6E03      	MOVWF       R3 
0x091A	0xF004C048  	MOVFF       main_Op1_L0, R4
0x091E	0xF005C049  	MOVFF       main_Op1_L0+1, R5
0x0922	0xF006C04A  	MOVFF       main_Op1_L0+2, R6
0x0926	0xF007C04B  	MOVFF       main_Op1_L0+3, R7
0x092A	0xDE03      	RCALL       _Mul_32x32_U
0x092C	0x5037      	MOVF        main_MyKey_L0, 0 
0x092E	0x2400      	ADDWF       R0, 0 
0x0930	0x6E4C      	MOVWF       main_Op2_L0 
0x0932	0x0E00      	MOVLW       0
0x0934	0x2001      	ADDWFC      R1, 0 
0x0936	0x6E4D      	MOVWF       main_Op2_L0+1 
0x0938	0x0E00      	MOVLW       0
0x093A	0x2002      	ADDWFC      R2, 0 
0x093C	0x6E4E      	MOVWF       main_Op2_L0+2 
0x093E	0x0E00      	MOVLW       0
0x0940	0x2003      	ADDWFC      R3, 0 
0x0942	0x6E4F      	MOVWF       main_Op2_L0+3 
;unit02_06_calculator.c,170 :: 		}
0x0944	0xD7D4      	BRA         L_main18
L_main19:
;unit02_06_calculator.c,171 :: 		Lcd_Cmd(_LCD_CLEAR);                     // Clear LCD
0x0946	0x0E01      	MOVLW       1
0x0948	0x6E68      	MOVWF       FARG_Lcd_Cmd_out_char 
0x094A	0xF000EC21  	CALL        _Lcd_Cmd, 0
;unit02_06_calculator.c,172 :: 		Lcd_Out(1,1,"Op: ");                    // Display Op:
0x094E	0x0E01      	MOVLW       1
0x0950	0x6E50      	MOVWF       FARG_Lcd_Out_row 
0x0952	0x0E01      	MOVLW       1
0x0954	0x6E51      	MOVWF       FARG_Lcd_Out_column 
0x0956	0x0E31      	MOVLW       ?lstr4_unit02_06_calculator
0x0958	0x6E52      	MOVWF       FARG_Lcd_Out_text 
0x095A	0x0E00      	MOVLW       hi_addr(?lstr4_unit02_06_calculator)
0x095C	0x6E53      	MOVWF       FARG_Lcd_Out_text+1 
0x095E	0xDE12      	RCALL       _Lcd_Out
;unit02_06_calculator.c,173 :: 		MyKey = getkeypad();                    // Get operaon
0x0960	0xDD98      	RCALL       _getkeypad
0x0962	0xF037C000  	MOVFF       R0, main_MyKey_L0
;unit02_06_calculator.c,174 :: 		Lcd_Cmd(_LCD_CLEAR);
0x0966	0x0E01      	MOVLW       1
0x0968	0x6E68      	MOVWF       FARG_Lcd_Cmd_out_char 
0x096A	0xF000EC21  	CALL        _Lcd_Cmd, 0
;unit02_06_calculator.c,175 :: 		Lcd_Out(1,1,"Res=");                    // Display Res=
0x096E	0x0E01      	MOVLW       1
0x0970	0x6E50      	MOVWF       FARG_Lcd_Out_row 
0x0972	0x0E01      	MOVLW       1
0x0974	0x6E51      	MOVWF       FARG_Lcd_Out_column 
0x0976	0x0E15      	MOVLW       ?lstr5_unit02_06_calculator
0x0978	0x6E52      	MOVWF       FARG_Lcd_Out_text 
0x097A	0x0E00      	MOVLW       hi_addr(?lstr5_unit02_06_calculator)
0x097C	0x6E53      	MOVWF       FARG_Lcd_Out_text+1 
0x097E	0xDE02      	RCALL       _Lcd_Out
;unit02_06_calculator.c,177 :: 		switch(MyKey)                           // Perform the operaon
0x0980	0xD053      	BRA         L_main22
;unit02_06_calculator.c,179 :: 		case Plus:
L_main24:
;unit02_06_calculator.c,180 :: 		Calc = Op1 + Op2;             // If ADD
0x0982	0x504C      	MOVF        main_Op2_L0, 0 
0x0984	0x2448      	ADDWF       main_Op1_L0, 0 
0x0986	0x6E44      	MOVWF       main_Calc_L0 
0x0988	0x504D      	MOVF        main_Op2_L0+1, 0 
0x098A	0x2049      	ADDWFC      main_Op1_L0+1, 0 
0x098C	0x6E45      	MOVWF       main_Calc_L0+1 
0x098E	0x504E      	MOVF        main_Op2_L0+2, 0 
0x0990	0x204A      	ADDWFC      main_Op1_L0+2, 0 
0x0992	0x6E46      	MOVWF       main_Calc_L0+2 
0x0994	0x504F      	MOVF        main_Op2_L0+3, 0 
0x0996	0x204B      	ADDWFC      main_Op1_L0+3, 0 
0x0998	0x6E47      	MOVWF       main_Calc_L0+3 
;unit02_06_calculator.c,181 :: 		break;
0x099A	0xD052      	BRA         L_main23
;unit02_06_calculator.c,182 :: 		case Minus:
L_main25:
;unit02_06_calculator.c,183 :: 		Calc = Op1 - Op2;                // If Subtract
0x099C	0xF044C048  	MOVFF       main_Op1_L0, main_Calc_L0
0x09A0	0xF045C049  	MOVFF       main_Op1_L0+1, main_Calc_L0+1
0x09A4	0xF046C04A  	MOVFF       main_Op1_L0+2, main_Calc_L0+2
0x09A8	0xF047C04B  	MOVFF       main_Op1_L0+3, main_Calc_L0+3
0x09AC	0x504C      	MOVF        main_Op2_L0, 0 
0x09AE	0x5E44      	SUBWF       main_Calc_L0, 1 
0x09B0	0x504D      	MOVF        main_Op2_L0+1, 0 
0x09B2	0x5A45      	SUBWFB      main_Calc_L0+1, 1 
0x09B4	0x504E      	MOVF        main_Op2_L0+2, 0 
0x09B6	0x5A46      	SUBWFB      main_Calc_L0+2, 1 
0x09B8	0x504F      	MOVF        main_Op2_L0+3, 0 
0x09BA	0x5A47      	SUBWFB      main_Calc_L0+3, 1 
;unit02_06_calculator.c,184 :: 		break;
0x09BC	0xD041      	BRA         L_main23
;unit02_06_calculator.c,185 :: 		case Mulply:
L_main26:
;unit02_06_calculator.c,186 :: 		Calc = Op1 * Op2;             // If Mulply
0x09BE	0xF000C048  	MOVFF       main_Op1_L0, R0
0x09C2	0xF001C049  	MOVFF       main_Op1_L0+1, R1
0x09C6	0xF002C04A  	MOVFF       main_Op1_L0+2, R2
0x09CA	0xF003C04B  	MOVFF       main_Op1_L0+3, R3
0x09CE	0xF004C04C  	MOVFF       main_Op2_L0, R4
0x09D2	0xF005C04D  	MOVFF       main_Op2_L0+1, R5
0x09D6	0xF006C04E  	MOVFF       main_Op2_L0+2, R6
0x09DA	0xF007C04F  	MOVFF       main_Op2_L0+3, R7
0x09DE	0xDDA9      	RCALL       _Mul_32x32_U
0x09E0	0xF044C000  	MOVFF       R0, main_Calc_L0
0x09E4	0xF045C001  	MOVFF       R1, main_Calc_L0+1
0x09E8	0xF046C002  	MOVFF       R2, main_Calc_L0+2
0x09EC	0xF047C003  	MOVFF       R3, main_Calc_L0+3
;unit02_06_calculator.c,187 :: 		break;
0x09F0	0xD027      	BRA         L_main23
;unit02_06_calculator.c,188 :: 		case Divide:
L_main27:
;unit02_06_calculator.c,189 :: 		Calc = Op1/Op2;            // If Divide
0x09F2	0xF004C04C  	MOVFF       main_Op2_L0, R4
0x09F6	0xF005C04D  	MOVFF       main_Op2_L0+1, R5
0x09FA	0xF006C04E  	MOVFF       main_Op2_L0+2, R6
0x09FE	0xF007C04F  	MOVFF       main_Op2_L0+3, R7
0x0A02	0xF000C048  	MOVFF       main_Op1_L0, R0
0x0A06	0xF001C049  	MOVFF       main_Op1_L0+1, R1
0x0A0A	0xF002C04A  	MOVFF       main_Op1_L0+2, R2
0x0A0E	0xF003C04B  	MOVFF       main_Op1_L0+3, R3
0x0A12	0xF000EC5F  	CALL        _Div_32x32_U, 0
0x0A16	0xF044C000  	MOVFF       R0, main_Calc_L0
0x0A1A	0xF045C001  	MOVFF       R1, main_Calc_L0+1
0x0A1E	0xF046C002  	MOVFF       R2, main_Calc_L0+2
0x0A22	0xF047C003  	MOVFF       R3, main_Calc_L0+3
;unit02_06_calculator.c,190 :: 		break;
0x0A26	0xD00C      	BRA         L_main23
;unit02_06_calculator.c,191 :: 		}
L_main22:
0x0A28	0x5037      	MOVF        main_MyKey_L0, 0 
0x0A2A	0x0A0C      	XORLW       12
0x0A2C	0xE0AA      	BZ          L_main24
0x0A2E	0x5037      	MOVF        main_MyKey_L0, 0 
0x0A30	0x0A0D      	XORLW       13
0x0A32	0xE0B4      	BZ          L_main25
0x0A34	0x5037      	MOVF        main_MyKey_L0, 0 
0x0A36	0x0A0E      	XORLW       14
0x0A38	0xE0C2      	BZ          L_main26
0x0A3A	0x5037      	MOVF        main_MyKey_L0, 0 
0x0A3C	0x0A0F      	XORLW       15
0x0A3E	0xE0D9      	BZ          L_main27
L_main23:
;unit02_06_calculator.c,193 :: 		LongToStr(Calc, op);                    // Convert to string in op
0x0A40	0xF050C044  	MOVFF       main_Calc_L0, FARG_LongToStr_input
0x0A44	0xF051C045  	MOVFF       main_Calc_L0+1, FARG_LongToStr_input+1
0x0A48	0xF052C046  	MOVFF       main_Calc_L0+2, FARG_LongToStr_input+2
0x0A4C	0xF053C047  	MOVFF       main_Calc_L0+3, FARG_LongToStr_input+3
0x0A50	0x0E38      	MOVLW       main_op_L0
0x0A52	0x6E54      	MOVWF       FARG_LongToStr_output 
0x0A54	0x0E00      	MOVLW       hi_addr(main_op_L0)
0x0A56	0x6E55      	MOVWF       FARG_LongToStr_output+1 
0x0A58	0xDE1D      	RCALL       _LongToStr
;unit02_06_calculator.c,194 :: 		lcd = Ltrim(op);                       // Remove leading blanks
0x0A5A	0x0E38      	MOVLW       main_op_L0
0x0A5C	0x6E50      	MOVWF       FARG_Ltrim_string 
0x0A5E	0x0E00      	MOVLW       hi_addr(main_op_L0)
0x0A60	0x6E51      	MOVWF       FARG_Ltrim_string+1 
0x0A62	0xDE97      	RCALL       _Ltrim
;unit02_06_calculator.c,195 :: 		Lcd_Out_Cp(lcd);                        // Display result
0x0A64	0xF050C000  	MOVFF       R0, FARG_Lcd_Out_CP_text
0x0A68	0xF051C001  	MOVFF       R1, FARG_Lcd_Out_CP_text+1
0x0A6C	0xDEC9      	RCALL       _Lcd_Out_CP
;unit02_06_calculator.c,196 :: 		Delay_ms(5000);                         // Wait 5 s
0x0A6E	0x0E33      	MOVLW       51
0x0A70	0x6E0B      	MOVWF       R11, 0
0x0A72	0x0EBB      	MOVLW       187
0x0A74	0x6E0C      	MOVWF       R12, 0
0x0A76	0x0EDF      	MOVLW       223
0x0A78	0x6E0D      	MOVWF       R13, 0
L_main28:
0x0A7A	0x2E0D      	DECFSZ      R13, 1, 0
0x0A7C	0xD7FE      	BRA         L_main28
0x0A7E	0x2E0C      	DECFSZ      R12, 1, 0
0x0A80	0xD7FC      	BRA         L_main28
0x0A82	0x2E0B      	DECFSZ      R11, 1, 0
0x0A84	0xD7FA      	BRA         L_main28
0x0A86	0x0000      	NOP
0x0A88	0x0000      	NOP
;unit02_06_calculator.c,197 :: 		Lcd_Cmd(_LCD_CLEAR);                    // Clear LCD
0x0A8A	0x0E01      	MOVLW       1
0x0A8C	0x6E68      	MOVWF       FARG_Lcd_Cmd_out_char 
0x0A8E	0xF000EC21  	CALL        _Lcd_Cmd, 0
;unit02_06_calculator.c,198 :: 		}
0x0A92	0xD6E6      	BRA         L_main11
;unit02_06_calculator.c,200 :: 		}
L_end_main:
0x0A94	0xD7FF      	BRA         $+0
; end of _main
0x0AB8	0xF015EE10  	LFSR        1, 21
0x0ABC	0x0E21      	MOVLW       33
0x0ABE	0x6E00      	MOVWF       R0 
0x0AC0	0x0E01      	MOVLW       1
0x0AC2	0x6E01      	MOVWF       R1 
0x0AC4	0x0E96      	MOVLW       150
0x0AC6	0x6EF6      	MOVWF       TBLPTR 
0x0AC8	0x0E0A      	MOVLW       10
0x0ACA	0x6EF7      	MOVWF       TBLPTRH 
0x0ACC	0x0E00      	MOVLW       0
0x0ACE	0x6EF8      	MOVWF       TBLPTRU 
0x0AD0	0xF002EC91  	CALL        1314, 0
0x0AD4	0x0012      	RETURN      0
;unit02_06_calculator.c,0 :: ?ICS?lstr5_unit02_06_calculator
0x0A96	0x6552 ;?ICS?lstr5_unit02_06_calculator+0
0x0A98	0x3D73 ;?ICS?lstr5_unit02_06_calculator+2
0x0A9A	0x00 ;?ICS?lstr5_unit02_06_calculator+4
; end of ?ICS?lstr5_unit02_06_calculator
;unit02_06_calculator.c,0 :: ?ICS?lstr1_unit02_06_calculator
0x0A9B	0x4143 ;?ICS?lstr1_unit02_06_calculator+0
0x0A9D	0x434C ;?ICS?lstr1_unit02_06_calculator+2
0x0A9F	0x4C55 ;?ICS?lstr1_unit02_06_calculator+4
0x0AA1	0x5441 ;?ICS?lstr1_unit02_06_calculator+6
0x0AA3	0x524F ;?ICS?lstr1_unit02_06_calculator+8
0x0AA5	0x00 ;?ICS?lstr1_unit02_06_calculator+10
; end of ?ICS?lstr1_unit02_06_calculator
;unit02_06_calculator.c,0 :: ?ICS?lstr2_unit02_06_calculator
0x0AA6	0x6F4E ;?ICS?lstr2_unit02_06_calculator+0
0x0AA8	0x3A31 ;?ICS?lstr2_unit02_06_calculator+2
0x0AAA	0x0020 ;?ICS?lstr2_unit02_06_calculator+4
; end of ?ICS?lstr2_unit02_06_calculator
;unit02_06_calculator.c,0 :: ?ICS?lstr3_unit02_06_calculator
0x0AAC	0x6F4E ;?ICS?lstr3_unit02_06_calculator+0
0x0AAE	0x3A32 ;?ICS?lstr3_unit02_06_calculator+2
0x0AB0	0x0020 ;?ICS?lstr3_unit02_06_calculator+4
; end of ?ICS?lstr3_unit02_06_calculator
;unit02_06_calculator.c,0 :: ?ICS?lstr4_unit02_06_calculator
0x0AB2	0x704F ;?ICS?lstr4_unit02_06_calculator+0
0x0AB4	0x203A ;?ICS?lstr4_unit02_06_calculator+2
0x0AB6	0x00 ;?ICS?lstr4_unit02_06_calculator+4
; end of ?ICS?lstr4_unit02_06_calculator
Symbol List:
//** Routines locations **
//ADDRESS    SIZE    PROCEDURE
//----------------------------------------------
0x001C      [10]    _Delay_50us
0x0026      [22]    _Delay_5500us
0x003C       [6]    _Delay_1us
0x0042     [124]    _Lcd_Cmd
0x00BE     [748]    _Div_32x32_U
0x03AA      [12]    _Lcd_Chr_CP
0x03B6     [220]    _LongWordToStr
0x0492     [144]    _getkeypad
0x0522      [16]    ___CC2DW
0x0532      [82]    _Mul_32x32_U
0x0584     [122]    _Lcd_Out
0x05FE     [150]    _Lcd_Init
0x0694     [254]    _LongToStr
0x0792     [110]    _Ltrim
0x0800      [42]    _Lcd_Out_CP
0x082A     [620]    _main
//** Variables locations ** 
//ADDRESS    SIZE    VARIABLE
//----------------------------------------------
0x0000       [1]    R0
0x0001       [1]    R1
0x0002       [1]    getkeypad_i_L0
0x0002       [2]    memset_pp_L0
0x0002       [2]    strlen_cp_L0
0x0002       [2]    memchr_s_L0
0x0002       [1]    R2
0x0002       [2]    memcpy_dd_L0
0x0003       [1]    R3
0x0003       [2]    Ltrim_original_L0
0x0003       [2]    memmove_tt_L0
0x0004       [2]    strncat_cp_L0
0x0004       [2]    strcat_cp_L0
0x0004       [1]    R4
0x0004       [2]    strcpy_cp_L0
0x0004       [2]    strncpy_cp_L0
0x0004       [2]    memcpy_ss_L0
0x0005       [1]    R5
0x0005       [2]    LongIntToHex_input_half_L0
0x0005       [2]    LongWordToHex_input_half_L0
0x0005       [2]    memmove_ff_L0
0x0005       [2]    Ltrim_p_L0
0x0006       [1]    R6
0x0007       [1]    R7
0x0008       [1]    R8
0x0009       [1]    R9
0x000A       [1]    R10
0x000B       [1]    R11
0x000C       [1]    R12
0x000D       [1]    R13
0x000E       [1]    R14
0x000F       [1]    R15
0x0010       [1]    R16
0x0011       [1]    R17
0x0012       [1]    R18
0x0013       [1]    R19
0x0014       [1]    R20
0x0015       [5]    ?lstr5_unit02_06_calculator
0x001A      [11]    ?lstr1_unit02_06_calculator
0x0025       [6]    ?lstr2_unit02_06_calculator
0x002B       [6]    ?lstr3_unit02_06_calculator
0x0031       [5]    ?lstr4_unit02_06_calculator
0x0036       [0]    __Lib_Lcd_cmd_status
0x0037       [1]    main_MyKey_L0
0x0038      [12]    main_op_L0
0x0044       [4]    main_Calc_L0
0x0048       [4]    main_Op1_L0
0x004C       [4]    main_Op2_L0
0x0050       [1]    getkeypad_Key_L0
0x0050       [2]    FARG_Ltrim_string
0x0050       [2]    FARG_Lcd_Out_CP_text
0x0050       [1]    FARG_Lcd_Out_row
0x0050       [4]    FARG_LongToStr_input
0x0051       [1]    FARG_Lcd_Out_column
0x0052       [2]    FARG_Lcd_Out_text
0x0052       [2]    Ltrim_trimmed_L0
0x0052       [1]    Lcd_Out_CP_i_L0
0x0054       [1]    Lcd_Out_i_L0
0x0054       [2]    FARG_LongToStr_output
0x0056       [2]    LongToStr_i_L0
0x0058       [2]    LongToStr_negative_L0
0x005A       [4]    LongToStr_inword_L0
0x005E       [1]    FARG_Lcd_Chr_CP_out_char
0x005E       [4]    FARG_LongWordToStr_input
0x0062       [2]    FARG_LongWordToStr_output
0x0064       [2]    LongWordToStr_len_L0
0x0066       [2]    FLOC__LongWordToStr
0x0068       [1]    FARG_Lcd_Cmd_out_char
0x0F82       [1]    PORTC
0x0F83       [1]    PORTD
0x0F84       [1]    PORTE
0x0F8C       [0]    LATD6_bit
0x0F8C       [0]    LATD7_bit
0x0F8C       [0]    LATD5_bit
0x0F8C       [0]    LATD4_bit
0x0F8C       [0]    LCD_D7
0x0F8C       [0]    LCD_D6
0x0F8C       [0]    LCD_D5
0x0F8C       [0]    LCD_D4
0x0F8D       [0]    LCD_EN
0x0F8D       [0]    LATE2_bit
0x0F8D       [0]    LATE1_bit
0x0F8D       [0]    LCD_RS
0x0F95       [0]    LCD_D7_Direction
0x0F95       [0]    LCD_D6_Direction
0x0F95       [0]    TRISD4_bit
0x0F95       [1]    TRISD
0x0F95       [0]    LCD_D5_Direction
0x0F95       [0]    TRISD5_bit
0x0F95       [0]    TRISD6_bit
0x0F95       [0]    TRISD7_bit
0x0F95       [0]    LCD_D4_Direction
0x0F96       [0]    TRISE2_bit
0x0F96       [0]    TRISE1_bit
0x0F96       [0]    LCD_EN_Direction
0x0F96       [1]    TRISE
0x0F96       [0]    LCD_RS_Direction
0x0FC1       [1]    ADCON1
0x0FD8       [1]    STATUS
0x0FD9       [1]    FSR2L
0x0FDA       [1]    FSR2H
0x0FDE       [1]    POSTINC2
0x0FE0       [1]    BSR
0x0FE1       [1]    FSR1L
0x0FE2       [1]    FSR1H
0x0FE4       [1]    PREINC1
0x0FE6       [1]    POSTINC1
0x0FE7       [1]    INDF1
0x0FE8       [1]    WREG
0x0FE9       [1]    FSR0L
0x0FEA       [1]    FSR0H
0x0FEE       [1]    POSTINC0
0x0FF3       [1]    PRODL
0x0FF4       [1]    PRODH
0x0FF5       [1]    TABLAT
0x0FF6       [1]    TBLPTRL
0x0FF6       [3]    TBLPTR
0x0FF7       [1]    TBLPTRH
0x0FF8       [1]    TBLPTRU
//** Constants locations ** 
//ADDRESS    SIZE    CONSTANT
//----------------------------------------------
0x0A96       [5]    ?ICS?lstr5_unit02_06_calculator
0x0A9B      [11]    ?ICS?lstr1_unit02_06_calculator
0x0AA6       [6]    ?ICS?lstr2_unit02_06_calculator
0x0AAC       [6]    ?ICS?lstr3_unit02_06_calculator
0x0AB2       [5]    ?ICS?lstr4_unit02_06_calculator
