;  LST file generated by mikroListExporter - v.2.0 
; Date/Time: 30/11/2019 04:20:15 PM
;----------------------------------------------

;Address Opcode 	ASM
0x0000	0xF000EF1E  	GOTO        60
_INTERRUPCAO_HIGH:
;unit05_06_IOC.c,71 :: 		void INTERRUPCAO_HIGH() iv 0x0008 ics ICS_AUTO {
;unit05_06_IOC.c,72 :: 		if(INTCON.INT0IF == 1)
0x0008	0xA2F2      	BTFSS       INTCON, 1 
0x000A	0xD008      	BRA         L_INTERRUPCAO_HIGH0
;unit05_06_IOC.c,74 :: 		if(INTCON.RBIF == 1)
0x000C	0xA0F2      	BTFSS       INTCON, 0 
0x000E	0xD006      	BRA         L_INTERRUPCAO_HIGH1
;unit05_06_IOC.c,76 :: 		PORTD.RD6 ^= 1;                 // Toggle LED on PORTD's 1º bit
0x0010	0x7C83      	BTG         PORTD, 6 
;unit05_06_IOC.c,79 :: 		temp = PORTB;                // Reads PORTB value to redeem PORTB real state value
0x0012	0xF015CF81  	MOVFF       PORTB, _temp
;unit05_06_IOC.c,80 :: 		PORTB = temp;                // Write the value again to load it into the LATB as it is by the value
0x0016	0xFF81C015  	MOVFF       _temp, PORTB
;unit05_06_IOC.c,86 :: 		INTCON.RBIF = 0;             // Flag's cleared
0x001A	0x90F2      	BCF         INTCON, 0 
;unit05_06_IOC.c,87 :: 		}
L_INTERRUPCAO_HIGH1:
;unit05_06_IOC.c,88 :: 		}
L_INTERRUPCAO_HIGH0:
;unit05_06_IOC.c,89 :: 		}
L_end_INTERRUPCAO_HIGH:
L__INTERRUPCAO_HIGH6:
0x001C	0x0011      	RETFIE      1
; end of _INTERRUPCAO_HIGH
_configGlobalInterruption:
;unit05_06_IOC.c,114 :: 		void configGlobalInterruption()
;unit05_06_IOC.c,116 :: 		INTCON.GIEH = 1;
0x001E	0x8EF2      	BSF         INTCON, 7 
;unit05_06_IOC.c,117 :: 		INTCON.GIEL = 1;
0x0020	0x8CF2      	BSF         INTCON, 6 
;unit05_06_IOC.c,118 :: 		RCON.IPEN = 1;
0x0022	0x8ED0      	BSF         RCON, 7 
;unit05_06_IOC.c,119 :: 		}
L_end_configGlobalInterruption:
0x0024	0x0012      	RETURN      0
; end of _configGlobalInterruption
_configIndividualVctIOC:
;unit05_06_IOC.c,121 :: 		void configIndividualVctIOC()
;unit05_06_IOC.c,127 :: 		INTCON.RBIF = 0;                     // Overflow's Flag; this sets on/off interruptions;
0x0026	0x90F2      	BCF         INTCON, 0 
;unit05_06_IOC.c,128 :: 		INTCON2.RBIP = 1;                    // High-priority interrupt source;
0x0028	0x80F1      	BSF         INTCON2, 0 
;unit05_06_IOC.c,129 :: 		INTCON.RBIE = 1;                     // IF, IP & IF is enough:)
0x002A	0x86F2      	BSF         INTCON, 3 
;unit05_06_IOC.c,130 :: 		}
L_end_configIndividualVctIOC:
0x002C	0x0012      	RETURN      0
; end of _configIndividualVctIOC
_ConfigMCU:
;unit05_06_IOC.c,91 :: 		void ConfigMCU()
;unit05_06_IOC.c,103 :: 		ADCON1 |= 0X0F;                       // 0B11110000 config PORTB<7:4> as input
0x002E	0x0E0F      	MOVLW       15
0x0030	0x12C1      	IORWF       ADCON1, 1 
;unit05_06_IOC.c,104 :: 		INTCON2.RBPU = 0;
0x0032	0x9EF1      	BCF         INTCON2, 7 
;unit05_06_IOC.c,107 :: 		TRISD = 0;
0x0034	0x6A95      	CLRF        TRISD 
;unit05_06_IOC.c,108 :: 		PORTD = 0;
0x0036	0x6A83      	CLRF        PORTD 
;unit05_06_IOC.c,110 :: 		TRISB.RB0 = 1;                        // RB0/INT0 pin as input
0x0038	0x8093      	BSF         TRISB, 0 
;unit05_06_IOC.c,112 :: 		}
L_end_ConfigMCU:
0x003A	0x0012      	RETURN      0
; end of _ConfigMCU
_main:
;unit05_06_IOC.c,132 :: 		void main() {
;unit05_06_IOC.c,133 :: 		configMCU();
0x003C	0xDFF8      	RCALL       _ConfigMCU
;unit05_06_IOC.c,134 :: 		configGlobalInterruption();
0x003E	0xDFEF      	RCALL       _configGlobalInterruption
;unit05_06_IOC.c,135 :: 		configIndividualVctIOC();
0x0040	0xDFF2      	RCALL       _configIndividualVctIOC
;unit05_06_IOC.c,138 :: 		while(TRUE)
L_main2:
;unit05_06_IOC.c,140 :: 		Delay_ms(300);
0x0042	0x0E04      	MOVLW       4
0x0044	0x6E0B      	MOVWF       R11, 0
0x0046	0x0E0C      	MOVLW       12
0x0048	0x6E0C      	MOVWF       R12, 0
0x004A	0x0E33      	MOVLW       51
0x004C	0x6E0D      	MOVWF       R13, 0
L_main4:
0x004E	0x2E0D      	DECFSZ      R13, 1, 0
0x0050	0xD7FE      	BRA         L_main4
0x0052	0x2E0C      	DECFSZ      R12, 1, 0
0x0054	0xD7FC      	BRA         L_main4
0x0056	0x2E0B      	DECFSZ      R11, 1, 0
0x0058	0xD7FA      	BRA         L_main4
0x005A	0x0000      	NOP
0x005C	0x0000      	NOP
;unit05_06_IOC.c,141 :: 		PORTD.RD5 ^= 1;
0x005E	0x7A83      	BTG         PORTD, 5 
;unit05_06_IOC.c,142 :: 		}
0x0060	0xD7F0      	BRA         L_main2
;unit05_06_IOC.c,143 :: 		}
L_end_main:
0x0062	0xD7FF      	BRA         $+0
; end of _main
Symbol List:
//** Routines locations **
//ADDRESS    SIZE    PROCEDURE
//----------------------------------------------
0x0008      [22]    _INTERRUPCAO_HIGH
0x001E       [8]    _configGlobalInterruption
0x0026       [8]    _configIndividualVctIOC
0x002E      [14]    _ConfigMCU
0x003C      [40]    _main
//** Variables locations ** 
//ADDRESS    SIZE    VARIABLE
//----------------------------------------------
0x0000       [1]    R0
0x0001       [1]    R1
0x0002       [1]    R2
0x0003       [1]    R3
0x0004       [1]    R4
0x0005       [1]    R5
0x0006       [1]    R6
0x0007       [1]    R7
0x0008       [1]    R8
0x0009       [1]    R9
0x000A       [1]    R10
0x000B       [1]    R11
0x000C       [1]    R12
0x000D       [1]    R13
0x000E       [1]    R14
0x000F       [1]    R15
0x0010       [1]    R16
0x0011       [1]    R17
0x0012       [1]    R18
0x0013       [1]    R19
0x0014       [1]    R20
0x0015       [1]    _temp
0x0F81       [1]    PORTB
0x0F83       [1]    PORTD
0x0F93       [1]    TRISB
0x0F95       [1]    TRISD
0x0FC1       [1]    ADCON1
0x0FD0       [1]    RCON
0x0FD8       [1]    STATUS
0x0FD9       [1]    FSR2L
0x0FDA       [1]    FSR2H
0x0FDE       [1]    POSTINC2
0x0FE0       [1]    BSR
0x0FE1       [1]    FSR1L
0x0FE2       [1]    FSR1H
0x0FE4       [1]    PREINC1
0x0FE6       [1]    POSTINC1
0x0FE7       [1]    INDF1
0x0FE8       [1]    WREG
0x0FE9       [1]    FSR0L
0x0FEA       [1]    FSR0H
0x0FEE       [1]    POSTINC0
0x0FF1       [1]    INTCON2
0x0FF2       [1]    INTCON
0x0FF3       [1]    PRODL
0x0FF4       [1]    PRODH
0x0FF5       [1]    TABLAT
0x0FF6       [1]    TBLPTRL
0x0FF7       [1]    TBLPTRH
0x0FF8       [1]    TBLPTRU
