;  LST file generated by mikroListExporter - v.2.0 
; Date/Time: 30/11/2019 01:15:45 PM
;----------------------------------------------

;Address Opcode 	ASM
0x0000	0xF000EF1C  	GOTO        56
0x0004	0x0000      	NOP
0x0006	0x0000      	NOP
0x0008	0xF000EF00  	GOTO        0
0x000C	0x0000      	NOP
0x000E	0x0000      	NOP
0x0010	0x0000      	NOP
0x0012	0x0000      	NOP
0x0014	0x0000      	NOP
0x0016	0x0000      	NOP
0x0018	0xD7F3      	BRA         0
_configTimer:
;unit_04_07_timer2.c,74 :: 		void configTimer()
;unit_04_07_timer2.c,79 :: 		T2CON = 0B01111011;                // Define TIMER2 OFF, prescaler 1:16, postscale 1:16
0x001C	0x0E7B      	MOVLW       123
0x001E	0x6ECA      	MOVWF       T2CON 
;unit_04_07_timer2.c,81 :: 		PR2 =  255;                        // Count for 32ms
0x0020	0x0EFF      	MOVLW       255
0x0022	0x6ECB      	MOVWF       PR2 
;unit_04_07_timer2.c,82 :: 		PIR1.TMR2IF = 0;                   // Clear TIMER2's flag
0x0024	0x929E      	BCF         PIR1, 1 
;unit_04_07_timer2.c,83 :: 		T2CON.TMR2ON = 1;                  // Timer2 on, everything is configure, right:D
0x0026	0x84CA      	BSF         T2CON, 2 
;unit_04_07_timer2.c,84 :: 		}
L_end_configTimer:
0x0028	0x0012      	RETURN      0
; end of _configTimer
_configMCU:
;unit_04_07_timer2.c,61 :: 		void configMCU()
;unit_04_07_timer2.c,67 :: 		ADCON1 |= 0X0F;                    // (PIC18F45220) Determine if anal/digital
0x002A	0x0E0F      	MOVLW       15
0x002C	0x12C1      	IORWF       ADCON1, 1 
;unit_04_07_timer2.c,69 :: 		TRISB.RB0 = 1;                      // Key RB0 as input
0x002E	0x8093      	BSF         TRISB, 0 
;unit_04_07_timer2.c,70 :: 		TRISB.RB1 = 1;                      // Key RB1 as input
0x0030	0x8293      	BSF         TRISB, 1 
;unit_04_07_timer2.c,71 :: 		TRISD = 0;                          // LED  as output
0x0032	0x6A95      	CLRF        TRISD 
;unit_04_07_timer2.c,72 :: 		PORTD = 0;                          // All LEDs are off
0x0034	0x6A83      	CLRF        PORTD 
;unit_04_07_timer2.c,73 :: 		}
L_end_configMCU:
0x0036	0x0012      	RETURN      0
; end of _configMCU
_main:
;unit_04_07_timer2.c,86 :: 		void main(){                          // Main routine
;unit_04_07_timer2.c,88 :: 		configMCU();
0x0038	0xDFF8      	RCALL       _configMCU
;unit_04_07_timer2.c,89 :: 		ConfigTimer();
0x003A	0xDFF0      	RCALL       _configTimer
;unit_04_07_timer2.c,91 :: 		while (TRUE){
L_main0:
;unit_04_07_timer2.c,93 :: 		if (PORTB.RB0 == 0) {             // If RB0's key pressed...
0x003C	0xA081      	BTFSS       PORTB, 0 
;unit_04_07_timer2.c,94 :: 		T2CON.TMR2ON = 1;            // Timer2 on
0x003E	0x84CA      	BSF         T2CON, 2 
;unit_04_07_timer2.c,95 :: 		}
L_main2:
;unit_04_07_timer2.c,97 :: 		if (PORTB.RB1 == 0){              // If R10's key pressed...
0x0040	0xA281      	BTFSS       PORTB, 1 
;unit_04_07_timer2.c,98 :: 		T2CON.TMR2ON = 0;            // Timer2 off
0x0042	0x94CA      	BCF         T2CON, 2 
;unit_04_07_timer2.c,99 :: 		}
L_main3:
;unit_04_07_timer2.c,101 :: 		if (PIR1.TMR2IF == 1) {           // If TMR2 overflow...
0x0044	0xA29E      	BTFSS       PIR1, 1 
0x0046	0xD006      	BRA         L_main4
;unit_04_07_timer2.c,102 :: 		PORTD.RD4 = ~LATD.RD4;       // toggle LED
0x0048	0xB88C      	BTFSC       LATD, 4 
0x004A	0xD002      	BRA         L__main8
0x004C	0x8883      	BSF         PORTD, 4 
0x004E	0xD001      	BRA         L__main9
L__main8:
0x0050	0x9883      	BCF         PORTD, 4 
L__main9:
;unit_04_07_timer2.c,103 :: 		PIR1.TMR2IF = 0;             // Clear TMR2's overflow flag
0x0052	0x929E      	BCF         PIR1, 1 
;unit_04_07_timer2.c,104 :: 		}
L_main4:
;unit_04_07_timer2.c,105 :: 		}
0x0054	0xD7F3      	BRA         L_main0
;unit_04_07_timer2.c,106 :: 		}
L_end_main:
0x0056	0xD7FF      	BRA         $+0
; end of _main
Symbol List:
//** Routines locations **
//ADDRESS    SIZE    PROCEDURE
//----------------------------------------------
0x001C      [14]    _configTimer
0x002A      [14]    _configMCU
0x0038      [32]    _main
//** Variables locations ** 
//ADDRESS    SIZE    VARIABLE
//----------------------------------------------
0x0000       [1]    R0
0x0001       [1]    R1
0x0002       [1]    R2
0x0003       [1]    R3
0x0004       [1]    R4
0x0005       [1]    R5
0x0006       [1]    R6
0x0007       [1]    R7
0x0008       [1]    R8
0x0009       [1]    R9
0x000A       [1]    R10
0x000B       [1]    R11
0x000C       [1]    R12
0x000D       [1]    R13
0x000E       [1]    R14
0x000F       [1]    R15
0x0010       [1]    R16
0x0011       [1]    R17
0x0012       [1]    R18
0x0013       [1]    R19
0x0014       [1]    R20
0x0F81       [1]    PORTB
0x0F83       [1]    PORTD
0x0F8C       [1]    LATD
0x0F93       [1]    TRISB
0x0F95       [1]    TRISD
0x0F9E       [1]    PIR1
0x0FC1       [1]    ADCON1
0x0FCA       [1]    T2CON
0x0FCB       [1]    PR2
0x0FD8       [1]    STATUS
0x0FD9       [1]    FSR2L
0x0FDA       [1]    FSR2H
0x0FDE       [1]    POSTINC2
0x0FE0       [1]    BSR
0x0FE1       [1]    FSR1L
0x0FE2       [1]    FSR1H
0x0FE4       [1]    PREINC1
0x0FE6       [1]    POSTINC1
0x0FE7       [1]    INDF1
0x0FE8       [1]    WREG
0x0FE9       [1]    FSR0L
0x0FEA       [1]    FSR0H
0x0FEE       [1]    POSTINC0
0x0FF3       [1]    PRODL
0x0FF4       [1]    PRODH
0x0FF5       [1]    TABLAT
0x0FF6       [1]    TBLPTRL
0x0FF7       [1]    TBLPTRH
0x0FF8       [1]    TBLPTRU
